#
# A fatal error has been detected by the Java Runtime Environment:
#
#  EXCEPTION_ACCESS_VIOLATION (0xc0000005) at pc=0x00007ff98e94ffa8, pid=6212, tid=0x0000000000001ee8
#
# JRE version: Java(TM) SE Runtime Environment (8.0_131-b11) (build 1.8.0_131-b11)
# Java VM: Java HotSpot(TM) 64-Bit Server VM (25.131-b11 mixed mode windows-amd64 compressed oops)
# Problematic frame:
# C  [rexx.dll+0x6ffa8]
#
# Failed to write core dump. Minidumps are not enabled by default on client versions of Windows
#
# If you would like to submit a bug report, please visit:
#   http://bugreport.java.com/bugreport/crash.jsp
# The crash happened outside the Java Virtual Machine in native code.
# See problematic frame for where to report the bug.
#

---------------  T H R E A D  ---------------

Current thread (0x0000024051bec000):  JavaThread "JavaFX Application Thread" [_thread_in_native, id=7912, stack(0x000000cb25300000,0x000000cb25380000)]

siginfo: ExceptionCode=0xc0000005, reading address 0x0000000000000020

Registers:
RAX=0x0000000000000000, RBX=0x0000000000000000, RCX=0x0000000000000000, RDX=0x00007ff662acc0f0
RSP=0x000000cb2537abe0, RBP=0x0000000000000000, RSI=0x000002405295d940, RDI=0x0000000000000000
R8 =0x00007ff660f68e00, R9 =0x0000000000000003, R10=0x00007ff662ac8628, R11=0x00007ff662acc3c0
R12=0x0000024051bec1f8, R13=0x000002405295d820, R14=0x000000cb2537c758, R15=0x00007ff661a50950
RIP=0x00007ff98e94ffa8, EFLAGS=0x0000000000010202

Top of Stack: (sp=0x000000cb2537abe0)
0x000000cb2537abe0:   00007ff662ac8028 0000000000000001
0x000000cb2537abf0:   00007ff660f68e10 0000000000000000
0x000000cb2537ac00:   00007ff662acc3a8 00007ff98e94b2ab
0x000000cb2537ac10:   0000000000000000 00007ff662acc0f0
0x000000cb2537ac20:   00007ff600000006 00007ff98e90d28a
0x000000cb2537ac30:   00007ff662acc3a8 00007ff98e9a2bed
0x000000cb2537ac40:   00007ff662acc3a0 00007ff98e8e8533
0x000000cb2537ac50:   000000cb2537acd0 00007ff98e92885d
0x000000cb2537ac60:   0000000000000003 00007ff662acc1f0
0x000000cb2537ac70:   00007ff662acc460 00007ff98e98f8bb
0x000000cb2537ac80:   00007ff662acc3a0 00007ff662acc0f0
0x000000cb2537ac90:   00007ff660f68e00 0000000000000003
0x000000cb2537aca0:   00007ff663393f20 000000cb2537acd0
0x000000cb2537acb0:   00007ff660f68850 0000000000000000
0x000000cb2537acc0:   00007ff662acc460 fffffffffffffffe
0x000000cb2537acd0:   00007ff98ea03ee8 000000cb2537ae68 

Instructions: (pc=0x00007ff98e94ffa8)
0x00007ff98e94ff88:   c4 28 c3 cc cc cc cc cc 48 89 54 24 10 48 89 4c
0x00007ff98e94ff98:   24 08 48 83 ec 28 48 8b 54 24 38 48 8b 44 24 30
0x00007ff98e94ffa8:   48 8b 48 20 e8 8f f1 fb ff 48 83 c4 28 c3 cc cc
0x00007ff98e94ffb8:   cc cc cc cc cc cc cc cc 48 89 54 24 10 48 89 4c 


Register to memory mapping:

RAX=0x0000000000000000 is an unknown value
RBX=0x0000000000000000 is an unknown value
RCX=0x0000000000000000 is an unknown value
RDX=0x00007ff662acc0f0 is an unknown value
RSP=0x000000cb2537abe0 is pointing into the stack for thread: 0x0000024051bec000
RBP=0x0000000000000000 is an unknown value
RSI=0x000002405295d940 is an unknown value
RDI=0x0000000000000000 is an unknown value
R8 =0x00007ff660f68e00 is an unknown value
R9 =0x0000000000000003 is an unknown value
R10=0x00007ff662ac8628 is an unknown value
R11=0x00007ff662acc3c0 is an unknown value
R12=0x0000024051bec1f8 is an unknown value
R13=0x000002405295d820 is an unknown value
R14=0x000000cb2537c758 is pointing into the stack for thread: 0x0000024051bec000
R15=0x00007ff661a50950 is an unknown value


Stack: [0x000000cb25300000,0x000000cb25380000],  sp=0x000000cb2537abe0,  free space=490k
Native frames: (J=compiled Java code, j=interpreted, Vv=VM code, C=native code)

Java frames: (J=compiled Java code, j=interpreted, Vv=VM code)
j  org.rexxla.bsf.engines.rexx.RexxAndJava.jniRexxSendMessageToRexxObject(Ljava/lang/String;Ljava/lang/String;Ljava/lang/String;Ljava/lang/String;Ljava/lang/String;Ljava/lang/String;Ljava/lang/String;[Ljava/lang/Object;Ljava/lang/String;)Ljava/lang/Object;+0
j  org.rexxla.bsf.engines.rexx.RexxEngine.call(Ljava/lang/Object;Ljava/lang/String;[Ljava/lang/Object;)Ljava/lang/Object;+235
j  org.rexxla.bsf.engines.rexx.RexxProxy.sendMessage1(Ljava/lang/String;Ljava/lang/Object;)Ljava/lang/Object;+59
j  org.rexxla.bsf.engines.rexx.jsr223.RexxCompiledScript.eval(Ljavax/script/ScriptContext;)Ljava/lang/Object;+127
j  org.rexxla.bsf.engines.rexx.jsr223.RexxScriptEngine.eval(Ljava/lang/String;Ljavax/script/ScriptContext;)Ljava/lang/Object;+139
j  javax.script.AbstractScriptEngine.eval(Ljava/lang/String;)Ljava/lang/Object;+6
j  javafx.fxml.FXMLLoader$ScriptEventHandler.handle(Ljavafx/event/Event;)V+59
j  com.sun.javafx.event.CompositeEventHandler.dispatchBubblingEvent(Ljavafx/event/Event;)V+51
J 1371 C1 com.sun.javafx.event.EventHandlerManager.dispatchBubblingEvent(Ljavafx/event/EventType;Ljavafx/event/Event;)Ljavafx/event/Event; (34 bytes) @ 0x0000024037dce334 [0x0000024037dcddc0+0x574]
j  com.sun.javafx.event.EventHandlerManager.dispatchBubblingEvent(Ljavafx/event/Event;)Ljavafx/event/Event;+8
j  com.sun.javafx.event.CompositeEventDispatcher.dispatchBubblingEvent(Ljavafx/event/Event;)Ljavafx/event/Event;+11
j  com.sun.javafx.event.BasicEventDispatcher.dispatchEvent(Ljavafx/event/Event;Ljavafx/event/EventDispatchChain;)Ljavafx/event/Event;+29
J 1406 C1 com.sun.javafx.event.EventDispatchChainImpl.dispatchEvent(Ljavafx/event/Event;)Ljavafx/event/Event; (101 bytes) @ 0x0000024037dea53c [0x0000024037dea380+0x1bc]
j  com.sun.javafx.event.BasicEventDispatcher.dispatchEvent(Ljavafx/event/Event;Ljavafx/event/EventDispatchChain;)Ljavafx/event/Event;+17
J 1406 C1 com.sun.javafx.event.EventDispatchChainImpl.dispatchEvent(Ljavafx/event/Event;)Ljavafx/event/Event; (101 bytes) @ 0x0000024037dea53c [0x0000024037dea380+0x1bc]
j  com.sun.javafx.event.BasicEventDispatcher.dispatchEvent(Ljavafx/event/Event;Ljavafx/event/EventDispatchChain;)Ljavafx/event/Event;+17
J 1406 C1 com.sun.javafx.event.EventDispatchChainImpl.dispatchEvent(Ljavafx/event/Event;)Ljavafx/event/Event; (101 bytes) @ 0x0000024037dea53c [0x0000024037dea380+0x1bc]
j  com.sun.javafx.event.EventUtil.fireEventImpl(Ljavafx/event/EventDispatchChain;Ljavafx/event/EventTarget;Ljavafx/event/Event;)Ljavafx/event/Event;+10
j  com.sun.javafx.event.EventUtil.fireEvent(Ljavafx/event/EventTarget;Ljavafx/event/Event;)Ljavafx/event/Event;+37
j  javafx.event.Event.fireEvent(Ljavafx/event/EventTarget;Ljavafx/event/Event;)V+30
j  javafx.scene.Node.fireEvent(Ljavafx/event/Event;)V+86
j  javafx.scene.control.Button.fire()V+15
j  com.sun.javafx.scene.control.behavior.ButtonBehavior.mouseReleased(Ljavafx/scene/input/MouseEvent;)V+23
j  com.sun.javafx.scene.control.skin.BehaviorSkinBase$1.handle(Ljavafx/scene/input/MouseEvent;)V+83
j  com.sun.javafx.scene.control.skin.BehaviorSkinBase$1.handle(Ljavafx/event/Event;)V+5
j  com.sun.javafx.event.CompositeEventHandler$NormalEventHandlerRecord.handleBubblingEvent(Ljavafx/event/Event;)V+5
j  com.sun.javafx.event.CompositeEventHandler.dispatchBubblingEvent(Ljavafx/event/Event;)V+28
J 1371 C1 com.sun.javafx.event.EventHandlerManager.dispatchBubblingEvent(Ljavafx/event/EventType;Ljavafx/event/Event;)Ljavafx/event/Event; (34 bytes) @ 0x0000024037dce334 [0x0000024037dcddc0+0x574]
j  com.sun.javafx.event.EventHandlerManager.dispatchBubblingEvent(Ljavafx/event/Event;)Ljavafx/event/Event;+8
j  com.sun.javafx.event.CompositeEventDispatcher.dispatchBubblingEvent(Ljavafx/event/Event;)Ljavafx/event/Event;+11
j  com.sun.javafx.event.BasicEventDispatcher.dispatchEvent(Ljavafx/event/Event;Ljavafx/event/EventDispatchChain;)Ljavafx/event/Event;+29
J 1406 C1 com.sun.javafx.event.EventDispatchChainImpl.dispatchEvent(Ljavafx/event/Event;)Ljavafx/event/Event; (101 bytes) @ 0x0000024037dea53c [0x0000024037dea380+0x1bc]
j  com.sun.javafx.event.BasicEventDispatcher.dispatchEvent(Ljavafx/event/Event;Ljavafx/event/EventDispatchChain;)Ljavafx/event/Event;+17
J 1406 C1 com.sun.javafx.event.EventDispatchChainImpl.dispatchEvent(Ljavafx/event/Event;)Ljavafx/event/Event; (101 bytes) @ 0x0000024037dea53c [0x0000024037dea380+0x1bc]
j  com.sun.javafx.event.BasicEventDispatcher.dispatchEvent(Ljavafx/event/Event;Ljavafx/event/EventDispatchChain;)Ljavafx/event/Event;+17
J 1406 C1 com.sun.javafx.event.EventDispatchChainImpl.dispatchEvent(Ljavafx/event/Event;)Ljavafx/event/Event; (101 bytes) @ 0x0000024037dea53c [0x0000024037dea380+0x1bc]
j  com.sun.javafx.event.EventUtil.fireEventImpl(Ljavafx/event/EventDispatchChain;Ljavafx/event/EventTarget;Ljavafx/event/Event;)Ljavafx/event/Event;+10
j  com.sun.javafx.event.EventUtil.fireEvent(Ljavafx/event/EventTarget;Ljavafx/event/Event;)Ljavafx/event/Event;+46
j  javafx.event.Event.fireEvent(Ljavafx/event/EventTarget;Ljavafx/event/Event;)V+30
j  javafx.scene.Scene$MouseHandler.process(Ljavafx/scene/input/MouseEvent;Z)V+491
j  javafx.scene.Scene$MouseHandler.access$1500(Ljavafx/scene/Scene$MouseHandler;Ljavafx/scene/input/MouseEvent;Z)V+3
j  javafx.scene.Scene.impl_processMouseEvent(Ljavafx/scene/input/MouseEvent;)V+6
j  javafx.scene.Scene$ScenePeerListener.mouseEvent(Ljavafx/event/EventType;DDDDLjavafx/scene/input/MouseButton;ZZZZZZZZZ)V+46
j  com.sun.javafx.tk.quantum.GlassViewEventHandler$MouseEventNotification.run()Ljava/lang/Void;+514
j  com.sun.javafx.tk.quantum.GlassViewEventHandler$MouseEventNotification.run()Ljava/lang/Object;+1
v  ~StubRoutines::call_stub
j  java.security.AccessController.doPrivileged(Ljava/security/PrivilegedAction;Ljava/security/AccessControlContext;)Ljava/lang/Object;+0
j  com.sun.javafx.tk.quantum.GlassViewEventHandler.lambda$handleMouseEvent$354()Ljava/lang/Void;+11
j  com.sun.javafx.tk.quantum.GlassViewEventHandler$$Lambda$168.get()Ljava/lang/Object;+4
j  com.sun.javafx.tk.quantum.QuantumToolkit.runWithoutRenderLock(Ljava/util/function/Supplier;)Ljava/lang/Object;+18
j  com.sun.javafx.tk.quantum.GlassViewEventHandler.handleMouseEvent(Lcom/sun/glass/ui/View;JIIIIIIIZZ)V+103
j  com.sun.glass.ui.View.handleMouseEvent(JIIIIIIIZZ)V+30
j  com.sun.glass.ui.View.notifyMouse(IIIIIIIZZ)V+181
v  ~StubRoutines::call_stub
j  com.sun.glass.ui.win.WinApplication._runLoop(Ljava/lang/Runnable;)V+0
j  com.sun.glass.ui.win.WinApplication.lambda$null$148(ILjava/lang/Runnable;)V+8
j  com.sun.glass.ui.win.WinApplication$$Lambda$41.run()V+12
j  java.lang.Thread.run()V+11
v  ~StubRoutines::call_stub

---------------  P R O C E S S  ---------------

Java Threads: ( => current thread )
  0x00000240517e4800 JavaThread "Thread-28" [_thread_in_native, id=11816, stack(0x000000cb26380000,0x000000cb26400000)]
  0x0000024051e8a000 JavaThread "Prism Font Disposer" daemon [_thread_blocked, id=11700, stack(0x000000cb25780000,0x000000cb25800000)]
  0x0000024051c5f800 JavaThread "Thread-4" daemon [_thread_in_native, id=10404, stack(0x000000cb25580000,0x000000cb25600000)]
=>0x0000024051bec000 JavaThread "JavaFX Application Thread" [_thread_in_native, id=7912, stack(0x000000cb25300000,0x000000cb25380000)]
  0x0000024051bdc800 JavaThread "Thread-3" daemon [_thread_blocked, id=5780, stack(0x000000cb25280000,0x000000cb25300000)]
  0x0000024051b94000 JavaThread "QuantumRenderer-0" daemon [_thread_blocked, id=9376, stack(0x000000cb25100000,0x000000cb25180000)]
  0x0000024051b66000 JavaThread "JavaFX-Launcher" [_thread_blocked, id=10892, stack(0x000000cb25080000,0x000000cb25100000)]
  0x00000240504fd000 JavaThread "Service Thread" daemon [_thread_blocked, id=12784, stack(0x000000cb24f80000,0x000000cb25000000)]
  0x00000240504a6000 JavaThread "C1 CompilerThread2" daemon [_thread_blocked, id=6096, stack(0x000000cb24f00000,0x000000cb24f80000)]
  0x00000240504a2800 JavaThread "C2 CompilerThread1" daemon [_thread_blocked, id=5208, stack(0x000000cb24e80000,0x000000cb24f00000)]
  0x00000240504a0000 JavaThread "C2 CompilerThread0" daemon [_thread_in_native, id=11716, stack(0x000000cb24e00000,0x000000cb24e80000)]
  0x000002405049b800 JavaThread "Attach Listener" daemon [_thread_blocked, id=1396, stack(0x000000cb24d80000,0x000000cb24e00000)]
  0x000002405049a800 JavaThread "Signal Dispatcher" daemon [_thread_blocked, id=4944, stack(0x000000cb24d00000,0x000000cb24d80000)]
  0x000002403770a000 JavaThread "Finalizer" daemon [_thread_blocked, id=10148, stack(0x000000cb24c80000,0x000000cb24d00000)]
  0x0000024050468800 JavaThread "Reference Handler" daemon [_thread_blocked, id=6512, stack(0x000000cb24c00000,0x000000cb24c80000)]
  0x0000024037610800 JavaThread "main" [_thread_blocked, id=11876, stack(0x000000cb24780000,0x000000cb24880000)]

Other Threads:
  0x0000024050467000 VMThread [stack: 0x000000cb24b80000,0x000000cb24c00000] [id=12400]
  0x0000024051532800 WatcherThread [stack: 0x000000cb25000000,0x000000cb25080000] [id=1676]

VM state:not at safepoint (normal execution)

VM Mutex/Monitor currently owned by a thread: None

Heap:
 PSYoungGen      total 72704K, used 16379K [0x000000076ef80000, 0x0000000777d80000, 0x00000007c0000000)
  eden space 62464K, 26% used [0x000000076ef80000,0x000000076ff7ee40,0x0000000772c80000)
  from space 10240K, 0% used [0x0000000773680000,0x0000000773680000,0x0000000774080000)
  to   space 10240K, 0% used [0x0000000772c80000,0x0000000772c80000,0x0000000773680000)
 ParOldGen       total 76288K, used 8744K [0x00000006cce00000, 0x00000006d1880000, 0x000000076ef80000)
  object space 76288K, 11% used [0x00000006cce00000,0x00000006cd68a248,0x00000006d1880000)
 Metaspace       used 21121K, capacity 22070K, committed 22144K, reserved 1069056K
  class space    used 2908K, capacity 3130K, committed 3200K, reserved 1048576K

Card table byte_map: [0x0000024046d10000,0x00000240474b0000] byte_map_base: 0x00000240436a9000

Marking Bits: (ParMarkBitMap*) 0x00000000695ec720
 Begin Bits: [0x00000240479d0000, 0x000002404b698000)
 End Bits:   [0x000002404b698000, 0x000002404f360000)

Polling page: 0x0000024035a60000

CodeCache: size=245760Kb used=9975Kb max_used=9987Kb free=235784Kb
 bounds [0x0000024037950000, 0x0000024038320000, 0x0000024046950000]
 total_blobs=3926 nmethods=3237 adapters=601
 compilation: enabled

Compilation events (10 events):
Event: 29.414 Thread 0x00000240504a6000 3234       3       javafx.scene.layout.GridPane::getVgap (19 bytes)
Event: 29.414 Thread 0x00000240504a6000 nmethod 3234 0x000002403830d950 code [0x000002403830dac0, 0x000002403830de90]
Event: 29.414 Thread 0x00000240504a6000 3235       3       javafx.scene.layout.VBox::getContentBias (84 bytes)
Event: 29.415 Thread 0x00000240504a6000 nmethod 3235 0x000002403830cd90 code [0x000002403830cf60, 0x000002403830d730]
Event: 29.415 Thread 0x00000240504a2800 3236       4       javafx.scene.layout.Pane::getConstraint (26 bytes)
Event: 29.418 Thread 0x00000240504a0000 nmethod 3225 0x0000024038312410 code [0x0000024038312580, 0x0000024038312b58]
Event: 29.418 Thread 0x00000240504a6000 3237       3       javafx.scene.layout.Region::position (129 bytes)
Event: 29.420 Thread 0x00000240504a6000 nmethod 3237 0x00000240383102d0 code [0x0000024038310540, 0x0000024038311810]
Event: 29.420 Thread 0x00000240504a0000 3238       4       javafx.scene.Node::transformedBoundsChanged (43 bytes)
Event: 29.426 Thread 0x00000240504a2800 nmethod 3236 0x000002403830f790 code [0x000002403830f920, 0x000002403830fcb8]

GC Heap History (6 events):
Event: 10.451 GC heap before
{Heap before GC invocations=1 (full 0):
 PSYoungGen      total 72704K, used 62464K [0x000000076ef80000, 0x0000000774080000, 0x00000007c0000000)
  eden space 62464K, 100% used [0x000000076ef80000,0x0000000772c80000,0x0000000772c80000)
  from space 10240K, 0% used [0x0000000773680000,0x0000000773680000,0x0000000774080000)
  to   space 10240K, 0% used [0x0000000772c80000,0x0000000772c80000,0x0000000773680000)
 ParOldGen       total 166912K, used 0K [0x00000006cce00000, 0x00000006d7100000, 0x000000076ef80000)
  object space 166912K, 0% used [0x00000006cce00000,0x00000006cce00000,0x00000006d7100000)
 Metaspace       used 20439K, capacity 21202K, committed 21248K, reserved 1067008K
  class space    used 2884K, capacity 3068K, committed 3072K, reserved 1048576K
Event: 10.464 GC heap after
Heap after GC invocations=1 (full 0):
 PSYoungGen      total 72704K, used 10224K [0x000000076ef80000, 0x0000000774080000, 0x00000007c0000000)
  eden space 62464K, 0% used [0x000000076ef80000,0x000000076ef80000,0x0000000772c80000)
  from space 10240K, 99% used [0x0000000772c80000,0x000000077367c080,0x0000000773680000)
  to   space 10240K, 0% used [0x0000000773680000,0x0000000773680000,0x0000000774080000)
 ParOldGen       total 166912K, used 2419K [0x00000006cce00000, 0x00000006d7100000, 0x000000076ef80000)
  object space 166912K, 1% used [0x00000006cce00000,0x00000006cd05cdb8,0x00000006d7100000)
 Metaspace       used 20439K, capacity 21202K, committed 21248K, reserved 1067008K
  class space    used 2884K, capacity 3068K, committed 3072K, reserved 1048576K
}
Event: 10.492 GC heap before
{Heap before GC invocations=2 (full 0):
 PSYoungGen      total 72704K, used 16195K [0x000000076ef80000, 0x0000000774080000, 0x00000007c0000000)
  eden space 62464K, 9% used [0x000000076ef80000,0x000000076f554e08,0x0000000772c80000)
  from space 10240K, 99% used [0x0000000772c80000,0x000000077367c080,0x0000000773680000)
  to   space 10240K, 0% used [0x0000000773680000,0x0000000773680000,0x0000000774080000)
 ParOldGen       total 166912K, used 2419K [0x00000006cce00000, 0x00000006d7100000, 0x000000076ef80000)
  object space 166912K, 1% used [0x00000006cce00000,0x00000006cd05cdb8,0x00000006d7100000)
 Metaspace       used 20466K, capacity 21202K, committed 21248K, reserved 1067008K
  class space    used 2885K, capacity 3068K, committed 3072K, reserved 1048576K
Event: 10.501 GC heap after
Heap after GC invocations=2 (full 0):
 PSYoungGen      total 72704K, used 8144K [0x000000076ef80000, 0x0000000777d80000, 0x00000007c0000000)
  eden space 62464K, 0% used [0x000000076ef80000,0x000000076ef80000,0x0000000772c80000)
  from space 10240K, 79% used [0x0000000773680000,0x0000000773e74070,0x0000000774080000)
  to   space 10240K, 0% used [0x0000000772c80000,0x0000000772c80000,0x0000000773680000)
 ParOldGen       total 166912K, used 2427K [0x00000006cce00000, 0x00000006d7100000, 0x000000076ef80000)
  object space 166912K, 1% used [0x00000006cce00000,0x00000006cd05edb8,0x00000006d7100000)
 Metaspace       used 20466K, capacity 21202K, committed 21248K, reserved 1067008K
  class space    used 2885K, capacity 3068K, committed 3072K, reserved 1048576K
}
Event: 10.501 GC heap before
{Heap before GC invocations=3 (full 1):
 PSYoungGen      total 72704K, used 8144K [0x000000076ef80000, 0x0000000777d80000, 0x00000007c0000000)
  eden space 62464K, 0% used [0x000000076ef80000,0x000000076ef80000,0x0000000772c80000)
  from space 10240K, 79% used [0x0000000773680000,0x0000000773e74070,0x0000000774080000)
  to   space 10240K, 0% used [0x0000000772c80000,0x0000000772c80000,0x0000000773680000)
 ParOldGen       total 166912K, used 2427K [0x00000006cce00000, 0x00000006d7100000, 0x000000076ef80000)
  object space 166912K, 1% used [0x00000006cce00000,0x00000006cd05edb8,0x00000006d7100000)
 Metaspace       used 20466K, capacity 21202K, committed 21248K, reserved 1067008K
  class space    used 2885K, capacity 3068K, committed 3072K, reserved 1048576K
Event: 10.538 GC heap after
Heap after GC invocations=3 (full 1):
 PSYoungGen      total 72704K, used 0K [0x000000076ef80000, 0x0000000777d80000, 0x00000007c0000000)
  eden space 62464K, 0% used [0x000000076ef80000,0x000000076ef80000,0x0000000772c80000)
  from space 10240K, 0% used [0x0000000773680000,0x0000000773680000,0x0000000774080000)
  to   space 10240K, 0% used [0x0000000772c80000,0x0000000772c80000,0x0000000773680000)
 ParOldGen       total 76288K, used 8744K [0x00000006cce00000, 0x00000006d1880000, 0x000000076ef80000)
  object space 76288K, 11% used [0x00000006cce00000,0x00000006cd68a248,0x00000006d1880000)
 Metaspace       used 20466K, capacity 21202K, committed 21248K, reserved 1067008K
  class space    used 2885K, capacity 3068K, committed 3072K, reserved 1048576K
}

Deoptimization events (10 events):
Event: 2.454 Thread 0x0000024051bec000 Uncommon trap: reason=unstable_if action=reinterpret pc=0x0000024037b25578 method=java.io.StringReader.read()I @ 19
Event: 2.455 Thread 0x0000024051bec000 Uncommon trap: reason=unstable_if action=reinterpret pc=0x0000024037d671d0 method=java.util.HashMap.isEmpty()Z @ 4
Event: 2.465 Thread 0x0000024051bec000 Uncommon trap: reason=unstable_if action=reinterpret pc=0x0000024037cb5178 method=java.util.HashMap.putVal(ILjava/lang/Object;Ljava/lang/Object;ZZ)Ljava/lang/Object; @ 94
Event: 2.465 Thread 0x0000024051bec000 Uncommon trap: reason=unstable_if action=reinterpret pc=0x0000024037cb78e4 method=java.util.HashMap.putVal(ILjava/lang/Object;Ljava/lang/Object;ZZ)Ljava/lang/Object; @ 94
Event: 10.464 Thread 0x0000024051bec000 Uncommon trap: reason=unstable_if action=reinterpret pc=0x0000024037c562ac method=java.lang.ref.SoftReference.get()Ljava/lang/Object; @ 17
Event: 12.698 Thread 0x0000024051bec000 Uncommon trap: reason=unstable_if action=reinterpret pc=0x0000024037fcc57c method=java.lang.Math.round(D)J @ 48
Event: 12.702 Thread 0x0000024051b94000 Uncommon trap: reason=unstable_if action=reinterpret pc=0x0000024038009a4c method=java.lang.Math.round(F)I @ 36
Event: 18.743 Thread 0x0000024051bec000 Uncommon trap: reason=unstable_if action=reinterpret pc=0x0000024037d7489c method=java.lang.ref.ReferenceQueue.poll()Ljava/lang/ref/Reference; @ 4
Event: 23.064 Thread 0x0000024051b94000 Uncommon trap: reason=unstable_if action=reinterpret pc=0x000002403810c6f8 method=java.lang.Math.round(F)I @ 23
Event: 23.064 Thread 0x0000024051b94000 Uncommon trap: reason=unstable_if action=reinterpret pc=0x00000240381a45f4 method=java.lang.Math.round(F)I @ 23

Internal exceptions (10 events):
Event: 18.558 Thread 0x0000024051bec000 Exception <a 'java/lang/ClassCastException': java.lang.String cannot be cast to java.lang.Class> (0x000000076f692950) thrown at [C:\re\workspace\8-2-build-windows-amd64-cygwin\jdk8u131\8869\hotspot\src\share\vm\interpreter\interpreterRuntime.cpp, line 381
Event: 19.633 Thread 0x0000024051bec000 Exception <a 'java/lang/ClassCastException': java.lang.String cannot be cast to java.lang.Class> (0x000000076f79f8f0) thrown at [C:\re\workspace\8-2-build-windows-amd64-cygwin\jdk8u131\8869\hotspot\src\share\vm\interpreter\interpreterRuntime.cpp, line 381
Event: 20.746 Thread 0x0000024051bec000 Exception <a 'java/lang/ClassCastException': java.lang.String cannot be cast to java.lang.Class> (0x000000076f827e88) thrown at [C:\re\workspace\8-2-build-windows-amd64-cygwin\jdk8u131\8869\hotspot\src\share\vm\interpreter\interpreterRuntime.cpp, line 381
Event: 21.955 Thread 0x0000024051bec000 Exception <a 'java/lang/ClassCastException': java.lang.String cannot be cast to java.lang.Class> (0x000000076f937038) thrown at [C:\re\workspace\8-2-build-windows-amd64-cygwin\jdk8u131\8869\hotspot\src\share\vm\interpreter\interpreterRuntime.cpp, line 381
Event: 23.183 Thread 0x0000024051bec000 Exception <a 'java/lang/ClassCastException': java.lang.String cannot be cast to java.lang.Class> (0x000000076fb02680) thrown at [C:\re\workspace\8-2-build-windows-amd64-cygwin\jdk8u131\8869\hotspot\src\share\vm\interpreter\interpreterRuntime.cpp, line 381
Event: 24.403 Thread 0x0000024051bec000 Exception <a 'java/lang/ClassCastException': java.lang.String cannot be cast to java.lang.Class> (0x000000076fbcb358) thrown at [C:\re\workspace\8-2-build-windows-amd64-cygwin\jdk8u131\8869\hotspot\src\share\vm\interpreter\interpreterRuntime.cpp, line 381
Event: 25.609 Thread 0x0000024051bec000 Exception <a 'java/lang/ClassCastException': java.lang.String cannot be cast to java.lang.Class> (0x000000076fc6c2e0) thrown at [C:\re\workspace\8-2-build-windows-amd64-cygwin\jdk8u131\8869\hotspot\src\share\vm\interpreter\interpreterRuntime.cpp, line 381
Event: 26.838 Thread 0x0000024051bec000 Exception <a 'java/lang/ClassCastException': java.lang.String cannot be cast to java.lang.Class> (0x000000076fd5bae0) thrown at [C:\re\workspace\8-2-build-windows-amd64-cygwin\jdk8u131\8869\hotspot\src\share\vm\interpreter\interpreterRuntime.cpp, line 381
Event: 27.961 Thread 0x0000024051bec000 Exception <a 'java/lang/ClassCastException': java.lang.String cannot be cast to java.lang.Class> (0x000000076fdccf08) thrown at [C:\re\workspace\8-2-build-windows-amd64-cygwin\jdk8u131\8869\hotspot\src\share\vm\interpreter\interpreterRuntime.cpp, line 381
Event: 29.234 Thread 0x0000024051bec000 Exception <a 'java/lang/ClassCastException': java.lang.String cannot be cast to java.lang.Class> (0x000000076febc200) thrown at [C:\re\workspace\8-2-build-windows-amd64-cygwin\jdk8u131\8869\hotspot\src\share\vm\interpreter\interpreterRuntime.cpp, line 381

Events (10 events):
Event: 23.404 Thread 0x00000240575b0000 Thread exited: 0x00000240575b0000
Event: 24.404 Thread 0x0000024057529800 Thread added: 0x0000024057529800
Event: 24.611 Thread 0x0000024057529800 Thread exited: 0x0000024057529800
Event: 25.610 Thread 0x0000024051771000 Thread added: 0x0000024051771000
Event: 25.848 Thread 0x0000024051771000 Thread exited: 0x0000024051771000
Event: 26.839 Thread 0x0000024051773000 Thread added: 0x0000024051773000
Event: 26.968 Thread 0x0000024051773000 Thread exited: 0x0000024051773000
Event: 27.962 Thread 0x0000024051773000 Thread added: 0x0000024051773000
Event: 28.229 Thread 0x0000024051773000 Thread exited: 0x0000024051773000
Event: 29.235 Thread 0x00000240517e4800 Thread added: 0x00000240517e4800


Dynamic libraries:
0x00007ff6640c0000 - 0x00007ff6640e4000 	C:\Program Files\ooRexx\rexx.exe
0x00007ff9c9220000 - 0x00007ff9c93f1000 	C:\Windows\SYSTEM32\ntdll.dll
0x00007ff9c67b0000 - 0x00007ff9c685c000 	C:\Windows\System32\KERNEL32.DLL
0x00007ff9c6590000 - 0x00007ff9c67ad000 	C:\Windows\System32\KERNELBASE.dll
0x00007ff98e8e0000 - 0x00007ff98ea98000 	C:\Program Files\ooRexx\rexx.dll
0x00007ff9a8bf0000 - 0x00007ff9a8c36000 	C:\Program Files\ooRexx\REXXAPI.dll
0x00007ff9c8210000 - 0x00007ff9c8375000 	C:\Windows\System32\USER32.dll
0x00007ff9c61d0000 - 0x00007ff9c61ee000 	C:\Windows\System32\win32u.dll
0x00007ff9c8570000 - 0x00007ff9c8612000 	C:\Windows\System32\ADVAPI32.dll
0x00007ff9bbe70000 - 0x00007ff9bbe79000 	C:\Windows\SYSTEM32\WSOCK32.dll
0x00007ff9c81d0000 - 0x00007ff9c8204000 	C:\Windows\System32\GDI32.dll
0x00007ff9c8ea0000 - 0x00007ff9c8f3e000 	C:\Windows\System32\msvcrt.dll
0x00007ff9c62a0000 - 0x00007ff9c6420000 	C:\Windows\System32\gdi32full.dll
0x00007ff9c6a20000 - 0x00007ff9c6a79000 	C:\Windows\System32\sechost.dll
0x00007ff9c90f0000 - 0x00007ff9c9211000 	C:\Windows\System32\RPCRT4.dll
0x00007ff9ac430000 - 0x00007ff9ac4dc000 	C:\Windows\WinSxS\amd64_microsoft.windows.common-controls_6595b64144ccf1df_5.82.14393.447_none_0d5aa7fbb6d35646\COMCTL32.dll
0x00007ff9c6be0000 - 0x00007ff9c6c4a000 	C:\Windows\System32\ws2_32.DLL
0x00007ff9c8620000 - 0x00007ff9c864e000 	C:\Windows\System32\IMM32.DLL
0x000000006abe0000 - 0x000000006ac18000 	C:\Program Files\ooRexx\rexxutil.DLL
0x00007ff9c6b80000 - 0x00007ff9c6bd2000 	C:\Windows\System32\SHLWAPI.dll
0x00007ff9c8bc0000 - 0x00007ff9c8e88000 	C:\Windows\System32\combase.dll
0x00007ff9c5770000 - 0x00007ff9c5865000 	C:\Windows\System32\ucrtbase.dll
0x00007ff9c6420000 - 0x00007ff9c648a000 	C:\Windows\System32\bcryptPrimitives.dll
0x00007ff9c19e0000 - 0x00007ff9c1a66000 	C:\Windows\SYSTEM32\WINSPOOL.DRV
0x00007ff9c55d0000 - 0x00007ff9c55fb000 	C:\Windows\SYSTEM32\bcrypt.dll
0x00007ff9b1fd0000 - 0x00007ff9b200c000 	C:\Program Files\ooRexx\OREXXOLE.DLL
0x00007ff9c8650000 - 0x00007ff9c8788000 	C:\Windows\System32\ole32.dll
0x00007ff9c83a0000 - 0x00007ff9c845f000 	C:\Windows\System32\OLEAUT32.dll
0x00007ff9c6490000 - 0x00007ff9c652c000 	C:\Windows\System32\msvcp_win.dll
0x00007ff9c5300000 - 0x00007ff9c532c000 	C:\Windows\SYSTEM32\SspiCli.dll
0x00007ff9c4f60000 - 0x00007ff9c4fbc000 	C:\Windows\system32\mswsock.dll
0x00007ff9b7c90000 - 0x00007ff9b7ca6000 	C:\Windows\system32\napinsp.dll
0x00007ff9b83c0000 - 0x00007ff9b83da000 	C:\Windows\system32\pnrpnsp.dll
0x00007ff9c0080000 - 0x00007ff9c0098000 	C:\Windows\system32\NLAapi.dll
0x00007ff9c4d20000 - 0x00007ff9c4dc1000 	C:\Windows\SYSTEM32\DNSAPI.dll
0x00007ff9c90e0000 - 0x00007ff9c90e8000 	C:\Windows\System32\NSI.dll
0x00007ff9c4ce0000 - 0x00007ff9c4d18000 	C:\Windows\SYSTEM32\IPHLPAPI.DLL
0x00007ff9b83e0000 - 0x00007ff9b83ee000 	C:\Windows\System32\winrnr.dll
0x00007ff9bd460000 - 0x00007ff9bd4ca000 	C:\Windows\System32\fwpuclnt.dll
0x00007ff9bd2e0000 - 0x00007ff9bd2ea000 	C:\Windows\System32\rasadhlp.dll
0x0000000010000000 - 0x000000001002b000 	C:\Program Files\BSF4ooRexx\BSF4ooRexx.DLL
0x0000000068dd0000 - 0x000000006966c000 	C:\Program Files\Java\jre1.8.0_131\bin\server\jvm.DLL
0x00007ff9c8560000 - 0x00007ff9c8568000 	C:\Windows\System32\PSAPI.DLL
0x00007ff9c1c70000 - 0x00007ff9c1c7a000 	C:\Windows\SYSTEM32\VERSION.dll
0x000000006b120000 - 0x000000006b1f2000 	C:\Windows\SYSTEM32\MSVCR100.dll
0x00007ff9c3b10000 - 0x00007ff9c3b33000 	C:\Windows\SYSTEM32\WINMM.dll
0x00007ff9c3ae0000 - 0x00007ff9c3b0b000 	C:\Windows\SYSTEM32\WINMMBASE.dll
0x00007ff9c5720000 - 0x00007ff9c5762000 	C:\Windows\System32\cfgmgr32.dll
0x000000006abd0000 - 0x000000006abdf000 	C:\Program Files\Java\jre1.8.0_131\bin\verify.dll
0x000000006aba0000 - 0x000000006abc9000 	C:\Program Files\Java\jre1.8.0_131\bin\java.dll
0x000000006ab80000 - 0x000000006ab96000 	C:\Program Files\Java\jre1.8.0_131\bin\zip.dll
0x00007ff9c6cc0000 - 0x00007ff9c81c8000 	C:\Windows\System32\SHELL32.dll
0x00007ff9c5af0000 - 0x00007ff9c61ca000 	C:\Windows\System32\windows.storage.dll
0x00007ff9c5690000 - 0x00007ff9c56dc000 	C:\Windows\System32\powrprof.dll
0x00007ff9c5710000 - 0x00007ff9c571f000 	C:\Windows\System32\kernel.appcore.dll
0x00007ff9c61f0000 - 0x00007ff9c6299000 	C:\Windows\System32\shcore.dll
0x00007ff9c56f0000 - 0x00007ff9c5704000 	C:\Windows\System32\profapi.dll
0x000000006a9e0000 - 0x000000006ab78000 	C:\Program Files\Java\jre1.8.0_131\bin\awt.dll
0x00007ff9c3c30000 - 0x00007ff9c3caa000 	C:\Windows\SYSTEM32\apphelp.dll
0x00007ff98e7f0000 - 0x00007ff98e8df000 	C:\Program Files\Java\jre1.8.0_131\bin\msvcr120.dll
0x00007ff98e740000 - 0x00007ff98e7e6000 	C:\Program Files\Java\jre1.8.0_131\bin\msvcp120.dll
0x000000006a9b0000 - 0x000000006a9d2000 	C:\Program Files\Java\jre1.8.0_131\bin\prism_d3d.dll
0x00007ff9899f0000 - 0x00007ff989b7d000 	C:\Windows\system32\d3d9.dll
0x00007ff9c3380000 - 0x00007ff9c33a6000 	C:\Windows\SYSTEM32\dwmapi.dll
0x00007ff9c3e10000 - 0x00007ff9c3ea5000 	C:\Windows\system32\uxtheme.dll
0x00007ff9c1a70000 - 0x00007ff9c1bd7000 	C:\Windows\SYSTEM32\aticfx64.dll
0x00007ff9899c0000 - 0x00007ff9899e1000 	C:\Windows\SYSTEM32\atiu9p64.dll
0x00007ff989160000 - 0x00007ff9899b9000 	C:\Windows\SYSTEM32\atiumd64.dll
0x0000000069f10000 - 0x000000006a798000 	C:\Windows\SYSTEM32\atiumd6a.dll
0x0000000068d80000 - 0x0000000068dc3000 	C:\Program Files\Java\jre1.8.0_131\bin\glass.dll
0x00007ff9c6a80000 - 0x00007ff9c6b7a000 	C:\Windows\System32\COMDLG32.dll
0x00007ff9c68c0000 - 0x00007ff9c6a1a000 	C:\Windows\System32\MSCTF.dll
0x000000006a990000 - 0x000000006a9a4000 	C:\Program Files\Java\jre1.8.0_131\bin\javafx_font.dll
0x00007ff9bde60000 - 0x00007ff9be0c9000 	C:\Windows\SYSTEM32\dwrite.dll
0x00007ff9c8460000 - 0x00007ff9c84ff000 	C:\Windows\System32\clbcatq.dll
0x00007ff9b4a20000 - 0x00007ff9b4c9a000 	C:\Windows\WinSxS\amd64_microsoft.windows.common-controls_6595b64144ccf1df_6.0.14393.953_none_42151e83c686086b\comctl32.dll
0x00007ff9c2890000 - 0x00007ff9c2a38000 	C:\Windows\SYSTEM32\WindowsCodecs.dll
0x00007ff9ba980000 - 0x00007ff9ba9c9000 	C:\Windows\system32\dataexchange.dll
0x00007ff9c34a0000 - 0x00007ff9c35f1000 	C:\Windows\system32\dcomp.dll
0x00007ff9c1dc0000 - 0x00007ff9c2076000 	C:\Windows\system32\d3d11.dll
0x00007ff9c4610000 - 0x00007ff9c46af000 	C:\Windows\system32\dxgi.dll
0x00007ff9c40e0000 - 0x00007ff9c41fc000 	C:\Windows\system32\twinapi.appcore.dll
0x00007ff9a7fa0000 - 0x00007ff9a7fd2000 	C:\Program Files\Common Files\Microsoft Shared\Ink\rtscom.dll
0x0000000068d60000 - 0x0000000068d71000 	C:\Program Files\Java\jre1.8.0_131\bin\prism_common.dll
0x00007ff9bfd80000 - 0x00007ff9bff12000 	C:\Windows\SYSTEM32\dbghelp.dll

VM Arguments:
java_command: <unknown>
java_class_path (initial): C:\Program Files\BSF4ooRexx\bsf4ooRexx-v600-20170617-bin.jar;C:\Program Files\BSF4ooRexx\jni4net.j-0.8.8.0.jar;C:\Program Files\BSF4ooRexx\oorexx.net.jar;.;C:\Users\Adrian\Documents\javafx\ooRexxTryFX\java\ikonli-core-1.9.0.jar;C:\Users\Adrian\Documents\javafx\ooRexxTryFX\java\ikonli-javafx-1.9.0.jar;C:\Users\Adrian\Documents\javafx\ooRexxTryFX\java\ikonli-octicons-pack-1.9.0.jar;C:\Users\Adrian\Documents\javafx\ooRexxTryFX\java\ikonli-openiconic-pack-1.9.0.jar;C:\Users\Adrian\Documents\javafx\ooRexxTryFX\java\richtextfx-0.7-M5-custom.jar;C:\Users\Adrian\Documents\javafx\ooRexxTryFX\java
Launcher Type: generic

Environment Variables:
CLASSPATH=C:\Program Files\BSF4ooRexx\bsf4ooRexx-v600-20170617-bin.jar;C:\Program Files\BSF4ooRexx\jni4net.j-0.8.8.0.jar;C:\Program Files\BSF4ooRexx\oorexx.net.jar;.;C:\Users\Adrian\Documents\javafx\ooRexxTryFX\java\ikonli-core-1.9.0.jar;C:\Users\Adrian\Documents\javafx\ooRexxTryFX\java\ikonli-javafx-1.9.0.jar;C:\Users\Adrian\Documents\javafx\ooRexxTryFX\java\ikonli-octicons-pack-1.9.0.jar;C:\Users\Adrian\Documents\javafx\ooRexxTryFX\java\ikonli-openiconic-pack-1.9.0.jar;C:\Users\Adrian\Documents\javafx\ooRexxTryFX\java\richtextfx-0.7-M5-custom.jar;C:\Users\Adrian\Documents\javafx\ooRexxTryFX\java
PATH=C:\ProgramData\Oracle\Java\javapath;C:\Windows\system32;C:\Windows;C:\Windows\System32\Wbem;C:\Windows\System32\WindowsPowerShell\v1.0\;C:\Program Files (x86)\ATI Technologies\ATI.ACE\Core-Static;C:\Program Files\MiKTeX 2.9\miktex\bin\x64\;C:\Program Files (x86)\GtkSharp\2.12\bin;C:\Program Files\nodejs\;C:\Program Files (x86)\Windows Kits\10\Windows Performance Toolkit\;C:\Program Files\ooRexx;C:\Program Files\BSF4ooRexx;C:\Program Files\Java\jre1.8.0_131\bin\server;C:\Users\Adrian\AppData\Local\Programs\Python\Python35-32\Scripts\;C:\Users\Adrian\AppData\Local\Programs\Python\Python35-32\;C:\Users\Adrian\AppData\Local\Microsoft\WindowsApps;C:\Users\Adrian\AppData\Roaming\Dashlane\4.6.5.21982\bin\Firefox_Extension\{442718d9-475e-452a-b3e1-fb1ee16b8e9f}\components;C:\Users\Adrian\AppData\Roaming\Dashlane\4.6.6.23032\bin\Firefox_Extension\{442718d9-475e-452a-b3e1-fb1ee16b8e9f}\components;C:\Program Files (x86)\openssl\bin;C:\Users\Adrian\AppData\Roaming\npm;C:\xampp\php;C:\Program Files (x86)\Microsoft VS Code\bin;C:\Users\Adrian\AppData\Roaming\Dashlane\4.8.2.33026\bin\Firefox_Extension\{442718d9-475e-452a-b3e1-fb1ee16b8e9f}\components;C:\Users\Adrian\AppData\Roaming\Dashlane\4.8.2.33026\ucrt
USERNAME=Adrian
OS=Windows_NT
PROCESSOR_IDENTIFIER=AMD64 Family 21 Model 19 Stepping 1, AuthenticAMD



---------------  S Y S T E M  ---------------

OS: Windows 10.0 , 64 bit Build 14393 (10.0.14393.1198)

CPU:total 4 (initial active 4) (4 cores per cpu, 1 threads per core) family 21 model 19 stepping 1, cmov, cx8, fxsr, mmx, sse, sse2, sse3, ssse3, sse4.1, sse4.2, popcnt, avx, aes, clmul, mmxext, 3dnowpref, lzcnt, sse4a, tsc, tscinvbit, tscinv, bmi1

Memory: 4k page, physical 15930560k(9432800k free), swap 18289856k(10459964k free)

vm_info: Java HotSpot(TM) 64-Bit Server VM (25.131-b11) for windows-amd64 JRE (1.8.0_131-b11), built on Mar 15 2017 01:23:53 by "java_re" with MS VC++ 10.0 (VS2010)

time: Mon Jul 17 07:31:23 2017
elapsed time: 29 seconds (0d 0h 0m 29s)

