#
# A fatal error has been detected by the Java Runtime Environment:
#
#  EXCEPTION_ACCESS_VIOLATION (0xc0000005) at pc=0x00007ff98e977ae8, pid=3644, tid=0x00000000000010dc
#
# JRE version: Java(TM) SE Runtime Environment (8.0_131-b11) (build 1.8.0_131-b11)
# Java VM: Java HotSpot(TM) 64-Bit Server VM (25.131-b11 mixed mode windows-amd64 compressed oops)
# Problematic frame:
# C  [rexx.dll+0x97ae8]
#
# Failed to write core dump. Minidumps are not enabled by default on client versions of Windows
#
# If you would like to submit a bug report, please visit:
#   http://bugreport.java.com/bugreport/crash.jsp
# The crash happened outside the Java Virtual Machine in native code.
# See problematic frame for where to report the bug.
#

---------------  T H R E A D  ---------------

Current thread (0x0000027175af0800):  JavaThread "Thread-20" [_thread_in_native, id=4316, stack(0x00000098e5780000,0x00000098e5800000)]

siginfo: ExceptionCode=0xc0000005, writing address 0x00007ff98ea0e438

Registers:
RAX=0x0000000000009700, RBX=0x00007ff66195b970, RCX=0x00007ff98ea0e430, RDX=0x0000000000000002
RSP=0x00000098e57fcff8, RBP=0x0000000000000000, RSI=0x000000076fb90c08, RDI=0x00000098e57fd5b8
R8 =0x0000000000000005, R9 =0x0000000000008981, R10=0x0000000000000000, R11=0x00007ff662f0fd70
R12=0x0000027175af09f8, R13=0x00000271710bb530, R14=0x0000000000000000, R15=0x0000027175af0800
RIP=0x00007ff98e977ae8, EFLAGS=0x0000000000010206

Top of Stack: (sp=0x00000098e57fcff8)
0x00000098e57fcff8:   00007ff98e9781b8 00007ff98ea0e430
0x00000098e57fd008:   00007ff98e977a47 00007ff600000000
0x00000098e57fd018:   00007ff66152ae30 0000027100000001
0x00000098e57fd028:   00007ff98e978194 00007ff98ea0e430
0x00000098e57fd038:   0000000000000002 00007ff663a00020
0x00000098e57fd048:   00007ff6614e0110 00007ff600000000
0x00000098e57fd058:   00007ff98e975a83 00007ff98ea0e428
0x00000098e57fd068:   0000000000000002 00007ff98ea0e430
0x00000098e57fd078:   0000000000000042 0000000000000042
0x00000098e57fd088:   0000000000000042 0000000000000000
0x00000098e57fd098:   00007ff98e954a88 00007ff98ea646a0
0x00000098e57fd0a8:   00007ff98ea0e428 00007ff98ea638c8
0x00000098e57fd0b8:   0000000000000042 0000000000000000
0x00000098e57fd0c8:   00007ff98e90d28a 00007ff662f0fe58
0x00000098e57fd0d8:   00007ff98e975a3b 00007ff662f0fd50
0x00000098e57fd0e8:   0000000000000042 0000000000000000 

Instructions: (pc=0x00007ff98e977ae8)
0x00007ff98e977ac8:   00 48 83 c4 28 c3 cc cc 48 89 4c 24 08 48 8b 44
0x00007ff98e977ad8:   24 08 0f b7 40 08 25 fc ff 00 00 48 8b 4c 24 08
0x00007ff98e977ae8:   66 89 41 08 c3 cc cc cc 48 89 4c 24 08 48 83 ec
0x00007ff98e977af8:   28 48 8b 44 24 30 48 83 c0 08 48 8b c8 e8 c6 ff 


Register to memory mapping:

RAX=0x0000000000009700 is an unknown value
RBX=0x00007ff66195b970 is an unknown value
RCX=0x00007ff98ea0e430 is an unknown value
RDX=0x0000000000000002 is an unknown value
RSP=0x00000098e57fcff8 is pointing into the stack for thread: 0x0000027175af0800
RBP=0x0000000000000000 is an unknown value
RSI=0x000000076fb90c08 is an oop
java.lang.String 
 - klass: 'java/lang/String'
RDI=0x00000098e57fd5b8 is pointing into the stack for thread: 0x0000027175af0800
R8 =0x0000000000000005 is an unknown value
R9 =0x0000000000008981 is an unknown value
R10=0x0000000000000000 is an unknown value
R11=0x00007ff662f0fd70 is an unknown value
R12=0x0000027175af09f8 is an unknown value
R13=0x00000271710bb530 is an unknown value
R14=0x0000000000000000 is an unknown value
R15=0x0000027175af0800 is a thread


Stack: [0x00000098e5780000,0x00000098e5800000],  sp=0x00000098e57fcff8,  free space=499k
Native frames: (J=compiled Java code, j=interpreted, Vv=VM code, C=native code)

Java frames: (J=compiled Java code, j=interpreted, Vv=VM code)
J 1850  org.rexxla.bsf.engines.rexx.RexxAndJava.jniRexxSendMessageToRexxObject(Ljava/lang/String;Ljava/lang/String;Ljava/lang/String;Ljava/lang/String;Ljava/lang/String;Ljava/lang/String;Ljava/lang/String;[Ljava/lang/Object;Ljava/lang/String;)Ljava/lang/Object; (0 bytes) @ 0x00000271564a1892 [0x00000271564a1780+0x112]
J 2007 C1 org.rexxla.bsf.engines.rexx.RexxEngine.call(Lorg/rexxla/bsf/engines/rexx/RexxProxy;Ljava/lang/Object;Ljava/lang/String;Ljava/lang/String;[Ljava/lang/Object;)Ljava/lang/Object; (705 bytes) @ 0x0000027156524f54 [0x0000027156521ca0+0x32b4]
J 1891 C1 org.rexxla.bsf.engines.rexx.RexxProxy.invoke(Ljava/lang/Object;Ljava/lang/String;Ljava/lang/String;[Ljava/lang/Object;)Ljava/lang/Object; (129 bytes) @ 0x00000271564c3f24 [0x00000271564c22a0+0x1c84]
J 1892 C1 RexxTask.updateProgress(DD)V (65 bytes) @ 0x00000271564caa24 [0x00000271564ca420+0x604]
J 1901 C1 sun.reflect.GeneratedMethodAccessor4.invoke(Ljava/lang/Object;[Ljava/lang/Object;)Ljava/lang/Object; (336 bytes) @ 0x00000271564d332c [0x00000271564d09c0+0x296c]
J 872 C1 sun.reflect.DelegatingMethodAccessorImpl.invoke(Ljava/lang/Object;[Ljava/lang/Object;)Ljava/lang/Object; (10 bytes) @ 0x000002715620780c [0x0000027156207700+0x10c]
J 871 C1 java.lang.reflect.Method.invoke(Ljava/lang/Object;[Ljava/lang/Object;)Ljava/lang/Object; (62 bytes) @ 0x0000027156207fb4 [0x0000027156207bc0+0x3f4]
J 1689 C1 org.rexxla.bsf.engines.rexx.RexxAndJava.invokeMethod(Ljava/lang/reflect/Method;Ljava/lang/Object;[Ljava/lang/Object;)Ljava/lang/Object; (21 bytes) @ 0x0000027156440514 [0x0000027156440400+0x114]
j  org.rexxla.bsf.engines.rexx.RexxAndJava.javaCallBSF([Ljava/lang/String;)Ljava/lang/String;+5859
v  ~StubRoutines::call_stub
J 1850  org.rexxla.bsf.engines.rexx.RexxAndJava.jniRexxSendMessageToRexxObject(Ljava/lang/String;Ljava/lang/String;Ljava/lang/String;Ljava/lang/String;Ljava/lang/String;Ljava/lang/String;Ljava/lang/String;[Ljava/lang/Object;Ljava/lang/String;)Ljava/lang/Object; (0 bytes) @ 0x00000271564a1892 [0x00000271564a1780+0x112]
J 2007 C1 org.rexxla.bsf.engines.rexx.RexxEngine.call(Lorg/rexxla/bsf/engines/rexx/RexxProxy;Ljava/lang/Object;Ljava/lang/String;Ljava/lang/String;[Ljava/lang/Object;)Ljava/lang/Object; (705 bytes) @ 0x0000027156524f54 [0x0000027156521ca0+0x32b4]
J 1891 C1 org.rexxla.bsf.engines.rexx.RexxProxy.invoke(Ljava/lang/Object;Ljava/lang/String;Ljava/lang/String;[Ljava/lang/Object;)Ljava/lang/Object; (129 bytes) @ 0x00000271564c3f24 [0x00000271564c22a0+0x1c84]
j  RexxTask.call()Ljava/lang/Object;+32
j  javafx.concurrent.Task$TaskCallable.call()Ljava/lang/Object;+26
j  java.util.concurrent.FutureTask.run()V+42
j  java.lang.Thread.run()V+11
v  ~StubRoutines::call_stub

---------------  P R O C E S S  ---------------

Java Threads: ( => current thread )
=>0x0000027175af0800 JavaThread "Thread-20" [_thread_in_native, id=4316, stack(0x00000098e5780000,0x00000098e5800000)]
  0x000002717080d000 JavaThread "Thread-5" [_thread_in_native, id=10124, stack(0x00000098e5700000,0x00000098e5780000)]
  0x0000027170562000 JavaThread "Prism Font Disposer" daemon [_thread_blocked, id=9932, stack(0x00000098e5680000,0x00000098e5700000)]
  0x0000027170302800 JavaThread "Thread-4" daemon [_thread_in_native, id=10616, stack(0x00000098e5480000,0x00000098e5500000)]
  0x000002717028b000 JavaThread "JavaFX Application Thread" [_thread_in_native, id=12240, stack(0x00000098e5200000,0x00000098e5280000)]
  0x0000027170293000 JavaThread "Thread-3" daemon [_thread_blocked, id=12680, stack(0x00000098e5180000,0x00000098e5200000)]
  0x0000027170285000 JavaThread "QuantumRenderer-0" daemon [_thread_blocked, id=11800, stack(0x00000098e5000000,0x00000098e5080000)]
  0x0000027170214000 JavaThread "JavaFX-Launcher" [_thread_blocked, id=5140, stack(0x00000098e4f80000,0x00000098e5000000)]
  0x000002716ea9d800 JavaThread "Service Thread" daemon [_thread_blocked, id=10856, stack(0x00000098e4e80000,0x00000098e4f00000)]
  0x000002716ea4b000 JavaThread "C1 CompilerThread2" daemon [_thread_blocked, id=2056, stack(0x00000098e4e00000,0x00000098e4e80000)]
  0x000002716ea44800 JavaThread "C2 CompilerThread1" daemon [_thread_blocked, id=11732, stack(0x00000098e4d80000,0x00000098e4e00000)]
  0x000002716ea42000 JavaThread "C2 CompilerThread0" daemon [_thread_blocked, id=9892, stack(0x00000098e4d00000,0x00000098e4d80000)]
  0x000002716ea3d800 JavaThread "Attach Listener" daemon [_thread_blocked, id=6548, stack(0x00000098e4c80000,0x00000098e4d00000)]
  0x000002716ea3c800 JavaThread "Signal Dispatcher" daemon [_thread_blocked, id=7644, stack(0x00000098e4c00000,0x00000098e4c80000)]
  0x0000027155eec800 JavaThread "Finalizer" daemon [_thread_blocked, id=11456, stack(0x00000098e4b80000,0x00000098e4c00000)]
  0x000002716ea09000 JavaThread "Reference Handler" daemon [_thread_blocked, id=10296, stack(0x00000098e4b00000,0x00000098e4b80000)]
  0x0000027155df0800 JavaThread "main" [_thread_blocked, id=5716, stack(0x00000098e4680000,0x00000098e4780000)]

Other Threads:
  0x000002716ea07800 VMThread [stack: 0x00000098e4a80000,0x00000098e4b00000] [id=4004]
  0x000002716fbe7000 WatcherThread [stack: 0x00000098e4f00000,0x00000098e4f80000] [id=4752]

VM state:not at safepoint (normal execution)

VM Mutex/Monitor currently owned by a thread: None

Heap:
 PSYoungGen      total 72704K, used 12606K [0x000000076ef80000, 0x0000000774a80000, 0x00000007c0000000)
  eden space 62464K, 19% used [0x000000076ef80000,0x000000076fbafa58,0x0000000772c80000)
  from space 10240K, 1% used [0x0000000773680000,0x00000007736a0000,0x0000000774080000)
  to   space 10240K, 0% used [0x0000000772c80000,0x0000000772c80000,0x0000000773680000)
 ParOldGen       total 121856K, used 10354K [0x00000006cce00000, 0x00000006d4500000, 0x000000076ef80000)
  object space 121856K, 8% used [0x00000006cce00000,0x00000006cd81ca10,0x00000006d4500000)
 Metaspace       used 20705K, capacity 21552K, committed 21888K, reserved 1069056K
  class space    used 2888K, capacity 3075K, committed 3200K, reserved 1048576K

Card table byte_map: [0x00000271652b0000,0x0000027165a50000] byte_map_base: 0x0000027161c49000

Marking Bits: (ParMarkBitMap*) 0x00000000695ec720
 Begin Bits: [0x0000027165f70000, 0x0000027169c38000)
 End Bits:   [0x0000027169c38000, 0x000002716d900000)

Polling page: 0x0000027155950000

CodeCache: size=245760Kb used=8280Kb max_used=8284Kb free=237479Kb
 bounds [0x0000027155ef0000, 0x0000027156710000, 0x0000027164ef0000]
 total_blobs=3272 nmethods=2591 adapters=594
 compilation: enabled

Compilation events (10 events):
Event: 9.650 Thread 0x000002716ea4b000 2589       3       java.nio.charset.CharsetDecoder::onUnmappableCharacter (26 bytes)
Event: 9.650 Thread 0x000002716ea4b000 nmethod 2589 0x0000027156708350 code [0x00000271567084c0, 0x0000027156708810]
Event: 9.650 Thread 0x000002716ea4b000 2590       3       java.nio.charset.CharsetDecoder::implOnUnmappableCharacter (1 bytes)
Event: 9.650 Thread 0x000002716ea4b000 nmethod 2590 0x0000027156708910 code [0x0000027156708a60, 0x0000027156708bb8]
Event: 9.704 Thread 0x000002716ea4b000 2591       3       javafx.scene.layout.ColumnConstraints::getMinWidth (21 bytes)
Event: 9.704 Thread 0x000002716ea42000 2593       4       java.lang.Math::max (45 bytes)
Event: 9.704 Thread 0x000002716ea4b000 nmethod 2591 0x0000027156708c50 code [0x0000027156708e00, 0x00000271567091d0]
Event: 9.704 Thread 0x000002716ea4b000 2592       3       javafx.scene.layout.ColumnConstraints::getHalignment (22 bytes)
Event: 9.705 Thread 0x000002716ea4b000 nmethod 2592 0x0000027156709310 code [0x0000027156709480, 0x00000271567097f0]
Event: 9.705 Thread 0x000002716ea42000 nmethod 2593 0x000002715670a5d0 code [0x000002715670a740, 0x000002715670a818]

GC Heap History (6 events):
Event: 3.038 GC heap before
{Heap before GC invocations=1 (full 0):
 PSYoungGen      total 72704K, used 61412K [0x000000076ef80000, 0x0000000774080000, 0x00000007c0000000)
  eden space 62464K, 98% used [0x000000076ef80000,0x0000000772b79120,0x0000000772c80000)
  from space 10240K, 0% used [0x0000000773680000,0x0000000773680000,0x0000000774080000)
  to   space 10240K, 0% used [0x0000000772c80000,0x0000000772c80000,0x0000000773680000)
 ParOldGen       total 166912K, used 0K [0x00000006cce00000, 0x00000006d7100000, 0x000000076ef80000)
  object space 166912K, 0% used [0x00000006cce00000,0x00000006cce00000,0x00000006d7100000)
 Metaspace       used 20316K, capacity 21156K, committed 21296K, reserved 1067008K
  class space    used 2887K, capacity 3075K, committed 3200K, reserved 1048576K
Event: 3.052 GC heap after
Heap after GC invocations=1 (full 0):
 PSYoungGen      total 72704K, used 10232K [0x000000076ef80000, 0x0000000774080000, 0x00000007c0000000)
  eden space 62464K, 0% used [0x000000076ef80000,0x000000076ef80000,0x0000000772c80000)
  from space 10240K, 99% used [0x0000000772c80000,0x000000077367e300,0x0000000773680000)
  to   space 10240K, 0% used [0x0000000773680000,0x0000000773680000,0x0000000774080000)
 ParOldGen       total 166912K, used 2374K [0x00000006cce00000, 0x00000006d7100000, 0x000000076ef80000)
  object space 166912K, 1% used [0x00000006cce00000,0x00000006cd051828,0x00000006d7100000)
 Metaspace       used 20316K, capacity 21156K, committed 21296K, reserved 1067008K
  class space    used 2887K, capacity 3075K, committed 3200K, reserved 1048576K
}
Event: 3.052 GC heap before
{Heap before GC invocations=2 (full 1):
 PSYoungGen      total 72704K, used 10232K [0x000000076ef80000, 0x0000000774080000, 0x00000007c0000000)
  eden space 62464K, 0% used [0x000000076ef80000,0x000000076ef80000,0x0000000772c80000)
  from space 10240K, 99% used [0x0000000772c80000,0x000000077367e300,0x0000000773680000)
  to   space 10240K, 0% used [0x0000000773680000,0x0000000773680000,0x0000000774080000)
 ParOldGen       total 166912K, used 2374K [0x00000006cce00000, 0x00000006d7100000, 0x000000076ef80000)
  object space 166912K, 1% used [0x00000006cce00000,0x00000006cd051828,0x00000006d7100000)
 Metaspace       used 20316K, capacity 21156K, committed 21296K, reserved 1067008K
  class space    used 2887K, capacity 3075K, committed 3200K, reserved 1048576K
Event: 3.092 GC heap after
Heap after GC invocations=2 (full 1):
 PSYoungGen      total 72704K, used 0K [0x000000076ef80000, 0x0000000774080000, 0x00000007c0000000)
  eden space 62464K, 0% used [0x000000076ef80000,0x000000076ef80000,0x0000000772c80000)
  from space 10240K, 0% used [0x0000000772c80000,0x0000000772c80000,0x0000000773680000)
  to   space 10240K, 0% used [0x0000000773680000,0x0000000773680000,0x0000000774080000)
 ParOldGen       total 121856K, used 10346K [0x00000006cce00000, 0x00000006d4500000, 0x000000076ef80000)
  object space 121856K, 8% used [0x00000006cce00000,0x00000006cd81aa10,0x00000006d4500000)
 Metaspace       used 20316K, capacity 21156K, committed 21296K, reserved 1067008K
  class space    used 2887K, capacity 3075K, committed 3200K, reserved 1048576K
}
Event: 8.503 GC heap before
{Heap before GC invocations=3 (full 1):
 PSYoungGen      total 72704K, used 62464K [0x000000076ef80000, 0x0000000774080000, 0x00000007c0000000)
  eden space 62464K, 100% used [0x000000076ef80000,0x0000000772c80000,0x0000000772c80000)
  from space 10240K, 0% used [0x0000000772c80000,0x0000000772c80000,0x0000000773680000)
  to   space 10240K, 0% used [0x0000000773680000,0x0000000773680000,0x0000000774080000)
 ParOldGen       total 121856K, used 10346K [0x00000006cce00000, 0x00000006d4500000, 0x000000076ef80000)
  object space 121856K, 8% used [0x00000006cce00000,0x00000006cd81aa10,0x00000006d4500000)
 Metaspace       used 20664K, capacity 21488K, committed 21632K, reserved 1067008K
  class space    used 2888K, capacity 3075K, committed 3200K, reserved 1048576K
Event: 8.504 GC heap after
Heap after GC invocations=3 (full 1):
 PSYoungGen      total 72704K, used 128K [0x000000076ef80000, 0x0000000774a80000, 0x00000007c0000000)
  eden space 62464K, 0% used [0x000000076ef80000,0x000000076ef80000,0x0000000772c80000)
  from space 10240K, 1% used [0x0000000773680000,0x00000007736a0000,0x0000000774080000)
  to   space 10240K, 0% used [0x0000000772c80000,0x0000000772c80000,0x0000000773680000)
 ParOldGen       total 121856K, used 10354K [0x00000006cce00000, 0x00000006d4500000, 0x000000076ef80000)
  object space 121856K, 8% used [0x00000006cce00000,0x00000006cd81ca10,0x00000006d4500000)
 Metaspace       used 20664K, capacity 21488K, committed 21632K, reserved 1067008K
  class space    used 2888K, capacity 3075K, committed 3200K, reserved 1048576K
}

Deoptimization events (10 events):
Event: 3.096 Thread 0x0000027155eec800 Uncommon trap: reason=unstable_if action=reinterpret pc=0x000002715631b39c method=java.lang.ref.ReferenceQueue.poll()Ljava/lang/ref/Reference; @ 4
Event: 3.097 Thread 0x000002717080d000 Uncommon trap: reason=unstable_if action=reinterpret pc=0x0000027156568960 method=java.lang.ref.SoftReference.get()Ljava/lang/Object; @ 17
Event: 3.099 Thread 0x000002717080d000 Uncommon trap: reason=unstable_if action=reinterpret pc=0x000002715653edc8 method=java.lang.ref.SoftReference.get()Ljava/lang/Object; @ 17
Event: 3.099 Thread 0x000002717080d000 Uncommon trap: reason=unstable_if action=reinterpret pc=0x000002715620026c method=java.lang.ref.SoftReference.get()Ljava/lang/Object; @ 17
Event: 3.552 Thread 0x000002717028b000 Uncommon trap: reason=unstable_if action=reinterpret pc=0x0000027156543660 method=java.lang.ref.SoftReference.get()Ljava/lang/Object; @ 17
Event: 3.568 Thread 0x000002717028b000 Uncommon trap: reason=unstable_if action=reinterpret pc=0x00000271565651e4 method=java.lang.ref.SoftReference.get()Ljava/lang/Object; @ 17
Event: 4.172 Thread 0x000002717028b000 Uncommon trap: reason=null_check action=make_not_entrant pc=0x0000027156607374 method=org.apache.bsf.util.type.TypeConvertorRegistry.lookup(Ljava/lang/Class;Ljava/lang/Class;)Lorg/apache/bsf/util/type/TypeConvertor; @ 38
Event: 4.172 Thread 0x000002717028b000 Uncommon trap: reason=unstable_if action=reinterpret pc=0x00000271565ff598 method=org.apache.bsf.util.type.TypeConvertorRegistry$3.convert(Ljava/lang/Class;Ljava/lang/Class;Ljava/lang/Object;)Ljava/lang/Object; @ 195
Event: 8.505 Thread 0x000002717080d000 Uncommon trap: reason=unstable_if action=reinterpret pc=0x000002715656f410 method=java.lang.ref.SoftReference.get()Ljava/lang/Object; @ 17
Event: 8.505 Thread 0x0000027175af0800 Uncommon trap: reason=unstable_if action=reinterpret pc=0x000002715656f410 method=java.lang.ref.SoftReference.get()Ljava/lang/Object; @ 17

Internal exceptions (10 events):
Event: 0.886 Thread 0x000002717028b000 Exception <a 'java/lang/NullPointerException'> (0x00000007705739f8) thrown at [C:\re\workspace\8-2-build-windows-amd64-cygwin\jdk8u131\8869\hotspot\src\share\vm\prims\jvm.cpp, line 1394]
Event: 1.063 Thread 0x000002717028b000 Exception <a 'java/lang/ArrayIndexOutOfBoundsException'> (0x0000000770a8fcd8) thrown at [C:\re\workspace\8-2-build-windows-amd64-cygwin\jdk8u131\8869\hotspot\src\share\vm\runtime\sharedRuntime.cpp, line 605]
Event: 1.064 Thread 0x000002717028b000 Exception <a 'java/lang/ArrayIndexOutOfBoundsException'> (0x0000000770a909d8) thrown at [C:\re\workspace\8-2-build-windows-amd64-cygwin\jdk8u131\8869\hotspot\src\share\vm\runtime\sharedRuntime.cpp, line 605]
Event: 1.064 Thread 0x000002717028b000 Exception <a 'java/lang/ArrayIndexOutOfBoundsException'> (0x0000000770a91d80) thrown at [C:\re\workspace\8-2-build-windows-amd64-cygwin\jdk8u131\8869\hotspot\src\share\vm\runtime\sharedRuntime.cpp, line 605]
Event: 1.126 Thread 0x000002717028b000 Exception <a 'java/lang/ArrayIndexOutOfBoundsException'> (0x0000000770ca3460) thrown at [C:\re\workspace\8-2-build-windows-amd64-cygwin\jdk8u131\8869\hotspot\src\share\vm\runtime\sharedRuntime.cpp, line 605]
Event: 1.130 Thread 0x000002717028b000 Exception <a 'java/lang/ArrayIndexOutOfBoundsException'> (0x0000000770cba4a0) thrown at [C:\re\workspace\8-2-build-windows-amd64-cygwin\jdk8u131\8869\hotspot\src\share\vm\runtime\sharedRuntime.cpp, line 605]
Event: 1.149 Thread 0x000002717028b000 Exception <a 'java/lang/ClassCastException': java.lang.String cannot be cast to java.lang.Class> (0x0000000770d17150) thrown at [C:\re\workspace\8-2-build-windows-amd64-cygwin\jdk8u131\8869\hotspot\src\share\vm\interpreter\interpreterRuntime.cpp, line 381
Event: 1.207 Thread 0x000002717028b000 Exception <a 'java/lang/ClassCastException': java.lang.String cannot be cast to java.lang.Class> (0x0000000770f0c8e8) thrown at [C:\re\workspace\8-2-build-windows-amd64-cygwin\jdk8u131\8869\hotspot\src\share\vm\interpreter\interpreterRuntime.cpp, line 381
Event: 2.465 Thread 0x000002717028b000 Exception <a 'java/lang/ClassCastException': java.lang.String cannot be cast to java.lang.Class> (0x0000000771f8dd50) thrown at [C:\re\workspace\8-2-build-windows-amd64-cygwin\jdk8u131\8869\hotspot\src\share\vm\interpreter\interpreterRuntime.cpp, line 381
Event: 3.923 Thread 0x000002717028b000 Exception <a 'java/lang/ClassCastException': java.lang.String cannot be cast to java.lang.Class> (0x000000076f3222f8) thrown at [C:\re\workspace\8-2-build-windows-amd64-cygwin\jdk8u131\8869\hotspot\src\share\vm\interpreter\interpreterRuntime.cpp, line 381

Events (10 events):
Event: 9.638 Thread 0x0000027175aef000 Thread added: 0x0000027175aef000
Event: 9.662 Thread 0x0000027175aef000 Thread exited: 0x0000027175aef000
Event: 9.668 Thread 0x0000027175aed800 Thread added: 0x0000027175aed800
Event: 9.691 Thread 0x0000027175aed800 Thread exited: 0x0000027175aed800
Event: 9.697 Thread 0x0000027175af0000 Thread added: 0x0000027175af0000
Event: 9.719 Thread 0x0000027175af0000 Thread exited: 0x0000027175af0000
Event: 9.723 Thread 0x0000027175af1800 Thread added: 0x0000027175af1800
Event: 9.743 Thread 0x0000027175af1800 Thread exited: 0x0000027175af1800
Event: 9.749 Thread 0x0000027175af1800 Thread added: 0x0000027175af1800
Event: 9.766 Thread 0x0000027175af1800 Thread exited: 0x0000027175af1800


Dynamic libraries:
0x00007ff6640c0000 - 0x00007ff6640e4000 	C:\Program Files\ooRexx\rexx.exe
0x00007ff9c9220000 - 0x00007ff9c93f1000 	C:\Windows\SYSTEM32\ntdll.dll
0x00007ff9c67b0000 - 0x00007ff9c685c000 	C:\Windows\System32\KERNEL32.DLL
0x00007ff9c6590000 - 0x00007ff9c67ad000 	C:\Windows\System32\KERNELBASE.dll
0x00007ff98e8e0000 - 0x00007ff98ea98000 	C:\Program Files\ooRexx\rexx.dll
0x00007ff9a8bf0000 - 0x00007ff9a8c36000 	C:\Program Files\ooRexx\REXXAPI.dll
0x00007ff9c8210000 - 0x00007ff9c8375000 	C:\Windows\System32\USER32.dll
0x00007ff9bbe70000 - 0x00007ff9bbe79000 	C:\Windows\SYSTEM32\WSOCK32.dll
0x00007ff9c8570000 - 0x00007ff9c8612000 	C:\Windows\System32\ADVAPI32.dll
0x00007ff9c61d0000 - 0x00007ff9c61ee000 	C:\Windows\System32\win32u.dll
0x00007ff9c8ea0000 - 0x00007ff9c8f3e000 	C:\Windows\System32\msvcrt.dll
0x00007ff9c81d0000 - 0x00007ff9c8204000 	C:\Windows\System32\GDI32.dll
0x00007ff9c6be0000 - 0x00007ff9c6c4a000 	C:\Windows\System32\WS2_32.dll
0x00007ff9c6a20000 - 0x00007ff9c6a79000 	C:\Windows\System32\sechost.dll
0x00007ff9c62a0000 - 0x00007ff9c6420000 	C:\Windows\System32\gdi32full.dll
0x00007ff9c90f0000 - 0x00007ff9c9211000 	C:\Windows\System32\RPCRT4.dll
0x00007ff9ac430000 - 0x00007ff9ac4dc000 	C:\Windows\WinSxS\amd64_microsoft.windows.common-controls_6595b64144ccf1df_5.82.14393.447_none_0d5aa7fbb6d35646\COMCTL32.dll
0x00007ff9c8620000 - 0x00007ff9c864e000 	C:\Windows\System32\IMM32.DLL
0x000000006abe0000 - 0x000000006ac18000 	C:\Program Files\ooRexx\rexxutil.DLL
0x00007ff9c6b80000 - 0x00007ff9c6bd2000 	C:\Windows\System32\SHLWAPI.dll
0x00007ff9c8bc0000 - 0x00007ff9c8e88000 	C:\Windows\System32\combase.dll
0x00007ff9c5770000 - 0x00007ff9c5865000 	C:\Windows\System32\ucrtbase.dll
0x00007ff9c6420000 - 0x00007ff9c648a000 	C:\Windows\System32\bcryptPrimitives.dll
0x00007ff9c19e0000 - 0x00007ff9c1a66000 	C:\Windows\SYSTEM32\WINSPOOL.DRV
0x00007ff9c55d0000 - 0x00007ff9c55fb000 	C:\Windows\SYSTEM32\bcrypt.dll
0x00007ff9b1fd0000 - 0x00007ff9b200c000 	C:\Program Files\ooRexx\OREXXOLE.DLL
0x00007ff9c8650000 - 0x00007ff9c8788000 	C:\Windows\System32\ole32.dll
0x00007ff9c83a0000 - 0x00007ff9c845f000 	C:\Windows\System32\OLEAUT32.dll
0x00007ff9c6490000 - 0x00007ff9c652c000 	C:\Windows\System32\msvcp_win.dll
0x00007ff9c5300000 - 0x00007ff9c532c000 	C:\Windows\SYSTEM32\SspiCli.dll
0x00007ff9c4f60000 - 0x00007ff9c4fbc000 	C:\Windows\system32\mswsock.dll
0x00007ff9b7c90000 - 0x00007ff9b7ca6000 	C:\Windows\system32\napinsp.dll
0x00007ff9b83c0000 - 0x00007ff9b83da000 	C:\Windows\system32\pnrpnsp.dll
0x00007ff9c0080000 - 0x00007ff9c0098000 	C:\Windows\system32\NLAapi.dll
0x00007ff9c4d20000 - 0x00007ff9c4dc1000 	C:\Windows\SYSTEM32\DNSAPI.dll
0x00007ff9c90e0000 - 0x00007ff9c90e8000 	C:\Windows\System32\NSI.dll
0x00007ff9c4ce0000 - 0x00007ff9c4d18000 	C:\Windows\SYSTEM32\IPHLPAPI.DLL
0x00007ff9b83e0000 - 0x00007ff9b83ee000 	C:\Windows\System32\winrnr.dll
0x00007ff9bd460000 - 0x00007ff9bd4ca000 	C:\Windows\System32\fwpuclnt.dll
0x00007ff9bd2e0000 - 0x00007ff9bd2ea000 	C:\Windows\System32\rasadhlp.dll
0x0000000010000000 - 0x000000001002b000 	C:\Program Files\BSF4ooRexx\BSF4ooRexx.DLL
0x0000000068dd0000 - 0x000000006966c000 	C:\Program Files\Java\jre1.8.0_131\bin\server\jvm.DLL
0x00007ff9c8560000 - 0x00007ff9c8568000 	C:\Windows\System32\PSAPI.DLL
0x00007ff9c3b10000 - 0x00007ff9c3b33000 	C:\Windows\SYSTEM32\WINMM.dll
0x00007ff9c1c70000 - 0x00007ff9c1c7a000 	C:\Windows\SYSTEM32\VERSION.dll
0x000000006b120000 - 0x000000006b1f2000 	C:\Windows\SYSTEM32\MSVCR100.dll
0x00007ff9c3ae0000 - 0x00007ff9c3b0b000 	C:\Windows\SYSTEM32\WINMMBASE.dll
0x00007ff9c5720000 - 0x00007ff9c5762000 	C:\Windows\System32\cfgmgr32.dll
0x000000006abd0000 - 0x000000006abdf000 	C:\Program Files\Java\jre1.8.0_131\bin\verify.dll
0x000000006aba0000 - 0x000000006abc9000 	C:\Program Files\Java\jre1.8.0_131\bin\java.dll
0x000000006ab80000 - 0x000000006ab96000 	C:\Program Files\Java\jre1.8.0_131\bin\zip.dll
0x00007ff9c6cc0000 - 0x00007ff9c81c8000 	C:\Windows\System32\SHELL32.dll
0x00007ff9c5af0000 - 0x00007ff9c61ca000 	C:\Windows\System32\windows.storage.dll
0x00007ff9c5690000 - 0x00007ff9c56dc000 	C:\Windows\System32\powrprof.dll
0x00007ff9c5710000 - 0x00007ff9c571f000 	C:\Windows\System32\kernel.appcore.dll
0x00007ff9c61f0000 - 0x00007ff9c6299000 	C:\Windows\System32\shcore.dll
0x00007ff9c56f0000 - 0x00007ff9c5704000 	C:\Windows\System32\profapi.dll
0x000000006a9e0000 - 0x000000006ab78000 	C:\Program Files\Java\jre1.8.0_131\bin\awt.dll
0x00007ff9c3c30000 - 0x00007ff9c3caa000 	C:\Windows\SYSTEM32\apphelp.dll
0x00007ff98e7f0000 - 0x00007ff98e8df000 	C:\Program Files\Java\jre1.8.0_131\bin\msvcr120.dll
0x00007ff98e740000 - 0x00007ff98e7e6000 	C:\Program Files\Java\jre1.8.0_131\bin\msvcp120.dll
0x000000006a9b0000 - 0x000000006a9d2000 	C:\Program Files\Java\jre1.8.0_131\bin\prism_d3d.dll
0x00007ff9899f0000 - 0x00007ff989b7d000 	C:\Windows\system32\d3d9.dll
0x00007ff9c3380000 - 0x00007ff9c33a6000 	C:\Windows\SYSTEM32\dwmapi.dll
0x00007ff9c3e10000 - 0x00007ff9c3ea5000 	C:\Windows\system32\uxtheme.dll
0x00007ff9c1a70000 - 0x00007ff9c1bd7000 	C:\Windows\SYSTEM32\aticfx64.dll
0x00007ff9899c0000 - 0x00007ff9899e1000 	C:\Windows\SYSTEM32\atiu9p64.dll
0x00007ff989160000 - 0x00007ff9899b9000 	C:\Windows\SYSTEM32\atiumd64.dll
0x0000000069f10000 - 0x000000006a798000 	C:\Windows\SYSTEM32\atiumd6a.dll
0x0000000068d80000 - 0x0000000068dc3000 	C:\Program Files\Java\jre1.8.0_131\bin\glass.dll
0x00007ff9c6a80000 - 0x00007ff9c6b7a000 	C:\Windows\System32\COMDLG32.dll
0x00007ff9c68c0000 - 0x00007ff9c6a1a000 	C:\Windows\System32\MSCTF.dll
0x000000006a990000 - 0x000000006a9a4000 	C:\Program Files\Java\jre1.8.0_131\bin\javafx_font.dll
0x00007ff9bde60000 - 0x00007ff9be0c9000 	C:\Windows\SYSTEM32\dwrite.dll
0x00007ff9c8460000 - 0x00007ff9c84ff000 	C:\Windows\System32\clbcatq.dll
0x00007ff9b4a20000 - 0x00007ff9b4c9a000 	C:\Windows\WinSxS\amd64_microsoft.windows.common-controls_6595b64144ccf1df_6.0.14393.953_none_42151e83c686086b\comctl32.dll
0x00007ff9c2890000 - 0x00007ff9c2a38000 	C:\Windows\SYSTEM32\WindowsCodecs.dll
0x00007ff9ba980000 - 0x00007ff9ba9c9000 	C:\Windows\system32\dataexchange.dll
0x00007ff9c1dc0000 - 0x00007ff9c2076000 	C:\Windows\system32\d3d11.dll
0x00007ff9c34a0000 - 0x00007ff9c35f1000 	C:\Windows\system32\dcomp.dll
0x00007ff9c4610000 - 0x00007ff9c46af000 	C:\Windows\system32\dxgi.dll
0x00007ff9c40e0000 - 0x00007ff9c41fc000 	C:\Windows\system32\twinapi.appcore.dll
0x00007ff9a7fa0000 - 0x00007ff9a7fd2000 	C:\Program Files\Common Files\Microsoft Shared\Ink\rtscom.dll
0x0000000068d60000 - 0x0000000068d71000 	C:\Program Files\Java\jre1.8.0_131\bin\prism_common.dll
0x00007ff9bfd80000 - 0x00007ff9bff12000 	C:\Windows\SYSTEM32\dbghelp.dll

VM Arguments:
java_command: <unknown>
java_class_path (initial): C:\Program Files\BSF4ooRexx\bsf4ooRexx-v600-20170617-bin.jar;C:\Program Files\BSF4ooRexx\jni4net.j-0.8.8.0.jar;C:\Program Files\BSF4ooRexx\oorexx.net.jar;.;C:\Users\Adrian\Documents\javafx\ooRexxTryFX\java\ikonli-core-1.9.0.jar;C:\Users\Adrian\Documents\javafx\ooRexxTryFX\java\ikonli-javafx-1.9.0.jar;C:\Users\Adrian\Documents\javafx\ooRexxTryFX\java\ikonli-octicons-pack-1.9.0.jar;C:\Users\Adrian\Documents\javafx\ooRexxTryFX\java\ikonli-openiconic-pack-1.9.0.jar;C:\Users\Adrian\Documents\javafx\ooRexxTryFX\java\richtextfx-0.7-M5-custom.jar;C:\Users\Adrian\Documents\javafx\ooRexxTryFX\java
Launcher Type: generic

Environment Variables:
CLASSPATH=C:\Program Files\BSF4ooRexx\bsf4ooRexx-v600-20170617-bin.jar;C:\Program Files\BSF4ooRexx\jni4net.j-0.8.8.0.jar;C:\Program Files\BSF4ooRexx\oorexx.net.jar;.;C:\Users\Adrian\Documents\javafx\ooRexxTryFX\java\ikonli-core-1.9.0.jar;C:\Users\Adrian\Documents\javafx\ooRexxTryFX\java\ikonli-javafx-1.9.0.jar;C:\Users\Adrian\Documents\javafx\ooRexxTryFX\java\ikonli-octicons-pack-1.9.0.jar;C:\Users\Adrian\Documents\javafx\ooRexxTryFX\java\ikonli-openiconic-pack-1.9.0.jar;C:\Users\Adrian\Documents\javafx\ooRexxTryFX\java\richtextfx-0.7-M5-custom.jar;C:\Users\Adrian\Documents\javafx\ooRexxTryFX\java
PATH=C:\ProgramData\Oracle\Java\javapath;C:\Windows\system32;C:\Windows;C:\Windows\System32\Wbem;C:\Windows\System32\WindowsPowerShell\v1.0\;C:\Program Files (x86)\ATI Technologies\ATI.ACE\Core-Static;C:\Program Files\MiKTeX 2.9\miktex\bin\x64\;C:\Program Files (x86)\GtkSharp\2.12\bin;C:\Program Files\nodejs\;C:\Program Files (x86)\Windows Kits\10\Windows Performance Toolkit\;C:\Program Files\ooRexx;C:\Program Files\BSF4ooRexx;C:\Program Files\Java\jre1.8.0_131\bin\server;C:\Users\Adrian\AppData\Local\Programs\Python\Python35-32\Scripts\;C:\Users\Adrian\AppData\Local\Programs\Python\Python35-32\;C:\Users\Adrian\AppData\Local\Microsoft\WindowsApps;C:\Users\Adrian\AppData\Roaming\Dashlane\4.6.5.21982\bin\Firefox_Extension\{442718d9-475e-452a-b3e1-fb1ee16b8e9f}\components;C:\Users\Adrian\AppData\Roaming\Dashlane\4.6.6.23032\bin\Firefox_Extension\{442718d9-475e-452a-b3e1-fb1ee16b8e9f}\components;C:\Program Files (x86)\openssl\bin;C:\Users\Adrian\AppData\Roaming\npm;C:\xampp\php;C:\Program Files (x86)\Microsoft VS Code\bin;C:\Users\Adrian\AppData\Roaming\Dashlane\4.8.2.33026\bin\Firefox_Extension\{442718d9-475e-452a-b3e1-fb1ee16b8e9f}\components;C:\Users\Adrian\AppData\Roaming\Dashlane\4.8.2.33026\ucrt
USERNAME=Adrian
OS=Windows_NT
PROCESSOR_IDENTIFIER=AMD64 Family 21 Model 19 Stepping 1, AuthenticAMD



---------------  S Y S T E M  ---------------

OS: Windows 10.0 , 64 bit Build 14393 (10.0.14393.1198)

CPU:total 4 (initial active 4) (4 cores per cpu, 1 threads per core) family 21 model 19 stepping 1, cmov, cx8, fxsr, mmx, sse, sse2, sse3, ssse3, sse4.1, sse4.2, popcnt, avx, aes, clmul, mmxext, 3dnowpref, lzcnt, sse4a, tsc, tscinvbit, tscinv, bmi1

Memory: 4k page, physical 15930560k(9425024k free), swap 18289856k(10469028k free)

vm_info: Java HotSpot(TM) 64-Bit Server VM (25.131-b11) for windows-amd64 JRE (1.8.0_131-b11), built on Mar 15 2017 01:23:53 by "java_re" with MS VC++ 10.0 (VS2010)

time: Mon Jul 17 07:32:58 2017
elapsed time: 9 seconds (0d 0h 0m 9s)

