#
# A fatal error has been detected by the Java Runtime Environment:
#
#  EXCEPTION_ACCESS_VIOLATION (0xc0000005) at pc=0x00007ff98e9553d1, pid=11920, tid=0x0000000000003048
#
# JRE version: Java(TM) SE Runtime Environment (8.0_131-b11) (build 1.8.0_131-b11)
# Java VM: Java HotSpot(TM) 64-Bit Server VM (25.131-b11 mixed mode windows-amd64 compressed oops)
# Problematic frame:
# C  [rexx.dll+0x753d1]
#
# Failed to write core dump. Minidumps are not enabled by default on client versions of Windows
#
# If you would like to submit a bug report, please visit:
#   http://bugreport.java.com/bugreport/crash.jsp
# The crash happened outside the Java Virtual Machine in native code.
# See problematic frame for where to report the bug.
#

---------------  T H R E A D  ---------------

Current thread (0x000001ea1b2c3800):  JavaThread "Thread-10" [_thread_in_native, id=12360, stack(0x000000a183f80000,0x000000a184000000)]

siginfo: ExceptionCode=0xc0000005, reading address 0x0000000000000150

Registers:
RAX=0x0000000000000000, RBX=0x00007ff660f4adc0, RCX=0x00007ff98ea64900, RDX=0x00007ff661343500
RSP=0x000000a183ffd220, RBP=0x0000000000000000, RSI=0x00000007705942e8, RDI=0x000000a183ffd4d8
R8 =0x0000000000000000, R9 =0x0000000000000000, R10=0x0000000000000000, R11=0x00007ff661343520
R12=0x000001ea1b2c39f8, R13=0x000001ea1bc9a5b0, R14=0x0000000000000000, R15=0x000001ea1b2c3800
RIP=0x00007ff98e9553d1, EFLAGS=0x0000000000010206

Top of Stack: (sp=0x000000a183ffd220)
0x000000a183ffd220:   0000000100000001 00007ff98e97b228
0x000000a183ffd230:   00007ff661343500 00007ff661e3a420
0x000000a183ffd240:   fffffffffffffffe 00007ff98e981164
0x000000a183ffd250:   00007ff661343500 00007ff661343500
0x000000a183ffd260:   00007ff661e3a5a8 fffffffffffffffe
0x000000a183ffd270:   0000000000000000 00007ff98e9812c4
0x000000a183ffd280:   00007ff661e3a420 00007ff661343500
0x000000a183ffd290:   00007ff661e3a420 00007ff661e3a420
0x000000a183ffd2a0:   00007ff661343500 fffffffffffffffe
0x000000a183ffd2b0:   0000000000000010 00007ff98e9838ce
0x000000a183ffd2c0:   00007ff661e3a420 0000000000003048
0x000000a183ffd2d0:   000001ea1acc5b20 000000a183ff0000
0x000000a183ffd2e0:   0000000000000000 00007ff98e9cac83
0x000000a183ffd2f0:   00007ff661e3a420 000001ea1b622d50
0x000000a183ffd300:   000001ea1b2c3800 0000000000000000
0x000000a183ffd310:   00000006cce00f68 00007ff661e3a420 

Instructions: (pc=0x00007ff98e9553d1)
0x00007ff98e9553b1:   8b 44 24 30 48 83 78 20 00 74 1d 48 8b 44 24 30
0x00007ff98e9553c1:   48 8b 40 20 48 8b 4c 24 30 48 8b 49 20 48 8b 00
0x00007ff98e9553d1:   ff 90 50 01 00 00 eb 02 33 c0 48 83 c4 28 c3 cc
0x00007ff98e9553e1:   cc cc cc cc cc cc cc cc cc cc cc cc cc cc cc 48 


Register to memory mapping:

RAX=0x0000000000000000 is an unknown value
RBX=0x00007ff660f4adc0 is an unknown value
RCX=0x00007ff98ea64900 is an unknown value
RDX=0x00007ff661343500 is an unknown value
RSP=0x000000a183ffd220 is pointing into the stack for thread: 0x000001ea1b2c3800
RBP=0x0000000000000000 is an unknown value
RSI=0x00000007705942e8 is an oop
java.lang.String 
 - klass: 'java/lang/String'
RDI=0x000000a183ffd4d8 is pointing into the stack for thread: 0x000001ea1b2c3800
R8 =0x0000000000000000 is an unknown value
R9 =0x0000000000000000 is an unknown value
R10=0x0000000000000000 is an unknown value
R11=0x00007ff661343520 is an unknown value
R12=0x000001ea1b2c39f8 is an unknown value
R13=0x000001ea1bc9a5b0 is an unknown value
R14=0x0000000000000000 is an unknown value
R15=0x000001ea1b2c3800 is a thread


Stack: [0x000000a183f80000,0x000000a184000000],  sp=0x000000a183ffd220,  free space=500k
Native frames: (J=compiled Java code, j=interpreted, Vv=VM code, C=native code)

Java frames: (J=compiled Java code, j=interpreted, Vv=VM code)
J 1847  org.rexxla.bsf.engines.rexx.RexxAndJava.jniRexxSendMessageToRexxObject(Ljava/lang/String;Ljava/lang/String;Ljava/lang/String;Ljava/lang/String;Ljava/lang/String;Ljava/lang/String;Ljava/lang/String;[Ljava/lang/Object;Ljava/lang/String;)Ljava/lang/Object; (0 bytes) @ 0x000001ea019b6392 [0x000001ea019b6280+0x112]
J 1873 C1 org.rexxla.bsf.engines.rexx.RexxEngine.call(Lorg/rexxla/bsf/engines/rexx/RexxProxy;Ljava/lang/Object;Ljava/lang/String;Ljava/lang/String;[Ljava/lang/Object;)Ljava/lang/Object; (705 bytes) @ 0x000001ea019ca54c [0x000001ea019c7260+0x32ec]
J 1872 C1 org.rexxla.bsf.engines.rexx.RexxProxy.invoke(Ljava/lang/Object;Ljava/lang/String;Ljava/lang/String;[Ljava/lang/Object;)Ljava/lang/Object; (129 bytes) @ 0x000001ea019d10a4 [0x000001ea019cf420+0x1c84]
J 1874 C1 RexxTask.updateProgress(DD)V (65 bytes) @ 0x000001ea019d6c64 [0x000001ea019d6660+0x604]
J 1880 C1 sun.reflect.GeneratedMethodAccessor4.invoke(Ljava/lang/Object;[Ljava/lang/Object;)Ljava/lang/Object; (336 bytes) @ 0x000001ea019dc4ac [0x000001ea019d9b40+0x296c]
J 878 C1 sun.reflect.DelegatingMethodAccessorImpl.invoke(Ljava/lang/Object;[Ljava/lang/Object;)Ljava/lang/Object; (10 bytes) @ 0x000001ea0171580c [0x000001ea01715700+0x10c]
J 877 C1 java.lang.reflect.Method.invoke(Ljava/lang/Object;[Ljava/lang/Object;)Ljava/lang/Object; (62 bytes) @ 0x000001ea01713934 [0x000001ea01713540+0x3f4]
J 1791 C1 org.rexxla.bsf.engines.rexx.RexxAndJava.invokeMethod(Ljava/lang/reflect/Method;Ljava/lang/Object;[Ljava/lang/Object;)Ljava/lang/Object; (21 bytes) @ 0x000001ea019985d4 [0x000001ea019984c0+0x114]
j  org.rexxla.bsf.engines.rexx.RexxAndJava.javaCallBSF([Ljava/lang/String;)Ljava/lang/String;+5859
v  ~StubRoutines::call_stub
J 1847  org.rexxla.bsf.engines.rexx.RexxAndJava.jniRexxSendMessageToRexxObject(Ljava/lang/String;Ljava/lang/String;Ljava/lang/String;Ljava/lang/String;Ljava/lang/String;Ljava/lang/String;Ljava/lang/String;[Ljava/lang/Object;Ljava/lang/String;)Ljava/lang/Object; (0 bytes) @ 0x000001ea019b6392 [0x000001ea019b6280+0x112]
J 1873 C1 org.rexxla.bsf.engines.rexx.RexxEngine.call(Lorg/rexxla/bsf/engines/rexx/RexxProxy;Ljava/lang/Object;Ljava/lang/String;Ljava/lang/String;[Ljava/lang/Object;)Ljava/lang/Object; (705 bytes) @ 0x000001ea019ca54c [0x000001ea019c7260+0x32ec]
J 1872 C1 org.rexxla.bsf.engines.rexx.RexxProxy.invoke(Ljava/lang/Object;Ljava/lang/String;Ljava/lang/String;[Ljava/lang/Object;)Ljava/lang/Object; (129 bytes) @ 0x000001ea019d10a4 [0x000001ea019cf420+0x1c84]
j  RexxTask.call()Ljava/lang/Object;+32
j  javafx.concurrent.Task$TaskCallable.call()Ljava/lang/Object;+26
j  java.util.concurrent.FutureTask.run()V+42
j  java.lang.Thread.run()V+11
v  ~StubRoutines::call_stub

---------------  P R O C E S S  ---------------

Java Threads: ( => current thread )
  0x000001ea1b2c6800 JavaThread "Thread-12" [_thread_in_native, id=12084, stack(0x000000a184080000,0x000000a184100000)]
  0x000001ea1b2c8800 JavaThread "Thread-11" [_thread_in_native, id=12980, stack(0x000000a184000000,0x000000a184080000)]
=>0x000001ea1b2c3800 JavaThread "Thread-10" [_thread_in_native, id=12360, stack(0x000000a183f80000,0x000000a184000000)]
  0x000001ea1b2c5800 JavaThread "Thread-9" [_thread_in_native, id=3852, stack(0x000000a183f00000,0x000000a183f80000)]
  0x000001ea1b2c5000 JavaThread "Thread-8" [_thread_in_native, id=11616, stack(0x000000a183e80000,0x000000a183f00000)]
  0x000001ea1aac5800 JavaThread "Thread-7" [_thread_in_native, id=10432, stack(0x000000a183e00000,0x000000a183e80000)]
  0x000001ea1b2fa800 JavaThread "Thread-6" [_thread_in_native, id=10016, stack(0x000000a183d80000,0x000000a183e00000)]
  0x000001ea1b2e9000 JavaThread "Thread-5" [_thread_in_native, id=3320, stack(0x000000a183d00000,0x000000a183d80000)]
  0x000001ea1b21b800 JavaThread "Prism Font Disposer" daemon [_thread_blocked, id=11016, stack(0x000000a183c80000,0x000000a183d00000)]
  0x000001ea1b010000 JavaThread "Thread-4" daemon [_thread_in_native, id=1768, stack(0x000000a183a80000,0x000000a183b00000)]
  0x000001ea1afa2800 JavaThread "JavaFX Application Thread" [_thread_in_native, id=12416, stack(0x000000a183800000,0x000000a183880000)]
  0x000001ea1afa2000 JavaThread "Thread-3" daemon [_thread_blocked, id=7380, stack(0x000000a183780000,0x000000a183800000)]
  0x000001ea1af63000 JavaThread "QuantumRenderer-0" daemon [_thread_blocked, id=4832, stack(0x000000a183600000,0x000000a183680000)]
  0x000001ea1af1d800 JavaThread "JavaFX-Launcher" [_thread_blocked, id=7576, stack(0x000000a183580000,0x000000a183600000)]
  0x000001ea1a90a000 JavaThread "Service Thread" daemon [_thread_blocked, id=6060, stack(0x000000a183480000,0x000000a183500000)]
  0x000001ea7fd8b000 JavaThread "C1 CompilerThread2" daemon [_thread_blocked, id=2688, stack(0x000000a183400000,0x000000a183480000)]
  0x000001ea7fd84800 JavaThread "C2 CompilerThread1" daemon [_thread_blocked, id=7616, stack(0x000000a183380000,0x000000a183400000)]
  0x000001ea7fd82000 JavaThread "C2 CompilerThread0" daemon [_thread_blocked, id=11568, stack(0x000000a183300000,0x000000a183380000)]
  0x000001ea7fd7d800 JavaThread "Attach Listener" daemon [_thread_blocked, id=13008, stack(0x000000a183280000,0x000000a183300000)]
  0x000001ea7fd7c800 JavaThread "Signal Dispatcher" daemon [_thread_blocked, id=832, stack(0x000000a183200000,0x000000a183280000)]
  0x000001ea7f78c800 JavaThread "Finalizer" daemon [_thread_blocked, id=10328, stack(0x000000a183180000,0x000000a183200000)]
  0x000001ea7f782000 JavaThread "Reference Handler" daemon [_thread_blocked, id=12452, stack(0x000000a183100000,0x000000a183180000)]
  0x000001ea7f690800 JavaThread "main" [_thread_blocked, id=11840, stack(0x000000a182c80000,0x000000a182d80000)]

Other Threads:
  0x000001ea7fd47800 VMThread [stack: 0x000000a183080000,0x000000a183100000] [id=8200]
  0x000001ea1a90e000 WatcherThread [stack: 0x000000a183500000,0x000000a183580000] [id=12504]

VM state:not at safepoint (normal execution)

VM Mutex/Monitor currently owned by a thread: None

Heap:
 PSYoungGen      total 72704K, used 24383K [0x000000076ef80000, 0x0000000774080000, 0x00000007c0000000)
  eden space 62464K, 39% used [0x000000076ef80000,0x000000077074fe48,0x0000000772c80000)
  from space 10240K, 0% used [0x0000000772c80000,0x0000000772c80000,0x0000000773680000)
  to   space 10240K, 0% used [0x0000000773680000,0x0000000773680000,0x0000000774080000)
 ParOldGen       total 75264K, used 10320K [0x00000006cce00000, 0x00000006d1780000, 0x000000076ef80000)
  object space 75264K, 13% used [0x00000006cce00000,0x00000006cd8142e0,0x00000006d1780000)
 Metaspace       used 20911K, capacity 21732K, committed 22016K, reserved 1069056K
  class space    used 2884K, capacity 3067K, committed 3072K, reserved 1048576K

Card table byte_map: [0x000001ea10400000,0x000001ea10ba0000] byte_map_base: 0x000001ea0cd99000

Marking Bits: (ParMarkBitMap*) 0x00000000695ec720
 Begin Bits: [0x000001ea110c0000, 0x000001ea14d88000)
 End Bits:   [0x000001ea14d88000, 0x000001ea18a50000)

Polling page: 0x000001ea7f260000

CodeCache: size=245760Kb used=9002Kb max_used=9002Kb free=236757Kb
 bounds [0x000001ea01400000, 0x000001ea01cd0000, 0x000001ea10400000]
 total_blobs=3571 nmethods=2892 adapters=591
 compilation: enabled

Compilation events (10 events):
Event: 21.954 Thread 0x000001ea7fd8b000 2887       3       com.sun.javafx.event.CompositeEventDispatcher::dispatchBubblingEvent (35 bytes)
Event: 21.955 Thread 0x000001ea7fd8b000 nmethod 2887 0x000001ea01ccc810 code [0x000001ea01ccc9a0, 0x000001ea01cccec0]
Event: 22.000 Thread 0x000001ea7fd8b000 2889       3       com.sun.javafx.sg.prism.NGNode::accumulateNodeDirtyRegion (63 bytes)
Event: 22.001 Thread 0x000001ea7fd8b000 nmethod 2889 0x000001ea01ccd010 code [0x000001ea01ccd1e0, 0x000001ea01ccda20]
Event: 22.112 Thread 0x000001ea7fd8b000 2890       3       com.sun.scenario.effect.impl.prism.PrFilterContext::getInstance (53 bytes)
Event: 22.113 Thread 0x000001ea7fd8b000 nmethod 2890 0x000001ea01ccdc90 code [0x000001ea01ccde60, 0x000001ea01cce5e0]
Event: 22.113 Thread 0x000001ea7fd8b000 2891       3       com.sun.javafx.geom.Path2D::getPathIterator (23 bytes)
Event: 22.113 Thread 0x000001ea7fd8b000 nmethod 2891 0x000001ea01cce890 code [0x000001ea01ccea20, 0x000001ea01ccee10]
Event: 22.113 Thread 0x000001ea7fd8b000 2892       3       com.sun.javafx.geom.Path2D$TxIterator::<init> (19 bytes)
Event: 22.113 Thread 0x000001ea7fd8b000 nmethod 2892 0x000001ea01ccefd0 code [0x000001ea01ccf140, 0x000001ea01ccf3b8]

GC Heap History (4 events):
Event: 10.231 GC heap before
{Heap before GC invocations=1 (full 0):
 PSYoungGen      total 72704K, used 61374K [0x000000076ef80000, 0x0000000774080000, 0x00000007c0000000)
  eden space 62464K, 98% used [0x000000076ef80000,0x0000000772b6f800,0x0000000772c80000)
  from space 10240K, 0% used [0x0000000773680000,0x0000000773680000,0x0000000774080000)
  to   space 10240K, 0% used [0x0000000772c80000,0x0000000772c80000,0x0000000773680000)
 ParOldGen       total 166912K, used 0K [0x00000006cce00000, 0x00000006d7100000, 0x000000076ef80000)
  object space 166912K, 0% used [0x00000006cce00000,0x00000006cce00000,0x00000006d7100000)
 Metaspace       used 20366K, capacity 21196K, committed 21248K, reserved 1067008K
  class space    used 2882K, capacity 3065K, committed 3072K, reserved 1048576K
Event: 10.244 GC heap after
Heap after GC invocations=1 (full 0):
 PSYoungGen      total 72704K, used 10232K [0x000000076ef80000, 0x0000000774080000, 0x00000007c0000000)
  eden space 62464K, 0% used [0x000000076ef80000,0x000000076ef80000,0x0000000772c80000)
  from space 10240K, 99% used [0x0000000772c80000,0x000000077367e300,0x0000000773680000)
  to   space 10240K, 0% used [0x0000000773680000,0x0000000773680000,0x0000000774080000)
 ParOldGen       total 166912K, used 2305K [0x00000006cce00000, 0x00000006d7100000, 0x000000076ef80000)
  object space 166912K, 1% used [0x00000006cce00000,0x00000006cd0405b0,0x00000006d7100000)
 Metaspace       used 20366K, capacity 21196K, committed 21248K, reserved 1067008K
  class space    used 2882K, capacity 3065K, committed 3072K, reserved 1048576K
}
Event: 10.244 GC heap before
{Heap before GC invocations=2 (full 1):
 PSYoungGen      total 72704K, used 10232K [0x000000076ef80000, 0x0000000774080000, 0x00000007c0000000)
  eden space 62464K, 0% used [0x000000076ef80000,0x000000076ef80000,0x0000000772c80000)
  from space 10240K, 99% used [0x0000000772c80000,0x000000077367e300,0x0000000773680000)
  to   space 10240K, 0% used [0x0000000773680000,0x0000000773680000,0x0000000774080000)
 ParOldGen       total 166912K, used 2305K [0x00000006cce00000, 0x00000006d7100000, 0x000000076ef80000)
  object space 166912K, 1% used [0x00000006cce00000,0x00000006cd0405b0,0x00000006d7100000)
 Metaspace       used 20366K, capacity 21196K, committed 21248K, reserved 1067008K
  class space    used 2882K, capacity 3065K, committed 3072K, reserved 1048576K
Event: 10.282 GC heap after
Heap after GC invocations=2 (full 1):
 PSYoungGen      total 72704K, used 0K [0x000000076ef80000, 0x0000000774080000, 0x00000007c0000000)
  eden space 62464K, 0% used [0x000000076ef80000,0x000000076ef80000,0x0000000772c80000)
  from space 10240K, 0% used [0x0000000772c80000,0x0000000772c80000,0x0000000773680000)
  to   space 10240K, 0% used [0x0000000773680000,0x0000000773680000,0x0000000774080000)
 ParOldGen       total 75264K, used 10320K [0x00000006cce00000, 0x00000006d1780000, 0x000000076ef80000)
  object space 75264K, 13% used [0x00000006cce00000,0x00000006cd8142e0,0x00000006d1780000)
 Metaspace       used 20366K, capacity 21196K, committed 21248K, reserved 1067008K
  class space    used 2882K, capacity 3065K, committed 3072K, reserved 1048576K
}

Deoptimization events (10 events):
Event: 9.578 Thread 0x000001ea1afa2800 Uncommon trap: reason=unstable_if action=reinterpret pc=0x000001ea015d7378 method=java.io.StringReader.read()I @ 19
Event: 9.580 Thread 0x000001ea1afa2800 Uncommon trap: reason=unstable_if action=reinterpret pc=0x000001ea0180f290 method=java.util.HashMap.isEmpty()Z @ 4
Event: 9.589 Thread 0x000001ea1afa2800 Uncommon trap: reason=unstable_if action=reinterpret pc=0x000001ea0176b238 method=java.util.HashMap.putVal(ILjava/lang/Object;Ljava/lang/Object;ZZ)Ljava/lang/Object; @ 94
Event: 9.589 Thread 0x000001ea1afa2800 Uncommon trap: reason=unstable_if action=reinterpret pc=0x000001ea0176d9a4 method=java.util.HashMap.putVal(ILjava/lang/Object;Ljava/lang/Object;ZZ)Ljava/lang/Object; @ 94
Event: 10.282 Thread 0x000001ea1b2e9000 Uncommon trap: reason=unstable_if action=reinterpret pc=0x000001ea01a2e1c8 method=java.lang.ref.SoftReference.get()Ljava/lang/Object; @ 17
Event: 10.282 Thread 0x000001ea1b2e9000 Uncommon trap: reason=unstable_if action=reinterpret pc=0x000001ea0170f22c method=java.lang.ref.SoftReference.get()Ljava/lang/Object; @ 17
Event: 10.282 Thread 0x000001ea1b2e9000 Uncommon trap: reason=unstable_if action=reinterpret pc=0x000001ea01a77120 method=java.lang.ref.SoftReference.get()Ljava/lang/Object; @ 17
Event: 10.290 Thread 0x000001ea7f78c800 Uncommon trap: reason=unstable_if action=reinterpret pc=0x000001ea0182d31c method=java.lang.ref.ReferenceQueue.poll()Ljava/lang/ref/Reference; @ 4
Event: 10.752 Thread 0x000001ea1afa2800 Uncommon trap: reason=unstable_if action=reinterpret pc=0x000001ea01a2c0f0 method=java.lang.ref.SoftReference.get()Ljava/lang/Object; @ 17
Event: 10.758 Thread 0x000001ea1afa2800 Uncommon trap: reason=unstable_if action=reinterpret pc=0x000001ea01a7b8e4 method=java.lang.ref.SoftReference.get()Ljava/lang/Object; @ 17

Internal exceptions (10 events):
Event: 1.014 Thread 0x000001ea1afa2800 Exception <a 'java/lang/ClassCastException': java.lang.String cannot be cast to java.lang.Class> (0x0000000770d14000) thrown at [C:\re\workspace\8-2-build-windows-amd64-cygwin\jdk8u131\8869\hotspot\src\share\vm\interpreter\interpreterRuntime.cpp, line 381
Event: 1.081 Thread 0x000001ea1afa2800 Exception <a 'java/lang/ClassCastException': java.lang.String cannot be cast to java.lang.Class> (0x0000000770f09190) thrown at [C:\re\workspace\8-2-build-windows-amd64-cygwin\jdk8u131\8869\hotspot\src\share\vm\interpreter\interpreterRuntime.cpp, line 381
Event: 9.595 Thread 0x000001ea1afa2800 Exception <a 'java/lang/ClassCastException': java.lang.String cannot be cast to java.lang.Class> (0x0000000771f698f8) thrown at [C:\re\workspace\8-2-build-windows-amd64-cygwin\jdk8u131\8869\hotspot\src\share\vm\interpreter\interpreterRuntime.cpp, line 381
Event: 11.032 Thread 0x000001ea1afa2800 Exception <a 'java/lang/ClassCastException': java.lang.String cannot be cast to java.lang.Class> (0x000000076f27b618) thrown at [C:\re\workspace\8-2-build-windows-amd64-cygwin\jdk8u131\8869\hotspot\src\share\vm\interpreter\interpreterRuntime.cpp, line 381
Event: 12.710 Thread 0x000001ea1afa2800 Exception <a 'java/lang/ClassCastException': java.lang.String cannot be cast to java.lang.Class> (0x000000076fefb688) thrown at [C:\re\workspace\8-2-build-windows-amd64-cygwin\jdk8u131\8869\hotspot\src\share\vm\interpreter\interpreterRuntime.cpp, line 381
Event: 14.452 Thread 0x000001ea1afa2800 Exception <a 'java/lang/ClassCastException': java.lang.String cannot be cast to java.lang.Class> (0x000000076ff6da10) thrown at [C:\re\workspace\8-2-build-windows-amd64-cygwin\jdk8u131\8869\hotspot\src\share\vm\interpreter\interpreterRuntime.cpp, line 381
Event: 16.181 Thread 0x000001ea1afa2800 Exception <a 'java/lang/ClassCastException': java.lang.String cannot be cast to java.lang.Class> (0x00000007700e1db0) thrown at [C:\re\workspace\8-2-build-windows-amd64-cygwin\jdk8u131\8869\hotspot\src\share\vm\interpreter\interpreterRuntime.cpp, line 381
Event: 17.887 Thread 0x000001ea1afa2800 Exception <a 'java/lang/ClassCastException': java.lang.String cannot be cast to java.lang.Class> (0x0000000770157518) thrown at [C:\re\workspace\8-2-build-windows-amd64-cygwin\jdk8u131\8869\hotspot\src\share\vm\interpreter\interpreterRuntime.cpp, line 381
Event: 19.611 Thread 0x000001ea1afa2800 Exception <a 'java/lang/ClassCastException': java.lang.String cannot be cast to java.lang.Class> (0x00000007703fc1e8) thrown at [C:\re\workspace\8-2-build-windows-amd64-cygwin\jdk8u131\8869\hotspot\src\share\vm\interpreter\interpreterRuntime.cpp, line 381
Event: 21.316 Thread 0x000001ea1afa2800 Exception <a 'java/lang/ClassCastException': java.lang.String cannot be cast to java.lang.Class> (0x0000000770477258) thrown at [C:\re\workspace\8-2-build-windows-amd64-cygwin\jdk8u131\8869\hotspot\src\share\vm\interpreter\interpreterRuntime.cpp, line 381

Events (10 events):
Event: 10.758 Thread 0x000001ea1afa2800 DEOPT UNPACKING pc=0x000001ea01445832 sp=0x000000a18387a018 mode 2
Event: 11.006 Executing VM operation: ForceSafepoint
Event: 11.010 Executing VM operation: ForceSafepoint done
Event: 11.058 Thread 0x000001ea1b2fa800 Thread added: 0x000001ea1b2fa800
Event: 12.761 Thread 0x000001ea1aac5800 Thread added: 0x000001ea1aac5800
Event: 14.490 Thread 0x000001ea1b2c5000 Thread added: 0x000001ea1b2c5000
Event: 16.237 Thread 0x000001ea1b2c5800 Thread added: 0x000001ea1b2c5800
Event: 17.952 Thread 0x000001ea1b2c3800 Thread added: 0x000001ea1b2c3800
Event: 19.652 Thread 0x000001ea1b2c8800 Thread added: 0x000001ea1b2c8800
Event: 21.356 Thread 0x000001ea1b2c6800 Thread added: 0x000001ea1b2c6800


Dynamic libraries:
0x00007ff6640c0000 - 0x00007ff6640e4000 	C:\Program Files\ooRexx\rexx.exe
0x00007ff9c9220000 - 0x00007ff9c93f1000 	C:\Windows\SYSTEM32\ntdll.dll
0x00007ff9c67b0000 - 0x00007ff9c685c000 	C:\Windows\System32\KERNEL32.DLL
0x00007ff9c6590000 - 0x00007ff9c67ad000 	C:\Windows\System32\KERNELBASE.dll
0x00007ff98e8e0000 - 0x00007ff98ea98000 	C:\Program Files\ooRexx\rexx.dll
0x00007ff9a8bf0000 - 0x00007ff9a8c36000 	C:\Program Files\ooRexx\REXXAPI.dll
0x00007ff9c8210000 - 0x00007ff9c8375000 	C:\Windows\System32\USER32.dll
0x00007ff9c61d0000 - 0x00007ff9c61ee000 	C:\Windows\System32\win32u.dll
0x00007ff9ac430000 - 0x00007ff9ac4dc000 	C:\Windows\WinSxS\amd64_microsoft.windows.common-controls_6595b64144ccf1df_5.82.14393.447_none_0d5aa7fbb6d35646\COMCTL32.dll
0x00007ff9c8570000 - 0x00007ff9c8612000 	C:\Windows\System32\ADVAPI32.dll
0x00007ff9c81d0000 - 0x00007ff9c8204000 	C:\Windows\System32\GDI32.dll
0x00007ff9c8ea0000 - 0x00007ff9c8f3e000 	C:\Windows\System32\msvcrt.dll
0x00007ff9c62a0000 - 0x00007ff9c6420000 	C:\Windows\System32\gdi32full.dll
0x00007ff9c6a20000 - 0x00007ff9c6a79000 	C:\Windows\System32\sechost.dll
0x00007ff9c90f0000 - 0x00007ff9c9211000 	C:\Windows\System32\RPCRT4.dll
0x00007ff9bbe70000 - 0x00007ff9bbe79000 	C:\Windows\SYSTEM32\WSOCK32.dll
0x00007ff9c6be0000 - 0x00007ff9c6c4a000 	C:\Windows\System32\ws2_32.DLL
0x00007ff9c8620000 - 0x00007ff9c864e000 	C:\Windows\System32\IMM32.DLL
0x000000006abe0000 - 0x000000006ac18000 	C:\Program Files\ooRexx\rexxutil.DLL
0x00007ff9c6b80000 - 0x00007ff9c6bd2000 	C:\Windows\System32\SHLWAPI.dll
0x00007ff9c8bc0000 - 0x00007ff9c8e88000 	C:\Windows\System32\combase.dll
0x00007ff9c5770000 - 0x00007ff9c5865000 	C:\Windows\System32\ucrtbase.dll
0x00007ff9c6420000 - 0x00007ff9c648a000 	C:\Windows\System32\bcryptPrimitives.dll
0x00007ff9c19e0000 - 0x00007ff9c1a66000 	C:\Windows\SYSTEM32\WINSPOOL.DRV
0x00007ff9c55d0000 - 0x00007ff9c55fb000 	C:\Windows\SYSTEM32\bcrypt.dll
0x00007ff9b1fd0000 - 0x00007ff9b200c000 	C:\Program Files\ooRexx\OREXXOLE.DLL
0x00007ff9c8650000 - 0x00007ff9c8788000 	C:\Windows\System32\ole32.dll
0x00007ff9c83a0000 - 0x00007ff9c845f000 	C:\Windows\System32\OLEAUT32.dll
0x00007ff9c6490000 - 0x00007ff9c652c000 	C:\Windows\System32\msvcp_win.dll
0x00007ff9c5300000 - 0x00007ff9c532c000 	C:\Windows\SYSTEM32\SspiCli.dll
0x00007ff9c4f60000 - 0x00007ff9c4fbc000 	C:\Windows\system32\mswsock.dll
0x00007ff9b7c90000 - 0x00007ff9b7ca6000 	C:\Windows\system32\napinsp.dll
0x00007ff9b83c0000 - 0x00007ff9b83da000 	C:\Windows\system32\pnrpnsp.dll
0x00007ff9c0080000 - 0x00007ff9c0098000 	C:\Windows\system32\NLAapi.dll
0x00007ff9c4d20000 - 0x00007ff9c4dc1000 	C:\Windows\SYSTEM32\DNSAPI.dll
0x00007ff9c90e0000 - 0x00007ff9c90e8000 	C:\Windows\System32\NSI.dll
0x00007ff9c4ce0000 - 0x00007ff9c4d18000 	C:\Windows\SYSTEM32\IPHLPAPI.DLL
0x00007ff9b83e0000 - 0x00007ff9b83ee000 	C:\Windows\System32\winrnr.dll
0x00007ff9bd460000 - 0x00007ff9bd4ca000 	C:\Windows\System32\fwpuclnt.dll
0x00007ff9bd2e0000 - 0x00007ff9bd2ea000 	C:\Windows\System32\rasadhlp.dll
0x0000000010000000 - 0x000000001002b000 	C:\Program Files\BSF4ooRexx\BSF4ooRexx.DLL
0x0000000068dd0000 - 0x000000006966c000 	C:\Program Files\Java\jre1.8.0_131\bin\server\jvm.DLL
0x00007ff9c8560000 - 0x00007ff9c8568000 	C:\Windows\System32\PSAPI.DLL
0x00007ff9c1c70000 - 0x00007ff9c1c7a000 	C:\Windows\SYSTEM32\VERSION.dll
0x00007ff9c3b10000 - 0x00007ff9c3b33000 	C:\Windows\SYSTEM32\WINMM.dll
0x000000006b120000 - 0x000000006b1f2000 	C:\Windows\SYSTEM32\MSVCR100.dll
0x00007ff9c3ae0000 - 0x00007ff9c3b0b000 	C:\Windows\SYSTEM32\WINMMBASE.dll
0x00007ff9c5720000 - 0x00007ff9c5762000 	C:\Windows\System32\cfgmgr32.dll
0x000000006abd0000 - 0x000000006abdf000 	C:\Program Files\Java\jre1.8.0_131\bin\verify.dll
0x000000006aba0000 - 0x000000006abc9000 	C:\Program Files\Java\jre1.8.0_131\bin\java.dll
0x000000006ab80000 - 0x000000006ab96000 	C:\Program Files\Java\jre1.8.0_131\bin\zip.dll
0x00007ff9c6cc0000 - 0x00007ff9c81c8000 	C:\Windows\System32\SHELL32.dll
0x00007ff9c5af0000 - 0x00007ff9c61ca000 	C:\Windows\System32\windows.storage.dll
0x00007ff9c5690000 - 0x00007ff9c56dc000 	C:\Windows\System32\powrprof.dll
0x00007ff9c5710000 - 0x00007ff9c571f000 	C:\Windows\System32\kernel.appcore.dll
0x00007ff9c61f0000 - 0x00007ff9c6299000 	C:\Windows\System32\shcore.dll
0x00007ff9c56f0000 - 0x00007ff9c5704000 	C:\Windows\System32\profapi.dll
0x000000006a9e0000 - 0x000000006ab78000 	C:\Program Files\Java\jre1.8.0_131\bin\awt.dll
0x00007ff9c3c30000 - 0x00007ff9c3caa000 	C:\Windows\SYSTEM32\apphelp.dll
0x00007ff98e7f0000 - 0x00007ff98e8df000 	C:\Program Files\Java\jre1.8.0_131\bin\msvcr120.dll
0x00007ff98e740000 - 0x00007ff98e7e6000 	C:\Program Files\Java\jre1.8.0_131\bin\msvcp120.dll
0x000000006a9b0000 - 0x000000006a9d2000 	C:\Program Files\Java\jre1.8.0_131\bin\prism_d3d.dll
0x00007ff9899f0000 - 0x00007ff989b7d000 	C:\Windows\system32\d3d9.dll
0x00007ff9c3380000 - 0x00007ff9c33a6000 	C:\Windows\SYSTEM32\dwmapi.dll
0x00007ff9c3e10000 - 0x00007ff9c3ea5000 	C:\Windows\system32\uxtheme.dll
0x00007ff9c1a70000 - 0x00007ff9c1bd7000 	C:\Windows\SYSTEM32\aticfx64.dll
0x00007ff9899c0000 - 0x00007ff9899e1000 	C:\Windows\SYSTEM32\atiu9p64.dll
0x00007ff989160000 - 0x00007ff9899b9000 	C:\Windows\SYSTEM32\atiumd64.dll
0x0000000069f10000 - 0x000000006a798000 	C:\Windows\SYSTEM32\atiumd6a.dll
0x0000000068d80000 - 0x0000000068dc3000 	C:\Program Files\Java\jre1.8.0_131\bin\glass.dll
0x00007ff9c6a80000 - 0x00007ff9c6b7a000 	C:\Windows\System32\COMDLG32.dll
0x00007ff9c68c0000 - 0x00007ff9c6a1a000 	C:\Windows\System32\MSCTF.dll
0x000000006a990000 - 0x000000006a9a4000 	C:\Program Files\Java\jre1.8.0_131\bin\javafx_font.dll
0x00007ff9bde60000 - 0x00007ff9be0c9000 	C:\Windows\SYSTEM32\dwrite.dll
0x00007ff9c8460000 - 0x00007ff9c84ff000 	C:\Windows\System32\clbcatq.dll
0x00007ff9b4a20000 - 0x00007ff9b4c9a000 	C:\Windows\WinSxS\amd64_microsoft.windows.common-controls_6595b64144ccf1df_6.0.14393.953_none_42151e83c686086b\comctl32.dll
0x00007ff9c2890000 - 0x00007ff9c2a38000 	C:\Windows\SYSTEM32\WindowsCodecs.dll
0x00007ff9ba980000 - 0x00007ff9ba9c9000 	C:\Windows\system32\dataexchange.dll
0x00007ff9c34a0000 - 0x00007ff9c35f1000 	C:\Windows\system32\dcomp.dll
0x00007ff9c1dc0000 - 0x00007ff9c2076000 	C:\Windows\system32\d3d11.dll
0x00007ff9c4610000 - 0x00007ff9c46af000 	C:\Windows\system32\dxgi.dll
0x00007ff9c40e0000 - 0x00007ff9c41fc000 	C:\Windows\system32\twinapi.appcore.dll
0x00007ff9a7fa0000 - 0x00007ff9a7fd2000 	C:\Program Files\Common Files\Microsoft Shared\Ink\rtscom.dll
0x0000000068d60000 - 0x0000000068d71000 	C:\Program Files\Java\jre1.8.0_131\bin\prism_common.dll
0x00007ff9bfd80000 - 0x00007ff9bff12000 	C:\Windows\SYSTEM32\dbghelp.dll

VM Arguments:
java_command: <unknown>
java_class_path (initial): C:\Program Files\BSF4ooRexx\bsf4ooRexx-v600-20170617-bin.jar;C:\Program Files\BSF4ooRexx\jni4net.j-0.8.8.0.jar;C:\Program Files\BSF4ooRexx\oorexx.net.jar;.;C:\Users\Adrian\Documents\javafx\ooRexxTryFX\java\ikonli-core-1.9.0.jar;C:\Users\Adrian\Documents\javafx\ooRexxTryFX\java\ikonli-javafx-1.9.0.jar;C:\Users\Adrian\Documents\javafx\ooRexxTryFX\java\ikonli-octicons-pack-1.9.0.jar;C:\Users\Adrian\Documents\javafx\ooRexxTryFX\java\ikonli-openiconic-pack-1.9.0.jar;C:\Users\Adrian\Documents\javafx\ooRexxTryFX\java\richtextfx-0.7-M5-custom.jar;C:\Users\Adrian\Documents\javafx\ooRexxTryFX\java
Launcher Type: generic

Environment Variables:
CLASSPATH=C:\Program Files\BSF4ooRexx\bsf4ooRexx-v600-20170617-bin.jar;C:\Program Files\BSF4ooRexx\jni4net.j-0.8.8.0.jar;C:\Program Files\BSF4ooRexx\oorexx.net.jar;.;C:\Users\Adrian\Documents\javafx\ooRexxTryFX\java\ikonli-core-1.9.0.jar;C:\Users\Adrian\Documents\javafx\ooRexxTryFX\java\ikonli-javafx-1.9.0.jar;C:\Users\Adrian\Documents\javafx\ooRexxTryFX\java\ikonli-octicons-pack-1.9.0.jar;C:\Users\Adrian\Documents\javafx\ooRexxTryFX\java\ikonli-openiconic-pack-1.9.0.jar;C:\Users\Adrian\Documents\javafx\ooRexxTryFX\java\richtextfx-0.7-M5-custom.jar;C:\Users\Adrian\Documents\javafx\ooRexxTryFX\java
PATH=C:\ProgramData\Oracle\Java\javapath;C:\Windows\system32;C:\Windows;C:\Windows\System32\Wbem;C:\Windows\System32\WindowsPowerShell\v1.0\;C:\Program Files (x86)\ATI Technologies\ATI.ACE\Core-Static;C:\Program Files\MiKTeX 2.9\miktex\bin\x64\;C:\Program Files (x86)\GtkSharp\2.12\bin;C:\Program Files\nodejs\;C:\Program Files (x86)\Windows Kits\10\Windows Performance Toolkit\;C:\Program Files\ooRexx;C:\Program Files\BSF4ooRexx;C:\Program Files\Java\jre1.8.0_131\bin\server;C:\Users\Adrian\AppData\Local\Programs\Python\Python35-32\Scripts\;C:\Users\Adrian\AppData\Local\Programs\Python\Python35-32\;C:\Users\Adrian\AppData\Local\Microsoft\WindowsApps;C:\Users\Adrian\AppData\Roaming\Dashlane\4.6.5.21982\bin\Firefox_Extension\{442718d9-475e-452a-b3e1-fb1ee16b8e9f}\components;C:\Users\Adrian\AppData\Roaming\Dashlane\4.6.6.23032\bin\Firefox_Extension\{442718d9-475e-452a-b3e1-fb1ee16b8e9f}\components;C:\Program Files (x86)\openssl\bin;C:\Users\Adrian\AppData\Roaming\npm;C:\xampp\php;C:\Program Files (x86)\Microsoft VS Code\bin;C:\Users\Adrian\AppData\Roaming\Dashlane\4.8.2.33026\bin\Firefox_Extension\{442718d9-475e-452a-b3e1-fb1ee16b8e9f}\components;C:\Users\Adrian\AppData\Roaming\Dashlane\4.8.2.33026\ucrt
USERNAME=Adrian
OS=Windows_NT
PROCESSOR_IDENTIFIER=AMD64 Family 21 Model 19 Stepping 1, AuthenticAMD



---------------  S Y S T E M  ---------------

OS: Windows 10.0 , 64 bit Build 14393 (10.0.14393.1198)

CPU:total 4 (initial active 4) (4 cores per cpu, 1 threads per core) family 21 model 19 stepping 1, cmov, cx8, fxsr, mmx, sse, sse2, sse3, ssse3, sse4.1, sse4.2, popcnt, avx, aes, clmul, mmxext, 3dnowpref, lzcnt, sse4a, tsc, tscinvbit, tscinv, bmi1

Memory: 4k page, physical 15930560k(9437092k free), swap 18289856k(10540392k free)

vm_info: Java HotSpot(TM) 64-Bit Server VM (25.131-b11) for windows-amd64 JRE (1.8.0_131-b11), built on Mar 15 2017 01:23:53 by "java_re" with MS VC++ 10.0 (VS2010)

time: Mon Jul 17 07:32:34 2017
elapsed time: 22 seconds (0d 0h 0m 22s)

