#
# A fatal error has been detected by the Java Runtime Environment:
#
#  EXCEPTION_ACCESS_VIOLATION (0xc0000005) at pc=0x00007ffe5b08348d, pid=9664, tid=0x0000000000000d04
#
# JRE version: Java(TM) SE Runtime Environment (8.0_121-b13) (build 1.8.0_121-b13)
# Java VM: Java HotSpot(TM) 64-Bit Server VM (25.121-b13 mixed mode windows-amd64 compressed oops)
# Problematic frame:
# C  [rexx.dll+0x6348d]
#
# Failed to write core dump. Minidumps are not enabled by default on client versions of Windows
#
# If you would like to submit a bug report, please visit:
#   http://bugreport.java.com/bugreport/crash.jsp
# The crash happened outside the Java Virtual Machine in native code.
# See problematic frame for where to report the bug.
#

---------------  T H R E A D  ---------------

Current thread (0x00000144c8d41800):  JavaThread "JavaFX Application Thread" [_thread_in_native, id=3332, stack(0x0000003054180000,0x0000003054200000)]

siginfo: ExceptionCode=0xc0000005, reading address 0xffffffffffffffff

Registers:
RAX=0x0000000000000011, RBX=0x00007ff7052d0020, RCX=0x00007ff7052d0020, RDX=0x00007ff703dc0021
RSP=0x00000030541f8a50, RBP=0x00007ffe5b13db80, RSI=0x00007ff703dc0021, RDI=0x766e692220284653
R8 =0x00007ffe5b13db80, R9 =0x0000000000000042, R10=0x000000000000fffc, R11=0x00007ff703d69890
R12=0x00000144c8d419f8, R13=0x00000144c9f2d200, R14=0x0000000000000042, R15=0x000000000000fffc
RIP=0x00007ffe5b08348d, EFLAGS=0x0000000000010206

Top of Stack: (sp=0x00000030541f8a50)
0x00000030541f8a50:   00007ff7052d0020 00007ffe5b13db80
0x00000030541f8a60:   00007ff703da8100 00007ffe5b13cc20
0x00000030541f8a70:   0000000000000000 0000000000000000
0x00000030541f8a80:   00007ffe5b13db80 00007ffe5b0823b8
0x00000030541f8a90:   0000000000004800 0000000000004800
0x00000030541f8aa0:   00000000000000ae 0000000000000000
0x00000030541f8ab0:   00007ffe5b13e558 00007ffe5b077bf8
0x00000030541f8ac0:   00007ff702ccf1d0 0000000000000000
0x00000030541f8ad0:   0000000000000000 00007ffe6fc275ff
0x00000030541f8ae0:   0000000000004800 00007ffe5b077dfa
0x00000030541f8af0:   00007ffe5b13e558 00007ffe72967a68
0x00000030541f8b00:   0000014400000000 0000000000000000
0x00000030541f8b10:   0000000000004800 00007ffe5b0836c4
0x00000030541f8b20:   00007ff703d69798 00007ffe5b13db80
0x00000030541f8b30:   0000000000000000 0000000000000000
0x00000030541f8b40:   00007ff703d69798 00007ffe5b064320 

Instructions: (pc=0x00007ffe5b08348d)
0x00007ffe5b08346d:   85 f6 0f 84 fa 00 00 00 66 66 66 0f 1f 84 00 00
0x00007ffe5b08347d:   00 00 00 48 8b 7e 18 48 85 ff 0f 84 ad 00 00 00
0x00007ffe5b08348d:   0f b7 47 10 49 85 c6 0f 85 a0 00 00 00 48 8b 05
0x00007ffe5b08349d:   ff a6 0b 00 66 44 21 7f 10 48 8b d0 66 09 47 10 


Register to memory mapping:

RAX=0x0000000000000011 is an unknown value
RBX=0x00007ff7052d0020 is an unknown value
RCX=0x00007ff7052d0020 is an unknown value
RDX=0x00007ff703dc0021 is an unknown value
RSP=0x00000030541f8a50 is pointing into the stack for thread: 0x00000144c8d41800
RBP=0x00007ffe5b13db80 is an unknown value
RSI=0x00007ff703dc0021 is an unknown value
RDI=0x766e692220284653 is an unknown value
R8 =0x00007ffe5b13db80 is an unknown value
R9 =0x0000000000000042 is an unknown value
R10=0x000000000000fffc is an unknown value
R11=0x00007ff703d69890 is an unknown value
R12=0x00000144c8d419f8 is an unknown value
R13=0x00000144c9f2d200 is an unknown value
R14=0x0000000000000042 is an unknown value
R15=0x000000000000fffc is an unknown value


Stack: [0x0000003054180000,0x0000003054200000],  sp=0x00000030541f8a50,  free space=482k
Native frames: (J=compiled Java code, j=interpreted, Vv=VM code, C=native code)
C  [rexx.dll+0x6348d]
C  [rexx.dll+0x623b8]
C  [rexx.dll+0x57bf8]
C  [rexx.dll+0x57dfa]
C  [rexx.dll+0x636c4]
C  [rexx.dll+0x44320]
C  [rexx.dll+0x6800d]
C  [rexx.dll+0x66cad]
C  [rexx.dll+0x66bda]
C  [rexx.dll+0x996b9]
C  [rexx.dll+0x9965e]
C  [rexx.dll+0x3919d]
C  [BSF4ooRexx.DLL+0xbcf5]
C  0x00000144aedfcb2f

Java frames: (J=compiled Java code, j=interpreted, Vv=VM code)
J 2563  org.rexxla.bsf.engines.rexx.RexxAndJava.jniRexxSendMessageToRexxObject(Ljava/lang/String;Ljava/lang/String;Ljava/lang/String;Ljava/lang/String;Ljava/lang/String;Ljava/lang/String;Ljava/lang/String;[Ljava/lang/Object;Ljava/lang/String;)Ljava/lang/Object; (0 bytes) @ 0x00000144aedfca92 [0x00000144aedfc980+0x112]
J 3325 C1 org.rexxla.bsf.engines.rexx.RexxEngine.call(Lorg/rexxla/bsf/engines/rexx/RexxProxy;Ljava/lang/Object;Ljava/lang/String;Ljava/lang/String;[Ljava/lang/Object;)Ljava/lang/Object; (705 bytes) @ 0x00000144af04d28c [0x00000144af049fa0+0x32ec]
J 3324 C1 org.rexxla.bsf.engines.rexx.RexxProxy.invoke(Ljava/lang/Object;Ljava/lang/String;Ljava/lang/String;[Ljava/lang/Object;)Ljava/lang/Object; (129 bytes) @ 0x00000144af0537e4 [0x00000144af051b60+0x1c84]
J 3326 C1 ooRexxTableCell.updateItem(Ljava/lang/Object;Z)V (52 bytes) @ 0x00000144af05546c [0x00000144af054fe0+0x48c]
J 2635 C1 javafx.scene.control.TableCell.updateItem(I)V (317 bytes) @ 0x00000144aee40964 [0x00000144aee3df00+0x2a64]
J 2634 C1 javafx.scene.control.TableCell.indexChanged(II)V (20 bytes) @ 0x00000144aee3d3ac [0x00000144aee3d2e0+0xcc]
J 2609 C1 javafx.scene.control.IndexedCell.updateIndex(I)V (23 bytes) @ 0x00000144aee2910c [0x00000144aee28d60+0x3ac]
j  com.sun.javafx.scene.control.skin.TableRowSkinBase.requestCellUpdate()V+57
j  com.sun.javafx.scene.control.skin.TableRowSkinBase.handleControlPropertyChanged(Ljava/lang/String;)V+28
j  com.sun.javafx.scene.control.skin.TableRowSkin.handleControlPropertyChanged(Ljava/lang/String;)V+2
J 2550 C1 com.sun.javafx.scene.control.skin.BehaviorSkinBase$$Lambda$126.call(Ljava/lang/Object;)Ljava/lang/Object; (12 bytes) @ 0x00000144aede4f34 [0x00000144aede4d00+0x234]
J 2543 C1 com.sun.javafx.scene.control.MultiplePropertyChangeListenerHandler$1.changed(Ljavafx/beans/value/ObservableValue;Ljava/lang/Object;Ljava/lang/Object;)V (27 bytes) @ 0x00000144aede39d4 [0x00000144aede37e0+0x1f4]
J 2542 C1 javafx.beans.value.WeakChangeListener.changed(Ljavafx/beans/value/ObservableValue;Ljava/lang/Object;Ljava/lang/Object;)V (38 bytes) @ 0x00000144aede32cc [0x00000144aede2fe0+0x2ec]
J 2611 C1 com.sun.javafx.binding.ExpressionHelper$SingleChange.fireValueChangedEvent()V (96 bytes) @ 0x00000144aee2e864 [0x00000144aee2e460+0x404]
J 3310 C1 javafx.beans.property.ReadOnlyIntegerWrapper.fireValueChangedEvent()V (19 bytes) @ 0x00000144af04078c [0x00000144af040380+0x40c]
J 2596 C1 javafx.beans.property.IntegerPropertyBase.set(I)V (110 bytes) @ 0x00000144aee202cc [0x00000144aee1fb20+0x7ac]
J 2609 C1 javafx.scene.control.IndexedCell.updateIndex(I)V (23 bytes) @ 0x00000144aee2905c [0x00000144aee28d60+0x2fc]
j  com.sun.javafx.scene.control.skin.VirtualFlow.setCellIndex(Ljavafx/scene/control/IndexedCell;I)V+20
j  com.sun.javafx.scene.control.skin.VirtualFlow.addTrailingCells(Z)Z+199
j  com.sun.javafx.scene.control.skin.VirtualFlow.layoutChildren()V+1105
J 2443 C1 javafx.scene.Parent.layout()V (139 bytes) @ 0x00000144aedad234 [0x00000144aedad000+0x234]
J 2443 C1 javafx.scene.Parent.layout()V (139 bytes) @ 0x00000144aedad774 [0x00000144aedad000+0x774]
J 2443 C1 javafx.scene.Parent.layout()V (139 bytes) @ 0x00000144aedad774 [0x00000144aedad000+0x774]
J 2443 C1 javafx.scene.Parent.layout()V (139 bytes) @ 0x00000144aedad774 [0x00000144aedad000+0x774]
j  javafx.scene.Scene.doLayoutPass()V+10
j  javafx.scene.Scene$ScenePulseListener.pulse()V+76
j  com.sun.javafx.tk.Toolkit.lambda$runPulse$30(Lcom/sun/javafx/tk/TKPulseListener;)Ljava/lang/Void;+1
j  com.sun.javafx.tk.Toolkit$$Lambda$282.run()Ljava/lang/Object;+4
v  ~StubRoutines::call_stub
J 2395  java.security.AccessController.doPrivileged(Ljava/security/PrivilegedAction;Ljava/security/AccessControlContext;)Ljava/lang/Object; (0 bytes) @ 0x00000144aed8dda6 [0x00000144aed8dd40+0x66]
J 3255 C1 com.sun.javafx.tk.Toolkit.runPulse(Lcom/sun/javafx/tk/TKPulseListener;Ljava/security/AccessControlContext;)V (26 bytes) @ 0x00000144af02ad54 [0x00000144af02a8e0+0x474]
j  com.sun.javafx.tk.Toolkit.firePulse()V+191
j  com.sun.javafx.tk.quantum.QuantumToolkit.pulse(Z)V+97
j  com.sun.javafx.tk.quantum.QuantumToolkit.pulse()V+2
j  com.sun.javafx.tk.quantum.QuantumToolkit.lambda$runToolkit$404()V+1
j  com.sun.javafx.tk.quantum.QuantumToolkit$$Lambda$45.run()V+4
j  com.sun.glass.ui.InvokeLaterDispatcher$Future.run()V+4
v  ~StubRoutines::call_stub
J 2563  org.rexxla.bsf.engines.rexx.RexxAndJava.jniRexxSendMessageToRexxObject(Ljava/lang/String;Ljava/lang/String;Ljava/lang/String;Ljava/lang/String;Ljava/lang/String;Ljava/lang/String;Ljava/lang/String;[Ljava/lang/Object;Ljava/lang/String;)Ljava/lang/Object; (0 bytes) @ 0x00000144aedfca92 [0x00000144aedfc980+0x112]
j  org.rexxla.bsf.engines.rexx.RexxEngine.call(Ljava/lang/Object;Ljava/lang/String;[Ljava/lang/Object;)Ljava/lang/Object;+235
j  org.rexxla.bsf.engines.rexx.RexxProxy.sendMessage1(Ljava/lang/String;Ljava/lang/Object;)Ljava/lang/Object;+59
j  org.rexxla.bsf.engines.rexx.jsr223.RexxCompiledScript.eval(Ljavax/script/ScriptContext;)Ljava/lang/Object;+127
j  org.rexxla.bsf.engines.rexx.jsr223.RexxScriptEngine.eval(Ljava/lang/String;Ljavax/script/ScriptContext;)Ljava/lang/Object;+55
j  javax.script.AbstractScriptEngine.eval(Ljava/lang/String;)Ljava/lang/Object;+6
j  javafx.fxml.FXMLLoader$ScriptEventHandler.handle(Ljavafx/event/Event;)V+59
J 2416 C1 com.sun.javafx.event.CompositeEventHandler.dispatchBubblingEvent(Ljavafx/event/Event;)V (57 bytes) @ 0x00000144aed96ce4 [0x00000144aed96900+0x3e4]
J 2356 C1 com.sun.javafx.event.EventHandlerManager.dispatchBubblingEvent(Ljavafx/event/Event;)Ljavafx/event/Event; (23 bytes) @ 0x00000144aed8084c [0x00000144aed801a0+0x6ac]
J 2343 C1 com.sun.javafx.event.BasicEventDispatcher.dispatchEvent(Ljavafx/event/Event;Ljavafx/event/EventDispatchChain;)Ljavafx/event/Event; (44 bytes) @ 0x00000144aed6db3c [0x00000144aed6d800+0x33c]
J 2328 C1 com.sun.javafx.event.EventDispatchChainImpl.dispatchEvent(Ljavafx/event/Event;)Ljavafx/event/Event; (101 bytes) @ 0x00000144aed608fc [0x00000144aed60740+0x1bc]
j  com.sun.javafx.event.EventUtil.fireEventImpl(Ljavafx/event/EventDispatchChain;Ljavafx/event/EventTarget;Ljavafx/event/Event;)Ljavafx/event/Event;+10
j  com.sun.javafx.event.EventUtil.fireEvent(Ljavafx/event/EventTarget;Ljavafx/event/Event;)Ljavafx/event/Event;+37
j  javafx.event.Event.fireEvent(Ljavafx/event/EventTarget;Ljavafx/event/Event;)V+30
j  impl.org.controlsfx.skin.BreadCrumbBarSkin.onBreadCrumbAction(Ljavafx/scene/control/TreeItem;)V+17
j  impl.org.controlsfx.skin.BreadCrumbBarSkin.lambda$createCrumb$24(Ljavafx/scene/control/TreeItem;Ljavafx/event/ActionEvent;)V+2
j  impl.org.controlsfx.skin.BreadCrumbBarSkin$$Lambda$123.handle(Ljavafx/event/Event;)V+12
J 2416 C1 com.sun.javafx.event.CompositeEventHandler.dispatchBubblingEvent(Ljavafx/event/Event;)V (57 bytes) @ 0x00000144aed96ce4 [0x00000144aed96900+0x3e4]
J 2356 C1 com.sun.javafx.event.EventHandlerManager.dispatchBubblingEvent(Ljavafx/event/Event;)Ljavafx/event/Event; (23 bytes) @ 0x00000144aed8084c [0x00000144aed801a0+0x6ac]
J 2357 C1 com.sun.javafx.event.CompositeEventDispatcher.dispatchBubblingEvent(Ljavafx/event/Event;)Ljavafx/event/Event; (35 bytes) @ 0x00000144aed8121c [0x00000144aed81060+0x1bc]
J 2343 C1 com.sun.javafx.event.BasicEventDispatcher.dispatchEvent(Ljavafx/event/Event;Ljavafx/event/EventDispatchChain;)Ljavafx/event/Event; (44 bytes) @ 0x00000144aed6db3c [0x00000144aed6d800+0x33c]
J 2328 C1 com.sun.javafx.event.EventDispatchChainImpl.dispatchEvent(Ljavafx/event/Event;)Ljavafx/event/Event; (101 bytes) @ 0x00000144aed608fc [0x00000144aed60740+0x1bc]
J 2343 C1 com.sun.javafx.event.BasicEventDispatcher.dispatchEvent(Ljavafx/event/Event;Ljavafx/event/EventDispatchChain;)Ljavafx/event/Event; (44 bytes) @ 0x00000144aed6da54 [0x00000144aed6d800+0x254]
J 2328 C1 com.sun.javafx.event.EventDispatchChainImpl.dispatchEvent(Ljavafx/event/Event;)Ljavafx/event/Event; (101 bytes) @ 0x00000144aed608fc [0x00000144aed60740+0x1bc]
J 2343 C1 com.sun.javafx.event.BasicEventDispatcher.dispatchEvent(Ljavafx/event/Event;Ljavafx/event/EventDispatchChain;)Ljavafx/event/Event; (44 bytes) @ 0x00000144aed6da54 [0x00000144aed6d800+0x254]
J 2328 C1 com.sun.javafx.event.EventDispatchChainImpl.dispatchEvent(Ljavafx/event/Event;)Ljavafx/event/Event; (101 bytes) @ 0x00000144aed608fc [0x00000144aed60740+0x1bc]
J 2343 C1 com.sun.javafx.event.BasicEventDispatcher.dispatchEvent(Ljavafx/event/Event;Ljavafx/event/EventDispatchChain;)Ljavafx/event/Event; (44 bytes) @ 0x00000144aed6da54 [0x00000144aed6d800+0x254]
J 2328 C1 com.sun.javafx.event.EventDispatchChainImpl.dispatchEvent(Ljavafx/event/Event;)Ljavafx/event/Event; (101 bytes) @ 0x00000144aed608fc [0x00000144aed60740+0x1bc]
j  com.sun.javafx.event.EventUtil.fireEventImpl(Ljavafx/event/EventDispatchChain;Ljavafx/event/EventTarget;Ljavafx/event/Event;)Ljavafx/event/Event;+10
j  com.sun.javafx.event.EventUtil.fireEvent(Ljavafx/event/EventTarget;Ljavafx/event/Event;)Ljavafx/event/Event;+37
j  javafx.event.Event.fireEvent(Ljavafx/event/EventTarget;Ljavafx/event/Event;)V+30
j  javafx.scene.Node.fireEvent(Ljavafx/event/Event;)V+86
j  javafx.scene.control.Button.fire()V+15
j  com.sun.javafx.scene.control.behavior.ButtonBehavior.mouseReleased(Ljavafx/scene/input/MouseEvent;)V+23
j  com.sun.javafx.scene.control.skin.BehaviorSkinBase$1.handle(Ljavafx/scene/input/MouseEvent;)V+83
j  com.sun.javafx.scene.control.skin.BehaviorSkinBase$1.handle(Ljavafx/event/Event;)V+5
j  com.sun.javafx.event.CompositeEventHandler$NormalEventHandlerRecord.handleBubblingEvent(Ljavafx/event/Event;)V+5
J 2416 C1 com.sun.javafx.event.CompositeEventHandler.dispatchBubblingEvent(Ljavafx/event/Event;)V (57 bytes) @ 0x00000144aed96b4c [0x00000144aed96900+0x24c]
J 2356 C1 com.sun.javafx.event.EventHandlerManager.dispatchBubblingEvent(Ljavafx/event/Event;)Ljavafx/event/Event; (23 bytes) @ 0x00000144aed8084c [0x00000144aed801a0+0x6ac]
J 2357 C1 com.sun.javafx.event.CompositeEventDispatcher.dispatchBubblingEvent(Ljavafx/event/Event;)Ljavafx/event/Event; (35 bytes) @ 0x00000144aed8121c [0x00000144aed81060+0x1bc]
J 2343 C1 com.sun.javafx.event.BasicEventDispatcher.dispatchEvent(Ljavafx/event/Event;Ljavafx/event/EventDispatchChain;)Ljavafx/event/Event; (44 bytes) @ 0x00000144aed6db3c [0x00000144aed6d800+0x33c]
J 2328 C1 com.sun.javafx.event.EventDispatchChainImpl.dispatchEvent(Ljavafx/event/Event;)Ljavafx/event/Event; (101 bytes) @ 0x00000144aed608fc [0x00000144aed60740+0x1bc]
J 2343 C1 com.sun.javafx.event.BasicEventDispatcher.dispatchEvent(Ljavafx/event/Event;Ljavafx/event/EventDispatchChain;)Ljavafx/event/Event; (44 bytes) @ 0x00000144aed6da54 [0x00000144aed6d800+0x254]
J 2328 C1 com.sun.javafx.event.EventDispatchChainImpl.dispatchEvent(Ljavafx/event/Event;)Ljavafx/event/Event; (101 bytes) @ 0x00000144aed608fc [0x00000144aed60740+0x1bc]
J 2343 C1 com.sun.javafx.event.BasicEventDispatcher.dispatchEvent(Ljavafx/event/Event;Ljavafx/event/EventDispatchChain;)Ljavafx/event/Event; (44 bytes) @ 0x00000144aed6da54 [0x00000144aed6d800+0x254]
J 2328 C1 com.sun.javafx.event.EventDispatchChainImpl.dispatchEvent(Ljavafx/event/Event;)Ljavafx/event/Event; (101 bytes) @ 0x00000144aed608fc [0x00000144aed60740+0x1bc]
J 2343 C1 com.sun.javafx.event.BasicEventDispatcher.dispatchEvent(Ljavafx/event/Event;Ljavafx/event/EventDispatchChain;)Ljavafx/event/Event; (44 bytes) @ 0x00000144aed6da54 [0x00000144aed6d800+0x254]
J 2328 C1 com.sun.javafx.event.EventDispatchChainImpl.dispatchEvent(Ljavafx/event/Event;)Ljavafx/event/Event; (101 bytes) @ 0x00000144aed608fc [0x00000144aed60740+0x1bc]
j  com.sun.javafx.event.EventUtil.fireEventImpl(Ljavafx/event/EventDispatchChain;Ljavafx/event/EventTarget;Ljavafx/event/Event;)Ljavafx/event/Event;+10
j  com.sun.javafx.event.EventUtil.fireEvent(Ljavafx/event/EventTarget;Ljavafx/event/Event;)Ljavafx/event/Event;+46
j  javafx.event.Event.fireEvent(Ljavafx/event/EventTarget;Ljavafx/event/Event;)V+30
j  javafx.scene.Scene$MouseHandler.process(Ljavafx/scene/input/MouseEvent;Z)V+491
j  javafx.scene.Scene$MouseHandler.access$1500(Ljavafx/scene/Scene$MouseHandler;Ljavafx/scene/input/MouseEvent;Z)V+3
j  javafx.scene.Scene.impl_processMouseEvent(Ljavafx/scene/input/MouseEvent;)V+6
j  javafx.scene.Scene$ScenePeerListener.mouseEvent(Ljavafx/event/EventType;DDDDLjavafx/scene/input/MouseButton;ZZZZZZZZZ)V+46
j  com.sun.javafx.tk.quantum.GlassViewEventHandler$MouseEventNotification.run()Ljava/lang/Void;+514
j  com.sun.javafx.tk.quantum.GlassViewEventHandler$MouseEventNotification.run()Ljava/lang/Object;+1
v  ~StubRoutines::call_stub
J 2395  java.security.AccessController.doPrivileged(Ljava/security/PrivilegedAction;Ljava/security/AccessControlContext;)Ljava/lang/Object; (0 bytes) @ 0x00000144aed8dda6 [0x00000144aed8dd40+0x66]
j  com.sun.javafx.tk.quantum.GlassViewEventHandler.lambda$handleMouseEvent$354()Ljava/lang/Void;+11
j  com.sun.javafx.tk.quantum.GlassViewEventHandler$$Lambda$294.get()Ljava/lang/Object;+4
j  com.sun.javafx.tk.quantum.QuantumToolkit.runWithoutRenderLock(Ljava/util/function/Supplier;)Ljava/lang/Object;+18
j  com.sun.javafx.tk.quantum.GlassViewEventHandler.handleMouseEvent(Lcom/sun/glass/ui/View;JIIIIIIIZZ)V+103
j  com.sun.glass.ui.View.handleMouseEvent(JIIIIIIIZZ)V+30
j  com.sun.glass.ui.View.notifyMouse(IIIIIIIZZ)V+181
v  ~StubRoutines::call_stub
j  com.sun.glass.ui.win.WinApplication._runLoop(Ljava/lang/Runnable;)V+0
j  com.sun.glass.ui.win.WinApplication.lambda$null$148(ILjava/lang/Runnable;)V+8
j  com.sun.glass.ui.win.WinApplication$$Lambda$41.run()V+12
j  java.lang.Thread.run()V+11
v  ~StubRoutines::call_stub

---------------  P R O C E S S  ---------------

Java Threads: ( => current thread )
  0x00000144c8fcd800 JavaThread "Prism Font Disposer" daemon [_thread_blocked, id=3828, stack(0x0000003054600000,0x0000003054680000)]
  0x00000144c8d34800 JavaThread "Thread-4" daemon [_thread_in_native, id=10388, stack(0x0000003054400000,0x0000003054480000)]
=>0x00000144c8d41800 JavaThread "JavaFX Application Thread" [_thread_in_native, id=3332, stack(0x0000003054180000,0x0000003054200000)]
  0x00000144c8e50000 JavaThread "Thread-3" daemon [_thread_blocked, id=2256, stack(0x0000003054100000,0x0000003054180000)]
  0x00000144c8d7e000 JavaThread "QuantumRenderer-0" daemon [_thread_blocked, id=5424, stack(0x0000003053f80000,0x0000003054000000)]
  0x00000144c8e28000 JavaThread "JavaFX-Launcher" [_thread_blocked, id=8136, stack(0x0000003053f00000,0x0000003053f80000)]
  0x00000144c8358800 JavaThread "Service Thread" daemon [_thread_blocked, id=11096, stack(0x0000003053e00000,0x0000003053e80000)]
  0x00000144c71b6000 JavaThread "C1 CompilerThread2" daemon [_thread_blocked, id=6880, stack(0x0000003053d80000,0x0000003053e00000)]
  0x00000144c71b0000 JavaThread "C2 CompilerThread1" daemon [_thread_blocked, id=932, stack(0x0000003053d00000,0x0000003053d80000)]
  0x00000144c71aa000 JavaThread "C2 CompilerThread0" daemon [_thread_in_native, id=3572, stack(0x0000003053c80000,0x0000003053d00000)]
  0x00000144c71a9000 JavaThread "Attach Listener" daemon [_thread_blocked, id=836, stack(0x0000003053c00000,0x0000003053c80000)]
  0x00000144c71b4800 JavaThread "Signal Dispatcher" daemon [_thread_blocked, id=4856, stack(0x0000003053b80000,0x0000003053c00000)]
  0x00000144ae60a000 JavaThread "Finalizer" daemon [_thread_blocked, id=10052, stack(0x0000003053b00000,0x0000003053b80000)]
  0x00000144c7178800 JavaThread "Reference Handler" daemon [_thread_blocked, id=8484, stack(0x0000003053a80000,0x0000003053b00000)]
  0x00000144ae510800 JavaThread "main" [_thread_blocked, id=9612, stack(0x0000003053320000,0x00000030533a0000)]

Other Threads:
  0x00000144c7177000 VMThread [stack: 0x0000003053a00000,0x0000003053a80000] [id=8012]
  0x00000144c8384800 WatcherThread [stack: 0x0000003053e80000,0x0000003053f00000] [id=10916]

VM state:not at safepoint (normal execution)

VM Mutex/Monitor currently owned by a thread: None

Heap:
 PSYoungGen      total 72704K, used 31977K [0x000000076ef80000, 0x0000000776500000, 0x00000007c0000000)
  eden space 62464K, 43% used [0x000000076ef80000,0x0000000770a224e0,0x0000000772c80000)
  from space 10240K, 45% used [0x0000000772c80000,0x0000000773118020,0x0000000773680000)
  to   space 10240K, 0% used [0x0000000775b00000,0x0000000775b00000,0x0000000776500000)
 ParOldGen       total 90624K, used 7426K [0x00000006cce00000, 0x00000006d2680000, 0x000000076ef80000)
  object space 90624K, 8% used [0x00000006cce00000,0x00000006cd540b38,0x00000006d2680000)
 Metaspace       used 22748K, capacity 23970K, committed 24064K, reserved 1069056K
  class space    used 3213K, capacity 3520K, committed 3584K, reserved 1048576K

Card table byte_map: [0x00000144bd9d0000,0x00000144be170000] byte_map_base: 0x00000144ba369000

Marking Bits: (ParMarkBitMap*) 0x000000005d19b6d0
 Begin Bits: [0x00000144be690000, 0x00000144c2358000)
 End Bits:   [0x00000144c2358000, 0x00000144c6020000)

Polling page: 0x00000144ae160000

CodeCache: size=245760Kb used=10658Kb max_used=10667Kb free=235101Kb
 bounds [0x00000144ae610000, 0x00000144af090000, 0x00000144bd610000]
 total_blobs=4052 nmethods=3366 adapters=597
 compilation: enabled

Compilation events (10 events):
Event: 4.408 Thread 0x00000144c71b0000 3363       4       java.util.regex.Matcher::search (109 bytes)
Event: 4.416 Thread 0x00000144c71b0000 nmethod 3363 0x00000144af074390 code [0x00000144af074500, 0x00000144af074938]
Event: 4.420 Thread 0x00000144c71b0000 3364       4       javafx.scene.CssStyleHelper$CacheContainer::getStyleMap (40 bytes)
Event: 4.422 Thread 0x00000144c71b6000 3365       3       com.sun.javafx.scene.control.skin.LabeledSkinBase::computeMinLabeledPartHeight (179 bytes)
Event: 4.426 Thread 0x00000144c71b6000 nmethod 3365 0x00000144af074f10 code [0x00000144af0754a0, 0x00000144af079960]
Event: 4.444 Thread 0x00000144c71b0000 nmethod 3364 0x00000144af07f190 code [0x00000144af07f3e0, 0x00000144af0808b0]
Event: 4.444 Thread 0x00000144c71b0000 3366       4       java.util.concurrent.ConcurrentHashMap::get (162 bytes)
Event: 4.448 Thread 0x00000144c71b0000 nmethod 3366 0x00000144af07ead0 code [0x00000144af07ec20, 0x00000144af07eef8]
Event: 4.458 Thread 0x00000144c71b6000 3367       3       javafx.scene.control.TableColumn::getCellObservableValue (57 bytes)
Event: 4.459 Thread 0x00000144c71b6000 nmethod 3367 0x00000144af06ef10 code [0x00000144af06f120, 0x00000144af06ff20]

GC Heap History (8 events):
Event: 1.799 GC heap before
{Heap before GC invocations=1 (full 0):
 PSYoungGen      total 72704K, used 62464K [0x000000076ef80000, 0x0000000774080000, 0x00000007c0000000)
  eden space 62464K, 100% used [0x000000076ef80000,0x0000000772c80000,0x0000000772c80000)
  from space 10240K, 0% used [0x0000000773680000,0x0000000773680000,0x0000000774080000)
  to   space 10240K, 0% used [0x0000000772c80000,0x0000000772c80000,0x0000000773680000)
 ParOldGen       total 166912K, used 0K [0x00000006cce00000, 0x00000006d7100000, 0x000000076ef80000)
  object space 166912K, 0% used [0x00000006cce00000,0x00000006cce00000,0x00000006d7100000)
 Metaspace       used 20218K, capacity 21180K, committed 21296K, reserved 1067008K
  class space    used 2919K, capacity 3159K, committed 3200K, reserved 1048576K
Event: 1.816 GC heap after
Heap after GC invocations=1 (full 0):
 PSYoungGen      total 72704K, used 9629K [0x000000076ef80000, 0x0000000774080000, 0x00000007c0000000)
  eden space 62464K, 0% used [0x000000076ef80000,0x000000076ef80000,0x0000000772c80000)
  from space 10240K, 94% used [0x0000000772c80000,0x00000007735e77c8,0x0000000773680000)
  to   space 10240K, 0% used [0x0000000773680000,0x0000000773680000,0x0000000774080000)
 ParOldGen       total 166912K, used 16K [0x00000006cce00000, 0x00000006d7100000, 0x000000076ef80000)
  object space 166912K, 0% used [0x00000006cce00000,0x00000006cce04000,0x00000006d7100000)
 Metaspace       used 20218K, capacity 21180K, committed 21296K, reserved 1067008K
  class space    used 2919K, capacity 3159K, committed 3200K, reserved 1048576K
}
Event: 1.897 GC heap before
{Heap before GC invocations=2 (full 0):
 PSYoungGen      total 72704K, used 19291K [0x000000076ef80000, 0x0000000774080000, 0x00000007c0000000)
  eden space 62464K, 15% used [0x000000076ef80000,0x000000076f8ef578,0x0000000772c80000)
  from space 10240K, 94% used [0x0000000772c80000,0x00000007735e77c8,0x0000000773680000)
  to   space 10240K, 0% used [0x0000000773680000,0x0000000773680000,0x0000000774080000)
 ParOldGen       total 166912K, used 16K [0x00000006cce00000, 0x00000006d7100000, 0x000000076ef80000)
  object space 166912K, 0% used [0x00000006cce00000,0x00000006cce04000,0x00000006d7100000)
 Metaspace       used 20288K, capacity 21244K, committed 21296K, reserved 1067008K
  class space    used 2920K, capacity 3159K, committed 3200K, reserved 1048576K
Event: 1.906 GC heap after
Heap after GC invocations=2 (full 0):
 PSYoungGen      total 72704K, used 7538K [0x000000076ef80000, 0x0000000777d80000, 0x00000007c0000000)
  eden space 62464K, 0% used [0x000000076ef80000,0x000000076ef80000,0x0000000772c80000)
  from space 10240K, 73% used [0x0000000773680000,0x0000000773ddcac0,0x0000000774080000)
  to   space 10240K, 0% used [0x0000000772c80000,0x0000000772c80000,0x0000000773680000)
 ParOldGen       total 166912K, used 24K [0x00000006cce00000, 0x00000006d7100000, 0x000000076ef80000)
  object space 166912K, 0% used [0x00000006cce00000,0x00000006cce06000,0x00000006d7100000)
 Metaspace       used 20288K, capacity 21244K, committed 21296K, reserved 1067008K
  class space    used 2920K, capacity 3159K, committed 3200K, reserved 1048576K
}
Event: 1.906 GC heap before
{Heap before GC invocations=3 (full 1):
 PSYoungGen      total 72704K, used 7538K [0x000000076ef80000, 0x0000000777d80000, 0x00000007c0000000)
  eden space 62464K, 0% used [0x000000076ef80000,0x000000076ef80000,0x0000000772c80000)
  from space 10240K, 73% used [0x0000000773680000,0x0000000773ddcac0,0x0000000774080000)
  to   space 10240K, 0% used [0x0000000772c80000,0x0000000772c80000,0x0000000773680000)
 ParOldGen       total 166912K, used 24K [0x00000006cce00000, 0x00000006d7100000, 0x000000076ef80000)
  object space 166912K, 0% used [0x00000006cce00000,0x00000006cce06000,0x00000006d7100000)
 Metaspace       used 20288K, capacity 21244K, committed 21296K, reserved 1067008K
  class space    used 2920K, capacity 3159K, committed 3200K, reserved 1048576K
Event: 1.956 GC heap after
Heap after GC invocations=3 (full 1):
 PSYoungGen      total 72704K, used 0K [0x000000076ef80000, 0x0000000777d80000, 0x00000007c0000000)
  eden space 62464K, 0% used [0x000000076ef80000,0x000000076ef80000,0x0000000772c80000)
  from space 10240K, 0% used [0x0000000773680000,0x0000000773680000,0x0000000774080000)
  to   space 10240K, 0% used [0x0000000772c80000,0x0000000772c80000,0x0000000773680000)
 ParOldGen       total 90624K, used 7418K [0x00000006cce00000, 0x00000006d2680000, 0x000000076ef80000)
  object space 90624K, 8% used [0x00000006cce00000,0x00000006cd53eb38,0x00000006d2680000)
 Metaspace       used 20288K, capacity 21244K, committed 21296K, reserved 1067008K
  class space    used 2920K, capacity 3159K, committed 3200K, reserved 1048576K
}
Event: 3.859 GC heap before
{Heap before GC invocations=4 (full 1):
 PSYoungGen      total 72704K, used 62464K [0x000000076ef80000, 0x0000000777d80000, 0x00000007c0000000)
  eden space 62464K, 100% used [0x000000076ef80000,0x0000000772c80000,0x0000000772c80000)
  from space 10240K, 0% used [0x0000000773680000,0x0000000773680000,0x0000000774080000)
  to   space 10240K, 0% used [0x0000000772c80000,0x0000000772c80000,0x0000000773680000)
 ParOldGen       total 90624K, used 7418K [0x00000006cce00000, 0x00000006d2680000, 0x000000076ef80000)
  object space 90624K, 8% used [0x00000006cce00000,0x00000006cd53eb38,0x00000006d2680000)
 Metaspace       used 22407K, capacity 23536K, committed 23808K, reserved 1069056K
  class space    used 3186K, capacity 3467K, committed 3584K, reserved 1048576K
Event: 3.865 GC heap after
Heap after GC invocations=4 (full 1):
 PSYoungGen      total 72704K, used 4704K [0x000000076ef80000, 0x0000000776500000, 0x00000007c0000000)
  eden space 62464K, 0% used [0x000000076ef80000,0x000000076ef80000,0x0000000772c80000)
  from space 10240K, 45% used [0x0000000772c80000,0x0000000773118020,0x0000000773680000)
  to   space 10240K, 0% used [0x0000000775b00000,0x0000000775b00000,0x0000000776500000)
 ParOldGen       total 90624K, used 7426K [0x00000006cce00000, 0x00000006d2680000, 0x000000076ef80000)
  object space 90624K, 8% used [0x00000006cce00000,0x00000006cd540b38,0x00000006d2680000)
 Metaspace       used 22407K, capacity 23536K, committed 23808K, reserved 1069056K
  class space    used 3186K, capacity 3467K, committed 3584K, reserved 1048576K
}

Deoptimization events (10 events):
Event: 3.792 Thread 0x00000144c8d41800 Uncommon trap: reason=array_check action=maybe_recompile pc=0x00000144aef2a844 method=com.sun.javafx.css.CompoundSelector.applies(Ljavafx/css/Styleable;[Ljava/util/Set;I)Z @ 128
Event: 3.792 Thread 0x00000144c8d41800 Uncommon trap: reason=array_check action=maybe_recompile pc=0x00000144aef2a844 method=com.sun.javafx.css.CompoundSelector.applies(Ljavafx/css/Styleable;[Ljava/util/Set;I)Z @ 128
Event: 3.817 Thread 0x00000144c8d41800 Uncommon trap: reason=unstable_if action=reinterpret pc=0x00000144aeb6f864 method=javafx.scene.CssStyleHelper.lookup(Ljavafx/css/Styleable;Ljavafx/css/CssMetaData;Lcom/sun/javafx/css/StyleMap;Ljava/util/Set;Ljavafx/css/Styleable;Lcom/sun/javafx/css/Calcul
Event: 3.818 Thread 0x00000144c8d41800 Uncommon trap: reason=bimorphic action=maybe_recompile pc=0x00000144aeca13d0 method=java.util.concurrent.ConcurrentHashMap.get(Ljava/lang/Object;)Ljava/lang/Object; @ 149
Event: 3.818 Thread 0x00000144c8d41800 Uncommon trap: reason=bimorphic action=maybe_recompile pc=0x00000144aeca13d0 method=java.util.concurrent.ConcurrentHashMap.get(Ljava/lang/Object;)Ljava/lang/Object; @ 149
Event: 3.819 Thread 0x00000144c8d41800 Uncommon trap: reason=bimorphic action=maybe_recompile pc=0x00000144aeca13d0 method=java.util.concurrent.ConcurrentHashMap.get(Ljava/lang/Object;)Ljava/lang/Object; @ 149
Event: 3.819 Thread 0x00000144c8d41800 Uncommon trap: reason=bimorphic action=maybe_recompile pc=0x00000144aeca13d0 method=java.util.concurrent.ConcurrentHashMap.get(Ljava/lang/Object;)Ljava/lang/Object; @ 149
Event: 3.836 Thread 0x00000144c8d41800 Uncommon trap: reason=class_check action=maybe_recompile pc=0x00000144aef2e218 method=com.sun.javafx.collections.VetoableListDecorator.size()I @ 4
Event: 3.877 Thread 0x00000144c8d41800 Uncommon trap: reason=null_check action=make_not_entrant pc=0x00000144aeeb2468 method=javafx.scene.Node$MiscProperties.getClip()Ljavafx/scene/Node; @ 20
Event: 3.888 Thread 0x00000144c8d41800 Uncommon trap: reason=unstable_if action=reinterpret pc=0x00000144aec95da4 method=jdk.internal.org.objectweb.asm.Item.isEqualTo(Ljdk/internal/org/objectweb/asm/Item;)Z @ 331

Internal exceptions (10 events):
Event: 1.121 Thread 0x00000144c8d41800 Exception <a 'java/lang/ClassCastException': java.lang.String cannot be cast to java.lang.Class> (0x00000007713eb2c8) thrown at [C:\re\workspace\8-2-build-windows-amd64-cygwin\jdk8u121\8372\hotspot\src\share\vm\interpreter\interpreterRuntime.cpp, line 381
Event: 1.188 Thread 0x00000144c8d41800 Exception <a 'java/lang/ClassCastException': java.lang.String cannot be cast to java.lang.Class> (0x00000007716218e8) thrown at [C:\re\workspace\8-2-build-windows-amd64-cygwin\jdk8u121\8372\hotspot\src\share\vm\interpreter\interpreterRuntime.cpp, line 381
Event: 1.212 Thread 0x00000144c8d41800 Exception <a 'java/lang/ClassCastException': java.lang.String cannot be cast to java.lang.Class> (0x00000007716c8000) thrown at [C:\re\workspace\8-2-build-windows-amd64-cygwin\jdk8u121\8372\hotspot\src\share\vm\interpreter\interpreterRuntime.cpp, line 381
Event: 1.214 Thread 0x00000144c8d41800 Exception <a 'java/lang/ClassCastException': java.lang.String cannot be cast to java.lang.Class> (0x00000007716d8bd8) thrown at [C:\re\workspace\8-2-build-windows-amd64-cygwin\jdk8u121\8372\hotspot\src\share\vm\interpreter\interpreterRuntime.cpp, line 381
Event: 1.215 Thread 0x00000144c8d41800 Exception <a 'java/lang/ClassCastException': java.lang.String cannot be cast to java.lang.Class> (0x00000007716d9968) thrown at [C:\re\workspace\8-2-build-windows-amd64-cygwin\jdk8u121\8372\hotspot\src\share\vm\interpreter\interpreterRuntime.cpp, line 381
Event: 1.238 Thread 0x00000144c8d41800 Exception <a 'java/lang/ClassCastException': java.lang.String cannot be cast to java.lang.Class> (0x000000077174d978) thrown at [C:\re\workspace\8-2-build-windows-amd64-cygwin\jdk8u121\8372\hotspot\src\share\vm\interpreter\interpreterRuntime.cpp, line 381
Event: 1.648 Thread 0x00000144c8d41800 Implicit null exception at 0x00000144ae848ed4 to 0x00000144ae849269
Event: 1.650 Thread 0x00000144c8d41800 Implicit null exception at 0x00000144ae7fdd56 to 0x00000144ae7fe0dd
Event: 1.705 Thread 0x00000144c8d41800 Implicit null exception at 0x00000144aeb1d3f0 to 0x00000144aeb1d939
Event: 3.877 Thread 0x00000144c8d41800 Implicit null exception at 0x00000144aeeb240e to 0x00000144aeeb245d

Events (10 events):
Event: 4.128 Executing VM operation: EnableBiasedLocking
Event: 4.129 Executing VM operation: EnableBiasedLocking done
Event: 4.260 loading class com/sun/glass/ui/ClipboardAssistance
Event: 4.260 loading class com/sun/glass/ui/ClipboardAssistance done
Event: 4.261 loading class com/sun/javafx/tk/quantum/GlassViewEventHandler
Event: 4.261 loading class com/sun/javafx/tk/quantum/GlassViewEventHandler done
Event: 4.262 loading class com/sun/glass/ui/ClipboardAssistance
Event: 4.262 loading class com/sun/glass/ui/ClipboardAssistance done
Event: 4.262 loading class com/sun/javafx/tk/quantum/GlassSceneDnDEventHandler
Event: 4.262 loading class com/sun/javafx/tk/quantum/GlassSceneDnDEventHandler done


Dynamic libraries:
0x00007ff705ed0000 - 0x00007ff705ef3000 	C:\Program Files\ooRexx\rexx.exe
0x00007ffe72930000 - 0x00007ffe72b01000 	C:\Windows\SYSTEM32\ntdll.dll
0x00007ffe72610000 - 0x00007ffe726bb000 	C:\Windows\System32\KERNEL32.DLL
0x00007ffe6fc10000 - 0x00007ffe6fe2d000 	C:\Windows\System32\KERNELBASE.dll
0x00007ffe70570000 - 0x00007ffe70612000 	C:\Windows\System32\ADVAPI32.dll
0x00007ffe703f0000 - 0x00007ffe7048e000 	C:\Windows\System32\msvcrt.dll
0x00007ffe5b020000 - 0x00007ffe5b165000 	C:\Program Files\ooRexx\rexx.dll
0x00007ffe726c0000 - 0x00007ffe72719000 	C:\Windows\System32\sechost.dll
0x00007ffe71e40000 - 0x00007ffe71f61000 	C:\Windows\System32\RPCRT4.dll
0x00007ffe67fd0000 - 0x00007ffe6800a000 	C:\Program Files\ooRexx\REXXAPI.dll
0x00007ffe72490000 - 0x00007ffe725f5000 	C:\Windows\System32\USER32.dll
0x00007ffe6fea0000 - 0x00007ffe6febe000 	C:\Windows\System32\win32u.dll
0x00007ffe70490000 - 0x00007ffe704c4000 	C:\Windows\System32\GDI32.dll
0x00007ffe6ee20000 - 0x00007ffe6efa2000 	C:\Windows\System32\gdi32full.dll
0x00007ffe63f00000 - 0x00007ffe63f09000 	C:\Windows\SYSTEM32\WSOCK32.dll
0x00007ffe4ce60000 - 0x00007ffe4cf0c000 	C:\Windows\WinSxS\amd64_microsoft.windows.common-controls_6595b64144ccf1df_5.82.14393.447_none_0d5aa7fbb6d35646\COMCTL32.dll
0x00007ffe72720000 - 0x00007ffe7278a000 	C:\Windows\System32\WS2_32.dll
0x00007ffe6e820000 - 0x00007ffe6e82b000 	C:\Windows\SYSTEM32\CRYPTBASE.DLL
0x00007ffe6fe30000 - 0x00007ffe6fe9a000 	C:\Windows\System32\bcryptPrimitives.dll
0x00007ffe704d0000 - 0x00007ffe704fe000 	C:\Windows\System32\IMM32.DLL
0x000000005e320000 - 0x000000005e352000 	C:\Program Files\ooRexx\rexxutil.DLL
0x00007ffe70760000 - 0x00007ffe707b2000 	C:\Windows\System32\SHLWAPI.dll
0x00007ffe6ffc0000 - 0x00007ffe70288000 	C:\Windows\System32\combase.dll
0x00007ffe6fac0000 - 0x00007ffe6fbb5000 	C:\Windows\System32\ucrtbase.dll
0x00007ffe4cf10000 - 0x00007ffe4cf96000 	C:\Windows\SYSTEM32\WINSPOOL.DRV
0x00007ffe6ecd0000 - 0x00007ffe6ecfb000 	C:\Windows\SYSTEM32\bcrypt.dll
0x00007ffe67880000 - 0x00007ffe678b4000 	C:\Program Files\ooRexx\OREXXOLE.DLL
0x00007ffe70620000 - 0x00007ffe70757000 	C:\Windows\System32\ole32.dll
0x00007ffe70290000 - 0x00007ffe7034f000 	C:\Windows\System32\OLEAUT32.dll
0x00007ffe6f7a0000 - 0x00007ffe6f83c000 	C:\Windows\System32\msvcp_win.dll
0x00007ffe6ea00000 - 0x00007ffe6ea2c000 	C:\Windows\SYSTEM32\SspiCli.dll
0x00007ffe6e660000 - 0x00007ffe6e6bc000 	C:\Windows\system32\mswsock.dll
0x00007ffe61b80000 - 0x00007ffe61b96000 	C:\Windows\system32\napinsp.dll
0x00007ffe62460000 - 0x00007ffe6247a000 	C:\Windows\system32\pnrpnsp.dll
0x00007ffe6c040000 - 0x00007ffe6c058000 	C:\Windows\system32\NLAapi.dll
0x00007ffe6e420000 - 0x00007ffe6e4c1000 	C:\Windows\SYSTEM32\DNSAPI.dll
0x00007ffe72600000 - 0x00007ffe72608000 	C:\Windows\System32\NSI.dll
0x00007ffe6e3e0000 - 0x00007ffe6e418000 	C:\Windows\SYSTEM32\IPHLPAPI.DLL
0x00007ffe65f10000 - 0x00007ffe65f1e000 	C:\Windows\System32\winrnr.dll
0x00007ffe67380000 - 0x00007ffe673ea000 	C:\Windows\System32\fwpuclnt.dll
0x00007ffe676d0000 - 0x00007ffe676da000 	C:\Windows\System32\rasadhlp.dll
0x0000000010000000 - 0x000000001002b000 	C:\Program Files\BSF4ooRexx\BSF4ooRexx.DLL
0x000000005c980000 - 0x000000005d21b000 	C:\Program Files\Java\jre1.8.0_121\bin\server\jvm.DLL
0x00007ffe71e30000 - 0x00007ffe71e38000 	C:\Windows\System32\PSAPI.DLL
0x00007ffe6c060000 - 0x00007ffe6c06a000 	C:\Windows\SYSTEM32\VERSION.dll
0x000000005e520000 - 0x000000005e5f2000 	C:\Windows\SYSTEM32\MSVCR100.dll
0x00007ffe6d130000 - 0x00007ffe6d153000 	C:\Windows\SYSTEM32\WINMM.dll
0x00007ffe6d0d0000 - 0x00007ffe6d0fb000 	C:\Windows\SYSTEM32\WINMMBASE.dll
0x00007ffe6fbc0000 - 0x00007ffe6fc02000 	C:\Windows\System32\cfgmgr32.dll
0x000000005e310000 - 0x000000005e31f000 	C:\Program Files\Java\jre1.8.0_121\bin\verify.dll
0x000000005e2e0000 - 0x000000005e309000 	C:\Program Files\Java\jre1.8.0_121\bin\java.dll
0x000000005e2c0000 - 0x000000005e2d6000 	C:\Program Files\Java\jre1.8.0_121\bin\zip.dll
0x00007ffe707c0000 - 0x00007ffe71cc9000 	C:\Windows\System32\SHELL32.dll
0x00007ffe6f010000 - 0x00007ffe6f6ea000 	C:\Windows\System32\windows.storage.dll
0x00007ffe6ed90000 - 0x00007ffe6eddc000 	C:\Windows\System32\powrprof.dll
0x00007ffe6ede0000 - 0x00007ffe6edef000 	C:\Windows\System32\kernel.appcore.dll
0x00007ffe6fa10000 - 0x00007ffe6fab9000 	C:\Windows\System32\shcore.dll
0x00007ffe6ee00000 - 0x00007ffe6ee14000 	C:\Windows\System32\profapi.dll
0x000000005e120000 - 0x000000005e2b8000 	C:\Program Files\Java\jre1.8.0_121\bin\awt.dll
0x00007ffe6d330000 - 0x00007ffe6d3aa000 	C:\Windows\SYSTEM32\apphelp.dll
0x00007ffe57ca0000 - 0x00007ffe57d8f000 	C:\Program Files\Java\jre1.8.0_121\bin\msvcr120.dll
0x00007ffe57bf0000 - 0x00007ffe57c96000 	C:\Program Files\Java\jre1.8.0_121\bin\msvcp120.dll
0x000000005e0f0000 - 0x000000005e112000 	C:\Program Files\Java\jre1.8.0_121\bin\prism_d3d.dll
0x00007ffe3dc60000 - 0x00007ffe3dded000 	C:\Windows\system32\d3d9.dll
0x00007ffe6cac0000 - 0x00007ffe6cae6000 	C:\Windows\SYSTEM32\dwmapi.dll
0x00007ffe6d510000 - 0x00007ffe6d5a5000 	C:\Windows\system32\uxtheme.dll
0x00007ffe6b5c0000 - 0x00007ffe6b727000 	C:\Windows\SYSTEM32\aticfx64.dll
0x00007ffe3f170000 - 0x00007ffe3f191000 	C:\Windows\SYSTEM32\atiu9p64.dll
0x00007ffe3d030000 - 0x00007ffe3d889000 	C:\Windows\SYSTEM32\atiumd64.dll
0x000000005d220000 - 0x000000005daa8000 	C:\Windows\SYSTEM32\atiumd6a.dll
0x000000005e0a0000 - 0x000000005e0e3000 	C:\Program Files\Java\jre1.8.0_121\bin\glass.dll
0x00007ffe6fec0000 - 0x00007ffe6ffba000 	C:\Windows\System32\COMDLG32.dll
0x00007ffe71cd0000 - 0x00007ffe71e2a000 	C:\Windows\System32\MSCTF.dll
0x000000005e080000 - 0x000000005e094000 	C:\Program Files\Java\jre1.8.0_121\bin\javafx_font.dll
0x00007ffe679a0000 - 0x00007ffe67c09000 	C:\Windows\SYSTEM32\dwrite.dll
0x00007ffe70350000 - 0x00007ffe703ef000 	C:\Windows\System32\clbcatq.dll
0x00007ffe5fd70000 - 0x00007ffe5ffea000 	C:\Windows\WinSxS\amd64_microsoft.windows.common-controls_6595b64144ccf1df_6.0.14393.953_none_42151e83c686086b\comctl32.dll
0x00007ffe6c410000 - 0x00007ffe6c5b8000 	C:\Windows\SYSTEM32\WindowsCodecs.dll
0x00007ffe602b0000 - 0x00007ffe602f9000 	C:\Windows\system32\dataexchange.dll
0x00007ffe6b940000 - 0x00007ffe6bbf6000 	C:\Windows\system32\d3d11.dll
0x00007ffe6cca0000 - 0x00007ffe6cdf1000 	C:\Windows\system32\dcomp.dll
0x00007ffe6dd10000 - 0x00007ffe6ddaf000 	C:\Windows\system32\dxgi.dll
0x00007ffe6d7e0000 - 0x00007ffe6d8fc000 	C:\Windows\system32\twinapi.appcore.dll
0x00007ffe67780000 - 0x00007ffe677b2000 	C:\Program Files\Common Files\Microsoft Shared\Ink\rtscom.dll
0x000000005e060000 - 0x000000005e071000 	C:\Program Files\Java\jre1.8.0_121\bin\prism_common.dll
0x00007ffe6b330000 - 0x00007ffe6b4c2000 	C:\Windows\SYSTEM32\dbghelp.dll

VM Arguments:
java_command: <unknown>
java_class_path (initial): C:\Program Files\BSF4ooRexx\bsf4ooRexx-v600-20170213-bin.jar;C:\Program Files\BSF4ooRexx\jni4net.j-0.8.8.0.jar;C:\Program Files\BSF4ooRexx\oorexx.net.jar;.;C:\Users\Adrian\Documents\FH Campus\06_Cloud Security\SCCS_Autoverleih\car_renting_service\SOAP4ooRexx.jar;C:\Users\Adrian\Documents\WU\javafx\staff\controlsfx-8.40.12.jar;
Launcher Type: generic

Environment Variables:
CLASSPATH=C:\Program Files\BSF4ooRexx\bsf4ooRexx-v600-20170213-bin.jar;C:\Program Files\BSF4ooRexx\jni4net.j-0.8.8.0.jar;C:\Program Files\BSF4ooRexx\oorexx.net.jar;.;C:\Users\Adrian\Documents\FH Campus\06_Cloud Security\SCCS_Autoverleih\car_renting_service\SOAP4ooRexx.jar;C:\Users\Adrian\Documents\WU\javafx\staff\controlsfx-8.40.12.jar;
PATH=C:\ProgramData\Oracle\Java\javapath;C:\Windows\system32;C:\Windows;C:\Windows\System32\Wbem;C:\Windows\System32\WindowsPowerShell\v1.0\;C:\Program Files (x86)\ATI Technologies\ATI.ACE\Core-Static;C:\Program Files\MiKTeX 2.9\miktex\bin\x64\;C:\Program Files\ooRexx;C:\Program Files\BSF4ooRexx;C:\Program Files\Java\jre1.8.0_121\bin\server;C:\Program Files (x86)\GtkSharp\2.12\bin;C:\Users\Adrian\AppData\Local\Programs\Python\Python35-32\Scripts\;C:\Users\Adrian\AppData\Local\Programs\Python\Python35-32\;C:\Users\Adrian\AppData\Local\Microsoft\WindowsApps;C:\Users\Adrian\AppData\Roaming\Dashlane\4.6.5.21982\bin\Firefox_Extension\{442718d9-475e-452a-b3e1-fb1ee16b8e9f}\components;C:\Users\Adrian\AppData\Roaming\Dashlane\4.6.6.23032\bin\Firefox_Extension\{442718d9-475e-452a-b3e1-fb1ee16b8e9f}\components;C:\Program Files (x86)\openssl\bin;C:\Users\Adrian\AppData\Roaming\Dashlane\4.6.8.25848\bin\Firefox_Extension\{442718d9-475e-452a-b3e1-fb1ee16b8e9f}\components
USERNAME=Adrian
OS=Windows_NT
PROCESSOR_IDENTIFIER=AMD64 Family 21 Model 19 Stepping 1, AuthenticAMD



---------------  S Y S T E M  ---------------

OS: Windows 10.0 , 64 bit Build 14393 (10.0.14393.0)

CPU:total 4 (4 cores per cpu, 1 threads per core) family 21 model 19 stepping 1, cmov, cx8, fxsr, mmx, sse, sse2, sse3, ssse3, sse4.1, sse4.2, popcnt, avx, aes, clmul, mmxext, 3dnowpref, lzcnt, sse4a, tsc, tscinvbit, tscinv, bmi1

Memory: 4k page, physical 15930560k(12441136k free), swap 18289856k(13846300k free)

vm_info: Java HotSpot(TM) 64-Bit Server VM (25.121-b13) for windows-amd64 JRE (1.8.0_121-b13), built on Dec 12 2016 18:21:36 by "java_re" with MS VC++ 10.0 (VS2010)

time: Sat Mar 18 17:18:04 2017
elapsed time: 4 seconds (0d 0h 0m 4s)

