#
# A fatal error has been detected by the Java Runtime Environment:
#
#  EXCEPTION_ACCESS_VIOLATION (0xc0000005) at pc=0x00007ffe57ca32ba, pid=8756, tid=0x0000000000002bd4
#
# JRE version: Java(TM) SE Runtime Environment (8.0_121-b13) (build 1.8.0_121-b13)
# Java VM: Java HotSpot(TM) 64-Bit Server VM (25.121-b13 mixed mode windows-amd64 compressed oops)
# Problematic frame:
# C  [rexx.dll+0x632ba]
#
# Failed to write core dump. Minidumps are not enabled by default on client versions of Windows
#
# If you would like to submit a bug report, please visit:
#   http://bugreport.java.com/bugreport/crash.jsp
# The crash happened outside the Java Virtual Machine in native code.
# See problematic frame for where to report the bug.
#

---------------  T H R E A D  ---------------

Current thread (0x0000016b7b824800):  JavaThread "JavaFX Application Thread" [_thread_in_native, id=11220, stack(0x0000002d32d00000,0x0000002d32d80000)]

siginfo: ExceptionCode=0xc0000005, writing address 0x00007ffe57d10f30

Registers:
RAX=0x0000000000000002, RBX=0x00007ff703fc6c40, RCX=0x00007ffe57d5db80, RDX=0x00007ffe57d10f20
RSP=0x0000002d32d78b78, RBP=0x0000000000000000, RSI=0x0000000000000000, RDI=0x0000000000000042
R8 =0x00007ffe57d5db80, R9 =0x0000000000000042, R10=0x000000000000fffc, R11=0x00007ff703be1c60
R12=0x0000016b7b8249f8, R13=0x0000016b7c8c3e40, R14=0x0000000000000042, R15=0x000000000000fffc
RIP=0x00007ffe57ca32ba, EFLAGS=0x0000000000010246

Top of Stack: (sp=0x0000002d32d78b78)
0x0000002d32d78b78:   00007ffe57c88505 00007ff703fc6c40
0x0000002d32d78b88:   00007ff703fc6c40 0000000000000042
0x0000002d32d78b98:   0000000000000042 00007ffe57d5cd60
0x0000002d32d78ba8:   00007ffe57ca354d 00007ff7050d0020
0x0000002d32d78bb8:   00007ffe57d5db80 00007ff703fc6c40
0x0000002d32d78bc8:   00007ffe57d5cc20 0000000000000000
0x0000002d32d78bd8:   0000000000000000 00007ffe57d5db80
0x0000002d32d78be8:   00007ffe57ca23b8 0000000000004800
0x0000002d32d78bf8:   0000000000004800 00000000000000ae
0x0000002d32d78c08:   0000000000000000 00007ffe57d5e558
0x0000002d32d78c18:   00007ffe57c97bf8 00007ff702acf1d0
0x0000002d32d78c28:   0000000000000000 0000000000000000
0x0000002d32d78c38:   00007ffe6fc275ff 0000000000004800
0x0000002d32d78c48:   00007ffe57c97dfa 00007ffe57d5e558
0x0000002d32d78c58:   00007ffe72967a68 0000016b00000000
0x0000002d32d78c68:   0000000000000000 0000000000004800 

Instructions: (pc=0x00007ffe57ca32ba)
0x00007ffe57ca329a:   cc cc cc cc cc cc 48 8d 0d 51 da 07 00 e9 b4 5c
0x00007ffe57ca32aa:   03 00 cc cc cc cc 48 8b 41 20 41 ba fc ff 00 00
0x00007ffe57ca32ba:   66 44 21 52 10 4c 8b c8 66 09 42 10 49 83 c9 40
0x00007ffe57ca32ca:   0f b6 42 10 4c 8b c1 c0 e8 05 a8 01 74 26 48 8b 


Register to memory mapping:

RAX=0x0000000000000002 is an unknown value
RBX=0x00007ff703fc6c40 is an unknown value
RCX=0x00007ffe57d5db80 is an unknown value
RDX=0x00007ffe57d10f20 is an unknown value
RSP=0x0000002d32d78b78 is pointing into the stack for thread: 0x0000016b7b824800
RBP=0x0000000000000000 is an unknown value
RSI=0x0000000000000000 is an unknown value
RDI=0x0000000000000042 is an unknown value
R8 =0x00007ffe57d5db80 is an unknown value
R9 =0x0000000000000042 is an unknown value
R10=0x000000000000fffc is an unknown value
R11=0x00007ff703be1c60 is an unknown value
R12=0x0000016b7b8249f8 is an unknown value
R13=0x0000016b7c8c3e40 is an unknown value
R14=0x0000000000000042 is an unknown value
R15=0x000000000000fffc is an unknown value


Stack: [0x0000002d32d00000,0x0000002d32d80000],  sp=0x0000002d32d78b78,  free space=482k
Native frames: (J=compiled Java code, j=interpreted, Vv=VM code, C=native code)

Java frames: (J=compiled Java code, j=interpreted, Vv=VM code)
J 2669  org.rexxla.bsf.engines.rexx.RexxAndJava.jniRexxSendMessageToRexxObject(Ljava/lang/String;Ljava/lang/String;Ljava/lang/String;Ljava/lang/String;Ljava/lang/String;Ljava/lang/String;Ljava/lang/String;[Ljava/lang/Object;Ljava/lang/String;)Ljava/lang/Object; (0 bytes) @ 0x0000016b618939d2 [0x0000016b618938c0+0x112]
J 3871 C1 org.rexxla.bsf.engines.rexx.RexxEngine.call(Lorg/rexxla/bsf/engines/rexx/RexxProxy;Ljava/lang/Object;Ljava/lang/String;Ljava/lang/String;[Ljava/lang/Object;)Ljava/lang/Object; (705 bytes) @ 0x0000016b61cc110c [0x0000016b61cbde20+0x32ec]
J 3870 C1 org.rexxla.bsf.engines.rexx.RexxProxy.invoke(Ljava/lang/Object;Ljava/lang/String;Ljava/lang/String;[Ljava/lang/Object;)Ljava/lang/Object; (129 bytes) @ 0x0000016b61cc7664 [0x0000016b61cc59e0+0x1c84]
J 3872 C1 ooRexxTableCell.updateItem(Ljava/lang/Object;Z)V (52 bytes) @ 0x0000016b61cb18ec [0x0000016b61cb1460+0x48c]
J 3336 C1 javafx.scene.control.TableCell.updateItem(I)V (317 bytes) @ 0x0000016b61abb124 [0x0000016b61ab86c0+0x2a64]
J 3335 C1 javafx.scene.control.TableCell.indexChanged(II)V (20 bytes) @ 0x0000016b61ab7fec [0x0000016b61ab7f20+0xcc]
J 3347 C1 javafx.scene.control.IndexedCell.updateIndex(I)V (23 bytes) @ 0x0000016b61ac154c [0x0000016b61ac11a0+0x3ac]
j  com.sun.javafx.scene.control.skin.TableRowSkinBase.requestCellUpdate()V+57
j  com.sun.javafx.scene.control.skin.TableRowSkinBase.lambda$init$497(Ljavafx/beans/Observable;)V+1
j  com.sun.javafx.scene.control.skin.TableRowSkinBase$$Lambda$268.invalidated(Ljavafx/beans/Observable;)V+5
J 2772 C1 com.sun.javafx.binding.ExpressionHelper$Generic.fireValueChangedEvent()V (218 bytes) @ 0x0000016b618d11dc [0x0000016b618d1040+0x19c]
J 3338 C2 javafx.beans.property.ObjectPropertyBase.fireValueChangedEvent()V (8 bytes) @ 0x0000016b619ec454 [0x0000016b619ec400+0x54]
J 2833 C2 javafx.beans.property.ObjectPropertyBase.set(Ljava/lang/Object;)V (110 bytes) @ 0x0000016b618f7dfc [0x0000016b618f7d60+0x9c]
J 3366 C1 javafx.scene.control.Cell.updateItem(Ljava/lang/Object;Z)V (27 bytes) @ 0x0000016b61ac70bc [0x0000016b61ac6ee0+0x1dc]
j  javafx.scene.control.TableRow.updateItem(I)V+114
j  javafx.scene.control.TableRow.indexChanged(II)V+8
J 3347 C1 javafx.scene.control.IndexedCell.updateIndex(I)V (23 bytes) @ 0x0000016b61ac154c [0x0000016b61ac11a0+0x3ac]
j  com.sun.javafx.scene.control.skin.VirtualFlow.setCellIndex(Ljavafx/scene/control/IndexedCell;I)V+20
j  com.sun.javafx.scene.control.skin.VirtualFlow.addTrailingCells(Z)Z+199
j  com.sun.javafx.scene.control.skin.VirtualFlow.layoutChildren()V+1105
J 2464 C1 javafx.scene.Parent.layout()V (139 bytes) @ 0x0000016b61802d74 [0x0000016b61802b40+0x234]
J 2464 C1 javafx.scene.Parent.layout()V (139 bytes) @ 0x0000016b618032b4 [0x0000016b61802b40+0x774]
J 2464 C1 javafx.scene.Parent.layout()V (139 bytes) @ 0x0000016b618032b4 [0x0000016b61802b40+0x774]
J 2464 C1 javafx.scene.Parent.layout()V (139 bytes) @ 0x0000016b618032b4 [0x0000016b61802b40+0x774]
J 3327 C1 javafx.scene.Scene.doLayoutPass()V (14 bytes) @ 0x0000016b61ab5bc4 [0x0000016b61ab57e0+0x3e4]
J 3829 C1 javafx.scene.Scene$ScenePulseListener.pulse()V (397 bytes) @ 0x0000016b61c6c504 [0x0000016b61c6ba40+0xac4]
J 3156 C1 com.sun.javafx.tk.Toolkit$$Lambda$282.run()Ljava/lang/Object; (8 bytes) @ 0x0000016b61a1b0cc [0x0000016b61a1af80+0x14c]
v  ~StubRoutines::call_stub
J 2390  java.security.AccessController.doPrivileged(Ljava/security/PrivilegedAction;Ljava/security/AccessControlContext;)Ljava/lang/Object; (0 bytes) @ 0x0000016b617db8e6 [0x0000016b617db880+0x66]
J 4089 C1 com.sun.javafx.tk.Toolkit.firePulse()V (279 bytes) @ 0x0000016b61d90d74 [0x0000016b61d8ed80+0x1ff4]
J 4083 C1 com.sun.javafx.tk.quantum.QuantumToolkit.pulse(Z)V (164 bytes) @ 0x0000016b61d8dfdc [0x0000016b61d8d980+0x65c]
J 3452 C1 com.sun.javafx.tk.quantum.QuantumToolkit$$Lambda$45.run()V (8 bytes) @ 0x0000016b61b14354 [0x0000016b61b14140+0x214]
J 4051 C1 com.sun.glass.ui.InvokeLaterDispatcher$Future.run()V (91 bytes) @ 0x0000016b61d717d4 [0x0000016b61d716c0+0x114]
v  ~StubRoutines::call_stub
J 2669  org.rexxla.bsf.engines.rexx.RexxAndJava.jniRexxSendMessageToRexxObject(Ljava/lang/String;Ljava/lang/String;Ljava/lang/String;Ljava/lang/String;Ljava/lang/String;Ljava/lang/String;Ljava/lang/String;[Ljava/lang/Object;Ljava/lang/String;)Ljava/lang/Object; (0 bytes) @ 0x0000016b618939d2 [0x0000016b618938c0+0x112]
j  org.rexxla.bsf.engines.rexx.RexxEngine.call(Ljava/lang/Object;Ljava/lang/String;[Ljava/lang/Object;)Ljava/lang/Object;+235
j  org.rexxla.bsf.engines.rexx.RexxProxy.sendMessage1(Ljava/lang/String;Ljava/lang/Object;)Ljava/lang/Object;+59
j  org.rexxla.bsf.engines.rexx.jsr223.RexxCompiledScript.eval(Ljavax/script/ScriptContext;)Ljava/lang/Object;+127
j  org.rexxla.bsf.engines.rexx.jsr223.RexxScriptEngine.eval(Ljava/lang/String;Ljavax/script/ScriptContext;)Ljava/lang/Object;+55
j  javax.script.AbstractScriptEngine.eval(Ljava/lang/String;)Ljava/lang/Object;+6
j  javafx.fxml.FXMLLoader$ScriptEventHandler.handle(Ljavafx/event/Event;)V+59
J 2401 C1 com.sun.javafx.event.CompositeEventHandler.dispatchBubblingEvent(Ljavafx/event/Event;)V (57 bytes) @ 0x0000016b617e32a4 [0x0000016b617e2ec0+0x3e4]
J 2387 C1 com.sun.javafx.event.EventHandlerManager.dispatchBubblingEvent(Ljavafx/event/Event;)Ljavafx/event/Event; (23 bytes) @ 0x0000016b617e058c [0x0000016b617dfee0+0x6ac]
J 2355 C1 com.sun.javafx.event.BasicEventDispatcher.dispatchEvent(Ljavafx/event/Event;Ljavafx/event/EventDispatchChain;)Ljavafx/event/Event; (44 bytes) @ 0x0000016b617be4bc [0x0000016b617be180+0x33c]
J 2338 C1 com.sun.javafx.event.EventDispatchChainImpl.dispatchEvent(Ljavafx/event/Event;)Ljavafx/event/Event; (101 bytes) @ 0x0000016b617b8ebc [0x0000016b617b8d00+0x1bc]
J 3058 C1 com.sun.javafx.event.EventUtil.fireEvent(Ljavafx/event/EventTarget;Ljavafx/event/Event;)Ljavafx/event/Event; (81 bytes) @ 0x0000016b619b7cb4 [0x0000016b619b70c0+0xbf4]
J 3057 C1 javafx.event.Event.fireEvent(Ljavafx/event/EventTarget;Ljavafx/event/Event;)V (35 bytes) @ 0x0000016b619b37ac [0x0000016b619b36e0+0xcc]
j  impl.org.controlsfx.skin.BreadCrumbBarSkin.onBreadCrumbAction(Ljavafx/scene/control/TreeItem;)V+17
j  impl.org.controlsfx.skin.BreadCrumbBarSkin.lambda$createCrumb$24(Ljavafx/scene/control/TreeItem;Ljavafx/event/ActionEvent;)V+2
j  impl.org.controlsfx.skin.BreadCrumbBarSkin$$Lambda$123.handle(Ljavafx/event/Event;)V+12
J 2401 C1 com.sun.javafx.event.CompositeEventHandler.dispatchBubblingEvent(Ljavafx/event/Event;)V (57 bytes) @ 0x0000016b617e32a4 [0x0000016b617e2ec0+0x3e4]
J 2387 C1 com.sun.javafx.event.EventHandlerManager.dispatchBubblingEvent(Ljavafx/event/Event;)Ljavafx/event/Event; (23 bytes) @ 0x0000016b617e058c [0x0000016b617dfee0+0x6ac]
J 2409 C1 com.sun.javafx.event.CompositeEventDispatcher.dispatchBubblingEvent(Ljavafx/event/Event;)Ljavafx/event/Event; (35 bytes) @ 0x0000016b617e3e1c [0x0000016b617e3c60+0x1bc]
J 2355 C1 com.sun.javafx.event.BasicEventDispatcher.dispatchEvent(Ljavafx/event/Event;Ljavafx/event/EventDispatchChain;)Ljavafx/event/Event; (44 bytes) @ 0x0000016b617be4bc [0x0000016b617be180+0x33c]
J 2338 C1 com.sun.javafx.event.EventDispatchChainImpl.dispatchEvent(Ljavafx/event/Event;)Ljavafx/event/Event; (101 bytes) @ 0x0000016b617b8ebc [0x0000016b617b8d00+0x1bc]
J 2355 C1 com.sun.javafx.event.BasicEventDispatcher.dispatchEvent(Ljavafx/event/Event;Ljavafx/event/EventDispatchChain;)Ljavafx/event/Event; (44 bytes) @ 0x0000016b617be3d4 [0x0000016b617be180+0x254]
J 2338 C1 com.sun.javafx.event.EventDispatchChainImpl.dispatchEvent(Ljavafx/event/Event;)Ljavafx/event/Event; (101 bytes) @ 0x0000016b617b8ebc [0x0000016b617b8d00+0x1bc]
J 2355 C1 com.sun.javafx.event.BasicEventDispatcher.dispatchEvent(Ljavafx/event/Event;Ljavafx/event/EventDispatchChain;)Ljavafx/event/Event; (44 bytes) @ 0x0000016b617be3d4 [0x0000016b617be180+0x254]
J 2338 C1 com.sun.javafx.event.EventDispatchChainImpl.dispatchEvent(Ljavafx/event/Event;)Ljavafx/event/Event; (101 bytes) @ 0x0000016b617b8ebc [0x0000016b617b8d00+0x1bc]
J 2355 C1 com.sun.javafx.event.BasicEventDispatcher.dispatchEvent(Ljavafx/event/Event;Ljavafx/event/EventDispatchChain;)Ljavafx/event/Event; (44 bytes) @ 0x0000016b617be3d4 [0x0000016b617be180+0x254]
J 2338 C1 com.sun.javafx.event.EventDispatchChainImpl.dispatchEvent(Ljavafx/event/Event;)Ljavafx/event/Event; (101 bytes) @ 0x0000016b617b8ebc [0x0000016b617b8d00+0x1bc]
J 3058 C1 com.sun.javafx.event.EventUtil.fireEvent(Ljavafx/event/EventTarget;Ljavafx/event/Event;)Ljavafx/event/Event; (81 bytes) @ 0x0000016b619b7cb4 [0x0000016b619b70c0+0xbf4]
J 3057 C1 javafx.event.Event.fireEvent(Ljavafx/event/EventTarget;Ljavafx/event/Event;)V (35 bytes) @ 0x0000016b619b37ac [0x0000016b619b36e0+0xcc]
j  javafx.scene.Node.fireEvent(Ljavafx/event/Event;)V+86
j  javafx.scene.control.Button.fire()V+15
j  com.sun.javafx.scene.control.behavior.ButtonBehavior.mouseReleased(Ljavafx/scene/input/MouseEvent;)V+23
j  com.sun.javafx.scene.control.skin.BehaviorSkinBase$1.handle(Ljavafx/scene/input/MouseEvent;)V+83
j  com.sun.javafx.scene.control.skin.BehaviorSkinBase$1.handle(Ljavafx/event/Event;)V+5
J 3145 C1 com.sun.javafx.event.CompositeEventHandler$NormalEventHandlerRecord.handleBubblingEvent(Ljavafx/event/Event;)V (11 bytes) @ 0x0000016b61a189cc [0x0000016b61a188c0+0x10c]
J 2401 C1 com.sun.javafx.event.CompositeEventHandler.dispatchBubblingEvent(Ljavafx/event/Event;)V (57 bytes) @ 0x0000016b617e310c [0x0000016b617e2ec0+0x24c]
J 2387 C1 com.sun.javafx.event.EventHandlerManager.dispatchBubblingEvent(Ljavafx/event/Event;)Ljavafx/event/Event; (23 bytes) @ 0x0000016b617e058c [0x0000016b617dfee0+0x6ac]
J 2409 C1 com.sun.javafx.event.CompositeEventDispatcher.dispatchBubblingEvent(Ljavafx/event/Event;)Ljavafx/event/Event; (35 bytes) @ 0x0000016b617e3e1c [0x0000016b617e3c60+0x1bc]
J 2355 C1 com.sun.javafx.event.BasicEventDispatcher.dispatchEvent(Ljavafx/event/Event;Ljavafx/event/EventDispatchChain;)Ljavafx/event/Event; (44 bytes) @ 0x0000016b617be4bc [0x0000016b617be180+0x33c]
J 2338 C1 com.sun.javafx.event.EventDispatchChainImpl.dispatchEvent(Ljavafx/event/Event;)Ljavafx/event/Event; (101 bytes) @ 0x0000016b617b8ebc [0x0000016b617b8d00+0x1bc]
J 2355 C1 com.sun.javafx.event.BasicEventDispatcher.dispatchEvent(Ljavafx/event/Event;Ljavafx/event/EventDispatchChain;)Ljavafx/event/Event; (44 bytes) @ 0x0000016b617be3d4 [0x0000016b617be180+0x254]
J 2338 C1 com.sun.javafx.event.EventDispatchChainImpl.dispatchEvent(Ljavafx/event/Event;)Ljavafx/event/Event; (101 bytes) @ 0x0000016b617b8ebc [0x0000016b617b8d00+0x1bc]
J 2355 C1 com.sun.javafx.event.BasicEventDispatcher.dispatchEvent(Ljavafx/event/Event;Ljavafx/event/EventDispatchChain;)Ljavafx/event/Event; (44 bytes) @ 0x0000016b617be3d4 [0x0000016b617be180+0x254]
J 2338 C1 com.sun.javafx.event.EventDispatchChainImpl.dispatchEvent(Ljavafx/event/Event;)Ljavafx/event/Event; (101 bytes) @ 0x0000016b617b8ebc [0x0000016b617b8d00+0x1bc]
J 2355 C1 com.sun.javafx.event.BasicEventDispatcher.dispatchEvent(Ljavafx/event/Event;Ljavafx/event/EventDispatchChain;)Ljavafx/event/Event; (44 bytes) @ 0x0000016b617be3d4 [0x0000016b617be180+0x254]
J 2338 C1 com.sun.javafx.event.EventDispatchChainImpl.dispatchEvent(Ljavafx/event/Event;)Ljavafx/event/Event; (101 bytes) @ 0x0000016b617b8ebc [0x0000016b617b8d00+0x1bc]
J 3058 C1 com.sun.javafx.event.EventUtil.fireEvent(Ljavafx/event/EventTarget;Ljavafx/event/Event;)Ljavafx/event/Event; (81 bytes) @ 0x0000016b619b7804 [0x0000016b619b70c0+0x744]
J 4323 C1 javafx.scene.Scene$MouseHandler.process(Ljavafx/scene/input/MouseEvent;Z)V (735 bytes) @ 0x0000016b61e839a4 [0x0000016b61e80ec0+0x2ae4]
J 3944 C1 javafx.scene.Scene$MouseHandler.access$1500(Ljavafx/scene/Scene$MouseHandler;Ljavafx/scene/input/MouseEvent;Z)V (7 bytes) @ 0x0000016b61d06a5c [0x0000016b61d06a00+0x5c]
j  javafx.scene.Scene.impl_processMouseEvent(Ljavafx/scene/input/MouseEvent;)V+6
j  javafx.scene.Scene$ScenePeerListener.mouseEvent(Ljavafx/event/EventType;DDDDLjavafx/scene/input/MouseButton;ZZZZZZZZZ)V+46
j  com.sun.javafx.tk.quantum.GlassViewEventHandler$MouseEventNotification.run()Ljava/lang/Void;+514
J 4315 C1 com.sun.javafx.tk.quantum.GlassViewEventHandler$MouseEventNotification.run()Ljava/lang/Object; (5 bytes) @ 0x0000016b61e75bcc [0x0000016b61e75b40+0x8c]
v  ~StubRoutines::call_stub
J 2390  java.security.AccessController.doPrivileged(Ljava/security/PrivilegedAction;Ljava/security/AccessControlContext;)Ljava/lang/Object; (0 bytes) @ 0x0000016b617db8e6 [0x0000016b617db880+0x66]
J 4313 C1 com.sun.javafx.tk.quantum.GlassViewEventHandler$$Lambda$294.get()Ljava/lang/Object; (8 bytes) @ 0x0000016b61e6f3cc [0x0000016b61e6f1e0+0x1ec]
J 3294 C1 com.sun.javafx.tk.quantum.QuantumToolkit.runWithoutRenderLock(Ljava/util/function/Supplier;)Ljava/lang/Object; (49 bytes) @ 0x0000016b61a9fba4 [0x0000016b61a9f660+0x544]
J 4310 C1 com.sun.javafx.tk.quantum.GlassViewEventHandler.handleMouseEvent(Lcom/sun/glass/ui/View;JIIIIIIIZZ)V (108 bytes) @ 0x0000016b61e70364 [0x0000016b61e6ff40+0x424]
J 3299 C1 com.sun.glass.ui.View.notifyMouse(IIIIIIIZZ)V (221 bytes) @ 0x0000016b61aa25dc [0x0000016b61aa14e0+0x10fc]
v  ~StubRoutines::call_stub
j  com.sun.glass.ui.win.WinApplication._runLoop(Ljava/lang/Runnable;)V+0
j  com.sun.glass.ui.win.WinApplication.lambda$null$148(ILjava/lang/Runnable;)V+8
j  com.sun.glass.ui.win.WinApplication$$Lambda$41.run()V+12
j  java.lang.Thread.run()V+11
v  ~StubRoutines::call_stub

---------------  P R O C E S S  ---------------

Java Threads: ( => current thread )
  0x0000016b7b9e4000 JavaThread "Prism Font Disposer" daemon [_thread_blocked, id=8488, stack(0x0000002d33180000,0x0000002d33200000)]
  0x0000016b7b707000 JavaThread "Thread-4" daemon [_thread_in_native, id=6120, stack(0x0000002d32f80000,0x0000002d33000000)]
=>0x0000016b7b824800 JavaThread "JavaFX Application Thread" [_thread_in_native, id=11220, stack(0x0000002d32d00000,0x0000002d32d80000)]
  0x0000016b7b841000 JavaThread "Thread-3" daemon [_thread_blocked, id=8232, stack(0x0000002d32c80000,0x0000002d32d00000)]
  0x0000016b7b909800 JavaThread "QuantumRenderer-0" daemon [_thread_blocked, id=8636, stack(0x0000002d32b00000,0x0000002d32b80000)]
  0x0000016b7b7ea000 JavaThread "JavaFX-Launcher" [_thread_blocked, id=1772, stack(0x0000002d32a80000,0x0000002d32b00000)]
  0x0000016b79c1d000 JavaThread "Service Thread" daemon [_thread_blocked, id=6476, stack(0x0000002d32980000,0x0000002d32a00000)]
  0x0000016b79bc5800 JavaThread "C1 CompilerThread2" daemon [_thread_blocked, id=7460, stack(0x0000002d32900000,0x0000002d32980000)]
  0x0000016b79bc2800 JavaThread "C2 CompilerThread1" daemon [_thread_blocked, id=6592, stack(0x0000002d32880000,0x0000002d32900000)]
  0x0000016b79bbc800 JavaThread "C2 CompilerThread0" daemon [_thread_blocked, id=10540, stack(0x0000002d32800000,0x0000002d32880000)]
  0x0000016b79bbb000 JavaThread "Attach Listener" daemon [_thread_blocked, id=8444, stack(0x0000002d32780000,0x0000002d32800000)]
  0x0000016b79bba000 JavaThread "Signal Dispatcher" daemon [_thread_blocked, id=8980, stack(0x0000002d32700000,0x0000002d32780000)]
  0x0000016b60fea000 JavaThread "Finalizer" daemon [_thread_blocked, id=5624, stack(0x0000002d32680000,0x0000002d32700000)]
  0x0000016b60fdf000 JavaThread "Reference Handler" daemon [_thread_blocked, id=1708, stack(0x0000002d32600000,0x0000002d32680000)]
  0x0000016b60ef0800 JavaThread "main" [_thread_blocked, id=2300, stack(0x0000002d31eb0000,0x0000002d31f30000)]

Other Threads:
  0x0000016b79b87800 VMThread [stack: 0x0000002d32580000,0x0000002d32600000] [id=10704]
  0x0000016b7ad69000 WatcherThread [stack: 0x0000002d32a00000,0x0000002d32a80000] [id=7884]

VM state:not at safepoint (normal execution)

VM Mutex/Monitor currently owned by a thread: None

Heap:
 PSYoungGen      total 103424K, used 42509K [0x000000076ef80000, 0x0000000778580000, 0x00000007c0000000)
  eden space 93184K, 38% used [0x000000076ef80000,0x000000077128b548,0x0000000774a80000)
  from space 10240K, 64% used [0x0000000774a80000,0x00000007750f8020,0x0000000775480000)
  to   space 10240K, 0% used [0x0000000777b80000,0x0000000777b80000,0x0000000778580000)
 ParOldGen       total 92672K, used 7539K [0x00000006cce00000, 0x00000006d2880000, 0x000000076ef80000)
  object space 92672K, 8% used [0x00000006cce00000,0x00000006cd55cd80,0x00000006d2880000)
 Metaspace       used 23526K, capacity 24684K, committed 24832K, reserved 1071104K
  class space    used 3217K, capacity 3513K, committed 3584K, reserved 1048576K

Card table byte_map: [0x0000016b70430000,0x0000016b70bd0000] byte_map_base: 0x0000016b6cdc9000

Marking Bits: (ParMarkBitMap*) 0x000000005d19b6d0
 Begin Bits: [0x0000016b710f0000, 0x0000016b74db8000)
 End Bits:   [0x0000016b74db8000, 0x0000016b78a80000)

Polling page: 0x0000016b5f330000

CodeCache: size=245760Kb used=15669Kb max_used=15681Kb free=230091Kb
 bounds [0x0000016b61070000, 0x0000016b61fd0000, 0x0000016b70070000]
 total_blobs=5330 nmethods=4647 adapters=595
 compilation: enabled

Compilation events (10 events):
Event: 12.714 Thread 0x0000016b79bbc800 nmethod 4642 0x0000016b61fc2b50 code [0x0000016b61fc2ce0, 0x0000016b61fc3118]
Event: 12.769 Thread 0x0000016b79bc5800 4643       3       com.sun.javafx.scene.control.skin.VirtualFlow$ArrayLinkedList::addLast (101 bytes)
Event: 12.770 Thread 0x0000016b79bc5800 nmethod 4643 0x0000016b61fc4710 code [0x0000016b61fc4940, 0x0000016b61fc5410]
Event: 12.796 Thread 0x0000016b79bc5800 4644       3       sun.text.bidi.BidiBase::IsDefaultLevel (15 bytes)
Event: 12.796 Thread 0x0000016b79bc5800 nmethod 4644 0x0000016b61fc4390 code [0x0000016b61fc44e0, 0x0000016b61fc4678]
Event: 12.796 Thread 0x0000016b79bc5800 4645   !   3       sun.text.bidi.BidiBase::getMemory (92 bytes)
Event: 12.797 Thread 0x0000016b79bc5800 nmethod 4645 0x0000016b61fbfc10 code [0x0000016b61fbfea0, 0x0000016b61fc0f40]
Event: 12.810 Thread 0x0000016b79bc5800 4646       3       com.sun.javafx.font.CharToGlyphMapper::charsToGlyphs (133 bytes)
Event: 12.810 Thread 0x0000016b79bc5800 nmethod 4646 0x0000016b61fc5ad0 code [0x0000016b61fc5c80, 0x0000016b61fc62a0]
Event: 12.827 Thread 0x0000016b79bc2800 4647       4       javafx.collections.ListChangeBuilder::commit (517 bytes)

GC Heap History (10 events):
Event: 1.930 GC heap before
{Heap before GC invocations=2 (full 0):
 PSYoungGen      total 72704K, used 21247K [0x000000076ef80000, 0x0000000774080000, 0x00000007c0000000)
  eden space 62464K, 18% used [0x000000076ef80000,0x000000076fad84c8,0x0000000772c80000)
  from space 10240K, 94% used [0x0000000772c80000,0x00000007735e7788,0x0000000773680000)
  to   space 10240K, 0% used [0x0000000773680000,0x0000000773680000,0x0000000774080000)
 ParOldGen       total 166912K, used 16K [0x00000006cce00000, 0x00000006d7100000, 0x000000076ef80000)
  object space 166912K, 0% used [0x00000006cce00000,0x00000006cce04000,0x00000006d7100000)
 Metaspace       used 20293K, capacity 21244K, committed 21296K, reserved 1067008K
  class space    used 2920K, capacity 3159K, committed 3200K, reserved 1048576K
Event: 1.940 GC heap after
Heap after GC invocations=2 (full 0):
 PSYoungGen      total 72704K, used 7618K [0x000000076ef80000, 0x0000000777d80000, 0x00000007c0000000)
  eden space 62464K, 0% used [0x000000076ef80000,0x000000076ef80000,0x0000000772c80000)
  from space 10240K, 74% used [0x0000000773680000,0x0000000773df0ad0,0x0000000774080000)
  to   space 10240K, 0% used [0x0000000772c80000,0x0000000772c80000,0x0000000773680000)
 ParOldGen       total 166912K, used 24K [0x00000006cce00000, 0x00000006d7100000, 0x000000076ef80000)
  object space 166912K, 0% used [0x00000006cce00000,0x00000006cce06000,0x00000006d7100000)
 Metaspace       used 20293K, capacity 21244K, committed 21296K, reserved 1067008K
  class space    used 2920K, capacity 3159K, committed 3200K, reserved 1048576K
}
Event: 1.940 GC heap before
{Heap before GC invocations=3 (full 1):
 PSYoungGen      total 72704K, used 7618K [0x000000076ef80000, 0x0000000777d80000, 0x00000007c0000000)
  eden space 62464K, 0% used [0x000000076ef80000,0x000000076ef80000,0x0000000772c80000)
  from space 10240K, 74% used [0x0000000773680000,0x0000000773df0ad0,0x0000000774080000)
  to   space 10240K, 0% used [0x0000000772c80000,0x0000000772c80000,0x0000000773680000)
 ParOldGen       total 166912K, used 24K [0x00000006cce00000, 0x00000006d7100000, 0x000000076ef80000)
  object space 166912K, 0% used [0x00000006cce00000,0x00000006cce06000,0x00000006d7100000)
 Metaspace       used 20293K, capacity 21244K, committed 21296K, reserved 1067008K
  class space    used 2920K, capacity 3159K, committed 3200K, reserved 1048576K
Event: 1.989 GC heap after
Heap after GC invocations=3 (full 1):
 PSYoungGen      total 72704K, used 0K [0x000000076ef80000, 0x0000000777d80000, 0x00000007c0000000)
  eden space 62464K, 0% used [0x000000076ef80000,0x000000076ef80000,0x0000000772c80000)
  from space 10240K, 0% used [0x0000000773680000,0x0000000773680000,0x0000000774080000)
  to   space 10240K, 0% used [0x0000000772c80000,0x0000000772c80000,0x0000000773680000)
 ParOldGen       total 92672K, used 7523K [0x00000006cce00000, 0x00000006d2880000, 0x000000076ef80000)
  object space 92672K, 8% used [0x00000006cce00000,0x00000006cd558d80,0x00000006d2880000)
 Metaspace       used 20293K, capacity 21244K, committed 21296K, reserved 1067008K
  class space    used 2920K, capacity 3159K, committed 3200K, reserved 1048576K
}
Event: 6.598 GC heap before
{Heap before GC invocations=4 (full 1):
 PSYoungGen      total 72704K, used 62464K [0x000000076ef80000, 0x0000000777d80000, 0x00000007c0000000)
  eden space 62464K, 100% used [0x000000076ef80000,0x0000000772c80000,0x0000000772c80000)
  from space 10240K, 0% used [0x0000000773680000,0x0000000773680000,0x0000000774080000)
  to   space 10240K, 0% used [0x0000000772c80000,0x0000000772c80000,0x0000000773680000)
 ParOldGen       total 92672K, used 7523K [0x00000006cce00000, 0x00000006d2880000, 0x000000076ef80000)
  object space 92672K, 8% used [0x00000006cce00000,0x00000006cd558d80,0x00000006d2880000)
 Metaspace       used 22522K, capacity 23664K, committed 23936K, reserved 1069056K
  class space    used 3135K, capacity 3401K, committed 3456K, reserved 1048576K
Event: 6.602 GC heap after
Heap after GC invocations=4 (full 1):
 PSYoungGen      total 72704K, used 5504K [0x000000076ef80000, 0x0000000776200000, 0x00000007c0000000)
  eden space 62464K, 0% used [0x000000076ef80000,0x000000076ef80000,0x0000000772c80000)
  from space 10240K, 53% used [0x0000000772c80000,0x00000007731e0020,0x0000000773680000)
  to   space 10240K, 0% used [0x0000000775800000,0x0000000775800000,0x0000000776200000)
 ParOldGen       total 92672K, used 7531K [0x00000006cce00000, 0x00000006d2880000, 0x000000076ef80000)
  object space 92672K, 8% used [0x00000006cce00000,0x00000006cd55ad80,0x00000006d2880000)
 Metaspace       used 22522K, capacity 23664K, committed 23936K, reserved 1069056K
  class space    used 3135K, capacity 3401K, committed 3456K, reserved 1048576K
}
Event: 9.271 GC heap before
{Heap before GC invocations=5 (full 1):
 PSYoungGen      total 72704K, used 67968K [0x000000076ef80000, 0x0000000776200000, 0x00000007c0000000)
  eden space 62464K, 100% used [0x000000076ef80000,0x0000000772c80000,0x0000000772c80000)
  from space 10240K, 53% used [0x0000000772c80000,0x00000007731e0020,0x0000000773680000)
  to   space 10240K, 0% used [0x0000000775800000,0x0000000775800000,0x0000000776200000)
 ParOldGen       total 92672K, used 7531K [0x00000006cce00000, 0x00000006d2880000, 0x000000076ef80000)
  object space 92672K, 8% used [0x00000006cce00000,0x00000006cd55ad80,0x00000006d2880000)
 Metaspace       used 23231K, capacity 24396K, committed 24576K, reserved 1071104K
  class space    used 3215K, capacity 3509K, committed 3584K, reserved 1048576K
Event: 9.281 GC heap after
Heap after GC invocations=5 (full 1):
 PSYoungGen      total 99840K, used 6416K [0x000000076ef80000, 0x0000000775e80000, 0x00000007c0000000)
  eden space 93184K, 0% used [0x000000076ef80000,0x000000076ef80000,0x0000000774a80000)
  from space 6656K, 96% used [0x0000000775800000,0x0000000775e44170,0x0000000775e80000)
  to   space 10240K, 0% used [0x0000000774a80000,0x0000000774a80000,0x0000000775480000)
 ParOldGen       total 92672K, used 7539K [0x00000006cce00000, 0x00000006d2880000, 0x000000076ef80000)
  object space 92672K, 8% used [0x00000006cce00000,0x00000006cd55cd80,0x00000006d2880000)
 Metaspace       used 23231K, capacity 24396K, committed 24576K, reserved 1071104K
  class space    used 3215K, capacity 3509K, committed 3584K, reserved 1048576K
}
Event: 11.904 GC heap before
{Heap before GC invocations=6 (full 1):
 PSYoungGen      total 99840K, used 99600K [0x000000076ef80000, 0x0000000775e80000, 0x00000007c0000000)
  eden space 93184K, 100% used [0x000000076ef80000,0x0000000774a80000,0x0000000774a80000)
  from space 6656K, 96% used [0x0000000775800000,0x0000000775e44170,0x0000000775e80000)
  to   space 10240K, 0% used [0x0000000774a80000,0x0000000774a80000,0x0000000775480000)
 ParOldGen       total 92672K, used 7539K [0x00000006cce00000, 0x00000006d2880000, 0x000000076ef80000)
  object space 92672K, 8% used [0x00000006cce00000,0x00000006cd55cd80,0x00000006d2880000)
 Metaspace       used 23444K, capacity 24662K, committed 24832K, reserved 1071104K
  class space    used 3216K, capacity 3510K, committed 3584K, reserved 1048576K
Event: 11.911 GC heap after
Heap after GC invocations=6 (full 1):
 PSYoungGen      total 103424K, used 6624K [0x000000076ef80000, 0x0000000778580000, 0x00000007c0000000)
  eden space 93184K, 0% used [0x000000076ef80000,0x000000076ef80000,0x0000000774a80000)
  from space 10240K, 64% used [0x0000000774a80000,0x00000007750f8020,0x0000000775480000)
  to   space 10240K, 0% used [0x0000000777b80000,0x0000000777b80000,0x0000000778580000)
 ParOldGen       total 92672K, used 7539K [0x00000006cce00000, 0x00000006d2880000, 0x000000076ef80000)
  object space 92672K, 8% used [0x00000006cce00000,0x00000006cd55cd80,0x00000006d2880000)
 Metaspace       used 23444K, capacity 24662K, committed 24832K, reserved 1071104K
  class space    used 3216K, capacity 3510K, committed 3584K, reserved 1048576K
}

Deoptimization events (10 events):
Event: 6.644 Thread 0x0000016b7b824800 Uncommon trap: reason=class_check action=maybe_recompile pc=0x0000016b61b7be18 method=com.sun.javafx.collections.VetoableListDecorator.size()I @ 4
Event: 8.216 Thread 0x0000016b7b824800 Uncommon trap: reason=class_check action=maybe_recompile pc=0x0000016b61b7be18 method=com.sun.javafx.collections.VetoableListDecorator.size()I @ 4
Event: 8.217 Thread 0x0000016b7b824800 Uncommon trap: reason=class_check action=maybe_recompile pc=0x0000016b61b7be18 method=com.sun.javafx.collections.VetoableListDecorator.size()I @ 4
Event: 8.217 Thread 0x0000016b7b824800 Uncommon trap: reason=class_check action=maybe_recompile pc=0x0000016b61b7be18 method=com.sun.javafx.collections.VetoableListDecorator.size()I @ 4
Event: 8.222 Thread 0x0000016b7b824800 Uncommon trap: reason=unstable_if action=reinterpret pc=0x0000016b61a74d1c method=com.sun.javafx.geom.Path2D.needRoom(ZI)V @ 93
Event: 9.643 Thread 0x0000016b7b824800 Uncommon trap: reason=class_check action=maybe_recompile pc=0x0000016b61b6ea90 method=com.sun.javafx.collections.VetoableListDecorator.get(I)Ljava/lang/Object; @ 5
Event: 10.833 Thread 0x0000016b7b909800 Uncommon trap: reason=unstable_if action=reinterpret pc=0x0000016b61e7ad4c method=com.sun.prism.impl.GlyphCache.render(Lcom/sun/prism/impl/BaseContext;Lcom/sun/javafx/scene/text/GlyphList;FFIILcom/sun/prism/paint/Color;Lcom/sun/prism/paint/Color;Lcom/sun/
Event: 10.994 Thread 0x0000016b7b824800 Uncommon trap: reason=class_check action=maybe_recompile pc=0x0000016b61b6ea90 method=com.sun.javafx.collections.VetoableListDecorator.get(I)Ljava/lang/Object; @ 5
Event: 10.994 Thread 0x0000016b7b824800 Uncommon trap: reason=class_check action=maybe_recompile pc=0x0000016b61b6ea90 method=com.sun.javafx.collections.VetoableListDecorator.get(I)Ljava/lang/Object; @ 5
Event: 12.227 Thread 0x0000016b7b824800 Uncommon trap: reason=class_check action=maybe_recompile pc=0x0000016b61b6ea90 method=com.sun.javafx.collections.VetoableListDecorator.get(I)Ljava/lang/Object; @ 5

Internal exceptions (10 events):
Event: 1.710 Thread 0x0000016b7b824800 Implicit null exception at 0x0000016b61586df0 to 0x0000016b61587339
Event: 3.750 Thread 0x0000016b7b824800 Exception <a 'java/lang/ClassCastException': java.lang.String cannot be cast to java.lang.Class> (0x000000076fbbe910) thrown at [C:\re\workspace\8-2-build-windows-amd64-cygwin\jdk8u121\8372\hotspot\src\share\vm\interpreter\interpreterRuntime.cpp, line 381
Event: 3.750 Thread 0x0000016b7b824800 Exception <a 'java/lang/ClassCastException': java.lang.String cannot be cast to java.lang.Class> (0x000000076fbc0178) thrown at [C:\re\workspace\8-2-build-windows-amd64-cygwin\jdk8u121\8372\hotspot\src\share\vm\interpreter\interpreterRuntime.cpp, line 381
Event: 3.751 Thread 0x0000016b7b824800 Exception <a 'java/lang/ClassCastException': java.lang.String cannot be cast to java.lang.Class> (0x000000076fbcedd0) thrown at [C:\re\workspace\8-2-build-windows-amd64-cygwin\jdk8u121\8372\hotspot\src\share\vm\interpreter\interpreterRuntime.cpp, line 381
Event: 3.751 Thread 0x0000016b7b824800 Exception <a 'java/lang/ClassCastException': java.lang.String cannot be cast to java.lang.Class> (0x000000076fbcffb8) thrown at [C:\re\workspace\8-2-build-windows-amd64-cygwin\jdk8u121\8372\hotspot\src\share\vm\interpreter\interpreterRuntime.cpp, line 381
Event: 3.756 Thread 0x0000016b7b824800 Exception <a 'java/lang/ClassCastException': java.lang.String cannot be cast to java.lang.Class> (0x000000076fc19eb0) thrown at [C:\re\workspace\8-2-build-windows-amd64-cygwin\jdk8u121\8372\hotspot\src\share\vm\interpreter\interpreterRuntime.cpp, line 381
Event: 6.269 Thread 0x0000016b7b824800 Implicit null exception at 0x0000016b619bf554 to 0x0000016b619c20f5
Event: 6.269 Thread 0x0000016b7b824800 Implicit null exception at 0x0000016b619dc103 to 0x0000016b619dce69
Event: 6.269 Thread 0x0000016b7b824800 Implicit null exception at 0x0000016b618d498e to 0x0000016b618d49dd
Event: 6.624 Thread 0x0000016b7b824800 Implicit null exception at 0x0000016b61b58121 to 0x0000016b61b5d371

Events (10 events):
Event: 12.171 loading class com/sun/javafx/tk/quantum/ViewScene done
Event: 12.172 loading class com/sun/javafx/tk/quantum/WindowStage
Event: 12.172 loading class com/sun/javafx/tk/quantum/WindowStage done
Event: 12.227 Thread 0x0000016b7b824800 Uncommon trap: trap_request=0xffffffde fr.pc=0x0000016b61b6ea90
Event: 12.227 Thread 0x0000016b7b824800 DEOPT PACKING pc=0x0000016b61b6ea90 sp=0x0000002d32d79af0
Event: 12.227 Thread 0x0000016b7b824800 DEOPT UNPACKING pc=0x0000016b610b5832 sp=0x0000002d32d79aa0 mode 2
Event: 12.233 Executing VM operation: RevokeBias
Event: 12.233 Executing VM operation: RevokeBias done
Event: 12.233 Executing VM operation: RevokeBias
Event: 12.233 Executing VM operation: RevokeBias done


Dynamic libraries:
0x00007ff705ed0000 - 0x00007ff705ef3000 	C:\Program Files\ooRexx\rexx.exe
0x00007ffe72930000 - 0x00007ffe72b01000 	C:\Windows\SYSTEM32\ntdll.dll
0x00007ffe72610000 - 0x00007ffe726bb000 	C:\Windows\System32\KERNEL32.DLL
0x00007ffe6fc10000 - 0x00007ffe6fe2d000 	C:\Windows\System32\KERNELBASE.dll
0x00007ffe70570000 - 0x00007ffe70612000 	C:\Windows\System32\ADVAPI32.dll
0x00007ffe703f0000 - 0x00007ffe7048e000 	C:\Windows\System32\msvcrt.dll
0x00007ffe57c40000 - 0x00007ffe57d85000 	C:\Program Files\ooRexx\rexx.dll
0x00007ffe678a0000 - 0x00007ffe678da000 	C:\Program Files\ooRexx\REXXAPI.dll
0x00007ffe726c0000 - 0x00007ffe72719000 	C:\Windows\System32\sechost.dll
0x00007ffe71e40000 - 0x00007ffe71f61000 	C:\Windows\System32\RPCRT4.dll
0x00007ffe6e820000 - 0x00007ffe6e82b000 	C:\Windows\SYSTEM32\CRYPTBASE.DLL
0x00007ffe6fe30000 - 0x00007ffe6fe9a000 	C:\Windows\System32\bcryptPrimitives.dll
0x00007ffe72490000 - 0x00007ffe725f5000 	C:\Windows\System32\USER32.dll
0x00007ffe6fea0000 - 0x00007ffe6febe000 	C:\Windows\System32\win32u.dll
0x00007ffe63f00000 - 0x00007ffe63f09000 	C:\Windows\SYSTEM32\WSOCK32.dll
0x00007ffe70490000 - 0x00007ffe704c4000 	C:\Windows\System32\GDI32.dll
0x00007ffe6ee20000 - 0x00007ffe6efa2000 	C:\Windows\System32\gdi32full.dll
0x00007ffe72720000 - 0x00007ffe7278a000 	C:\Windows\System32\ws2_32.DLL
0x00007ffe4ce60000 - 0x00007ffe4cf0c000 	C:\Windows\WinSxS\amd64_microsoft.windows.common-controls_6595b64144ccf1df_5.82.14393.447_none_0d5aa7fbb6d35646\COMCTL32.dll
0x00007ffe704d0000 - 0x00007ffe704fe000 	C:\Windows\System32\IMM32.DLL
0x000000005e320000 - 0x000000005e352000 	C:\Program Files\ooRexx\rexxutil.DLL
0x00007ffe70760000 - 0x00007ffe707b2000 	C:\Windows\System32\SHLWAPI.dll
0x00007ffe6ffc0000 - 0x00007ffe70288000 	C:\Windows\System32\combase.dll
0x00007ffe6fac0000 - 0x00007ffe6fbb5000 	C:\Windows\System32\ucrtbase.dll
0x00007ffe4cf10000 - 0x00007ffe4cf96000 	C:\Windows\SYSTEM32\WINSPOOL.DRV
0x00007ffe6ecd0000 - 0x00007ffe6ecfb000 	C:\Windows\SYSTEM32\bcrypt.dll
0x00007ffe67860000 - 0x00007ffe67894000 	C:\Program Files\ooRexx\OREXXOLE.DLL
0x00007ffe70620000 - 0x00007ffe70757000 	C:\Windows\System32\ole32.dll
0x00007ffe70290000 - 0x00007ffe7034f000 	C:\Windows\System32\OLEAUT32.dll
0x00007ffe6f7a0000 - 0x00007ffe6f83c000 	C:\Windows\System32\msvcp_win.dll
0x00007ffe6ea00000 - 0x00007ffe6ea2c000 	C:\Windows\SYSTEM32\SspiCli.dll
0x00007ffe6e660000 - 0x00007ffe6e6bc000 	C:\Windows\system32\mswsock.dll
0x00007ffe61b80000 - 0x00007ffe61b96000 	C:\Windows\system32\napinsp.dll
0x00007ffe62460000 - 0x00007ffe6247a000 	C:\Windows\system32\pnrpnsp.dll
0x00007ffe6c040000 - 0x00007ffe6c058000 	C:\Windows\system32\NLAapi.dll
0x00007ffe6e420000 - 0x00007ffe6e4c1000 	C:\Windows\SYSTEM32\DNSAPI.dll
0x00007ffe72600000 - 0x00007ffe72608000 	C:\Windows\System32\NSI.dll
0x00007ffe6e3e0000 - 0x00007ffe6e418000 	C:\Windows\SYSTEM32\IPHLPAPI.DLL
0x00007ffe65f10000 - 0x00007ffe65f1e000 	C:\Windows\System32\winrnr.dll
0x00007ffe67380000 - 0x00007ffe673ea000 	C:\Windows\System32\fwpuclnt.dll
0x00007ffe676d0000 - 0x00007ffe676da000 	C:\Windows\System32\rasadhlp.dll
0x0000000010000000 - 0x000000001002b000 	C:\Program Files\BSF4ooRexx\BSF4ooRexx.DLL
0x000000005c980000 - 0x000000005d21b000 	C:\Program Files\Java\jre1.8.0_121\bin\server\jvm.DLL
0x00007ffe71e30000 - 0x00007ffe71e38000 	C:\Windows\System32\PSAPI.DLL
0x00007ffe6d130000 - 0x00007ffe6d153000 	C:\Windows\SYSTEM32\WINMM.dll
0x00007ffe6c060000 - 0x00007ffe6c06a000 	C:\Windows\SYSTEM32\VERSION.dll
0x000000005e520000 - 0x000000005e5f2000 	C:\Windows\SYSTEM32\MSVCR100.dll
0x00007ffe6d0d0000 - 0x00007ffe6d0fb000 	C:\Windows\SYSTEM32\WINMMBASE.dll
0x00007ffe6fbc0000 - 0x00007ffe6fc02000 	C:\Windows\System32\cfgmgr32.dll
0x000000005e310000 - 0x000000005e31f000 	C:\Program Files\Java\jre1.8.0_121\bin\verify.dll
0x000000005e2e0000 - 0x000000005e309000 	C:\Program Files\Java\jre1.8.0_121\bin\java.dll
0x000000005e2c0000 - 0x000000005e2d6000 	C:\Program Files\Java\jre1.8.0_121\bin\zip.dll
0x00007ffe707c0000 - 0x00007ffe71cc9000 	C:\Windows\System32\SHELL32.dll
0x00007ffe6f010000 - 0x00007ffe6f6ea000 	C:\Windows\System32\windows.storage.dll
0x00007ffe6ed90000 - 0x00007ffe6eddc000 	C:\Windows\System32\powrprof.dll
0x00007ffe6ede0000 - 0x00007ffe6edef000 	C:\Windows\System32\kernel.appcore.dll
0x00007ffe6fa10000 - 0x00007ffe6fab9000 	C:\Windows\System32\shcore.dll
0x00007ffe6ee00000 - 0x00007ffe6ee14000 	C:\Windows\System32\profapi.dll
0x000000005e120000 - 0x000000005e2b8000 	C:\Program Files\Java\jre1.8.0_121\bin\awt.dll
0x00007ffe6d330000 - 0x00007ffe6d3aa000 	C:\Windows\SYSTEM32\apphelp.dll
0x00007ffe57ac0000 - 0x00007ffe57baf000 	C:\Program Files\Java\jre1.8.0_121\bin\msvcr120.dll
0x00007ffe5af70000 - 0x00007ffe5b016000 	C:\Program Files\Java\jre1.8.0_121\bin\msvcp120.dll
0x000000005e0f0000 - 0x000000005e112000 	C:\Program Files\Java\jre1.8.0_121\bin\prism_d3d.dll
0x00007ffe3dc60000 - 0x00007ffe3dded000 	C:\Windows\system32\d3d9.dll
0x00007ffe6cac0000 - 0x00007ffe6cae6000 	C:\Windows\SYSTEM32\dwmapi.dll
0x00007ffe6d510000 - 0x00007ffe6d5a5000 	C:\Windows\system32\uxtheme.dll
0x00007ffe6b5c0000 - 0x00007ffe6b727000 	C:\Windows\SYSTEM32\aticfx64.dll
0x00007ffe3f170000 - 0x00007ffe3f191000 	C:\Windows\SYSTEM32\atiu9p64.dll
0x00007ffe3d030000 - 0x00007ffe3d889000 	C:\Windows\SYSTEM32\atiumd64.dll
0x000000005d220000 - 0x000000005daa8000 	C:\Windows\SYSTEM32\atiumd6a.dll
0x000000005e0a0000 - 0x000000005e0e3000 	C:\Program Files\Java\jre1.8.0_121\bin\glass.dll
0x00007ffe6fec0000 - 0x00007ffe6ffba000 	C:\Windows\System32\COMDLG32.dll
0x00007ffe71cd0000 - 0x00007ffe71e2a000 	C:\Windows\System32\MSCTF.dll
0x000000005e080000 - 0x000000005e094000 	C:\Program Files\Java\jre1.8.0_121\bin\javafx_font.dll
0x00007ffe679a0000 - 0x00007ffe67c09000 	C:\Windows\SYSTEM32\dwrite.dll
0x00007ffe70350000 - 0x00007ffe703ef000 	C:\Windows\System32\clbcatq.dll
0x00007ffe5fd70000 - 0x00007ffe5ffea000 	C:\Windows\WinSxS\amd64_microsoft.windows.common-controls_6595b64144ccf1df_6.0.14393.953_none_42151e83c686086b\comctl32.dll
0x00007ffe6c410000 - 0x00007ffe6c5b8000 	C:\Windows\SYSTEM32\WindowsCodecs.dll
0x00007ffe602b0000 - 0x00007ffe602f9000 	C:\Windows\system32\dataexchange.dll
0x00007ffe6cca0000 - 0x00007ffe6cdf1000 	C:\Windows\system32\dcomp.dll
0x00007ffe6b940000 - 0x00007ffe6bbf6000 	C:\Windows\system32\d3d11.dll
0x00007ffe6dd10000 - 0x00007ffe6ddaf000 	C:\Windows\system32\dxgi.dll
0x00007ffe6d7e0000 - 0x00007ffe6d8fc000 	C:\Windows\system32\twinapi.appcore.dll
0x00007ffe67780000 - 0x00007ffe677b2000 	C:\Program Files\Common Files\Microsoft Shared\Ink\rtscom.dll
0x000000005e060000 - 0x000000005e071000 	C:\Program Files\Java\jre1.8.0_121\bin\prism_common.dll
0x00007ffe6b330000 - 0x00007ffe6b4c2000 	C:\Windows\SYSTEM32\dbghelp.dll

VM Arguments:
java_command: <unknown>
java_class_path (initial): C:\Program Files\BSF4ooRexx\bsf4ooRexx-v600-20170213-bin.jar;C:\Program Files\BSF4ooRexx\jni4net.j-0.8.8.0.jar;C:\Program Files\BSF4ooRexx\oorexx.net.jar;.;C:\Users\Adrian\Documents\FH Campus\06_Cloud Security\SCCS_Autoverleih\car_renting_service\SOAP4ooRexx.jar;C:\Users\Adrian\Documents\WU\javafx\staff\controlsfx-8.40.12.jar;
Launcher Type: generic

Environment Variables:
CLASSPATH=C:\Program Files\BSF4ooRexx\bsf4ooRexx-v600-20170213-bin.jar;C:\Program Files\BSF4ooRexx\jni4net.j-0.8.8.0.jar;C:\Program Files\BSF4ooRexx\oorexx.net.jar;.;C:\Users\Adrian\Documents\FH Campus\06_Cloud Security\SCCS_Autoverleih\car_renting_service\SOAP4ooRexx.jar;C:\Users\Adrian\Documents\WU\javafx\staff\controlsfx-8.40.12.jar;
PATH=C:\ProgramData\Oracle\Java\javapath;C:\Windows\system32;C:\Windows;C:\Windows\System32\Wbem;C:\Windows\System32\WindowsPowerShell\v1.0\;C:\Program Files (x86)\ATI Technologies\ATI.ACE\Core-Static;C:\Program Files\MiKTeX 2.9\miktex\bin\x64\;C:\Program Files\ooRexx;C:\Program Files\BSF4ooRexx;C:\Program Files\Java\jre1.8.0_121\bin\server;C:\Program Files (x86)\GtkSharp\2.12\bin;C:\Users\Adrian\AppData\Local\Programs\Python\Python35-32\Scripts\;C:\Users\Adrian\AppData\Local\Programs\Python\Python35-32\;C:\Users\Adrian\AppData\Local\Microsoft\WindowsApps;C:\Users\Adrian\AppData\Roaming\Dashlane\4.6.5.21982\bin\Firefox_Extension\{442718d9-475e-452a-b3e1-fb1ee16b8e9f}\components;C:\Users\Adrian\AppData\Roaming\Dashlane\4.6.6.23032\bin\Firefox_Extension\{442718d9-475e-452a-b3e1-fb1ee16b8e9f}\components;C:\Program Files (x86)\openssl\bin;C:\Users\Adrian\AppData\Roaming\Dashlane\4.6.8.25848\bin\Firefox_Extension\{442718d9-475e-452a-b3e1-fb1ee16b8e9f}\components
USERNAME=Adrian
OS=Windows_NT
PROCESSOR_IDENTIFIER=AMD64 Family 21 Model 19 Stepping 1, AuthenticAMD



---------------  S Y S T E M  ---------------

OS: Windows 10.0 , 64 bit Build 14393 (10.0.14393.0)

CPU:total 4 (4 cores per cpu, 1 threads per core) family 21 model 19 stepping 1, cmov, cx8, fxsr, mmx, sse, sse2, sse3, ssse3, sse4.1, sse4.2, popcnt, avx, aes, clmul, mmxext, 3dnowpref, lzcnt, sse4a, tsc, tscinvbit, tscinv, bmi1

Memory: 4k page, physical 15930560k(12273980k free), swap 18289856k(13657268k free)

vm_info: Java HotSpot(TM) 64-Bit Server VM (25.121-b13) for windows-amd64 JRE (1.8.0_121-b13), built on Dec 12 2016 18:21:36 by "java_re" with MS VC++ 10.0 (VS2010)

time: Sat Mar 18 17:05:02 2017
elapsed time: 12 seconds (0d 0h 0m 12s)

