#
# A fatal error has been detected by the Java Runtime Environment:
#
#  EXCEPTION_ACCESS_VIOLATION (0xc0000005) at pc=0x000007fee5aff2d5, pid=19492, tid=0x0000000000004ce0
#
# JRE version: Java(TM) SE Runtime Environment (8.0_131-b11) (build 1.8.0_131-b11)
# Java VM: Java HotSpot(TM) 64-Bit Server VM (25.131-b11 mixed mode windows-amd64 compressed oops)
# Problematic frame:
# C  [rexx.dll+0xbf2d5]
#
# Failed to write core dump. Minidumps are not enabled by default on client versions of Windows
#
# If you would like to submit a bug report, please visit:
#   http://bugreport.java.com/bugreport/crash.jsp
# The crash happened outside the Java Virtual Machine in native code.
# See problematic frame for where to report the bug.
#

---------------  T H R E A D  ---------------

Current thread (0x000000000fbe7800):  JavaThread "pool-1-thread-1" [_thread_in_native, id=19680, stack(0x0000000023500000,0x0000000023580000)]

siginfo: ExceptionCode=0xc0000005, reading address 0x0000000000000088

Registers:
RAX=0x000007ffff6317c0, RBX=0x000000002357cd70, RCX=0x0000000000000040, RDX=0x000007fffdaff260
RSP=0x000000002357c690, RBP=0x000007fffdb177c0, RSI=0x000007fffdb15ca4, RDI=0x000000002357c780
R8 =0x0000000000000000, R9 =0x000007fffdaff260, R10=0x000007fee5d111b8, R11=0x000007fffdacc6c0
R12=0x000000000fbe79f8, R13=0x0000000000000001, R14=0x0000000000000000, R15=0x000007fffe7862f0
RIP=0x000007fee5aff2d5, EFLAGS=0x0000000000010246

Top of Stack: (sp=0x000000002357c690)
0x000000002357c690:   000007ffff631910 000007ffff6317c0
0x000000002357c6a0:   000007ffff631910 cccccccccccccccc
0x000000002357c6b0:   cccccccccccccccc 000007fee5d0d3d8
0x000000002357c6c0:   000000002357c898 000007fffde3dde0
0x000000002357c6d0:   000007ffff6317c0 cccccccccccccccc
0x000000002357c6e0:   cccccccccccccccc 0000000000000040
0x000000002357c6f0:   cccccccccccccccc cccccccccccccccc
0x000000002357c700:   cccccccccccccccc cccccccccccccccc
0x000000002357c710:   cccccccccccccccc cccccccccccccccc
0x000000002357c720:   cccccccccccccccc cccccccccccccccc
0x000000002357c730:   fffffffffffffffe cccccccccccccc00
0x000000002357c740:   000007fee5d01ec8 cccccccccccccccc
0x000000002357c750:   cccccccccccccccc cccccccccccccccc
0x000000002357c760:   cccccccccccccccc cccccccccccccccc
0x000000002357c770:   cccccccccccccccc cccccccccccccccc
0x000000002357c780:   000000002357c820 000007fee5b00a7e 

Instructions: (pc=0x000007fee5aff2d5)
0x000007fee5aff2b5:   8b 84 24 00 01 00 00 48 8b 4c 24 58 48 89 88 b0
0x000007fee5aff2c5:   01 00 00 48 8b 84 24 00 01 00 00 48 8b 4c 24 58
0x000007fee5aff2d5:   48 8b 49 48 48 89 88 b8 01 00 00 48 8b 84 24 00
0x000007fee5aff2e5:   01 00 00 48 05 50 01 00 00 48 8b 4c 24 58 48 8b 


Register to memory mapping:

RAX=0x000007ffff6317c0 is an unknown value
RBX=0x000000002357cd70 is pointing into the stack for thread: 0x000000000fbe7800
RCX=0x0000000000000040 is an unknown value
RDX=0x000007fffdaff260 is an unknown value
RSP=0x000000002357c690 is pointing into the stack for thread: 0x000000000fbe7800
RBP=0x000007fffdb177c0 is an unknown value
RSI=0x000007fffdb15ca4 is an unknown value
RDI=0x000000002357c780 is pointing into the stack for thread: 0x000000000fbe7800
R8 =0x0000000000000000 is an unknown value
R9 =0x000007fffdaff260 is an unknown value
R10=0x000007fee5d111b8 is an unknown value
R11=0x000007fffdacc6c0 is an unknown value
R12=0x000000000fbe79f8 is an unknown value
R13=0x0000000000000001 is an unknown value
R14=0x0000000000000000 is an unknown value
R15=0x000007fffe7862f0 is an unknown value


Stack: [0x0000000023500000,0x0000000023580000],  sp=0x000000002357c690,  free space=497k
Native frames: (J=compiled Java code, j=interpreted, Vv=VM code, C=native code)
C  [rexx.dll+0xbf2d5]
C  [rexx.dll+0xc0a7e]
C  [rexx.dll+0x13b42d]
C  [rexx.dll+0xbf31c]
C  [rexx.dll+0xce7a7]
C  [rexx.dll+0x3cb02]
C  [rexx.dll+0x57233]
C  [rexx.dll+0x58607]
C  [rexx.dll+0x2e777]
C  [rexx.dll+0x994ad]
C  [BSF4ooRexx.DLL+0x3fc2]
C  [BSF4ooRexx.DLL+0xa304]
C  [rexx.dll+0xd56bc]
C  [rexx.dll+0xd98b7]
C  [rexx.dll+0x68505]
C  [rexx.dll+0x1054cb]
C  [rexx.dll+0x16d029]
C  [rexx.dll+0xc18a9]
C  [rexx.dll+0x125c8f]
C  [rexx.dll+0x141e16]
C  [rexx.dll+0x14189b]
C  [rexx.dll+0xbf31c]
C  [rexx.dll+0xce7a7]
C  [rexx.dll+0x3cb02]
C  [rexx.dll+0x585d6]
C  [rexx.dll+0x2e777]
C  [rexx.dll+0x579c3]
C  [rexx.dll+0xbb380]
C  [rexx.dll+0x3cb02]
C  [rexx.dll+0x585d6]
C  [rexx.dll+0x26751]
C  [rexx.dll+0x56716]
C  [rexx.dll+0x131ae7]
C  [rexx.dll+0x13466d]
C  [rexx.dll+0x12c8fb]
C  [rexx.dll+0xbf31c]
C  [rexx.dll+0xce87b]
C  [rexx.dll+0x68480]
C  [rexx.dll+0xc1751]
C  [rexx.dll+0x12d814]
C  [rexx.dll+0xbf31c]
C  [rexx.dll+0xce87b]
C  [rexx.dll+0x68480]
C  [rexx.dll+0xc1751]
C  [rexx.dll+0x12d814]
C  [rexx.dll+0xbf31c]
C  [rexx.dll+0xce87b]
C  [rexx.dll+0x68480]
C  [rexx.dll+0xc1751]
C  [rexx.dll+0x12d814]
C  [rexx.dll+0xbf31c]
C  [rexx.dll+0xce87b]
C  [rexx.dll+0x68480]
C  [rexx.dll+0xc1751]
C  [rexx.dll+0x12d814]
C  [rexx.dll+0xbf31c]
C  [rexx.dll+0xce87b]
C  [rexx.dll+0x68480]
C  [rexx.dll+0xc1751]
C  [rexx.dll+0x12d814]
C  [rexx.dll+0xbf31c]
C  [rexx.dll+0xce87b]
C  [rexx.dll+0x68480]
C  [rexx.dll+0xc1751]
C  [rexx.dll+0x12d814]
C  [rexx.dll+0xbf31c]
C  [rexx.dll+0xce87b]
C  [rexx.dll+0x68480]
C  [rexx.dll+0xc1751]
C  [rexx.dll+0x12d814]
C  [rexx.dll+0xbf31c]
C  [rexx.dll+0xce7a7]
C  [rexx.dll+0x3cb02]
C  [rexx.dll+0x585d6]
C  [rexx.dll+0x58a8a]
C  [rexx.dll+0x9937a]
C  [BSF4ooRexx.DLL+0xbfca]
C  0x0000000010d52b10

Java frames: (J=compiled Java code, j=interpreted, Vv=VM code)
J 4712  org.rexxla.bsf.engines.rexx.RexxAndJava.jniRexxSendMessageToRexxObject(Ljava/lang/String;Ljava/lang/String;Ljava/lang/String;Ljava/lang/String;Ljava/lang/String;Ljava/lang/String;Ljava/lang/String;[Ljava/lang/Object;Ljava/lang/String;)Ljava/lang/Object; (0 bytes) @ 0x0000000010d52a92 [0x0000000010d52980+0x112]
j  org.rexxla.bsf.engines.rexx.RexxEngine.call(Lorg/rexxla/bsf/engines/rexx/RexxProxy;Ljava/lang/Object;Ljava/lang/String;Ljava/lang/String;[Ljava/lang/Object;)Ljava/lang/Object;+589
j  org.rexxla.bsf.engines.rexx.RexxProxy.invoke(Ljava/lang/Object;Ljava/lang/String;Ljava/lang/String;[Ljava/lang/Object;)Ljava/lang/Object;+125
j  org.rexxla.bsf.engines.rexx.onTheFly.Task_$RexxExtendClass$_1733882584.call()Ljava/lang/Object;+32
j  javafx.concurrent.Task$TaskCallable.call()Ljava/lang/Object;+26
j  java.util.concurrent.FutureTask.run()V+42
j  java.util.concurrent.ThreadPoolExecutor.runWorker(Ljava/util/concurrent/ThreadPoolExecutor$Worker;)V+95
j  java.util.concurrent.ThreadPoolExecutor$Worker.run()V+5
j  java.lang.Thread.run()V+11
v  ~StubRoutines::call_stub

---------------  P R O C E S S  ---------------

Java Threads: ( => current thread )
=>0x000000000fbe7800 JavaThread "pool-1-thread-1" [_thread_in_native, id=19680, stack(0x0000000023500000,0x0000000023580000)]
  0x000000000b5b4800 JavaThread "Prism Font Disposer" daemon [_thread_blocked, id=10272, stack(0x000000000ff20000,0x000000000ffa0000)]
  0x000000000b398000 JavaThread "Thread-4" daemon [_thread_in_native, id=18728, stack(0x000000000dd40000,0x000000000ddc0000)]
  0x000000000b3ac800 JavaThread "JavaFX Application Thread" [_thread_in_native, id=18152, stack(0x000000000bea0000,0x000000000bf20000)]
  0x000000000b3a8000 JavaThread "Thread-3" daemon [_thread_blocked, id=20216, stack(0x000000000bd80000,0x000000000be00000)]
  0x000000000b3b4000 JavaThread "QuantumRenderer-0" daemon [_thread_blocked, id=17572, stack(0x000000000aa70000,0x000000000aaf0000)]
  0x000000000b2dd800 JavaThread "JavaFX-Launcher" [_thread_blocked, id=20204, stack(0x000000000b960000,0x000000000b9e0000)]
  0x000000000993a000 JavaThread "Service Thread" daemon [_thread_blocked, id=18924, stack(0x000000000ae90000,0x000000000af10000)]
  0x00000000098d6800 JavaThread "C1 CompilerThread3" daemon [_thread_blocked, id=16536, stack(0x000000000ad30000,0x000000000adb0000)]
  0x00000000098b2000 JavaThread "C2 CompilerThread2" daemon [_thread_blocked, id=18452, stack(0x000000000acb0000,0x000000000ad30000)]
  0x00000000098aa800 JavaThread "C2 CompilerThread1" daemon [_thread_in_native, id=19340, stack(0x000000000aaf0000,0x000000000ab70000)]
  0x00000000098a5000 JavaThread "C2 CompilerThread0" daemon [_thread_blocked, id=20452, stack(0x000000000ac30000,0x000000000acb0000)]
  0x000000000989d000 JavaThread "Attach Listener" daemon [_thread_blocked, id=20308, stack(0x000000000ab80000,0x000000000ac00000)]
  0x00000000098a1800 JavaThread "Signal Dispatcher" daemon [_thread_blocked, id=19116, stack(0x000000000a9d0000,0x000000000aa50000)]
  0x00000000086df000 JavaThread "Finalizer" daemon [_thread_blocked, id=18224, stack(0x0000000002710000,0x0000000002790000)]
  0x00000000086d7000 JavaThread "Reference Handler" daemon [_thread_blocked, id=18472, stack(0x000000000a7c0000,0x000000000a840000)]
  0x0000000002aae800 JavaThread "main" [_thread_blocked, id=13552, stack(0x0000000000080000,0x0000000000100000)]

Other Threads:
  0x0000000009852000 VMThread [stack: 0x0000000003660000,0x00000000036e0000] [id=16600]
  0x0000000009949800 WatcherThread [stack: 0x000000000a950000,0x000000000a9d0000] [id=20148]

VM state:not at safepoint (normal execution)

VM Mutex/Monitor currently owned by a thread: None

Heap:
 PSYoungGen      total 93696K, used 22155K [0x00000000d5f00000, 0x00000000dc380000, 0x0000000100000000)
  eden space 88576K, 19% used [0x00000000d5f00000,0x00000000d6fa6028,0x00000000db580000)
  from space 5120K, 99% used [0x00000000dbe80000,0x00000000dc37cc98,0x00000000dc380000)
  to   space 5120K, 0% used [0x00000000db980000,0x00000000db980000,0x00000000dbe80000)
 ParOldGen       total 59904K, used 16180K [0x0000000081c00000, 0x0000000085680000, 0x00000000d5f00000)
  object space 59904K, 27% used [0x0000000081c00000,0x0000000082bcd398,0x0000000085680000)
 Metaspace       used 32615K, capacity 35413K, committed 35496K, reserved 1079296K
  class space    used 4588K, capacity 5095K, committed 5168K, reserved 1048576K

Card table byte_map: [0x0000000002e70000,0x0000000003270000] byte_map_base: 0x0000000002a62000

Marking Bits: (ParMarkBitMap*) 0x000000005b8ac720
 Begin Bits: [0x00000000039d0000, 0x0000000005960000)
 End Bits:   [0x0000000005960000, 0x00000000078f0000)

Polling page: 0x00000000004f0000

CodeCache: size=245760Kb used=18398Kb max_used=18724Kb free=227361Kb
 bounds [0x0000000010030000, 0x0000000011290000, 0x000000001f030000]
 total_blobs=6340 nmethods=5606 adapters=644
 compilation: enabled

Compilation events (10 events):
Event: 92.813 Thread 0x00000000098d6800 nmethod 6230 0x000000001091f0d0 code [0x000000001091f340, 0x0000000010920118]
Event: 92.822 Thread 0x00000000098aa800 6231       4       org.rexxla.bsf.engines.rexx.RexxAndJava::makeString4Rexx (297 bytes)
Event: 92.836 Thread 0x00000000098d6800 6232       1       com.intellij.psi.impl.source.tree.LeafElement::getFirstChildNode (2 bytes)
Event: 92.836 Thread 0x00000000098d6800 nmethod 6232 0x00000000105c5990 code [0x00000000105c5ae0, 0x00000000105c5bf0]
Event: 93.204 Thread 0x00000000098b2000 6233       4       org.reactfx.value.OrElseConst$$Lambda$206/1031925605::invalidated (9 bytes)
Event: 93.207 Thread 0x00000000098d6800 6234       3       org.reactfx.util.FingerTree::concat (25 bytes)
Event: 93.208 Thread 0x00000000098d6800 nmethod 6234 0x000000001091ba90 code [0x000000001091bc20, 0x000000001091c268]
Event: 93.211 Thread 0x00000000098d6800 6235       3       javafx.collections.ListChangeListener$Change::wasRemoved (18 bytes)
Event: 93.211 Thread 0x00000000098d6800 nmethod 6235 0x00000000103a3210 code [0x00000000103a3380, 0x00000000103a36b8]
Event: 93.215 Thread 0x00000000098b2000 nmethod 6233 0x0000000010a29050 code [0x0000000010a291e0, 0x0000000010a29538]

GC Heap History (10 events):
Event: 3.396 GC heap before
{Heap before GC invocations=1 (full 0):
 PSYoungGen      total 38400K, used 33280K [0x00000000d5f00000, 0x00000000d8980000, 0x0000000100000000)
  eden space 33280K, 100% used [0x00000000d5f00000,0x00000000d7f80000,0x00000000d7f80000)
  from space 5120K, 0% used [0x00000000d8480000,0x00000000d8480000,0x00000000d8980000)
  to   space 5120K, 0% used [0x00000000d7f80000,0x00000000d7f80000,0x00000000d8480000)
 ParOldGen       total 87552K, used 0K [0x0000000081c00000, 0x0000000087180000, 0x00000000d5f00000)
  object space 87552K, 0% used [0x0000000081c00000,0x0000000081c00000,0x0000000087180000)
 Metaspace       used 15761K, capacity 16226K, committed 16384K, reserved 1062912K
  class space    used 2049K, capacity 2192K, committed 2304K, reserved 1048576K
Event: 3.459 GC heap after
Heap after GC invocations=1 (full 0):
 PSYoungGen      total 38400K, used 5113K [0x00000000d5f00000, 0x00000000daa00000, 0x0000000100000000)
  eden space 33280K, 0% used [0x00000000d5f00000,0x00000000d5f00000,0x00000000d7f80000)
  from space 5120K, 99% used [0x00000000d7f80000,0x00000000d847e690,0x00000000d8480000)
  to   space 5120K, 0% used [0x00000000da500000,0x00000000da500000,0x00000000daa00000)
 ParOldGen       total 87552K, used 1442K [0x0000000081c00000, 0x0000000087180000, 0x00000000d5f00000)
  object space 87552K, 1% used [0x0000000081c00000,0x0000000081d689f8,0x0000000087180000)
 Metaspace       used 15761K, capacity 16226K, committed 16384K, reserved 1062912K
  class space    used 2049K, capacity 2192K, committed 2304K, reserved 1048576K
}
Event: 4.787 GC heap before
{Heap before GC invocations=2 (full 0):
 PSYoungGen      total 38400K, used 19944K [0x00000000d5f00000, 0x00000000daa00000, 0x0000000100000000)
  eden space 33280K, 44% used [0x00000000d5f00000,0x00000000d6d7bd68,0x00000000d7f80000)
  from space 5120K, 99% used [0x00000000d7f80000,0x00000000d847e690,0x00000000d8480000)
  to   space 5120K, 0% used [0x00000000da500000,0x00000000da500000,0x00000000daa00000)
 ParOldGen       total 87552K, used 1442K [0x0000000081c00000, 0x0000000087180000, 0x00000000d5f00000)
  object space 87552K, 1% used [0x0000000081c00000,0x0000000081d689f8,0x0000000087180000)
 Metaspace       used 20237K, capacity 21267K, committed 21296K, reserved 1067008K
  class space    used 2870K, capacity 3091K, committed 3120K, reserved 1048576K
Event: 4.802 GC heap after
Heap after GC invocations=2 (full 0):
 PSYoungGen      total 71680K, used 5114K [0x00000000d5f00000, 0x00000000daa00000, 0x0000000100000000)
  eden space 66560K, 0% used [0x00000000d5f00000,0x00000000d5f00000,0x00000000da000000)
  from space 5120K, 99% used [0x00000000da500000,0x00000000da9fe860,0x00000000daa00000)
  to   space 5120K, 0% used [0x00000000da000000,0x00000000da000000,0x00000000da500000)
 ParOldGen       total 87552K, used 3327K [0x0000000081c00000, 0x0000000087180000, 0x00000000d5f00000)
  object space 87552K, 3% used [0x0000000081c00000,0x0000000081f3fca8,0x0000000087180000)
 Metaspace       used 20237K, capacity 21267K, committed 21296K, reserved 1067008K
  class space    used 2870K, capacity 3091K, committed 3120K, reserved 1048576K
}
Event: 4.802 GC heap before
{Heap before GC invocations=3 (full 1):
 PSYoungGen      total 71680K, used 5114K [0x00000000d5f00000, 0x00000000daa00000, 0x0000000100000000)
  eden space 66560K, 0% used [0x00000000d5f00000,0x00000000d5f00000,0x00000000da000000)
  from space 5120K, 99% used [0x00000000da500000,0x00000000da9fe860,0x00000000daa00000)
  to   space 5120K, 0% used [0x00000000da000000,0x00000000da000000,0x00000000da500000)
 ParOldGen       total 87552K, used 3327K [0x0000000081c00000, 0x0000000087180000, 0x00000000d5f00000)
  object space 87552K, 3% used [0x0000000081c00000,0x0000000081f3fca8,0x0000000087180000)
 Metaspace       used 20237K, capacity 21267K, committed 21296K, reserved 1067008K
  class space    used 2870K, capacity 3091K, committed 3120K, reserved 1048576K
Event: 4.879 GC heap after
Heap after GC invocations=3 (full 1):
 PSYoungGen      total 71680K, used 0K [0x00000000d5f00000, 0x00000000daa00000, 0x0000000100000000)
  eden space 66560K, 0% used [0x00000000d5f00000,0x00000000d5f00000,0x00000000da000000)
  from space 5120K, 0% used [0x00000000da500000,0x00000000da500000,0x00000000daa00000)
  to   space 5120K, 0% used [0x00000000da000000,0x00000000da000000,0x00000000da500000)
 ParOldGen       total 59904K, used 6939K [0x0000000081c00000, 0x0000000085680000, 0x00000000d5f00000)
  object space 59904K, 11% used [0x0000000081c00000,0x00000000822c6ee8,0x0000000085680000)
 Metaspace       used 20237K, capacity 21267K, committed 21296K, reserved 1067008K
  class space    used 2870K, capacity 3091K, committed 3120K, reserved 1048576K
}
Event: 38.635 GC heap before
{Heap before GC invocations=4 (full 1):
 PSYoungGen      total 71680K, used 66560K [0x00000000d5f00000, 0x00000000daa00000, 0x0000000100000000)
  eden space 66560K, 100% used [0x00000000d5f00000,0x00000000da000000,0x00000000da000000)
  from space 5120K, 0% used [0x00000000da500000,0x00000000da500000,0x00000000daa00000)
  to   space 5120K, 0% used [0x00000000da000000,0x00000000da000000,0x00000000da500000)
 ParOldGen       total 59904K, used 6939K [0x0000000081c00000, 0x0000000085680000, 0x00000000d5f00000)
  object space 59904K, 11% used [0x0000000081c00000,0x00000000822c6ee8,0x0000000085680000)
 Metaspace       used 29341K, capacity 31797K, committed 32048K, reserved 1077248K
  class space    used 4321K, capacity 4811K, committed 4912K, reserved 1048576K
Event: 38.659 GC heap after
Heap after GC invocations=4 (full 1):
 PSYoungGen      total 71680K, used 5104K [0x00000000d5f00000, 0x00000000dc380000, 0x0000000100000000)
  eden space 66560K, 0% used [0x00000000d5f00000,0x00000000d5f00000,0x00000000da000000)
  from space 5120K, 99% used [0x00000000da000000,0x00000000da4fc030,0x00000000da500000)
  to   space 5120K, 0% used [0x00000000dbe80000,0x00000000dbe80000,0x00000000dc380000)
 ParOldGen       total 59904K, used 13703K [0x0000000081c00000, 0x0000000085680000, 0x00000000d5f00000)
  object space 59904K, 22% used [0x0000000081c00000,0x0000000082961cb0,0x0000000085680000)
 Metaspace       used 29341K, capacity 31797K, committed 32048K, reserved 1077248K
  class space    used 4321K, capacity 4811K, committed 4912K, reserved 1048576K
}
Event: 77.125 GC heap before
{Heap before GC invocations=5 (full 1):
 PSYoungGen      total 71680K, used 71664K [0x00000000d5f00000, 0x00000000dc380000, 0x0000000100000000)
  eden space 66560K, 100% used [0x00000000d5f00000,0x00000000da000000,0x00000000da000000)
  from space 5120K, 99% used [0x00000000da000000,0x00000000da4fc030,0x00000000da500000)
  to   space 5120K, 0% used [0x00000000dbe80000,0x00000000dbe80000,0x00000000dc380000)
 ParOldGen       total 59904K, used 13703K [0x0000000081c00000, 0x0000000085680000, 0x00000000d5f00000)
  object space 59904K, 22% used [0x0000000081c00000,0x0000000082961cb0,0x0000000085680000)
 Metaspace       used 32309K, capacity 35017K, committed 35120K, reserved 1079296K
  class space    used 4570K, capacity 5081K, committed 5168K, reserved 1048576K
Event: 77.146 GC heap after
Heap after GC invocations=5 (full 1):
 PSYoungGen      total 93696K, used 5107K [0x00000000d5f00000, 0x00000000dc380000, 0x0000000100000000)
  eden space 88576K, 0% used [0x00000000d5f00000,0x00000000d5f00000,0x00000000db580000)
  from space 5120K, 99% used [0x00000000dbe80000,0x00000000dc37cc98,0x00000000dc380000)
  to   space 5120K, 0% used [0x00000000db980000,0x00000000db980000,0x00000000dbe80000)
 ParOldGen       total 59904K, used 16180K [0x0000000081c00000, 0x0000000085680000, 0x00000000d5f00000)
  object space 59904K, 27% used [0x0000000081c00000,0x0000000082bcd398,0x0000000085680000)
 Metaspace       used 32309K, capacity 35017K, committed 35120K, reserved 1079296K
  class space    used 4570K, capacity 5081K, committed 5168K, reserved 1048576K
}

Deoptimization events (10 events):
Event: 67.197 Thread 0x000000000b3ac800 Uncommon trap: reason=unstable_if action=reinterpret pc=0x000000001026b66c method=com.sun.javafx.text.TextRun.getPosX(I)F @ 75
Event: 69.604 Thread 0x000000000fbe7800 Uncommon trap: reason=unstable_if action=reinterpret pc=0x0000000010c0f650 method=com.intellij.lang.parser.GeneratedParserUtilBase.addVariantSmart(Lcom/intellij/lang/PsiBuilder;Ljava/lang/Object;Z)Z @ 29
Event: 71.314 Thread 0x000000000b3ac800 Uncommon trap: reason=unstable_if action=reinterpret pc=0x0000000010e36d64 method=javafx.scene.Node.impl_intersectsBounds(Lcom/sun/javafx/geom/PickRay;)D @ 902
Event: 71.964 Thread 0x000000000b3ac800 Uncommon trap: reason=unstable_if action=reinterpret pc=0x0000000010a30308 method=javafx.scene.Node.updateBounds()V @ 70
Event: 76.558 Thread 0x000000000b3ac800 Uncommon trap: reason=unstable_if action=reinterpret pc=0x000000001044c6a4 method=java.util.concurrent.ConcurrentHashMap.putVal(Ljava/lang/Object;Ljava/lang/Object;Z)Ljava/lang/Object; @ 206
Event: 81.723 Thread 0x000000000b3ac800 Uncommon trap: reason=unstable_if action=reinterpret pc=0x000000001074aec8 method=java.util.WeakHashMap.expungeStaleEntries()V @ 9
Event: 82.620 Thread 0x000000000b3ac800 Uncommon trap: reason=bimorphic action=maybe_recompile pc=0x00000000111ae1b0 method=javafx.scene.CssStyleHelper.transitionToState(Ljavafx/scene/Node;)V @ 519
Event: 87.684 Thread 0x000000000b3b4000 Uncommon trap: reason=unstable_if action=reinterpret pc=0x0000000011087d0c method=com.sun.prism.impl.GlyphCache.render(Lcom/sun/prism/impl/BaseContext;Lcom/sun/javafx/scene/text/GlyphList;FFIILcom/sun/prism/paint/Color;Lcom/sun/prism/paint/Color;Lcom/sun/
Event: 89.620 Thread 0x000000000b3ac800 Uncommon trap: reason=unstable_if action=reinterpret pc=0x00000000106cc4c8 method=java.util.ArrayList.indexOf(Ljava/lang/Object;)I @ 1
Event: 91.113 Thread 0x000000000b3ac800 Uncommon trap: reason=bimorphic action=maybe_recompile pc=0x00000000111ae1b0 method=javafx.scene.CssStyleHelper.transitionToState(Ljavafx/scene/Node;)V @ 519

Internal exceptions (10 events):
Event: 79.751 Thread 0x000000000b3ac800 Exception <a 'java/lang/ClassCastException': java.lang.String cannot be cast to java.lang.Class> (0x00000000d62d82b0) thrown at [C:\re\workspace\8-2-build-windows-amd64-cygwin\jdk8u131\8869\hotspot\src\share\vm\interpreter\interpreterRuntime.cpp, line 381
Event: 80.273 Thread 0x000000000fbe7800 Exception <a 'java/lang/ClassCastException': java.lang.String cannot be cast to java.lang.Class> (0x00000000d65c8d60) thrown at [C:\re\workspace\8-2-build-windows-amd64-cygwin\jdk8u131\8869\hotspot\src\share\vm\interpreter\interpreterRuntime.cpp, line 381
Event: 89.617 Thread 0x000000000b3ac800 Exception <a 'java/lang/ClassCastException': java.lang.String cannot be cast to java.lang.Class> (0x00000000d69b9628) thrown at [C:\re\workspace\8-2-build-windows-amd64-cygwin\jdk8u131\8869\hotspot\src\share\vm\interpreter\interpreterRuntime.cpp, line 381
Event: 89.620 Thread 0x000000000b3ac800 Implicit null exception at 0x00000000106cc2d6 to 0x00000000106cc4b6
Event: 89.633 Thread 0x000000000b3ac800 Exception <a 'java/lang/ClassCastException': java.lang.String cannot be cast to java.lang.Class> (0x00000000d69e2a68) thrown at [C:\re\workspace\8-2-build-windows-amd64-cygwin\jdk8u131\8869\hotspot\src\share\vm\interpreter\interpreterRuntime.cpp, line 381
Event: 89.637 Thread 0x000000000b3ac800 Exception <a 'java/lang/ClassCastException': java.lang.String cannot be cast to java.lang.Class> (0x00000000d69ee550) thrown at [C:\re\workspace\8-2-build-windows-amd64-cygwin\jdk8u131\8869\hotspot\src\share\vm\interpreter\interpreterRuntime.cpp, line 381
Event: 89.640 Thread 0x000000000b3ac800 Exception <a 'java/lang/ClassCastException': java.lang.String cannot be cast to java.lang.Class> (0x00000000d69f36a8) thrown at [C:\re\workspace\8-2-build-windows-amd64-cygwin\jdk8u131\8869\hotspot\src\share\vm\interpreter\interpreterRuntime.cpp, line 381
Event: 92.002 Thread 0x000000000fbe7800 Exception <a 'java/lang/ClassCastException': java.lang.String cannot be cast to java.lang.Class> (0x00000000d6694388) thrown at [C:\re\workspace\8-2-build-windows-amd64-cygwin\jdk8u131\8869\hotspot\src\share\vm\interpreter\interpreterRuntime.cpp, line 381
Event: 92.254 Thread 0x000000000b3ac800 Exception <a 'java/lang/ClassCastException': java.lang.String cannot be cast to java.lang.Class> (0x00000000d6c8db30) thrown at [C:\re\workspace\8-2-build-windows-amd64-cygwin\jdk8u131\8869\hotspot\src\share\vm\interpreter\interpreterRuntime.cpp, line 381
Event: 92.789 Thread 0x000000000fbe7800 Exception <a 'java/lang/ClassCastException': java.lang.String cannot be cast to java.lang.Class> (0x00000000d6d84da8) thrown at [C:\re\workspace\8-2-build-windows-amd64-cygwin\jdk8u131\8869\hotspot\src\share\vm\interpreter\interpreterRuntime.cpp, line 381

Events (10 events):
Event: 92.271 Thread 0x00000000098d6800 flushing nmethod 0x0000000010b9db90
Event: 92.271 Thread 0x00000000098d6800 flushing nmethod 0x0000000010ba0490
Event: 92.271 Thread 0x00000000098d6800 flushing nmethod 0x0000000010c04350
Event: 92.271 Thread 0x00000000098d6800 flushing nmethod 0x0000000010c04790
Event: 92.271 Thread 0x00000000098d6800 flushing nmethod 0x0000000010c04bd0
Event: 92.274 Thread 0x00000000098d6800 flushing nmethod 0x0000000010dd9a50
Event: 92.768 loading class org/rexxla/bsf/engines/rexx/onTheFly/Object
Event: 92.768 loading class org/rexxla/bsf/engines/rexx/onTheFly/Object done
Event: 92.774 loading class org/rexxla/bsf/engines/rexx/onTheFly/Task_$RexxExtendClass$_1733882584
Event: 92.774 loading class org/rexxla/bsf/engines/rexx/onTheFly/Task_$RexxExtendClass$_1733882584 done


Dynamic libraries:
0x000000013fd10000 - 0x000000013fe0b000 	C:\Program Files\ooRexx\rexx.exe
0x0000000077160000 - 0x000000007730a000 	C:\Windows\SYSTEM32\ntdll.dll
0x0000000077040000 - 0x000000007715f000 	C:\Windows\system32\kernel32.dll
0x000007fefce70000 - 0x000007fefceda000 	C:\Windows\system32\KERNELBASE.dll
0x000007fee5a40000 - 0x000007fee5dfd000 	C:\Program Files\ooRexx\rexx.dll
0x000007feecc50000 - 0x000007feecdb7000 	C:\Program Files\ooRexx\REXXAPI.dll
0x000007fef6a80000 - 0x000007fef6a89000 	C:\Windows\system32\WSOCK32.dll
0x000007fefe0b0000 - 0x000007fefe0fd000 	C:\Windows\system32\WS2_32.dll
0x000007fefdd50000 - 0x000007fefddef000 	C:\Windows\system32\msvcrt.dll
0x000007fefdc20000 - 0x000007fefdd4d000 	C:\Windows\system32\RPCRT4.dll
0x000007fefd5f0000 - 0x000007fefd5f8000 	C:\Windows\system32\NSI.dll
0x0000000076f40000 - 0x000000007703a000 	C:\Windows\system32\USER32.dll
0x000007fefe100000 - 0x000007fefe167000 	C:\Windows\system32\GDI32.dll
0x000007fefe000000 - 0x000007fefe00e000 	C:\Windows\system32\LPK.dll
0x000007fefdb50000 - 0x000007fefdc1a000 	C:\Windows\system32\USP10.dll
0x000007fefd940000 - 0x000007fefda1b000 	C:\Windows\system32\ADVAPI32.dll
0x000007fefda20000 - 0x000007fefda3f000 	C:\Windows\SYSTEM32\sechost.dll
0x000007fef88e0000 - 0x000007fef8980000 	C:\Windows\WinSxS\amd64_microsoft.windows.common-controls_6595b64144ccf1df_5.82.7601.18837_none_a4d981ff711297b6\COMCTL32.dll
0x000007fefd210000 - 0x000007fefd23e000 	C:\Windows\system32\IMM32.DLL
0x000007fefda40000 - 0x000007fefdb49000 	C:\Windows\system32\MSCTF.dll
0x000007fefcd80000 - 0x000007fefcdb1000 	C:\Windows\system32\nvinitx.dll
0x000007fefcd70000 - 0x000007fefcd7c000 	C:\Windows\system32\VERSION.dll
0x0000000073890000 - 0x0000000073896000 	C:\Program Files\NVIDIA Corporation\CoProcManager\detoured.dll
0x000007fef8ec0000 - 0x000007fef8ef1000 	C:\Program Files\NVIDIA Corporation\CoProcManager\nvd3d9wrapx.dll
0x000007fefd760000 - 0x000007fefd937000 	C:\Windows\system32\SETUPAPI.dll
0x000007fefd080000 - 0x000007fefd0b6000 	C:\Windows\system32\CFGMGR32.dll
0x000007fefd600000 - 0x000007fefd6da000 	C:\Windows\system32\OLEAUT32.dll
0x000007feff270000 - 0x000007feff46c000 	C:\Windows\system32\ole32.dll
0x000007fefd0c0000 - 0x000007fefd0da000 	C:\Windows\system32\DEVOBJ.dll
0x000007fef8e90000 - 0x000007fef8eb2000 	C:\Program Files\NVIDIA Corporation\CoProcManager\nvdxgiwrapx.dll
0x000007fef65e0000 - 0x000007fef65e3000 	C:\Windows\system32\api-ms-win-core-synch-l1-2-0.DLL
0x0000000069f30000 - 0x000000006a06a000 	C:\Program Files\ooRexx\rexxutil.DLL
0x000007fefd6e0000 - 0x000007fefd751000 	C:\Windows\system32\SHLWAPI.dll
0x000007fef9eb0000 - 0x000007fef9f21000 	C:\Windows\system32\WINSPOOL.DRV
0x000007fef0e00000 - 0x000007fef0f38000 	C:\Program Files\ooRexx\OREXXOLE.DLL
0x000007fefcc10000 - 0x000007fefcc35000 	C:\Windows\system32\SspiCli.dll
0x000007fefc5d0000 - 0x000007fefc625000 	C:\Windows\system32\mswsock.dll
0x000007fefb900000 - 0x000007fefb907000 	C:\Windows\System32\wshtcpip.dll
0x000007fefb280000 - 0x000007fefb295000 	C:\Windows\system32\NLAapi.dll
0x000007fee9250000 - 0x000007fee9265000 	C:\Windows\system32\napinsp.dll
0x000007fee9230000 - 0x000007fee9249000 	C:\Windows\system32\pnrpnsp.dll
0x000007fefc450000 - 0x000007fefc4ab000 	C:\Windows\system32\DNSAPI.dll
0x000007fee9220000 - 0x000007fee922b000 	C:\Windows\System32\winrnr.dll
0x000007fee9210000 - 0x000007fee9220000 	C:\Windows\system32\wshbth.dll
0x000007fefa880000 - 0x000007fefa8a7000 	C:\Windows\system32\IPHLPAPI.DLL
0x000007fefa860000 - 0x000007fefa86b000 	C:\Windows\system32\WINNSI.DLL
0x000007fef9ba0000 - 0x000007fef9bf3000 	C:\Windows\System32\fwpuclnt.dll
0x000007fef5600000 - 0x000007fef5608000 	C:\Windows\system32\rasadhlp.dll
0x0000000010000000 - 0x000000001002b000 	C:\Program Files\BSF4ooRexx\BSF4ooRexx.DLL
0x000000005b090000 - 0x000000005b92c000 	C:\Program Files\Java\jre1.8.0_131\bin\server\jvm.DLL
0x000007fefaa00000 - 0x000007fefaa3b000 	C:\Windows\system32\WINMM.dll
0x0000000077320000 - 0x0000000077327000 	C:\Windows\system32\PSAPI.DLL
0x0000000074a10000 - 0x0000000074ae2000 	C:\Windows\system32\MSVCR100.dll
0x0000000073f00000 - 0x0000000073f0f000 	C:\Program Files\Java\jre1.8.0_131\bin\verify.dll
0x000000006fd80000 - 0x000000006fda9000 	C:\Program Files\Java\jre1.8.0_131\bin\java.dll
0x0000000073ec0000 - 0x0000000073ed6000 	C:\Program Files\Java\jre1.8.0_131\bin\zip.dll
0x000007fefe210000 - 0x000007fefef9a000 	C:\Windows\system32\SHELL32.dll
0x0000000002380000 - 0x000000000238f000 	C:\Windows\system32\profapi.dll
0x000000006a300000 - 0x000000006a498000 	C:\Program Files\Java\jre1.8.0_131\bin\awt.dll
0x000007feefc10000 - 0x000007feefcff000 	C:\Program Files\Java\jre1.8.0_131\bin\msvcr120.dll
0x000007feefb60000 - 0x000007feefc06000 	C:\Program Files\Java\jre1.8.0_131\bin\msvcp120.dll
0x000000006f720000 - 0x000000006f742000 	C:\Program Files\Java\jre1.8.0_131\bin\prism_d3d.dll
0x000007feeef40000 - 0x000007feef13f000 	C:\Windows\system32\d3d9.dll
0x000007fefb560000 - 0x000007fefb567000 	C:\Windows\system32\d3d8thk.dll
0x000007fefa740000 - 0x000007fefa758000 	C:\Windows\system32\dwmapi.dll
0x000007fefd0e0000 - 0x000007fefd11b000 	C:\Windows\system32\WINTRUST.dll
0x000007fefcf00000 - 0x000007fefd06d000 	C:\Windows\system32\CRYPT32.dll
0x000007fefce50000 - 0x000007fefce5f000 	C:\Windows\system32\MSASN1.dll
0x000007fefaa40000 - 0x000007fefaa96000 	C:\Windows\system32\uxtheme.dll
0x000007fef85d0000 - 0x000007fef86e6000 	C:\Windows\system32\nvumdshimx.dll
0x000007fee32c0000 - 0x000007fee3ee0000 	C:\Windows\system32\igdumd64.dll
0x000007fee2390000 - 0x000007fee32b8000 	C:\Windows\system32\nvd3dumx.dll
0x000000006a2b0000 - 0x000000006a2f3000 	C:\Program Files\Java\jre1.8.0_131\bin\glass.dll
0x000007fefe170000 - 0x000007fefe207000 	C:\Windows\system32\COMDLG32.dll
0x000007fefcca0000 - 0x000007fefccaf000 	C:\Windows\system32\CRYPTBASE.dll
0x000007fefb5c0000 - 0x000007fefb5ec000 	C:\Windows\system32\powrprof.dll
0x000007fee69b0000 - 0x000007fee6b12000 	C:\Program Files (x86)\NVIDIA Corporation\3D Vision\nvSCPAPI64.dll
0x0000000071a00000 - 0x0000000071a14000 	C:\Program Files\Java\jre1.8.0_131\bin\javafx_font.dll
0x000007fef50f0000 - 0x000007fef5287000 	C:\Windows\system32\dwrite.dll
0x000007fefe010000 - 0x000007fefe0a9000 	C:\Windows\system32\CLBCatQ.DLL
0x000007fefc010000 - 0x000007fefc204000 	C:\Windows\WinSxS\amd64_microsoft.windows.common-controls_6595b64144ccf1df_6.0.7601.18837_none_fa3b1e3d17594757\comctl32.dll
0x000007fefa4d0000 - 0x000007fefa631000 	C:\Windows\system32\WindowsCodecs.dll
0x000007fefcc40000 - 0x000007fefcc97000 	C:\Windows\system32\apphelp.dll
0x000000006f200000 - 0x000000006f220000 	C:\Program Files\Common Files\TortoiseOverlays\TortoiseOverlays.dll
0x000000006f1e0000 - 0x000000006f1fb000 	C:\Program Files\TortoiseGit\bin\TortoiseGitStub.dll
0x000000006f140000 - 0x000000006f1d1000 	C:\Program Files\TortoiseGit\bin\TortoiseGit.dll
0x000007feed140000 - 0x000007feed236000 	C:\Program Files\TortoiseGit\bin\libgit2_tgit.dll
0x000007fef9c70000 - 0x000007fef9ce1000 	C:\Windows\system32\WINHTTP.dll
0x000007fef9c00000 - 0x000007fef9c65000 	C:\Windows\system32\webio.dll
0x000007feed110000 - 0x000007feed129000 	C:\Program Files\TortoiseGit\bin\zlib1_tgit.dll
0x000007feecfd0000 - 0x000007feed108000 	C:\Program Files\TortoiseGit\bin\gitdll.dll
0x000007fefc630000 - 0x000007fefc648000 	C:\Windows\system32\CRYPTSP.dll
0x000007fefc330000 - 0x000007fefc377000 	C:\Windows\system32\rsaenh.dll
0x000007feecc30000 - 0x000007feecc41000 	C:\Program Files\TortoiseGit\bin\crshhndl.dll
0x000007feecbf0000 - 0x000007feecc25000 	C:\Windows\system32\EhStorShell.dll
0x000007fefb3c0000 - 0x000007fefb4ec000 	C:\Windows\system32\PROPSYS.dll
0x000007feecb70000 - 0x000007feecbee000 	C:\Windows\System32\cscui.dll
0x000007feecb60000 - 0x000007feecb6c000 	C:\Windows\System32\CSCDLL.dll
0x000007fef5640000 - 0x000007fef564f000 	C:\Windows\system32\CSCAPI.dll
0x000007fef11d0000 - 0x000007fef11fd000 	C:\Program Files\Common Files\Microsoft Shared\Ink\rtscom.dll
0x000007fee0d80000 - 0x000007fee0dbf000 	C:\Program Files\ThinkPad\Bluetooth Software\btmmhook.dll
0x000007fefcee0000 - 0x000007fefcefe000 	C:\Windows\system32\USERENV.dll
0x00000000719c0000 - 0x00000000719da000 	C:\Program Files\Java\jre1.8.0_131\bin\net.dll
0x000007fefc5c0000 - 0x000007fefc5c7000 	C:\Windows\System32\wship6.dll
0x000007fef9d80000 - 0x000007fef9d98000 	C:\Windows\system32\dhcpcsvc.DLL
0x000007fef9aa0000 - 0x000007fef9ab1000 	C:\Windows\system32\dhcpcsvc6.DLL
0x000000006ff40000 - 0x000000006ff51000 	C:\Program Files\Java\jre1.8.0_131\bin\nio.dll
0x000000006b9a0000 - 0x000000006b9b1000 	C:\Program Files\Java\jre1.8.0_131\bin\prism_common.dll
0x000007fee1fc0000 - 0x000007fee2384000 	C:\Windows\system32\d2d1.dll
0x000007feed770000 - 0x000007feed945000 	C:\Windows\system32\d3d11.dll
0x000007feed950000 - 0x000007feed9ad000 	C:\Windows\system32\dxgi.dll
0x000007fee57c0000 - 0x000007fee5a39000 	C:\Windows\system32\D3D10Warp.dll
0x000007feed740000 - 0x000007feed766000 	C:\Windows\system32\DXGIDebug.dll
0x000007fee0dc0000 - 0x000007fee0de4000 	C:\Program Files\ThinkPad\Bluetooth Software\btkeyind.dll
0x000007fefcd50000 - 0x000007fefcd64000 	C:\Windows\system32\RpcRtRemote.dll
0x000007feeec70000 - 0x000007feeed95000 	C:\Windows\system32\dbghelp.dll

VM Arguments:
java_command: <unknown>
java_class_path (initial): C:\xampp\htdocs\javafx\ooRexxTryFX\java\richtextfx-0.7-M5-custom.jar;C:\Users\Administrator\Documents\staff\controlsfx-8.40.12.jar;C:\Program Files\BSF4ooRexx\bsf4ooRexx-v600-20170405-bin.jar;C:\Program Files\BSF4ooRexx\jni4net.j-0.8.8.0.jar;C:\Program Files\BSF4ooRexx\oorexx.net.jar;.;C:\xampp\htdocs\javafx\ooRexxTryFX\java\ikonli-core-1.9.0.jar;C:\xampp\htdocs\javafx\ooRexxTryFX\java\ikonli-javafx-1.9.0.jar;C:\xampp\htdocs\javafx\ooRexxTryFX\java\ikonli-octicons-pack-1.9.0.jar;C:\xampp\htdocs\javafx\ooRexxTryFX\java\ikonli-openiconic-pack-1.9.0.jar;
Launcher Type: generic

Environment Variables:
CLASSPATH=C:\xampp\htdocs\javafx\ooRexxTryFX\java\richtextfx-0.7-M5-custom.jar;C:\Users\Administrator\Documents\staff\controlsfx-8.40.12.jar;C:\Program Files\BSF4ooRexx\bsf4ooRexx-v600-20170405-bin.jar;C:\Program Files\BSF4ooRexx\jni4net.j-0.8.8.0.jar;C:\Program Files\BSF4ooRexx\oorexx.net.jar;.;C:\xampp\htdocs\javafx\ooRexxTryFX\java\ikonli-core-1.9.0.jar;C:\xampp\htdocs\javafx\ooRexxTryFX\java\ikonli-javafx-1.9.0.jar;C:\xampp\htdocs\javafx\ooRexxTryFX\java\ikonli-octicons-pack-1.9.0.jar;C:\xampp\htdocs\javafx\ooRexxTryFX\java\ikonli-openiconic-pack-1.9.0.jar;
PATH=C:\ProgramData\Oracle\Java\javapath;C:\Windows\SYSTEM32;C:\Windows;C:\Windows\SYSTEM32\WBEM;C:\Windows\SYSTEM32\WINDOWSPOWERSHELL\V1.0\;C:\PROGRAM FILES (X86)\INTEL\SERVICES\IPT\;C:\PROGRAM FILES (X86)\COMMON FILES\ROXIO SHARED\DLLSHARED\;C:\PROGRAM FILES (X86)\COMMON FILES\ROXIO SHARED\10.0\DLLSHARED\;C:\Program Files\ThinkPad\Bluetooth Software\;C:\Program Files\ThinkPad\Bluetooth Software\syswow64;C:\Program Files\Intel\WiFi\bin\;C:\Program Files\Common Files\Intel\WirelessCommon\;C:\Program Files (x86)\GtkSharp\2.12\bin;%USERPROFILE%\.dnx\bin;C:\Program Files\Microsoft DNX\Dnvm\;C:\Program Files\Microsoft SQL Server\130\Tools\Binn\;C:\Program Files\Git\cmd;C:\Program Files\TortoiseGit\bin;C:\Program Files\ooRexx;C:\Program Files\BSF4ooRexx;C:\Program Files\Java\jre1.8.0_131\bin\server;
USERNAME=Administrator
OS=Windows_NT
PROCESSOR_IDENTIFIER=Intel64 Family 6 Model 42 Stepping 7, GenuineIntel



---------------  S Y S T E M  ---------------

OS: Windows 7 , 64 bit Build 7601 (6.1.7601.23796)

CPU:total 8 (initial active 8) (4 cores per cpu, 2 threads per core) family 6 model 42 stepping 7, cmov, cx8, fxsr, mmx, sse, sse2, sse3, ssse3, sse4.1, sse4.2, popcnt, avx, aes, clmul, ht, tsc, tscinvbit

Memory: 4k page, physical 8269040k(2958004k free), swap 16536220k(9784732k free)

vm_info: Java HotSpot(TM) 64-Bit Server VM (25.131-b11) for windows-amd64 JRE (1.8.0_131-b11), built on Mar 15 2017 01:23:53 by "java_re" with MS VC++ 10.0 (VS2010)

time: Sun Jul 09 20:04:41 2017
elapsed time: 93 seconds (0d 0h 1m 33s)

