#
# A fatal error has been detected by the Java Runtime Environment:
#
#  EXCEPTION_ACCESS_VIOLATION (0xc0000005) at pc=0x00007ff9c7434620, pid=15164, tid=0x00000000000044a4
#
# JRE version: Java(TM) SE Runtime Environment (8.0_131-b11) (build 1.8.0_131-b11)
# Java VM: Java HotSpot(TM) 64-Bit Server VM (25.131-b11 mixed mode windows-amd64 compressed oops)
# Problematic frame:
# C  [rexx.dll+0x84620]
#
# Failed to write core dump. Minidumps are not enabled by default on client versions of Windows
#
# If you would like to submit a bug report, please visit:
#   http://bugreport.java.com/bugreport/crash.jsp
# The crash happened outside the Java Virtual Machine in native code.
# See problematic frame for where to report the bug.
#

---------------  T H R E A D  ---------------

Current thread (0x000001b5c1b3e000):  JavaThread "JavaFX Application Thread" [_thread_in_native, id=17572, stack(0x000000270d900000,0x000000270d980000)]

siginfo: ExceptionCode=0xc0000005, reading address 0x0000000000000078

Registers:
RAX=0x0000000000000000, RBX=0x000001b5c893a210, RCX=0x00007ff7c7645fb0, RDX=0x00007ff7c7645fb0
RSP=0x000000270d97c450, RBP=0x0000000000000000, RSI=0x000000270d97cac8, RDI=0x000000270d97c470
R8 =0x00007ff7c7645fb0, R9 =0x0000000000000000, R10=0x0000000000000000, R11=0x0000000000000246
R12=0x000001b5c893a1d8, R13=0x0000000000000003, R14=0x000001b5c893a1e0, R15=0x0000000000000000
RIP=0x00007ff9c7434620, EFLAGS=0x0000000000010206

Top of Stack: (sp=0x000000270d97c450)
0x000000270d97c450:   cccccccccccccccc cccccccccccccccc
0x000000270d97c460:   cccccccccccccccc cccccccccccccccc
0x000000270d97c470:   000000270d97c4b0 00007ff9c7435160
0x000000270d97c480:   00007ff7c76444d0 00007ff7c7645fb0
0x000000270d97c490:   cccccccccccccccc cccccccccccccccc
0x000000270d97c4a0:   cccccccccccccccc cccccccccccccccc
0x000000270d97c4b0:   000000270d97c4e0 00007ff9c74325e7
0x000000270d97c4c0:   00007ff7c76444d0 00007ff7c7645fb0
0x000000270d97c4d0:   00007ff7c7645fb0 cccccccccccccccc
0x000000270d97c4e0:   000000270d97c550 00007ff9c74853f3
0x000000270d97c4f0:   00007ff7c76444a0 00007ff7c7645fb0
0x000000270d97c500:   00007ff7c7645fb0 cccccccccccccccc
0x000000270d97c510:   cccccccccccccccc 00007ff9c7651690
0x000000270d97c520:   000000270d97cd48 00007ff7c7c0b060
0x000000270d97c530:   00007ff7c7645fb0 cccccccccccccccc
0x000000270d97c540:   cccccccccccccccc fffffffffffffffe 

Instructions: (pc=0x00007ff9c7434620)
0x00007ff9c7434600:   8b fc b9 08 00 00 00 b8 cc cc cc cc f3 ab 48 8b
0x00007ff9c7434610:   4c 24 30 48 8b 44 24 38 48 8b 00 48 8b 4c 24 38
0x00007ff9c7434620:   ff 50 78 33 d2 48 8b 4c 24 30 48 f7 71 20 48 8b
0x00007ff9c7434630:   c2 48 83 c4 20 5f c3 cc cc cc cc cc cc cc cc cc 


Register to memory mapping:

RAX=0x0000000000000000 is an unknown value
RBX=0x000001b5c893a210 is an unknown value
RCX=0x00007ff7c7645fb0 is an unknown value
RDX=0x00007ff7c7645fb0 is an unknown value
RSP=0x000000270d97c450 is pointing into the stack for thread: 0x000001b5c1b3e000
RBP=0x0000000000000000 is an unknown value
RSI=0x000000270d97cac8 is pointing into the stack for thread: 0x000001b5c1b3e000
RDI=0x000000270d97c470 is pointing into the stack for thread: 0x000001b5c1b3e000
R8 =0x00007ff7c7645fb0 is an unknown value
R9 =0x0000000000000000 is an unknown value
R10=0x0000000000000000 is an unknown value
R11=0x0000000000000246 is an unknown value
R12=0x000001b5c893a1d8 is an unknown value
R13=0x0000000000000003 is an unknown value
R14=0x000001b5c893a1e0 is an unknown value
R15=0x0000000000000000 is an unknown value


Stack: [0x000000270d900000,0x000000270d980000],  sp=0x000000270d97c450,  free space=497k
Native frames: (J=compiled Java code, j=interpreted, Vv=VM code, C=native code)

Java frames: (J=compiled Java code, j=interpreted, Vv=VM code)
j  org.rexxla.bsf.engines.rexx.RexxAndJava.jniRexxSendMessageToRexxObject(Ljava/lang/String;Ljava/lang/String;Ljava/lang/String;Ljava/lang/String;Ljava/lang/String;Ljava/lang/String;Ljava/lang/String;[Ljava/lang/Object;Ljava/lang/String;)Ljava/lang/Object;+0
j  org.rexxla.bsf.engines.rexx.RexxEngine.call(Lorg/rexxla/bsf/engines/rexx/RexxProxy;Ljava/lang/reflect/Method;[Ljava/lang/Object;)Ljava/lang/Object;+484
j  org.rexxla.bsf.engines.rexx.RexxProxy.invoke(Ljava/lang/reflect/Method;[Ljava/lang/Object;)Ljava/lang/Object;+97
j  org.rexxla.bsf.engines.rexx.RexxProxy.invoke(Ljava/lang/Object;Ljava/lang/reflect/Method;[Ljava/lang/Object;)Ljava/lang/Object;+96
j  com.sun.proxy.$Proxy8.run()V+9
j  com.sun.javafx.application.PlatformImpl.lambda$null$173(Ljava/lang/Runnable;)Ljava/lang/Void;+1
j  com.sun.javafx.application.PlatformImpl$$Lambda$53.run()Ljava/lang/Object;+4
v  ~StubRoutines::call_stub
J 2522  java.security.AccessController.doPrivileged(Ljava/security/PrivilegedAction;Ljava/security/AccessControlContext;)Ljava/lang/Object; (0 bytes) @ 0x000001b5ac2df1e6 [0x000001b5ac2df180+0x66]
j  com.sun.javafx.application.PlatformImpl.lambda$runLater$174(Ljava/lang/Runnable;Ljava/security/AccessControlContext;)V+7
j  com.sun.javafx.application.PlatformImpl$$Lambda$52.run()V+8
j  com.sun.glass.ui.InvokeLaterDispatcher$Future.run()V+4
v  ~StubRoutines::call_stub
j  com.sun.glass.ui.win.WinApplication._runLoop(Ljava/lang/Runnable;)V+0
j  com.sun.glass.ui.win.WinApplication.lambda$null$148(ILjava/lang/Runnable;)V+8
j  com.sun.glass.ui.win.WinApplication$$Lambda$41.run()V+12
j  java.lang.Thread.run()V+11
v  ~StubRoutines::call_stub

---------------  P R O C E S S  ---------------

Java Threads: ( => current thread )
  0x000001b5ca59f000 JavaThread "Thread-6" [_thread_in_native, id=9368, stack(0x000000270e080000,0x000000270e100000)]
  0x000001b5c1db5800 JavaThread "Prism Font Disposer" daemon [_thread_blocked, id=7484, stack(0x000000270df00000,0x000000270df80000)]
  0x000001b5c1b5e000 JavaThread "Thread-4" daemon [_thread_in_native, id=7592, stack(0x000000270db00000,0x000000270db80000)]
=>0x000001b5c1b3e000 JavaThread "JavaFX Application Thread" [_thread_in_native, id=17572, stack(0x000000270d900000,0x000000270d980000)]
  0x000001b5c1b3d800 JavaThread "Thread-3" daemon [_thread_blocked, id=216, stack(0x000000270d880000,0x000000270d900000)]
  0x000001b5c1aeb000 JavaThread "QuantumRenderer-0" daemon [_thread_blocked, id=11744, stack(0x000000270d800000,0x000000270d880000)]
  0x000001b5c1ab8800 JavaThread "JavaFX-Launcher" [_thread_blocked, id=20876, stack(0x000000270d780000,0x000000270d800000)]
  0x000001b5c1457000 JavaThread "Service Thread" daemon [_thread_blocked, id=18344, stack(0x000000270d680000,0x000000270d700000)]
  0x000001b5c02a5800 JavaThread "C1 CompilerThread2" daemon [_thread_blocked, id=19472, stack(0x000000270d600000,0x000000270d680000)]
  0x000001b5c02a2800 JavaThread "C2 CompilerThread1" daemon [_thread_blocked, id=21200, stack(0x000000270d580000,0x000000270d600000)]
  0x000001b5c02a0000 JavaThread "C2 CompilerThread0" daemon [_thread_blocked, id=20952, stack(0x000000270d500000,0x000000270d580000)]
  0x000001b5c029c800 JavaThread "Attach Listener" daemon [_thread_blocked, id=18248, stack(0x000000270d480000,0x000000270d500000)]
  0x000001b5c029b000 JavaThread "Signal Dispatcher" daemon [_thread_blocked, id=19268, stack(0x000000270d400000,0x000000270d480000)]
  0x000001b5abb1a000 JavaThread "Finalizer" daemon [_thread_blocked, id=16812, stack(0x000000270d380000,0x000000270d400000)]
  0x000001b5c0268800 JavaThread "Reference Handler" daemon [_thread_blocked, id=19484, stack(0x000000270d300000,0x000000270d380000)]
  0x000001b5aba20800 JavaThread "main" [_thread_blocked, id=19732, stack(0x000000270ce00000,0x000000270ce80000)]

Other Threads:
  0x000001b5c0267000 VMThread [stack: 0x000000270d280000,0x000000270d300000] [id=10480]
  0x000001b5c148a000 WatcherThread [stack: 0x000000270d700000,0x000000270d780000] [id=22008]

VM state:not at safepoint (normal execution)

VM Mutex/Monitor currently owned by a thread: None

Heap:
 PSYoungGen      total 38400K, used 35460K [0x00000000d5b80000, 0x00000000d9080000, 0x0000000100000000)
  eden space 33280K, 91% used [0x00000000d5b80000,0x00000000d7925898,0x00000000d7c00000)
  from space 5120K, 99% used [0x00000000d7c00000,0x00000000d80fba28,0x00000000d8100000)
  to   space 5120K, 0% used [0x00000000d8b80000,0x00000000d8b80000,0x00000000d9080000)
 ParOldGen       total 65024K, used 7074K [0x0000000081200000, 0x0000000085180000, 0x00000000d5b80000)
  object space 65024K, 10% used [0x0000000081200000,0x00000000818e8a70,0x0000000085180000)
 Metaspace       used 27972K, capacity 30638K, committed 30848K, reserved 1075200K
  class space    used 4222K, capacity 4716K, committed 4736K, reserved 1048576K

Card table byte_map: [0x000001b5baee0000,0x000001b5bb2e0000] byte_map_base: 0x000001b5baad7000

Marking Bits: (ParMarkBitMap*) 0x000000006a41c720
 Begin Bits: [0x000001b5bb590000, 0x000001b5bd548000)
 End Bits:   [0x000001b5bd548000, 0x000001b5bf500000)

Polling page: 0x000001b5a9e30000

CodeCache: size=245760Kb used=13102Kb max_used=13118Kb free=232657Kb
 bounds [0x000001b5abb20000, 0x000001b5ac800000, 0x000001b5bab20000]
 total_blobs=4798 nmethods=4070 adapters=639
 compilation: enabled

Compilation events (10 events):
Event: 7.791 Thread 0x000001b5c02a5800 nmethod 4066 0x000001b5ac7bbd90 code [0x000001b5ac7bbf00, 0x000001b5ac7bc118]
Event: 7.791 Thread 0x000001b5c02a5800 4068       3       com.sun.prism.impl.BaseGraphics::<init> (150 bytes)
Event: 7.792 Thread 0x000001b5c02a5800 nmethod 4068 0x000001b5ac7c4650 code [0x000001b5ac7c4860, 0x000001b5ac7c54c0]
Event: 7.792 Thread 0x000001b5c02a5800 4069       3       com.sun.javafx.geom.RectBounds::<init> (10 bytes)
Event: 7.793 Thread 0x000001b5c02a5800 nmethod 4069 0x000001b5ac7dba50 code [0x000001b5ac7dbbe0, 0x000001b5ac7dc278]
Event: 7.793 Thread 0x000001b5c02a5800 4070       3       sun.misc.FDBigInteger::cmp (147 bytes)
Event: 7.793 Thread 0x000001b5c02a0000 nmethod 4064 0x000001b5ac7e3290 code [0x000001b5ac7e3420, 0x000001b5ac7e36c8]
Event: 7.794 Thread 0x000001b5c02a0000 4067       4       javafx.scene.Node::updateBounds (174 bytes)
Event: 7.794 Thread 0x000001b5c02a5800 nmethod 4070 0x000001b5ac7dcc10 code [0x000001b5ac7dcde0, 0x000001b5ac7dd518]
Event: 7.838 Thread 0x000001b5c02a2800 nmethod 4061 0x000001b5ac7e6750 code [0x000001b5ac7e6b00, 0x000001b5ac7e8f90]

GC Heap History (8 events):
Event: 1.179 GC heap before
{Heap before GC invocations=1 (full 0):
 PSYoungGen      total 38400K, used 33280K [0x00000000d5b80000, 0x00000000d8600000, 0x0000000100000000)
  eden space 33280K, 100% used [0x00000000d5b80000,0x00000000d7c00000,0x00000000d7c00000)
  from space 5120K, 0% used [0x00000000d8100000,0x00000000d8100000,0x00000000d8600000)
  to   space 5120K, 0% used [0x00000000d7c00000,0x00000000d7c00000,0x00000000d8100000)
 ParOldGen       total 87552K, used 0K [0x0000000081200000, 0x0000000086780000, 0x00000000d5b80000)
  object space 87552K, 0% used [0x0000000081200000,0x0000000081200000,0x0000000086780000)
 Metaspace       used 15688K, capacity 16148K, committed 16256K, reserved 1062912K
  class space    used 2026K, capacity 2161K, committed 2176K, reserved 1048576K
Event: 1.189 GC heap after
Heap after GC invocations=1 (full 0):
 PSYoungGen      total 38400K, used 5089K [0x00000000d5b80000, 0x00000000d8600000, 0x0000000100000000)
  eden space 33280K, 0% used [0x00000000d5b80000,0x00000000d5b80000,0x00000000d7c00000)
  from space 5120K, 99% used [0x00000000d7c00000,0x00000000d80f8528,0x00000000d8100000)
  to   space 5120K, 0% used [0x00000000d8100000,0x00000000d8100000,0x00000000d8600000)
 ParOldGen       total 87552K, used 1354K [0x0000000081200000, 0x0000000086780000, 0x00000000d5b80000)
  object space 87552K, 1% used [0x0000000081200000,0x0000000081352a68,0x0000000086780000)
 Metaspace       used 15688K, capacity 16148K, committed 16256K, reserved 1062912K
  class space    used 2026K, capacity 2161K, committed 2176K, reserved 1048576K
}
Event: 1.698 GC heap before
{Heap before GC invocations=2 (full 0):
 PSYoungGen      total 38400K, used 20626K [0x00000000d5b80000, 0x00000000d8600000, 0x0000000100000000)
  eden space 33280K, 46% used [0x00000000d5b80000,0x00000000d6aac3a0,0x00000000d7c00000)
  from space 5120K, 99% used [0x00000000d7c00000,0x00000000d80f8528,0x00000000d8100000)
  to   space 5120K, 0% used [0x00000000d8100000,0x00000000d8100000,0x00000000d8600000)
 ParOldGen       total 87552K, used 1354K [0x0000000081200000, 0x0000000086780000, 0x00000000d5b80000)
  object space 87552K, 1% used [0x0000000081200000,0x0000000081352a68,0x0000000086780000)
 Metaspace       used 20235K, capacity 21238K, committed 21248K, reserved 1067008K
  class space    used 2845K, capacity 3072K, committed 3072K, reserved 1048576K
Event: 1.705 GC heap after
Heap after GC invocations=2 (full 0):
 PSYoungGen      total 38400K, used 5100K [0x00000000d5b80000, 0x00000000da680000, 0x0000000100000000)
  eden space 33280K, 0% used [0x00000000d5b80000,0x00000000d5b80000,0x00000000d7c00000)
  from space 5120K, 99% used [0x00000000d8100000,0x00000000d85fb0e8,0x00000000d8600000)
  to   space 5120K, 0% used [0x00000000d7c00000,0x00000000d7c00000,0x00000000d8100000)
 ParOldGen       total 87552K, used 3189K [0x0000000081200000, 0x0000000086780000, 0x00000000d5b80000)
  object space 87552K, 3% used [0x0000000081200000,0x000000008151d7d0,0x0000000086780000)
 Metaspace       used 20235K, capacity 21238K, committed 21248K, reserved 1067008K
  class space    used 2845K, capacity 3072K, committed 3072K, reserved 1048576K
}
Event: 1.705 GC heap before
{Heap before GC invocations=3 (full 1):
 PSYoungGen      total 38400K, used 5100K [0x00000000d5b80000, 0x00000000da680000, 0x0000000100000000)
  eden space 33280K, 0% used [0x00000000d5b80000,0x00000000d5b80000,0x00000000d7c00000)
  from space 5120K, 99% used [0x00000000d8100000,0x00000000d85fb0e8,0x00000000d8600000)
  to   space 5120K, 0% used [0x00000000d7c00000,0x00000000d7c00000,0x00000000d8100000)
 ParOldGen       total 87552K, used 3189K [0x0000000081200000, 0x0000000086780000, 0x00000000d5b80000)
  object space 87552K, 3% used [0x0000000081200000,0x000000008151d7d0,0x0000000086780000)
 Metaspace       used 20235K, capacity 21238K, committed 21248K, reserved 1067008K
  class space    used 2845K, capacity 3072K, committed 3072K, reserved 1048576K
Event: 1.741 GC heap after
Heap after GC invocations=3 (full 1):
 PSYoungGen      total 38400K, used 0K [0x00000000d5b80000, 0x00000000da680000, 0x0000000100000000)
  eden space 33280K, 0% used [0x00000000d5b80000,0x00000000d5b80000,0x00000000d7c00000)
  from space 5120K, 0% used [0x00000000d8100000,0x00000000d8100000,0x00000000d8600000)
  to   space 5120K, 0% used [0x00000000d7c00000,0x00000000d7c00000,0x00000000d8100000)
 ParOldGen       total 65024K, used 6895K [0x0000000081200000, 0x0000000085180000, 0x00000000d5b80000)
  object space 65024K, 10% used [0x0000000081200000,0x00000000818bbe88,0x0000000085180000)
 Metaspace       used 20235K, capacity 21238K, committed 21248K, reserved 1067008K
  class space    used 2845K, capacity 3072K, committed 3072K, reserved 1048576K
}
Event: 2.910 GC heap before
{Heap before GC invocations=4 (full 1):
 PSYoungGen      total 38400K, used 31790K [0x00000000d5b80000, 0x00000000da680000, 0x0000000100000000)
  eden space 33280K, 95% used [0x00000000d5b80000,0x00000000d7a8b890,0x00000000d7c00000)
  from space 5120K, 0% used [0x00000000d8100000,0x00000000d8100000,0x00000000d8600000)
  to   space 5120K, 0% used [0x00000000d7c00000,0x00000000d7c00000,0x00000000d8100000)
 ParOldGen       total 65024K, used 6895K [0x0000000081200000, 0x0000000085180000, 0x00000000d5b80000)
  object space 65024K, 10% used [0x0000000081200000,0x00000000818bbe88,0x0000000085180000)
 Metaspace       used 25186K, capacity 27460K, committed 27648K, reserved 1073152K
  class space    used 3845K, capacity 4293K, committed 4352K, reserved 1048576K
Event: 2.920 GC heap after
Heap after GC invocations=4 (full 1):
 PSYoungGen      total 38400K, used 5102K [0x00000000d5b80000, 0x00000000d9080000, 0x0000000100000000)
  eden space 33280K, 0% used [0x00000000d5b80000,0x00000000d5b80000,0x00000000d7c00000)
  from space 5120K, 99% used [0x00000000d7c00000,0x00000000d80fba28,0x00000000d8100000)
  to   space 5120K, 0% used [0x00000000d8b80000,0x00000000d8b80000,0x00000000d9080000)
 ParOldGen       total 65024K, used 7074K [0x0000000081200000, 0x0000000085180000, 0x00000000d5b80000)
  object space 65024K, 10% used [0x0000000081200000,0x00000000818e8a70,0x0000000085180000)
 Metaspace       used 25186K, capacity 27460K, committed 27648K, reserved 1073152K
  class space    used 3845K, capacity 4293K, committed 4352K, reserved 1048576K
}

Deoptimization events (10 events):
Event: 3.757 Thread 0x000001b5c1b3e000 Uncommon trap: reason=unstable_if action=reinterpret pc=0x000001b5ac29a274 method=com.sun.javafx.css.StyleManager$CacheContainer.getStyleMap(I)Lcom/sun/javafx/css/StyleMap; @ 9
Event: 3.758 Thread 0x000001b5c1b3e000 Uncommon trap: reason=unstable_if action=reinterpret pc=0x000001b5ac393ab4 method=com.sun.javafx.css.StyleManager$CacheContainer.getStyleMap(I)Lcom/sun/javafx/css/StyleMap; @ 9
Event: 3.775 Thread 0x000001b5c1b3e000 Uncommon trap: reason=unstable_if action=reinterpret pc=0x000001b5ac4a66f0 method=javafx.scene.CssStyleHelper.transitionToState(Ljavafx/scene/Node;)V @ 627
Event: 3.818 Thread 0x000001b5c1b3e000 Uncommon trap: reason=unstable_if action=reinterpret pc=0x000001b5abfc384c method=jdk.internal.org.objectweb.asm.Type.getArgumentsAndReturnSizes(Ljava/lang/String;)I @ 47
Event: 4.758 Thread 0x000001b5c1b3e000 Uncommon trap: reason=unstable_if action=reinterpret pc=0x000001b5ac09aa24 method=java.util.WeakHashMap.expungeStaleEntries()V @ 9
Event: 6.027 Thread 0x000001b5c1b3e000 Uncommon trap: reason=class_check action=maybe_recompile pc=0x000001b5ac16c130 method=java.io.FilterInputStream.read()I @ 4
Event: 6.027 Thread 0x000001b5c1b3e000 Uncommon trap: reason=class_check action=maybe_recompile pc=0x000001b5ac16c130 method=java.io.FilterInputStream.read()I @ 4
Event: 6.027 Thread 0x000001b5c1b3e000 Uncommon trap: reason=class_check action=maybe_recompile pc=0x000001b5ac16c130 method=java.io.FilterInputStream.read()I @ 4
Event: 6.027 Thread 0x000001b5c1b3e000 Uncommon trap: reason=class_check action=maybe_recompile pc=0x000001b5ac16c130 method=java.io.FilterInputStream.read()I @ 4
Event: 6.756 Thread 0x000001b5ca59f000 Uncommon trap: reason=predicate action=maybe_recompile pc=0x000001b5abdb4108 method=sun.net.www.ParseUtil.encodePath(Ljava/lang/String;Z)Ljava/lang/String; @ 36

Internal exceptions (10 events):
Event: 3.710 Thread 0x000001b5c1b3e000 Implicit null exception at 0x000001b5ac20ced6 to 0x000001b5ac20d0b6
Event: 3.727 Thread 0x000001b5c1b3e000 Implicit null exception at 0x000001b5ac14019a to 0x000001b5ac140c15
Event: 3.728 Thread 0x000001b5c1b3e000 Implicit null exception at 0x000001b5ac27a833 to 0x000001b5ac27b2fd
Event: 4.753 Thread 0x000001b5c1b3e000 Exception <a 'java/lang/ClassCastException': java.lang.String cannot be cast to java.lang.Class> (0x00000000d674b150) thrown at [C:\re\workspace\8-2-build-windows-amd64-cygwin\jdk8u131\8869\hotspot\src\share\vm\interpreter\interpreterRuntime.cpp, line 381
Event: 4.981 Thread 0x000001b5c1b3e000 Exception <a 'java/lang/ClassCastException': java.lang.String cannot be cast to java.lang.Class> (0x00000000d6d20558) thrown at [C:\re\workspace\8-2-build-windows-amd64-cygwin\jdk8u131\8869\hotspot\src\share\vm\interpreter\interpreterRuntime.cpp, line 381
Event: 4.987 Thread 0x000001b5c1b3e000 Exception <a 'java/lang/ClassCastException': java.lang.String cannot be cast to java.lang.Class> (0x00000000d6d5e208) thrown at [C:\re\workspace\8-2-build-windows-amd64-cygwin\jdk8u131\8869\hotspot\src\share\vm\interpreter\interpreterRuntime.cpp, line 381
Event: 4.987 Thread 0x000001b5c1b3e000 Exception <a 'java/io/FileNotFoundException'> (0x00000000d6d60900) thrown at [C:\re\workspace\8-2-build-windows-amd64-cygwin\jdk8u131\8869\hotspot\src\share\vm\prims\jni.cpp, line 709]
Event: 6.740 Thread 0x000001b5ca59f000 Exception <a 'java/lang/ClassCastException': java.lang.String cannot be cast to java.lang.Class> (0x00000000d7444718) thrown at [C:\re\workspace\8-2-build-windows-amd64-cygwin\jdk8u131\8869\hotspot\src\share\vm\interpreter\interpreterRuntime.cpp, line 381
Event: 6.837 Thread 0x000001b5ca59f000 Exception <a 'java/lang/ClassCastException': java.lang.String cannot be cast to java.lang.Class> (0x00000000d74f5130) thrown at [C:\re\workspace\8-2-build-windows-amd64-cygwin\jdk8u131\8869\hotspot\src\share\vm\interpreter\interpreterRuntime.cpp, line 381
Event: 6.838 Thread 0x000001b5ca59f000 Exception <a 'java/lang/ClassCastException': java.lang.String cannot be cast to java.lang.Class> (0x00000000d74f6518) thrown at [C:\re\workspace\8-2-build-windows-amd64-cygwin\jdk8u131\8869\hotspot\src\share\vm\interpreter\interpreterRuntime.cpp, line 381

Events (10 events):
Event: 6.832 Executing VM operation: Deoptimize
Event: 6.835 Executing VM operation: Deoptimize done
Event: 6.835 loading class sun/net/www/http/KeepAliveStreamCleaner$1
Event: 6.835 loading class sun/net/www/http/KeepAliveStreamCleaner$1 done
Event: 6.835 loading class sun/net/www/http/KeepAliveStreamCleaner$2
Event: 6.835 loading class sun/net/www/http/KeepAliveStreamCleaner$2 done
Event: 6.835 loading class sun/net/www/protocol/http/HttpURLConnection$HttpInputStream
Event: 6.836 loading class sun/net/www/protocol/http/HttpURLConnection$HttpInputStream done
Event: 6.838 Executing VM operation: RevokeBias
Event: 6.838 Executing VM operation: RevokeBias done


Dynamic libraries:
0x00007ff7c9570000 - 0x00007ff7c966b000 	C:\Program Files\ooRexx\rexx.exe
0x00007ff9ee4a0000 - 0x00007ff9ee67b000 	C:\WINDOWS\SYSTEM32\ntdll.dll
0x00007ff9ee370000 - 0x00007ff9ee41e000 	C:\WINDOWS\System32\KERNEL32.DLL
0x00007ff9eb600000 - 0x00007ff9eb849000 	C:\WINDOWS\System32\KERNELBASE.dll
0x00007ff9c0e00000 - 0x00007ff9c0f67000 	C:\Program Files\ooRexx\REXXAPI.dll
0x00007ff9c73b0000 - 0x00007ff9c776d000 	C:\Program Files\ooRexx\rexx.dll
0x00007ff9ee200000 - 0x00007ff9ee34a000 	C:\WINDOWS\System32\USER32.dll
0x00007ff9eb5e0000 - 0x00007ff9eb5fe000 	C:\WINDOWS\System32\win32u.dll
0x00007ff9eda20000 - 0x00007ff9eda47000 	C:\WINDOWS\System32\GDI32.dll
0x00007ff9ea9c0000 - 0x00007ff9eab48000 	C:\WINDOWS\System32\gdi32full.dll
0x00007ff9ead90000 - 0x00007ff9eae2a000 	C:\WINDOWS\System32\msvcp_win.dll
0x00007ff9edca0000 - 0x00007ff9edd41000 	C:\WINDOWS\System32\ADVAPI32.dll
0x00007ff9eb850000 - 0x00007ff9eb946000 	C:\WINDOWS\System32\ucrtbase.dll
0x00007ff9ede70000 - 0x00007ff9edf0d000 	C:\WINDOWS\System32\msvcrt.dll
0x00007ff9ee110000 - 0x00007ff9ee169000 	C:\WINDOWS\System32\sechost.dll
0x00007ff9edb00000 - 0x00007ff9edc25000 	C:\WINDOWS\System32\RPCRT4.dll
0x00007ff9d60b0000 - 0x00007ff9d60b9000 	C:\WINDOWS\SYSTEM32\WSOCK32.dll
0x00007ff9edc30000 - 0x00007ff9edc9c000 	C:\WINDOWS\System32\WS2_32.dll
0x00007ff9e1a70000 - 0x00007ff9e1b16000 	C:\WINDOWS\WinSxS\amd64_microsoft.windows.common-controls_6595b64144ccf1df_5.82.15063.413_none_0e0f5dcc67adff4e\COMCTL32.dll
0x00007ff9ee170000 - 0x00007ff9ee19d000 	C:\WINDOWS\System32\IMM32.DLL
0x000000006b0e0000 - 0x000000006b21a000 	C:\Program Files\ooRexx\rexxutil.DLL
0x00007ff9edd50000 - 0x00007ff9edda1000 	C:\WINDOWS\System32\SHLWAPI.dll
0x00007ff9ebb70000 - 0x00007ff9ebe69000 	C:\WINDOWS\System32\combase.dll
0x00007ff9eab50000 - 0x00007ff9eabba000 	C:\WINDOWS\System32\bcryptPrimitives.dll
0x00007ff9e5620000 - 0x00007ff9e56aa000 	C:\WINDOWS\SYSTEM32\WINSPOOL.DRV
0x00007ff9ea490000 - 0x00007ff9ea4b5000 	C:\WINDOWS\SYSTEM32\bcrypt.dll
0x00007ff9cae60000 - 0x00007ff9caf98000 	C:\Program Files\ooRexx\OREXXOLE.DLL
0x00007ff9ed8d0000 - 0x00007ff9eda15000 	C:\WINDOWS\System32\ole32.dll
0x00007ff9ebf80000 - 0x00007ff9ec040000 	C:\WINDOWS\System32\OLEAUT32.dll
0x00007ff9ea810000 - 0x00007ff9ea840000 	C:\WINDOWS\SYSTEM32\SspiCli.dll
0x00007ff9e9ef0000 - 0x00007ff9e9f4c000 	C:\WINDOWS\system32\mswsock.dll
0x00007ff9dfa90000 - 0x00007ff9dfaa6000 	C:\WINDOWS\system32\napinsp.dll
0x00007ff9dfa70000 - 0x00007ff9dfa8a000 	C:\WINDOWS\system32\pnrpnsp.dll
0x00007ff9e7160000 - 0x00007ff9e7178000 	C:\WINDOWS\system32\NLAapi.dll
0x00007ff9e9cd0000 - 0x00007ff9e9d74000 	C:\WINDOWS\SYSTEM32\DNSAPI.dll
0x00007ff9ede60000 - 0x00007ff9ede68000 	C:\WINDOWS\System32\NSI.dll
0x00007ff9e9c90000 - 0x00007ff9e9cc7000 	C:\WINDOWS\SYSTEM32\IPHLPAPI.DLL
0x00007ff9e6e60000 - 0x00007ff9e6e6e000 	C:\WINDOWS\System32\winrnr.dll
0x00007ff9e46b0000 - 0x00007ff9e46c5000 	C:\WINDOWS\System32\wshbth.dll
0x00007ff9d89b0000 - 0x00007ff9d8a1b000 	C:\WINDOWS\System32\fwpuclnt.dll
0x00007ff9d7290000 - 0x00007ff9d729a000 	C:\Windows\System32\rasadhlp.dll
0x0000000010000000 - 0x000000001002b000 	C:\Users\abagi\Downloads\BSF4ooRexx_install_v600-20170617-beta\bsf4oorexx\BSF4ooRexx.DLL
0x0000000069c00000 - 0x000000006a49c000 	C:\Program Files\Java\jre1.8.0_131\bin\server\jvm.DLL
0x00007ff9ede50000 - 0x00007ff9ede58000 	C:\WINDOWS\System32\PSAPI.DLL
0x00007ff9e7750000 - 0x00007ff9e7773000 	C:\WINDOWS\SYSTEM32\WINMM.dll
0x00007ff9e8f40000 - 0x00007ff9e8f4a000 	C:\WINDOWS\SYSTEM32\VERSION.dll
0x00007ff9e76f0000 - 0x00007ff9e771b000 	C:\WINDOWS\SYSTEM32\WINMMBASE.dll
0x00007ff9eb9b0000 - 0x00007ff9eb9f9000 	C:\WINDOWS\System32\cfgmgr32.dll
0x000000006b000000 - 0x000000006b0d2000 	C:\Program Files\Java\jdk1.8.0_131\bin\MSVCR100.dll
0x000000006aff0000 - 0x000000006afff000 	C:\Program Files\Java\jre1.8.0_131\bin\verify.dll
0x000000006afc0000 - 0x000000006afe9000 	C:\Program Files\Java\jre1.8.0_131\bin\java.dll
0x000000006afa0000 - 0x000000006afb6000 	C:\Program Files\Java\jre1.8.0_131\bin\zip.dll
0x00007ff9ec480000 - 0x00007ff9ed8b7000 	C:\WINDOWS\System32\SHELL32.dll
0x00007ff9eda50000 - 0x00007ff9edafa000 	C:\WINDOWS\System32\shcore.dll
0x00007ff9eae30000 - 0x00007ff9eb522000 	C:\WINDOWS\System32\windows.storage.dll
0x00007ff9ea980000 - 0x00007ff9ea991000 	C:\WINDOWS\System32\kernel.appcore.dll
0x00007ff9ea930000 - 0x00007ff9ea97c000 	C:\WINDOWS\System32\powrprof.dll
0x00007ff9ea910000 - 0x00007ff9ea925000 	C:\WINDOWS\System32\profapi.dll
0x0000000069a60000 - 0x0000000069bf8000 	C:\Program Files\Java\jre1.8.0_131\bin\awt.dll
0x00007ff9e8b40000 - 0x00007ff9e8bbe000 	C:\WINDOWS\SYSTEM32\apphelp.dll
0x00007ff9cea00000 - 0x00007ff9ceaef000 	C:\Program Files\Java\jre1.8.0_131\bin\msvcr120.dll
0x00007ff9c35c0000 - 0x00007ff9c3666000 	C:\Program Files\Java\jre1.8.0_131\bin\msvcp120.dll
0x000000006af70000 - 0x000000006af92000 	C:\Program Files\Java\jre1.8.0_131\bin\prism_d3d.dll
0x00007ff9c7770000 - 0x00007ff9c78f9000 	C:\WINDOWS\system32\d3d9.dll
0x00007ff9e72e0000 - 0x00007ff9e730a000 	C:\WINDOWS\SYSTEM32\dwmapi.dll
0x00007ff9e8c60000 - 0x00007ff9e8cf5000 	C:\WINDOWS\system32\uxtheme.dll
0x00007ff996cf0000 - 0x00007ff99922d000 	C:\WINDOWS\SYSTEM32\igdumdim64.dll
0x00007ff9ec040000 - 0x00007ff9ec47b000 	C:\WINDOWS\System32\SETUPAPI.dll
0x000000006af20000 - 0x000000006af63000 	C:\Program Files\Java\jre1.8.0_131\bin\glass.dll
0x00007ff9ebe70000 - 0x00007ff9ebf78000 	C:\WINDOWS\System32\COMDLG32.dll
0x00007ff9eba00000 - 0x00007ff9ebb66000 	C:\WINDOWS\System32\MSCTF.dll
0x00007ff9d7b20000 - 0x00007ff9d7bc1000 	C:\Program Files\Common Files\microsoft shared\ink\tiptsf.dll
0x00007ff9e2110000 - 0x00007ff9e2f83000 	C:\WINDOWS\SYSTEM32\igc64.dll
0x000000006af00000 - 0x000000006af14000 	C:\Program Files\Java\jre1.8.0_131\bin\javafx_font.dll
0x00007ff9e4020000 - 0x00007ff9e42df000 	C:\WINDOWS\SYSTEM32\dwrite.dll
0x00007ff9eddb0000 - 0x00007ff9ede4e000 	C:\WINDOWS\System32\clbcatq.dll
0x00007ff9d8fb0000 - 0x00007ff9d9217000 	C:\WINDOWS\WinSxS\amd64_microsoft.windows.common-controls_6595b64144ccf1df_6.0.15063.0_none_108e4f62dfe5d999\comctl32.dll
0x00007ff9e5230000 - 0x00007ff9e53dc000 	C:\WINDOWS\SYSTEM32\WindowsCodecs.dll
0x00007ff9d6510000 - 0x00007ff9d6557000 	C:\WINDOWS\system32\dataexchange.dll
0x00007ff9e7d50000 - 0x00007ff9e802f000 	C:\WINDOWS\system32\d3d11.dll
0x00007ff9e7510000 - 0x00007ff9e7632000 	C:\WINDOWS\system32\dcomp.dll
0x00007ff9e8d90000 - 0x00007ff9e8e34000 	C:\WINDOWS\system32\dxgi.dll
0x00007ff9e92f0000 - 0x00007ff9e9460000 	C:\WINDOWS\system32\twinapi.appcore.dll
0x00007ff9dbeb0000 - 0x00007ff9dbee1000 	C:\Program Files\Common Files\Microsoft Shared\Ink\rtscom.dll
0x00007ff9e4620000 - 0x00007ff9e46a2000 	C:\WINDOWS\System32\TextInputFramework.dll
0x00007ff9e47f0000 - 0x00007ff9e4ac2000 	C:\WINDOWS\System32\CoreUIComponents.dll
0x00007ff9e8030000 - 0x00007ff9e8113000 	C:\WINDOWS\System32\CoreMessaging.dll
0x00007ff9e9940000 - 0x00007ff9e9971000 	C:\WINDOWS\SYSTEM32\ntmarta.dll
0x00007ff9e6810000 - 0x00007ff9e6949000 	C:\WINDOWS\SYSTEM32\wintypes.dll
0x00007ff9e7000000 - 0x00007ff9e7015000 	C:\WINDOWS\SYSTEM32\usermgrcli.dll
0x00007ff9d9410000 - 0x00007ff9d95d5000 	C:\Windows\System32\uiautomationcore.dll
0x00007ff9ea770000 - 0x00007ff9ea80a000 	C:\WINDOWS\SYSTEM32\sxs.dll
0x00007ff9d83f0000 - 0x00007ff9d845b000 	C:\WINDOWS\SYSTEM32\OLEACC.dll
0x00007ff9ea4c0000 - 0x00007ff9ea4d7000 	C:\WINDOWS\SYSTEM32\CRYPTSP.dll
0x00007ff9e9b10000 - 0x00007ff9e9b44000 	C:\WINDOWS\system32\rsaenh.dll
0x00007ff9ea840000 - 0x00007ff9ea869000 	C:\WINDOWS\SYSTEM32\USERENV.dll
0x00007ff9ea090000 - 0x00007ff9ea09b000 	C:\WINDOWS\SYSTEM32\CRYPTBASE.dll
0x000000006aee0000 - 0x000000006aefa000 	C:\Program Files\Java\jre1.8.0_131\bin\net.dll
0x00007ff9ddd20000 - 0x00007ff9ddd36000 	C:\WINDOWS\SYSTEM32\dhcpcsvc6.DLL
0x00007ff9ddd00000 - 0x00007ff9ddd1a000 	C:\WINDOWS\SYSTEM32\dhcpcsvc.DLL
0x000000006aec0000 - 0x000000006aed1000 	C:\Program Files\Java\jre1.8.0_131\bin\nio.dll
0x000000006aea0000 - 0x000000006aeb1000 	C:\Program Files\Java\jre1.8.0_131\bin\prism_common.dll
0x00007ff9e8190000 - 0x00007ff9e8734000 	C:\WINDOWS\SYSTEM32\d2d1.dll
0x00007ff9eabc0000 - 0x00007ff9ead89000 	C:\WINDOWS\System32\CRYPT32.dll
0x00007ff9ea9a0000 - 0x00007ff9ea9b1000 	C:\WINDOWS\System32\MSASN1.dll
0x00007ff9d03d0000 - 0x00007ff9d06a5000 	C:\WINDOWS\SYSTEM32\D3D10Warp.dll
0x00007ff9cbcf0000 - 0x00007ff9cbd4d000 	C:\WINDOWS\system32\Ninput.dll
0x00007ff9da480000 - 0x00007ff9da706000 	C:\WINDOWS\SYSTEM32\iertutil.dll
0x00007ff9ea4e0000 - 0x00007ff9ea689000 	C:\WINDOWS\SYSTEM32\dbghelp.dll

VM Arguments:
java_command: <unknown>
java_class_path (initial): C:\Program Files\BSF4ooRexx\bsf4ooRexx-v600-20170405-bin.jar;C:\Program Files\BSF4ooRexx\jni4net.j-0.8.8.0.jar;C:\Program Files\BSF4ooRexx\oorexx.net.jar;C:\Users\abagi\Downloads\BSF4ooRexx_install_v600-20170617-beta\bsf4oorexx\bsf4ooRexx-v600-20170617-bin.jar;C:\Users\abagi\Downloads\BSF4ooRexx_install_v600-20170617-beta\bsf4oorexx\jni4net.j-0.8.8.0.jar;C:\Users\abagi\Downloads\BSF4ooRexx_install_v600-20170617-beta\bsf4oorexx\oorexx.net.jar;.;C:\Users\abagi\OneDrive\Dokumente\WU\javafx\ooRexxTryFX\java\ikonli-core-1.9.0.jar;C:\Users\abagi\OneDrive\Dokumente\WU\javafx\ooRexxTryFX\java\ikonli-javafx-1.9.0.jar;C:\Users\abagi\OneDrive\Dokumente\WU\javafx\ooRexxTryFX\java\ikonli-octicons-pack-1.9.0.jar;C:\Users\abagi\OneDrive\Dokumente\WU\javafx\ooRexxTryFX\java\ikonli-openiconic-pack-1.9.0.jar;C:\Users\abagi\OneDrive\Dokumente\WU\javafx\ooRexxTryFX\java\richtextfx-0.7-M5-custom.jar;
Launcher Type: generic

Environment Variables:
CLASSPATH=C:\Program Files\BSF4ooRexx\bsf4ooRexx-v600-20170405-bin.jar;C:\Program Files\BSF4ooRexx\jni4net.j-0.8.8.0.jar;C:\Program Files\BSF4ooRexx\oorexx.net.jar;C:\Users\abagi\Downloads\BSF4ooRexx_install_v600-20170617-beta\bsf4oorexx\bsf4ooRexx-v600-20170617-bin.jar;C:\Users\abagi\Downloads\BSF4ooRexx_install_v600-20170617-beta\bsf4oorexx\jni4net.j-0.8.8.0.jar;C:\Users\abagi\Downloads\BSF4ooRexx_install_v600-20170617-beta\bsf4oorexx\oorexx.net.jar;.;C:\Users\abagi\OneDrive\Dokumente\WU\javafx\ooRexxTryFX\java\ikonli-core-1.9.0.jar;C:\Users\abagi\OneDrive\Dokumente\WU\javafx\ooRexxTryFX\java\ikonli-javafx-1.9.0.jar;C:\Users\abagi\OneDrive\Dokumente\WU\javafx\ooRexxTryFX\java\ikonli-octicons-pack-1.9.0.jar;C:\Users\abagi\OneDrive\Dokumente\WU\javafx\ooRexxTryFX\java\ikonli-openiconic-pack-1.9.0.jar;C:\Users\abagi\OneDrive\Dokumente\WU\javafx\ooRexxTryFX\java\richtextfx-0.7-M5-custom.jar;
PATH=C:\ProgramData\Oracle\Java\javapath;C:\WINDOWS\system32;C:\WINDOWS;C:\WINDOWS\System32\Wbem;C:\WINDOWS\System32\WindowsPowerShell\v1.0\;C:\Program Files\ooRexx;C:\Program Files\BSF4ooRexx;C:\Program Files\Java\jdk1.8.0_131\bin;C:\Program Files\nodejs\;C:\Program Files\Git\cmd;C:\Users\abagi\Downloads\BSF4ooRexx_install_v600-20170617-beta\bsf4oorexx;C:\Program Files\Java\jre1.8.0_131\bin\server;C:\Users\abagi\AppData\Local\Microsoft\WindowsApps;C:\Program Files (x86)\Microsoft VS Code\bin;C:\Users\abagi\AppData\Roaming\npm;C:\Users\abagi\AppData\Roaming\Dashlane\4.8.1.32550\bin\Firefox_Extension\{442718d9-475e-452a-b3e1-fb1ee16b8e9f}\components;C:\Users\abagi\AppData\Roaming\Dashlane\4.8.1.32550\ucrt
USERNAME=abagi
OS=Windows_NT
PROCESSOR_IDENTIFIER=Intel64 Family 6 Model 78 Stepping 3, GenuineIntel



---------------  S Y S T E M  ---------------

OS: Windows 10.0 , 64 bit Build 15063 (10.0.15063.296)

CPU:total 4 (initial active 4) (2 cores per cpu, 2 threads per core) family 6 model 78 stepping 3, cmov, cx8, fxsr, mmx, sse, sse2, sse3, ssse3, sse4.1, sse4.2, popcnt, avx, avx2, aes, clmul, erms, rtm, 3dnowpref, lzcnt, ht, tsc, tscinvbit, bmi1, bmi2, adx

Memory: 4k page, physical 8312940k(1496348k free), swap 17928276k(2474424k free)

vm_info: Java HotSpot(TM) 64-Bit Server VM (25.131-b11) for windows-amd64 JRE (1.8.0_131-b11), built on Mar 15 2017 01:23:53 by "java_re" with MS VC++ 10.0 (VS2010)

time: Wed Jul 05 10:49:33 2017
elapsed time: 8 seconds (0d 0h 0m 8s)

