#
# A fatal error has been detected by the Java Runtime Environment:
#
#  EXCEPTION_ACCESS_VIOLATION (0xc0000005) at pc=0x00007ff9abe51db9, pid=14692, tid=0x00000000000004ac
#
# JRE version: Java(TM) SE Runtime Environment (8.0_131-b11) (build 1.8.0_131-b11)
# Java VM: Java HotSpot(TM) 64-Bit Server VM (25.131-b11 mixed mode windows-amd64 compressed oops)
# Problematic frame:
# C  [rexx.dll+0x101db9]
#
# Failed to write core dump. Minidumps are not enabled by default on client versions of Windows
#
# If you would like to submit a bug report, please visit:
#   http://bugreport.java.com/bugreport/crash.jsp
# The crash happened outside the Java Virtual Machine in native code.
# See problematic frame for where to report the bug.
#

---------------  T H R E A D  ---------------

Current thread (0x00000287e3a04000):  JavaThread "JavaFX Application Thread" [_thread_in_native, id=1196, stack(0x0000008a6c400000,0x0000008a6c480000)]

siginfo: ExceptionCode=0xc0000005, writing address 0x00007ff9ac000012

Registers:
RAX=0x0000000000000000, RBX=0x0000000000000000, RCX=0x00007ff9ac00000a, RDX=0x0000000000000001
RSP=0x0000008a6c47ad80, RBP=0x0000000000000000, RSI=0x00000287f0cc1cb0, RDI=0x0000008a6c47adb0
R8 =0x0000000000000006, R9 =0x000000000002913e, R10=0x00007ff9ac0211b8, R11=0x00007ff7870501f0
R12=0x00000287e3a041f8, R13=0x00000287f0cc1950, R14=0x0000008a6c47c518, R15=0x00007ff787cf7710
RIP=0x00007ff9abe51db9, EFLAGS=0x0000000000010246

Top of Stack: (sp=0x0000008a6c47ad80)
0x0000008a6c47ad80:   0000008a6c47adb0 00007ff9abe5297d
0x0000008a6c47ad90:   00007ff9ac00000a cccccccccccccccc
0x0000008a6c47ada0:   cccccccccccccccc cccccccccccccccc
0x0000008a6c47adb0:   0000008a6c47ade0 00007ff9abe52939
0x0000008a6c47adc0:   00007ff9ac00000a 0000000000000001
0x0000008a6c47add0:   cccccccccccccccc cccccccccccccccc
0x0000008a6c47ade0:   0000008a6c47ae20 00007ff9abe4e8d8
0x0000008a6c47adf0:   00007ff9ac000002 0000000000000001
0x0000008a6c47ae00:   cccccccccccccccc cccccccccccccccc
0x0000008a6c47ae10:   0000000000000041 cccccccccccccccc
0x0000008a6c47ae20:   0000008a6c47ae60 00007ff9abe0de48
0x0000008a6c47ae30:   00007ff9ac0bada0 00007ff9ac000002
0x0000008a6c47ae40:   cccccccccccccccc cccccccccccccccc
0x0000008a6c47ae50:   0000000000000000 cccccccccccccccc
0x0000008a6c47ae60:   0000008a6c47aea0 00007ff9abe4e870
0x0000008a6c47ae70:   00007ff787ccb570 0000000000000041 

Instructions: (pc=0x00007ff9abe51db9)
0x00007ff9abe51d99:   cc cc cc cc cc cc cc 48 89 4c 24 08 57 48 8b 44
0x00007ff9abe51da9:   24 10 0f b7 40 08 25 fc ff 00 00 48 8b 4c 24 10
0x00007ff9abe51db9:   66 89 41 08 5f c3 cc cc cc cc cc cc cc cc cc cc
0x00007ff9abe51dc9:   cc cc cc cc cc cc cc 48 89 4c 24 08 57 48 83 ec 


Register to memory mapping:

RAX=0x0000000000000000 is an unknown value
RBX=0x0000000000000000 is an unknown value
RCX=0x00007ff9ac00000a is an unknown value
RDX=0x0000000000000001 is an unknown value
RSP=0x0000008a6c47ad80 is pointing into the stack for thread: 0x00000287e3a04000
RBP=0x0000000000000000 is an unknown value
RSI=0x00000287f0cc1cb0 is an unknown value
RDI=0x0000008a6c47adb0 is pointing into the stack for thread: 0x00000287e3a04000
R8 =0x0000000000000006 is an unknown value
R9 =0x000000000002913e is an unknown value
R10=0x00007ff9ac0211b8 is an unknown value
R11=0x00007ff7870501f0 is an unknown value
R12=0x00000287e3a041f8 is an unknown value
R13=0x00000287f0cc1950 is an unknown value
R14=0x0000008a6c47c518 is pointing into the stack for thread: 0x00000287e3a04000
R15=0x00007ff787cf7710 is an unknown value


Stack: [0x0000008a6c400000,0x0000008a6c480000],  sp=0x0000008a6c47ad80,  free space=491k
Native frames: (J=compiled Java code, j=interpreted, Vv=VM code, C=native code)

Java frames: (J=compiled Java code, j=interpreted, Vv=VM code)
j  org.rexxla.bsf.engines.rexx.RexxAndJava.jniRexxSendMessageToRexxObject(Ljava/lang/String;Ljava/lang/String;Ljava/lang/String;Ljava/lang/String;Ljava/lang/String;Ljava/lang/String;Ljava/lang/String;[Ljava/lang/Object;Ljava/lang/String;)Ljava/lang/Object;+0
j  org.rexxla.bsf.engines.rexx.RexxEngine.call(Ljava/lang/Object;Ljava/lang/String;[Ljava/lang/Object;)Ljava/lang/Object;+235
j  org.rexxla.bsf.engines.rexx.RexxProxy.sendMessage1(Ljava/lang/String;Ljava/lang/Object;)Ljava/lang/Object;+59
j  org.rexxla.bsf.engines.rexx.jsr223.RexxCompiledScript.eval(Ljavax/script/ScriptContext;)Ljava/lang/Object;+127
j  org.rexxla.bsf.engines.rexx.jsr223.RexxScriptEngine.eval(Ljava/lang/String;Ljavax/script/ScriptContext;)Ljava/lang/Object;+139
j  javax.script.AbstractScriptEngine.eval(Ljava/lang/String;)Ljava/lang/Object;+6
j  javafx.fxml.FXMLLoader$ScriptEventHandler.handle(Ljavafx/event/Event;)V+59
J 2749 C1 com.sun.javafx.event.CompositeEventHandler.dispatchBubblingEvent(Ljavafx/event/Event;)V (57 bytes) @ 0x00000287ce32fc94 [0x00000287ce32f8c0+0x3d4]
J 2695 C1 com.sun.javafx.event.EventHandlerManager.dispatchBubblingEvent(Ljavafx/event/Event;)Ljavafx/event/Event; (23 bytes) @ 0x00000287ce308b8c [0x00000287ce3084e0+0x6ac]
J 3608 C1 com.sun.javafx.event.CompositeEventDispatcher.dispatchBubblingEvent(Ljavafx/event/Event;)Ljavafx/event/Event; (35 bytes) @ 0x00000287ce5c61dc [0x00000287ce5c6020+0x1bc]
J 2683 C1 com.sun.javafx.event.BasicEventDispatcher.dispatchEvent(Ljavafx/event/Event;Ljavafx/event/EventDispatchChain;)Ljavafx/event/Event; (44 bytes) @ 0x00000287ce3014fc [0x00000287ce3011c0+0x33c]
J 2624 C1 com.sun.javafx.event.EventDispatchChainImpl.dispatchEvent(Ljavafx/event/Event;)Ljavafx/event/Event; (101 bytes) @ 0x00000287ce2e27f4 [0x00000287ce2e2640+0x1b4]
J 2683 C1 com.sun.javafx.event.BasicEventDispatcher.dispatchEvent(Ljavafx/event/Event;Ljavafx/event/EventDispatchChain;)Ljavafx/event/Event; (44 bytes) @ 0x00000287ce301414 [0x00000287ce3011c0+0x254]
J 2624 C1 com.sun.javafx.event.EventDispatchChainImpl.dispatchEvent(Ljavafx/event/Event;)Ljavafx/event/Event; (101 bytes) @ 0x00000287ce2e27f4 [0x00000287ce2e2640+0x1b4]
J 2683 C1 com.sun.javafx.event.BasicEventDispatcher.dispatchEvent(Ljavafx/event/Event;Ljavafx/event/EventDispatchChain;)Ljavafx/event/Event; (44 bytes) @ 0x00000287ce301414 [0x00000287ce3011c0+0x254]
J 2624 C1 com.sun.javafx.event.EventDispatchChainImpl.dispatchEvent(Ljavafx/event/Event;)Ljavafx/event/Event; (101 bytes) @ 0x00000287ce2e27f4 [0x00000287ce2e2640+0x1b4]
J 2717 C1 com.sun.javafx.event.EventUtil.fireEvent(Ljavafx/event/EventTarget;Ljavafx/event/Event;)Ljavafx/event/Event; (81 bytes) @ 0x00000287ce313b34 [0x00000287ce312f40+0xbf4]
J 2716 C1 javafx.event.Event.fireEvent(Ljavafx/event/EventTarget;Ljavafx/event/Event;)V (35 bytes) @ 0x00000287ce3128ec [0x00000287ce312820+0xcc]
j  javafx.scene.Node.fireEvent(Ljavafx/event/Event;)V+86
j  javafx.scene.control.CheckBox.fire()V+107
j  com.sun.javafx.scene.control.behavior.ButtonBehavior.mouseReleased(Ljavafx/scene/input/MouseEvent;)V+23
j  com.sun.javafx.scene.control.skin.BehaviorSkinBase$1.handle(Ljavafx/scene/input/MouseEvent;)V+83
j  com.sun.javafx.scene.control.skin.BehaviorSkinBase$1.handle(Ljavafx/event/Event;)V+5
J 2763 C1 com.sun.javafx.event.CompositeEventHandler$NormalEventHandlerRecord.handleBubblingEvent(Ljavafx/event/Event;)V (11 bytes) @ 0x00000287ce343784 [0x00000287ce343680+0x104]
J 2749 C1 com.sun.javafx.event.CompositeEventHandler.dispatchBubblingEvent(Ljavafx/event/Event;)V (57 bytes) @ 0x00000287ce32fb04 [0x00000287ce32f8c0+0x244]
J 2695 C1 com.sun.javafx.event.EventHandlerManager.dispatchBubblingEvent(Ljavafx/event/Event;)Ljavafx/event/Event; (23 bytes) @ 0x00000287ce308b8c [0x00000287ce3084e0+0x6ac]
J 3608 C1 com.sun.javafx.event.CompositeEventDispatcher.dispatchBubblingEvent(Ljavafx/event/Event;)Ljavafx/event/Event; (35 bytes) @ 0x00000287ce5c61dc [0x00000287ce5c6020+0x1bc]
J 2683 C1 com.sun.javafx.event.BasicEventDispatcher.dispatchEvent(Ljavafx/event/Event;Ljavafx/event/EventDispatchChain;)Ljavafx/event/Event; (44 bytes) @ 0x00000287ce3014fc [0x00000287ce3011c0+0x33c]
J 2624 C1 com.sun.javafx.event.EventDispatchChainImpl.dispatchEvent(Ljavafx/event/Event;)Ljavafx/event/Event; (101 bytes) @ 0x00000287ce2e27f4 [0x00000287ce2e2640+0x1b4]
J 2683 C1 com.sun.javafx.event.BasicEventDispatcher.dispatchEvent(Ljavafx/event/Event;Ljavafx/event/EventDispatchChain;)Ljavafx/event/Event; (44 bytes) @ 0x00000287ce301414 [0x00000287ce3011c0+0x254]
J 2624 C1 com.sun.javafx.event.EventDispatchChainImpl.dispatchEvent(Ljavafx/event/Event;)Ljavafx/event/Event; (101 bytes) @ 0x00000287ce2e27f4 [0x00000287ce2e2640+0x1b4]
J 2683 C1 com.sun.javafx.event.BasicEventDispatcher.dispatchEvent(Ljavafx/event/Event;Ljavafx/event/EventDispatchChain;)Ljavafx/event/Event; (44 bytes) @ 0x00000287ce301414 [0x00000287ce3011c0+0x254]
J 2624 C1 com.sun.javafx.event.EventDispatchChainImpl.dispatchEvent(Ljavafx/event/Event;)Ljavafx/event/Event; (101 bytes) @ 0x00000287ce2e27f4 [0x00000287ce2e2640+0x1b4]
J 2717 C1 com.sun.javafx.event.EventUtil.fireEvent(Ljavafx/event/EventTarget;Ljavafx/event/Event;)Ljavafx/event/Event; (81 bytes) @ 0x00000287ce313684 [0x00000287ce312f40+0x744]
J 2716 C1 javafx.event.Event.fireEvent(Ljavafx/event/EventTarget;Ljavafx/event/Event;)V (35 bytes) @ 0x00000287ce3128ec [0x00000287ce312820+0xcc]
j  javafx.scene.Scene$MouseHandler.process(Ljavafx/scene/input/MouseEvent;Z)V+491
j  javafx.scene.Scene$MouseHandler.access$1500(Ljavafx/scene/Scene$MouseHandler;Ljavafx/scene/input/MouseEvent;Z)V+3
j  javafx.scene.Scene.impl_processMouseEvent(Ljavafx/scene/input/MouseEvent;)V+6
j  javafx.scene.Scene$ScenePeerListener.mouseEvent(Ljavafx/event/EventType;DDDDLjavafx/scene/input/MouseButton;ZZZZZZZZZ)V+46
j  com.sun.javafx.tk.quantum.GlassViewEventHandler$MouseEventNotification.run()Ljava/lang/Void;+514
j  com.sun.javafx.tk.quantum.GlassViewEventHandler$MouseEventNotification.run()Ljava/lang/Object;+1
v  ~StubRoutines::call_stub
J 2544  java.security.AccessController.doPrivileged(Ljava/security/PrivilegedAction;Ljava/security/AccessControlContext;)Ljava/lang/Object; (0 bytes) @ 0x00000287ce2c2e26 [0x00000287ce2c2dc0+0x66]
j  com.sun.javafx.tk.quantum.GlassViewEventHandler.lambda$handleMouseEvent$354()Ljava/lang/Void;+11
j  com.sun.javafx.tk.quantum.GlassViewEventHandler$$Lambda$688.get()Ljava/lang/Object;+4
J 4013 C1 com.sun.javafx.tk.quantum.QuantumToolkit.runWithoutRenderLock(Ljava/util/function/Supplier;)Ljava/lang/Object; (49 bytes) @ 0x00000287ce76935c [0x00000287ce768e20+0x53c]
j  com.sun.javafx.tk.quantum.GlassViewEventHandler.handleMouseEvent(Lcom/sun/glass/ui/View;JIIIIIIIZZ)V+103
j  com.sun.glass.ui.View.handleMouseEvent(JIIIIIIIZZ)V+30
j  com.sun.glass.ui.View.notifyMouse(IIIIIIIZZ)V+181
v  ~StubRoutines::call_stub
j  com.sun.glass.ui.win.WinApplication._runLoop(Ljava/lang/Runnable;)V+0
j  com.sun.glass.ui.win.WinApplication.lambda$null$148(ILjava/lang/Runnable;)V+8
j  com.sun.glass.ui.win.WinApplication$$Lambda$41.run()V+12
j  java.lang.Thread.run()V+11
v  ~StubRoutines::call_stub

---------------  P R O C E S S  ---------------

Java Threads: ( => current thread )
  0x00000287e9bea000 JavaThread "Prism Font Disposer" daemon [_thread_blocked, id=820, stack(0x0000008a6ca00000,0x0000008a6ca80000)]
  0x00000287e3add800 JavaThread "Thread-4" daemon [_thread_in_native, id=15060, stack(0x0000008a6c600000,0x0000008a6c680000)]
=>0x00000287e3a04000 JavaThread "JavaFX Application Thread" [_thread_in_native, id=1196, stack(0x0000008a6c400000,0x0000008a6c480000)]
  0x00000287e39ba000 JavaThread "Thread-3" daemon [_thread_blocked, id=12052, stack(0x0000008a6c380000,0x0000008a6c400000)]
  0x00000287e3958800 JavaThread "QuantumRenderer-0" daemon [_thread_blocked, id=8228, stack(0x0000008a6c300000,0x0000008a6c380000)]
  0x00000287e3928000 JavaThread "JavaFX-Launcher" [_thread_blocked, id=13148, stack(0x0000008a6c280000,0x0000008a6c300000)]
  0x00000287e32e6800 JavaThread "Service Thread" daemon [_thread_blocked, id=16064, stack(0x0000008a6c180000,0x0000008a6c200000)]
  0x00000287e2241800 JavaThread "C1 CompilerThread2" daemon [_thread_blocked, id=8404, stack(0x0000008a6c100000,0x0000008a6c180000)]
  0x00000287e2240800 JavaThread "C2 CompilerThread1" daemon [_thread_blocked, id=10396, stack(0x0000008a6c080000,0x0000008a6c100000)]
  0x00000287e223e000 JavaThread "C2 CompilerThread0" daemon [_thread_blocked, id=10032, stack(0x0000008a6c000000,0x0000008a6c080000)]
  0x00000287e223a800 JavaThread "Attach Listener" daemon [_thread_blocked, id=15096, stack(0x0000008a6bf80000,0x0000008a6c000000)]
  0x00000287e2239800 JavaThread "Signal Dispatcher" daemon [_thread_blocked, id=16320, stack(0x0000008a6bf00000,0x0000008a6bf80000)]
  0x00000287cd82a000 JavaThread "Finalizer" daemon [_thread_blocked, id=2812, stack(0x0000008a6be80000,0x0000008a6bf00000)]
  0x00000287e2208800 JavaThread "Reference Handler" daemon [_thread_blocked, id=14304, stack(0x0000008a6be00000,0x0000008a6be80000)]
  0x00000287cd730800 JavaThread "main" [_thread_blocked, id=12492, stack(0x0000008a6b6c0000,0x0000008a6b740000)]

Other Threads:
  0x00000287e2207000 VMThread [stack: 0x0000008a6bd80000,0x0000008a6be00000] [id=7064]
  0x00000287e32e9800 WatcherThread [stack: 0x0000008a6c200000,0x0000008a6c280000] [id=12392]

VM state:not at safepoint (normal execution)

VM Mutex/Monitor currently owned by a thread: None

Heap:
 PSYoungGen      total 48128K, used 15256K [0x00000000d5b80000, 0x00000000d9100000, 0x0000000100000000)
  eden space 43008K, 23% used [0x00000000d5b80000,0x00000000d6566450,0x00000000d8580000)
  from space 5120K, 99% used [0x00000000d8c00000,0x00000000d90ffc40,0x00000000d9100000)
  to   space 5120K, 0% used [0x00000000d8700000,0x00000000d8700000,0x00000000d8c00000)
 ParOldGen       total 64512K, used 13156K [0x0000000081200000, 0x0000000085100000, 0x00000000d5b80000)
  object space 64512K, 20% used [0x0000000081200000,0x0000000081ed9108,0x0000000085100000)
 Metaspace       used 27942K, capacity 30529K, committed 30848K, reserved 1075200K
  class space    used 4187K, capacity 4666K, committed 4736K, reserved 1048576K

Card table byte_map: [0x00000287dce80000,0x00000287dd280000] byte_map_base: 0x00000287dca77000

Marking Bits: (ParMarkBitMap*) 0x000000006a41c720
 Begin Bits: [0x00000287dd530000, 0x00000287df4e8000)
 End Bits:   [0x00000287df4e8000, 0x00000287e14a0000)

Polling page: 0x00000287cd380000

CodeCache: size=245760Kb used=13646Kb max_used=13659Kb free=232113Kb
 bounds [0x00000287cdac0000, 0x00000287ce820000, 0x00000287dcac0000]
 total_blobs=4939 nmethods=4225 adapters=624
 compilation: enabled

Compilation events (10 events):
Event: 9.509 Thread 0x00000287e2241800 4221   !   3       sun.net.www.protocol.http.HttpURLConnection$HttpInputStream::read (48 bytes)
Event: 9.509 Thread 0x00000287e2241800 nmethod 4221 0x00000287ce816d90 code [0x00000287ce816f40, 0x00000287ce8174d0]
Event: 9.509 Thread 0x00000287e2241800 4222       3       sun.net.www.protocol.http.HttpURLConnection$HttpInputStream::read (9 bytes)
Event: 9.510 Thread 0x00000287e2241800 nmethod 4222 0x00000287ce8176d0 code [0x00000287ce817840, 0x00000287ce8179f0]
Event: 9.640 Thread 0x00000287e2241800 4223   !   3       sun.reflect.GeneratedMethodAccessor29::invoke (62 bytes)
Event: 9.641 Thread 0x00000287e2241800 nmethod 4223 0x00000287ce817ad0 code [0x00000287ce817cc0, 0x00000287ce818360]
Event: 9.655 Thread 0x00000287e2241800 4224   !   3       sun.reflect.GeneratedMethodAccessor30::invoke (68 bytes)
Event: 9.656 Thread 0x00000287e2241800 nmethod 4224 0x00000287ce818710 code [0x00000287ce818900, 0x00000287ce819120]
Event: 10.128 Thread 0x00000287e2240800 4225  s    4       java.util.Hashtable::get (69 bytes)
Event: 10.141 Thread 0x00000287e2240800 nmethod 4225 0x00000287ce81c890 code [0x00000287ce81ca00, 0x00000287ce81d0b8]

GC Heap History (10 events):
Event: 1.050 GC heap before
{Heap before GC invocations=1 (full 0):
 PSYoungGen      total 38400K, used 33280K [0x00000000d5b80000, 0x00000000d8600000, 0x0000000100000000)
  eden space 33280K, 100% used [0x00000000d5b80000,0x00000000d7c00000,0x00000000d7c00000)
  from space 5120K, 0% used [0x00000000d8100000,0x00000000d8100000,0x00000000d8600000)
  to   space 5120K, 0% used [0x00000000d7c00000,0x00000000d7c00000,0x00000000d8100000)
 ParOldGen       total 87552K, used 0K [0x0000000081200000, 0x0000000086780000, 0x00000000d5b80000)
  object space 87552K, 0% used [0x0000000081200000,0x0000000081200000,0x0000000086780000)
 Metaspace       used 15679K, capacity 16140K, committed 16256K, reserved 1062912K
  class space    used 2025K, capacity 2161K, committed 2176K, reserved 1048576K
Event: 1.059 GC heap after
Heap after GC invocations=1 (full 0):
 PSYoungGen      total 38400K, used 5105K [0x00000000d5b80000, 0x00000000d8600000, 0x0000000100000000)
  eden space 33280K, 0% used [0x00000000d5b80000,0x00000000d5b80000,0x00000000d7c00000)
  from space 5120K, 99% used [0x00000000d7c00000,0x00000000d80fc5e8,0x00000000d8100000)
  to   space 5120K, 0% used [0x00000000d8100000,0x00000000d8100000,0x00000000d8600000)
 ParOldGen       total 87552K, used 1377K [0x0000000081200000, 0x0000000086780000, 0x00000000d5b80000)
  object space 87552K, 1% used [0x0000000081200000,0x00000000813585b8,0x0000000086780000)
 Metaspace       used 15679K, capacity 16140K, committed 16256K, reserved 1062912K
  class space    used 2025K, capacity 2161K, committed 2176K, reserved 1048576K
}
Event: 1.521 GC heap before
{Heap before GC invocations=2 (full 0):
 PSYoungGen      total 38400K, used 21225K [0x00000000d5b80000, 0x00000000d8600000, 0x0000000100000000)
  eden space 33280K, 48% used [0x00000000d5b80000,0x00000000d6b3e048,0x00000000d7c00000)
  from space 5120K, 99% used [0x00000000d7c00000,0x00000000d80fc5e8,0x00000000d8100000)
  to   space 5120K, 0% used [0x00000000d8100000,0x00000000d8100000,0x00000000d8600000)
 ParOldGen       total 87552K, used 1377K [0x0000000081200000, 0x0000000086780000, 0x00000000d5b80000)
  object space 87552K, 1% used [0x0000000081200000,0x00000000813585b8,0x0000000086780000)
 Metaspace       used 20267K, capacity 21275K, committed 21296K, reserved 1067008K
  class space    used 2864K, capacity 3072K, committed 3072K, reserved 1048576K
Event: 1.528 GC heap after
Heap after GC invocations=2 (full 0):
 PSYoungGen      total 38400K, used 5100K [0x00000000d5b80000, 0x00000000da680000, 0x0000000100000000)
  eden space 33280K, 0% used [0x00000000d5b80000,0x00000000d5b80000,0x00000000d7c00000)
  from space 5120K, 99% used [0x00000000d8100000,0x00000000d85fb108,0x00000000d8600000)
  to   space 5120K, 0% used [0x00000000d7c00000,0x00000000d7c00000,0x00000000d8100000)
 ParOldGen       total 87552K, used 3315K [0x0000000081200000, 0x0000000086780000, 0x00000000d5b80000)
  object space 87552K, 3% used [0x0000000081200000,0x000000008153ced8,0x0000000086780000)
 Metaspace       used 20267K, capacity 21275K, committed 21296K, reserved 1067008K
  class space    used 2864K, capacity 3072K, committed 3072K, reserved 1048576K
}
Event: 1.528 GC heap before
{Heap before GC invocations=3 (full 1):
 PSYoungGen      total 38400K, used 5100K [0x00000000d5b80000, 0x00000000da680000, 0x0000000100000000)
  eden space 33280K, 0% used [0x00000000d5b80000,0x00000000d5b80000,0x00000000d7c00000)
  from space 5120K, 99% used [0x00000000d8100000,0x00000000d85fb108,0x00000000d8600000)
  to   space 5120K, 0% used [0x00000000d7c00000,0x00000000d7c00000,0x00000000d8100000)
 ParOldGen       total 87552K, used 3315K [0x0000000081200000, 0x0000000086780000, 0x00000000d5b80000)
  object space 87552K, 3% used [0x0000000081200000,0x000000008153ced8,0x0000000086780000)
 Metaspace       used 20267K, capacity 21275K, committed 21296K, reserved 1067008K
  class space    used 2864K, capacity 3072K, committed 3072K, reserved 1048576K
Event: 1.561 GC heap after
Heap after GC invocations=3 (full 1):
 PSYoungGen      total 38400K, used 0K [0x00000000d5b80000, 0x00000000da680000, 0x0000000100000000)
  eden space 33280K, 0% used [0x00000000d5b80000,0x00000000d5b80000,0x00000000d7c00000)
  from space 5120K, 0% used [0x00000000d8100000,0x00000000d8100000,0x00000000d8600000)
  to   space 5120K, 0% used [0x00000000d7c00000,0x00000000d7c00000,0x00000000d8100000)
 ParOldGen       total 64512K, used 6955K [0x0000000081200000, 0x0000000085100000, 0x00000000d5b80000)
  object space 64512K, 10% used [0x0000000081200000,0x00000000818cafb0,0x0000000085100000)
 Metaspace       used 20267K, capacity 21275K, committed 21296K, reserved 1067008K
  class space    used 2864K, capacity 3072K, committed 3072K, reserved 1048576K
}
Event: 2.590 GC heap before
{Heap before GC invocations=4 (full 1):
 PSYoungGen      total 38400K, used 32705K [0x00000000d5b80000, 0x00000000da680000, 0x0000000100000000)
  eden space 33280K, 98% used [0x00000000d5b80000,0x00000000d7b705e0,0x00000000d7c00000)
  from space 5120K, 0% used [0x00000000d8100000,0x00000000d8100000,0x00000000d8600000)
  to   space 5120K, 0% used [0x00000000d7c00000,0x00000000d7c00000,0x00000000d8100000)
 ParOldGen       total 64512K, used 6955K [0x0000000081200000, 0x0000000085100000, 0x00000000d5b80000)
  object space 64512K, 10% used [0x0000000081200000,0x00000000818cafb0,0x0000000085100000)
 Metaspace       used 25195K, capacity 27461K, committed 27648K, reserved 1073152K
  class space    used 3846K, capacity 4294K, committed 4352K, reserved 1048576K
Event: 2.600 GC heap after
Heap after GC invocations=4 (full 1):
 PSYoungGen      total 38400K, used 5089K [0x00000000d5b80000, 0x00000000d9100000, 0x0000000100000000)
  eden space 33280K, 0% used [0x00000000d5b80000,0x00000000d5b80000,0x00000000d7c00000)
  from space 5120K, 99% used [0x00000000d7c00000,0x00000000d80f86a0,0x00000000d8100000)
  to   space 5120K, 0% used [0x00000000d8c00000,0x00000000d8c00000,0x00000000d9100000)
 ParOldGen       total 64512K, used 8676K [0x0000000081200000, 0x0000000085100000, 0x00000000d5b80000)
  object space 64512K, 13% used [0x0000000081200000,0x0000000081a79350,0x0000000085100000)
 Metaspace       used 25195K, capacity 27461K, committed 27648K, reserved 1073152K
  class space    used 3846K, capacity 4294K, committed 4352K, reserved 1048576K
}
Event: 7.423 GC heap before
{Heap before GC invocations=5 (full 1):
 PSYoungGen      total 38400K, used 38369K [0x00000000d5b80000, 0x00000000d9100000, 0x0000000100000000)
  eden space 33280K, 100% used [0x00000000d5b80000,0x00000000d7c00000,0x00000000d7c00000)
  from space 5120K, 99% used [0x00000000d7c00000,0x00000000d80f86a0,0x00000000d8100000)
  to   space 5120K, 0% used [0x00000000d8c00000,0x00000000d8c00000,0x00000000d9100000)
 ParOldGen       total 64512K, used 8676K [0x0000000081200000, 0x0000000085100000, 0x00000000d5b80000)
  object space 64512K, 13% used [0x0000000081200000,0x0000000081a79350,0x0000000085100000)
 Metaspace       used 27915K, capacity 30465K, committed 30592K, reserved 1075200K
  class space    used 4187K, capacity 4666K, committed 4736K, reserved 1048576K
Event: 7.438 GC heap after
Heap after GC invocations=5 (full 1):
 PSYoungGen      total 48128K, used 5119K [0x00000000d5b80000, 0x00000000d9100000, 0x0000000100000000)
  eden space 43008K, 0% used [0x00000000d5b80000,0x00000000d5b80000,0x00000000d8580000)
  from space 5120K, 99% used [0x00000000d8c00000,0x00000000d90ffc40,0x00000000d9100000)
  to   space 5120K, 0% used [0x00000000d8700000,0x00000000d8700000,0x00000000d8c00000)
 ParOldGen       total 64512K, used 13156K [0x0000000081200000, 0x0000000085100000, 0x00000000d5b80000)
  object space 64512K, 20% used [0x0000000081200000,0x0000000081ed9108,0x0000000085100000)
 Metaspace       used 27915K, capacity 30465K, committed 30592K, reserved 1075200K
  class space    used 4187K, capacity 4666K, committed 4736K, reserved 1048576K
}

Deoptimization events (10 events):
Event: 3.990 Thread 0x00000287e3a04000 Uncommon trap: reason=unstable_if action=reinterpret pc=0x00000287cdf6344c method=jdk.internal.org.objectweb.asm.Type.getArgumentsAndReturnSizes(Ljava/lang/String;)I @ 47
Event: 3.992 Thread 0x00000287e3a04000 Uncommon trap: reason=unstable_if action=reinterpret pc=0x00000287ce1d87b0 method=java.lang.invoke.MethodType.checkPtypes([Ljava/lang/Class;)I @ 40
Event: 4.137 Thread 0x00000287e3958800 Uncommon trap: reason=unstable_if action=reinterpret pc=0x00000287ce59dcc4 method=java.lang.Math.round(F)I @ 36
Event: 5.336 Thread 0x00000287e3a04000 Uncommon trap: reason=unstable_if action=reinterpret pc=0x00000287ce5e5e90 method=javafx.scene.CssStyleHelper.transitionToState(Ljavafx/scene/Node;)V @ 4
Event: 5.471 Thread 0x00000287e3958800 Uncommon trap: reason=unstable_if action=reinterpret pc=0x00000287ce5b6500 method=com.sun.prism.impl.BaseContext.flushMask()V @ 4
Event: 6.325 Thread 0x00000287e3a04000 Uncommon trap: reason=class_check action=maybe_recompile pc=0x00000287ce12a6b0 method=java.io.FilterInputStream.read()I @ 4
Event: 6.325 Thread 0x00000287e3a04000 Uncommon trap: reason=class_check action=maybe_recompile pc=0x00000287ce12a6b0 method=java.io.FilterInputStream.read()I @ 4
Event: 6.325 Thread 0x00000287e3a04000 Uncommon trap: reason=class_check action=maybe_recompile pc=0x00000287ce12a6b0 method=java.io.FilterInputStream.read()I @ 4
Event: 6.325 Thread 0x00000287e3a04000 Uncommon trap: reason=class_check action=maybe_recompile pc=0x00000287ce12a6b0 method=java.io.FilterInputStream.read()I @ 4
Event: 6.984 Thread 0x00000287e3a04000 Uncommon trap: reason=predicate action=maybe_recompile pc=0x00000287cdd56988 method=sun.net.www.ParseUtil.encodePath(Ljava/lang/String;Z)Ljava/lang/String; @ 36

Internal exceptions (10 events):
Event: 3.641 Thread 0x00000287e3a04000 Exception <a 'java/lang/ClassCastException': java.lang.String cannot be cast to java.lang.Class> (0x00000000d6834e70) thrown at [C:\re\workspace\8-2-build-windows-amd64-cygwin\jdk8u131\8869\hotspot\src\share\vm\interpreter\interpreterRuntime.cpp, line 381
Event: 3.887 Thread 0x00000287e3a04000 Implicit null exception at 0x00000287ce1e9096 to 0x00000287ce1e9276
Event: 3.906 Thread 0x00000287e3a04000 Implicit null exception at 0x00000287ce0ffe9a to 0x00000287ce100849
Event: 3.906 Thread 0x00000287e3a04000 Implicit null exception at 0x00000287ce23bb33 to 0x00000287ce23c2f1
Event: 5.064 Thread 0x00000287e3a04000 Exception <a 'java/lang/ClassCastException': java.lang.String cannot be cast to java.lang.Class> (0x00000000d6f53e78) thrown at [C:\re\workspace\8-2-build-windows-amd64-cygwin\jdk8u131\8869\hotspot\src\share\vm\interpreter\interpreterRuntime.cpp, line 381
Event: 5.238 Thread 0x00000287e3a04000 Exception <a 'java/lang/ClassCastException': java.lang.String cannot be cast to java.lang.Class> (0x00000000d749f580) thrown at [C:\re\workspace\8-2-build-windows-amd64-cygwin\jdk8u131\8869\hotspot\src\share\vm\interpreter\interpreterRuntime.cpp, line 381
Event: 5.285 Thread 0x00000287e3a04000 Exception <a 'java/lang/ClassCastException': java.lang.String cannot be cast to java.lang.Class> (0x00000000d74dd230) thrown at [C:\re\workspace\8-2-build-windows-amd64-cygwin\jdk8u131\8869\hotspot\src\share\vm\interpreter\interpreterRuntime.cpp, line 381
Event: 5.286 Thread 0x00000287e3a04000 Exception <a 'java/io/FileNotFoundException'> (0x00000000d74df928) thrown at [C:\re\workspace\8-2-build-windows-amd64-cygwin\jdk8u131\8869\hotspot\src\share\vm\prims\jni.cpp, line 709]
Event: 6.944 Thread 0x00000287e3a04000 Exception <a 'java/lang/ClassCastException': java.lang.String cannot be cast to java.lang.Class> (0x00000000d7ad2110) thrown at [C:\re\workspace\8-2-build-windows-amd64-cygwin\jdk8u131\8869\hotspot\src\share\vm\interpreter\interpreterRuntime.cpp, line 381
Event: 6.954 Thread 0x00000287e3a04000 Exception <a 'java/lang/ClassCastException': java.lang.String cannot be cast to java.lang.Class> (0x00000000d7b39318) thrown at [C:\re\workspace\8-2-build-windows-amd64-cygwin\jdk8u131\8869\hotspot\src\share\vm\interpreter\interpreterRuntime.cpp, line 381

Events (10 events):
Event: 7.117 loading class java/net/SocketInputStream
Event: 7.117 loading class java/net/SocketInputStream done
Event: 7.257 loading class sun/net/www/MeteredStream
Event: 7.257 loading class sun/net/www/MeteredStream done
Event: 7.257 loading class sun/net/www/protocol/https/Handler
Event: 7.257 loading class sun/net/www/protocol/https/Handler done
Event: 7.257 loading class sun/net/www/protocol/http/HttpURLConnection$HttpInputStream
Event: 7.257 loading class sun/net/www/protocol/http/HttpURLConnection$HttpInputStream done
Event: 7.423 Executing VM operation: ParallelGCFailedAllocation
Event: 7.438 Executing VM operation: ParallelGCFailedAllocation done


Dynamic libraries:
0x00007ff78a390000 - 0x00007ff78a48b000 	C:\Program Files\ooRexx\rexx.exe
0x00007ff9ee4a0000 - 0x00007ff9ee67b000 	C:\WINDOWS\SYSTEM32\ntdll.dll
0x00007ff9ee370000 - 0x00007ff9ee41e000 	C:\WINDOWS\System32\KERNEL32.DLL
0x00007ff9eb600000 - 0x00007ff9eb849000 	C:\WINDOWS\System32\KERNELBASE.dll
0x00007ff9d0040000 - 0x00007ff9d01a7000 	C:\Program Files\ooRexx\REXXAPI.dll
0x00007ff9abd50000 - 0x00007ff9ac10d000 	C:\Program Files\ooRexx\rexx.dll
0x00007ff9ee200000 - 0x00007ff9ee34a000 	C:\WINDOWS\System32\USER32.dll
0x00007ff9eb5e0000 - 0x00007ff9eb5fe000 	C:\WINDOWS\System32\win32u.dll
0x00007ff9eda20000 - 0x00007ff9eda47000 	C:\WINDOWS\System32\GDI32.dll
0x00007ff9ea9c0000 - 0x00007ff9eab48000 	C:\WINDOWS\System32\gdi32full.dll
0x00007ff9d60b0000 - 0x00007ff9d60b9000 	C:\WINDOWS\SYSTEM32\WSOCK32.dll
0x00007ff9ead90000 - 0x00007ff9eae2a000 	C:\WINDOWS\System32\msvcp_win.dll
0x00007ff9ede70000 - 0x00007ff9edf0d000 	C:\WINDOWS\System32\msvcrt.dll
0x00007ff9eb850000 - 0x00007ff9eb946000 	C:\WINDOWS\System32\ucrtbase.dll
0x00007ff9edc30000 - 0x00007ff9edc9c000 	C:\WINDOWS\System32\WS2_32.dll
0x00007ff9edca0000 - 0x00007ff9edd41000 	C:\WINDOWS\System32\ADVAPI32.dll
0x00007ff9ee110000 - 0x00007ff9ee169000 	C:\WINDOWS\System32\sechost.dll
0x00007ff9edb00000 - 0x00007ff9edc25000 	C:\WINDOWS\System32\RPCRT4.dll
0x00007ff9e1a70000 - 0x00007ff9e1b16000 	C:\WINDOWS\WinSxS\amd64_microsoft.windows.common-controls_6595b64144ccf1df_5.82.15063.413_none_0e0f5dcc67adff4e\COMCTL32.dll
0x00007ff9ee170000 - 0x00007ff9ee19d000 	C:\WINDOWS\System32\IMM32.DLL
0x000000006b0e0000 - 0x000000006b21a000 	C:\Program Files\ooRexx\rexxutil.DLL
0x00007ff9edd50000 - 0x00007ff9edda1000 	C:\WINDOWS\System32\SHLWAPI.dll
0x00007ff9ebb70000 - 0x00007ff9ebe69000 	C:\WINDOWS\System32\combase.dll
0x00007ff9eab50000 - 0x00007ff9eabba000 	C:\WINDOWS\System32\bcryptPrimitives.dll
0x00007ff9e5620000 - 0x00007ff9e56aa000 	C:\WINDOWS\SYSTEM32\WINSPOOL.DRV
0x00007ff9ea490000 - 0x00007ff9ea4b5000 	C:\WINDOWS\SYSTEM32\bcrypt.dll
0x00007ff9caf10000 - 0x00007ff9cb048000 	C:\Program Files\ooRexx\OREXXOLE.DLL
0x00007ff9ed8d0000 - 0x00007ff9eda15000 	C:\WINDOWS\System32\ole32.dll
0x00007ff9ebf80000 - 0x00007ff9ec040000 	C:\WINDOWS\System32\OLEAUT32.dll
0x00007ff9ea810000 - 0x00007ff9ea840000 	C:\WINDOWS\SYSTEM32\SspiCli.dll
0x00007ff9e9ef0000 - 0x00007ff9e9f4c000 	C:\WINDOWS\system32\mswsock.dll
0x00007ff9dfa90000 - 0x00007ff9dfaa6000 	C:\WINDOWS\system32\napinsp.dll
0x00007ff9dfa70000 - 0x00007ff9dfa8a000 	C:\WINDOWS\system32\pnrpnsp.dll
0x00007ff9e7160000 - 0x00007ff9e7178000 	C:\WINDOWS\system32\NLAapi.dll
0x00007ff9e9cd0000 - 0x00007ff9e9d74000 	C:\WINDOWS\SYSTEM32\DNSAPI.dll
0x00007ff9ede60000 - 0x00007ff9ede68000 	C:\WINDOWS\System32\NSI.dll
0x00007ff9e9c90000 - 0x00007ff9e9cc7000 	C:\WINDOWS\SYSTEM32\IPHLPAPI.DLL
0x00007ff9e6e60000 - 0x00007ff9e6e6e000 	C:\WINDOWS\System32\winrnr.dll
0x00007ff9e46b0000 - 0x00007ff9e46c5000 	C:\WINDOWS\System32\wshbth.dll
0x00007ff9d89b0000 - 0x00007ff9d8a1b000 	C:\WINDOWS\System32\fwpuclnt.dll
0x00007ff9d7290000 - 0x00007ff9d729a000 	C:\Windows\System32\rasadhlp.dll
0x0000000010000000 - 0x000000001002b000 	C:\Users\abagi\Downloads\BSF4ooRexx_install_v600-20170617-beta\bsf4oorexx\BSF4ooRexx.DLL
0x0000000069c00000 - 0x000000006a49c000 	C:\Program Files\Java\jre1.8.0_131\bin\server\jvm.DLL
0x00007ff9ede50000 - 0x00007ff9ede58000 	C:\WINDOWS\System32\PSAPI.DLL
0x00007ff9e8f40000 - 0x00007ff9e8f4a000 	C:\WINDOWS\SYSTEM32\VERSION.dll
0x00007ff9e7750000 - 0x00007ff9e7773000 	C:\WINDOWS\SYSTEM32\WINMM.dll
0x00007ff9e76f0000 - 0x00007ff9e771b000 	C:\WINDOWS\SYSTEM32\winmmbase.dll
0x000000006b000000 - 0x000000006b0d2000 	C:\Program Files\Java\jdk1.8.0_131\bin\MSVCR100.dll
0x00007ff9eb9b0000 - 0x00007ff9eb9f9000 	C:\WINDOWS\System32\cfgmgr32.dll
0x000000006aff0000 - 0x000000006afff000 	C:\Program Files\Java\jre1.8.0_131\bin\verify.dll
0x000000006afc0000 - 0x000000006afe9000 	C:\Program Files\Java\jre1.8.0_131\bin\java.dll
0x000000006afa0000 - 0x000000006afb6000 	C:\Program Files\Java\jre1.8.0_131\bin\zip.dll
0x00007ff9ec480000 - 0x00007ff9ed8b7000 	C:\WINDOWS\System32\SHELL32.dll
0x00007ff9eda50000 - 0x00007ff9edafa000 	C:\WINDOWS\System32\shcore.dll
0x00007ff9eae30000 - 0x00007ff9eb522000 	C:\WINDOWS\System32\windows.storage.dll
0x00007ff9ea980000 - 0x00007ff9ea991000 	C:\WINDOWS\System32\kernel.appcore.dll
0x00007ff9ea930000 - 0x00007ff9ea97c000 	C:\WINDOWS\System32\powrprof.dll
0x00007ff9ea910000 - 0x00007ff9ea925000 	C:\WINDOWS\System32\profapi.dll
0x0000000069a60000 - 0x0000000069bf8000 	C:\Program Files\Java\jre1.8.0_131\bin\awt.dll
0x00007ff9e8b40000 - 0x00007ff9e8bbe000 	C:\WINDOWS\SYSTEM32\apphelp.dll
0x00007ff9cea00000 - 0x00007ff9ceaef000 	C:\Program Files\Java\jre1.8.0_131\bin\msvcr120.dll
0x00007ff9dd440000 - 0x00007ff9dd4e6000 	C:\Program Files\Java\jre1.8.0_131\bin\msvcp120.dll
0x000000006af70000 - 0x000000006af92000 	C:\Program Files\Java\jre1.8.0_131\bin\prism_d3d.dll
0x00007ff9c7770000 - 0x00007ff9c78f9000 	C:\WINDOWS\system32\d3d9.dll
0x00007ff9e72e0000 - 0x00007ff9e730a000 	C:\WINDOWS\SYSTEM32\dwmapi.dll
0x00007ff9e8c60000 - 0x00007ff9e8cf5000 	C:\WINDOWS\system32\uxtheme.dll
0x00007ff996080000 - 0x00007ff9985bd000 	C:\WINDOWS\SYSTEM32\igdumdim64.dll
0x00007ff9ec040000 - 0x00007ff9ec47b000 	C:\WINDOWS\System32\SETUPAPI.dll
0x000000006af20000 - 0x000000006af63000 	C:\Program Files\Java\jre1.8.0_131\bin\glass.dll
0x00007ff9ebe70000 - 0x00007ff9ebf78000 	C:\WINDOWS\System32\COMDLG32.dll
0x00007ff9eba00000 - 0x00007ff9ebb66000 	C:\WINDOWS\System32\MSCTF.dll
0x00007ff9d7b20000 - 0x00007ff9d7bc1000 	C:\Program Files\Common Files\microsoft shared\ink\tiptsf.dll
0x00007ff9e2110000 - 0x00007ff9e2f83000 	C:\WINDOWS\SYSTEM32\igc64.dll
0x000000006af00000 - 0x000000006af14000 	C:\Program Files\Java\jre1.8.0_131\bin\javafx_font.dll
0x00007ff9e4020000 - 0x00007ff9e42df000 	C:\WINDOWS\SYSTEM32\dwrite.dll
0x00007ff9eddb0000 - 0x00007ff9ede4e000 	C:\WINDOWS\System32\clbcatq.dll
0x00007ff9d8fb0000 - 0x00007ff9d9217000 	C:\WINDOWS\WinSxS\amd64_microsoft.windows.common-controls_6595b64144ccf1df_6.0.15063.0_none_108e4f62dfe5d999\comctl32.dll
0x00007ff9e5230000 - 0x00007ff9e53dc000 	C:\WINDOWS\SYSTEM32\WindowsCodecs.dll
0x00007ff9d6510000 - 0x00007ff9d6557000 	C:\WINDOWS\system32\dataexchange.dll
0x00007ff9e7d50000 - 0x00007ff9e802f000 	C:\WINDOWS\system32\d3d11.dll
0x00007ff9e7510000 - 0x00007ff9e7632000 	C:\WINDOWS\system32\dcomp.dll
0x00007ff9e8d90000 - 0x00007ff9e8e34000 	C:\WINDOWS\system32\dxgi.dll
0x00007ff9e92f0000 - 0x00007ff9e9460000 	C:\WINDOWS\system32\twinapi.appcore.dll
0x00007ff9dd2e0000 - 0x00007ff9dd311000 	C:\Program Files\Common Files\Microsoft Shared\Ink\rtscom.dll
0x00007ff9e4620000 - 0x00007ff9e46a2000 	C:\WINDOWS\System32\TextInputFramework.dll
0x00007ff9e47f0000 - 0x00007ff9e4ac2000 	C:\WINDOWS\System32\CoreUIComponents.dll
0x00007ff9e8030000 - 0x00007ff9e8113000 	C:\WINDOWS\System32\CoreMessaging.dll
0x00007ff9e9940000 - 0x00007ff9e9971000 	C:\WINDOWS\SYSTEM32\ntmarta.dll
0x00007ff9e6810000 - 0x00007ff9e6949000 	C:\WINDOWS\SYSTEM32\wintypes.dll
0x00007ff9e7000000 - 0x00007ff9e7015000 	C:\WINDOWS\SYSTEM32\usermgrcli.dll
0x00007ff9d9410000 - 0x00007ff9d95d5000 	C:\Windows\System32\uiautomationcore.dll
0x00007ff9ea770000 - 0x00007ff9ea80a000 	C:\WINDOWS\SYSTEM32\sxs.dll
0x00007ff9d83f0000 - 0x00007ff9d845b000 	C:\WINDOWS\SYSTEM32\OLEACC.dll
0x00007ff9ea4c0000 - 0x00007ff9ea4d7000 	C:\WINDOWS\SYSTEM32\CRYPTSP.dll
0x00007ff9e9b10000 - 0x00007ff9e9b44000 	C:\WINDOWS\system32\rsaenh.dll
0x00007ff9ea840000 - 0x00007ff9ea869000 	C:\WINDOWS\SYSTEM32\USERENV.dll
0x00007ff9ea090000 - 0x00007ff9ea09b000 	C:\WINDOWS\SYSTEM32\CRYPTBASE.dll
0x000000006aee0000 - 0x000000006aefa000 	C:\Program Files\Java\jre1.8.0_131\bin\net.dll
0x00007ff9ddd20000 - 0x00007ff9ddd36000 	C:\WINDOWS\SYSTEM32\dhcpcsvc6.DLL
0x00007ff9ddd00000 - 0x00007ff9ddd1a000 	C:\WINDOWS\SYSTEM32\dhcpcsvc.DLL
0x000000006aec0000 - 0x000000006aed1000 	C:\Program Files\Java\jre1.8.0_131\bin\nio.dll
0x000000006aea0000 - 0x000000006aeb1000 	C:\Program Files\Java\jre1.8.0_131\bin\prism_common.dll
0x00007ff9e8190000 - 0x00007ff9e8734000 	C:\WINDOWS\SYSTEM32\d2d1.dll
0x00007ff9eabc0000 - 0x00007ff9ead89000 	C:\WINDOWS\System32\CRYPT32.dll
0x00007ff9ea9a0000 - 0x00007ff9ea9b1000 	C:\WINDOWS\System32\MSASN1.dll
0x00007ff9d03d0000 - 0x00007ff9d06a5000 	C:\WINDOWS\SYSTEM32\D3D10Warp.dll
0x00007ff9da480000 - 0x00007ff9da706000 	C:\WINDOWS\SYSTEM32\iertutil.dll
0x00007ff9ea4e0000 - 0x00007ff9ea689000 	C:\WINDOWS\SYSTEM32\dbghelp.dll

VM Arguments:
java_command: <unknown>
java_class_path (initial): C:\Program Files\BSF4ooRexx\bsf4ooRexx-v600-20170405-bin.jar;C:\Program Files\BSF4ooRexx\jni4net.j-0.8.8.0.jar;C:\Program Files\BSF4ooRexx\oorexx.net.jar;C:\Users\abagi\Downloads\BSF4ooRexx_install_v600-20170617-beta\bsf4oorexx\bsf4ooRexx-v600-20170617-bin.jar;C:\Users\abagi\Downloads\BSF4ooRexx_install_v600-20170617-beta\bsf4oorexx\jni4net.j-0.8.8.0.jar;C:\Users\abagi\Downloads\BSF4ooRexx_install_v600-20170617-beta\bsf4oorexx\oorexx.net.jar;.;C:\Users\abagi\OneDrive\Dokumente\WU\javafx\ooRexxTryFX\java\ikonli-core-1.9.0.jar;C:\Users\abagi\OneDrive\Dokumente\WU\javafx\ooRexxTryFX\java\ikonli-javafx-1.9.0.jar;C:\Users\abagi\OneDrive\Dokumente\WU\javafx\ooRexxTryFX\java\ikonli-octicons-pack-1.9.0.jar;C:\Users\abagi\OneDrive\Dokumente\WU\javafx\ooRexxTryFX\java\ikonli-openiconic-pack-1.9.0.jar;C:\Users\abagi\OneDrive\Dokumente\WU\javafx\ooRexxTryFX\java\richtextfx-0.7-M5-custom.jar;
Launcher Type: generic

Environment Variables:
CLASSPATH=C:\Program Files\BSF4ooRexx\bsf4ooRexx-v600-20170405-bin.jar;C:\Program Files\BSF4ooRexx\jni4net.j-0.8.8.0.jar;C:\Program Files\BSF4ooRexx\oorexx.net.jar;C:\Users\abagi\Downloads\BSF4ooRexx_install_v600-20170617-beta\bsf4oorexx\bsf4ooRexx-v600-20170617-bin.jar;C:\Users\abagi\Downloads\BSF4ooRexx_install_v600-20170617-beta\bsf4oorexx\jni4net.j-0.8.8.0.jar;C:\Users\abagi\Downloads\BSF4ooRexx_install_v600-20170617-beta\bsf4oorexx\oorexx.net.jar;.;C:\Users\abagi\OneDrive\Dokumente\WU\javafx\ooRexxTryFX\java\ikonli-core-1.9.0.jar;C:\Users\abagi\OneDrive\Dokumente\WU\javafx\ooRexxTryFX\java\ikonli-javafx-1.9.0.jar;C:\Users\abagi\OneDrive\Dokumente\WU\javafx\ooRexxTryFX\java\ikonli-octicons-pack-1.9.0.jar;C:\Users\abagi\OneDrive\Dokumente\WU\javafx\ooRexxTryFX\java\ikonli-openiconic-pack-1.9.0.jar;C:\Users\abagi\OneDrive\Dokumente\WU\javafx\ooRexxTryFX\java\richtextfx-0.7-M5-custom.jar;
PATH=C:\ProgramData\Oracle\Java\javapath;C:\WINDOWS\system32;C:\WINDOWS;C:\WINDOWS\System32\Wbem;C:\WINDOWS\System32\WindowsPowerShell\v1.0\;C:\Program Files\ooRexx;C:\Program Files\BSF4ooRexx;C:\Program Files\Java\jdk1.8.0_131\bin;C:\Program Files\nodejs\;C:\Program Files\Git\cmd;C:\Users\abagi\Downloads\BSF4ooRexx_install_v600-20170617-beta\bsf4oorexx;C:\Program Files\Java\jre1.8.0_131\bin\server;C:\Users\abagi\AppData\Local\Microsoft\WindowsApps;C:\Program Files (x86)\Microsoft VS Code\bin;C:\Users\abagi\AppData\Roaming\npm;C:\Users\abagi\AppData\Roaming\Dashlane\4.8.1.32550\bin\Firefox_Extension\{442718d9-475e-452a-b3e1-fb1ee16b8e9f}\components;C:\Users\abagi\AppData\Roaming\Dashlane\4.8.1.32550\ucrt
USERNAME=abagi
OS=Windows_NT
PROCESSOR_IDENTIFIER=Intel64 Family 6 Model 78 Stepping 3, GenuineIntel



---------------  S Y S T E M  ---------------

OS: Windows 10.0 , 64 bit Build 15063 (10.0.15063.296)

CPU:total 4 (initial active 4) (2 cores per cpu, 2 threads per core) family 6 model 78 stepping 3, cmov, cx8, fxsr, mmx, sse, sse2, sse3, ssse3, sse4.1, sse4.2, popcnt, avx, avx2, aes, clmul, erms, rtm, 3dnowpref, lzcnt, ht, tsc, tscinvbit, bmi1, bmi2, adx

Memory: 4k page, physical 8312940k(1231748k free), swap 13988084k(1848572k free)

vm_info: Java HotSpot(TM) 64-Bit Server VM (25.131-b11) for windows-amd64 JRE (1.8.0_131-b11), built on Mar 15 2017 01:23:53 by "java_re" with MS VC++ 10.0 (VS2010)

time: Sun Jul 02 21:01:57 2017
elapsed time: 10 seconds (0d 0h 0m 10s)

