#
# A fatal error has been detected by the Java Runtime Environment:
#
#  EXCEPTION_ACCESS_VIOLATION (0xc0000005) at pc=0x00007ff9c74909a8, pid=13328, tid=0x0000000000000fd8
#
# JRE version: Java(TM) SE Runtime Environment (8.0_131-b11) (build 1.8.0_131-b11)
# Java VM: Java HotSpot(TM) 64-Bit Server VM (25.131-b11 mixed mode windows-amd64 compressed oops)
# Problematic frame:
# C  [rexx.dll+0xe09a8]
#
# Failed to write core dump. Minidumps are not enabled by default on client versions of Windows
#
# If you would like to submit a bug report, please visit:
#   http://bugreport.java.com/bugreport/crash.jsp
# The crash happened outside the Java Virtual Machine in native code.
# See problematic frame for where to report the bug.
#

---------------  T H R E A D  ---------------

Current thread (0x000002c343704800):  JavaThread "pool-1-thread-1" [_thread_in_native, id=4056, stack(0x000000e6cd580000,0x000000e6cd600000)]

siginfo: ExceptionCode=0xc0000005, writing address 0x0000000000000020

Registers:
RAX=0x0000000000000000, RBX=0x000002c3418f0320, RCX=0x00007ff9c771b000, RDX=0x0000000000000220
RSP=0x000000e6cd5fdb00, RBP=0x00007ff797b1a1b0, RSI=0x000002c34199e520, RDI=0x000000e6cd5fdb60
R8 =0x000000e6cd5fdba8, R9 =0x00007ff797ae1b00, R10=0x00007ff9c76811b8, R11=0x00007ff797aea6f0
R12=0x000002c3437049f8, R13=0x00007ff797b1aa90, R14=0x000000e6cd5fee40, R15=0x00007ff7979d0c40
RIP=0x00007ff9c74909a8, EFLAGS=0x0000000000010202

Top of Stack: (sp=0x000000e6cd5fdb00)
0x000000e6cd5fdb00:   000000e6cd5fdb60 00007ff9c749b442
0x000000e6cd5fdb10:   00007ff797ae3640 cccccccccccccccc
0x000000e6cd5fdb20:   cccccccccccccccc cccccccccccccccc
0x000000e6cd5fdb30:   00007ff797ae3640 00007ff797afcf90
0x000000e6cd5fdb40:   cccccccc00000001 0000000000000000
0x000000e6cd5fdb50:   cccccccccccccccc cccccccccccccccc
0x000000e6cd5fdb60:   000000e6cd5fdbd0 00007ff9c749afab
0x000000e6cd5fdb70:   00007ff9c771b000 0000000000000220
0x000000e6cd5fdb80:   000000e6cd5fdba8 cccccccccccccccc
0x000000e6cd5fdb90:   cccccccccccccccc 0000000000000022
0x000000e6cd5fdba0:   cccccccccccccccc cccccccccccccccc
0x000000e6cd5fdbb0:   cccccccccccccccc cccccccccccccccc
0x000000e6cd5fdbc0:   cccccccccccccccc cccccccccccccccc
0x000000e6cd5fdbd0:   000000e6cd5fdc10 00007ff9c74add86
0x000000e6cd5fdbe0:   00007ff9c771af38 0000000000000220
0x000000e6cd5fdbf0:   cccccccccccccccc cccccccccccccccc 

Instructions: (pc=0x00007ff9c74909a8)
0x00007ff9c7490988:   cc cc cc cc cc cc cc cc 48 89 4c 24 08 57 48 8b
0x00007ff9c7490998:   44 24 10 48 8b 40 18 48 8b 4c 24 10 48 8b 49 20
0x00007ff9c74909a8:   48 89 48 20 48 8b 44 24 10 48 8b 40 20 48 8b 4c
0x00007ff9c74909b8:   24 10 48 8b 49 18 48 89 48 18 5f c3 cc cc cc cc 


Register to memory mapping:

RAX=0x0000000000000000 is an unknown value
RBX=0x000002c3418f0320 is an unknown value
RCX=0x00007ff9c771b000 is an unknown value
RDX=0x0000000000000220 is an unknown value
RSP=0x000000e6cd5fdb00 is pointing into the stack for thread: 0x000002c343704800
RBP=0x00007ff797b1a1b0 is an unknown value
RSI=0x000002c34199e520 is an unknown value
RDI=0x000000e6cd5fdb60 is pointing into the stack for thread: 0x000002c343704800
R8 =0x000000e6cd5fdba8 is pointing into the stack for thread: 0x000002c343704800
R9 =0x00007ff797ae1b00 is an unknown value
R10=0x00007ff9c76811b8 is an unknown value
R11=0x00007ff797aea6f0 is an unknown value
R12=0x000002c3437049f8 is an unknown value
R13=0x00007ff797b1aa90 is an unknown value
R14=0x000000e6cd5fee40 is pointing into the stack for thread: 0x000002c343704800
R15=0x00007ff7979d0c40 is an unknown value


Stack: [0x000000e6cd580000,0x000000e6cd600000],  sp=0x000000e6cd5fdb00,  free space=502k
Native frames: (J=compiled Java code, j=interpreted, Vv=VM code, C=native code)
C  [rexx.dll+0xe09a8]
C  [rexx.dll+0xeb442]
C  [rexx.dll+0xeafab]
C  [rexx.dll+0xfdd86]
C  [rexx.dll+0x26249]
C  [rexx.dll+0xbcf8d]
C  [rexx.dll+0x10701b]
C  [rexx.dll+0xce751]
C  [rexx.dll+0x3cb02]
C  [rexx.dll+0x585d6]
C  [rexx.dll+0x126ee3]
C  [rexx.dll+0x12667c]
C  [rexx.dll+0x12743a]
C  [rexx.dll+0x13b099]
C  [rexx.dll+0xbf31c]
C  [rexx.dll+0xce7a7]
C  [rexx.dll+0x3cb02]
C  [rexx.dll+0x585d6]
C  [rexx.dll+0x126ee3]
C  [rexx.dll+0x13c3d5]
C  [rexx.dll+0xbf31c]
C  [rexx.dll+0xce7a7]
C  [rexx.dll+0x3cb02]
C  [rexx.dll+0x585d6]
C  [rexx.dll+0x126ee3]
C  [rexx.dll+0x12667c]
C  [rexx.dll+0x141e16]
C  [rexx.dll+0x14189b]
C  [rexx.dll+0xbf31c]
C  [rexx.dll+0xce87b]
C  [rexx.dll+0x68480]
C  [rexx.dll+0xc1751]
C  [rexx.dll+0x125c8f]
C  [rexx.dll+0x126588]
C  [rexx.dll+0x12c471]
C  [rexx.dll+0xbf31c]
C  [rexx.dll+0xce7a7]
C  [rexx.dll+0x3cb02]
C  [rexx.dll+0x585d6]
C  [rexx.dll+0x58a8a]
C  [rexx.dll+0x9937a]
C  [BSF4ooRexx.DLL+0xbe05]
C  0x000002c326db925b

Java frames: (J=compiled Java code, j=interpreted, Vv=VM code)
j  org.rexxla.bsf.engines.rexx.RexxAndJava.jniRexxSendMessageToRexxObject(Ljava/lang/String;Ljava/lang/String;Ljava/lang/String;Ljava/lang/String;Ljava/lang/String;Ljava/lang/String;Ljava/lang/String;[Ljava/lang/Object;Ljava/lang/String;)Ljava/lang/Object;+0
j  org.rexxla.bsf.engines.rexx.RexxEngine.call(Lorg/rexxla/bsf/engines/rexx/RexxProxy;Ljava/lang/Object;Ljava/lang/String;Ljava/lang/String;[Ljava/lang/Object;)Ljava/lang/Object;+589
j  org.rexxla.bsf.engines.rexx.RexxProxy.invoke(Ljava/lang/Object;Ljava/lang/String;Ljava/lang/String;[Ljava/lang/Object;)Ljava/lang/Object;+125
j  org.rexxla.bsf.engines.rexx.onTheFly.Task_$RexxExtendClass$_1877541055.call()Ljava/lang/Object;+32
j  javafx.concurrent.Task$TaskCallable.call()Ljava/lang/Object;+26
j  java.util.concurrent.FutureTask.run()V+42
j  java.util.concurrent.ThreadPoolExecutor.runWorker(Ljava/util/concurrent/ThreadPoolExecutor$Worker;)V+95
j  java.util.concurrent.ThreadPoolExecutor$Worker.run()V+5
j  java.lang.Thread.run()V+11
v  ~StubRoutines::call_stub

---------------  P R O C E S S  ---------------

Java Threads: ( => current thread )
=>0x000002c343704800 JavaThread "pool-1-thread-1" [_thread_in_native, id=4056, stack(0x000000e6cd580000,0x000000e6cd600000)]
  0x000002c343148000 JavaThread "Prism Font Disposer" daemon [_thread_blocked, id=12252, stack(0x000000e6cd400000,0x000000e6cd480000)]
  0x000002c33cdec000 JavaThread "Thread-4" daemon [_thread_in_native, id=10644, stack(0x000000e6cd000000,0x000000e6cd080000)]
  0x000002c33cdd5000 JavaThread "JavaFX Application Thread" [_thread_in_Java, id=13584, stack(0x000000e6cce00000,0x000000e6cce80000)]
  0x000002c33cdd4000 JavaThread "Thread-3" daemon [_thread_blocked, id=3412, stack(0x000000e6ccd80000,0x000000e6cce00000)]
  0x000002c33cd64800 JavaThread "QuantumRenderer-0" daemon [_thread_blocked, id=8884, stack(0x000000e6ccd00000,0x000000e6ccd80000)]
  0x000002c33cd5a800 JavaThread "JavaFX-Launcher" [_thread_blocked, id=11620, stack(0x000000e6ccc80000,0x000000e6ccd00000)]
  0x000002c33c6b7000 JavaThread "Service Thread" daemon [_thread_blocked, id=10480, stack(0x000000e6ccb80000,0x000000e6ccc00000)]
  0x000002c33b526000 JavaThread "C1 CompilerThread2" daemon [_thread_blocked, id=9308, stack(0x000000e6ccb00000,0x000000e6ccb80000)]
  0x000002c33b523000 JavaThread "C2 CompilerThread1" daemon [_thread_blocked, id=1204, stack(0x000000e6cca80000,0x000000e6ccb00000)]
  0x000002c33b520000 JavaThread "C2 CompilerThread0" daemon [_thread_blocked, id=14220, stack(0x000000e6cca00000,0x000000e6cca80000)]
  0x000002c33b51d000 JavaThread "Attach Listener" daemon [_thread_blocked, id=14820, stack(0x000000e6cc980000,0x000000e6cca00000)]
  0x000002c33b51b800 JavaThread "Signal Dispatcher" daemon [_thread_blocked, id=2748, stack(0x000000e6cc900000,0x000000e6cc980000)]
  0x000002c326d8a000 JavaThread "Finalizer" daemon [_thread_blocked, id=4852, stack(0x000000e6cc880000,0x000000e6cc900000)]
  0x000002c33b4e9000 JavaThread "Reference Handler" daemon [_thread_blocked, id=9692, stack(0x000000e6cc800000,0x000000e6cc880000)]
  0x000002c326c90800 JavaThread "main" [_thread_blocked, id=11596, stack(0x000000e6cc0b0000,0x000000e6cc130000)]

Other Threads:
  0x000002c33b4e7000 VMThread [stack: 0x000000e6cc780000,0x000000e6cc800000] [id=14780]
  0x000002c33c6e4800 WatcherThread [stack: 0x000000e6ccc00000,0x000000e6ccc80000] [id=14736]

VM state:not at safepoint (normal execution)

VM Mutex/Monitor currently owned by a thread: None

Heap:
 PSYoungGen      total 38400K, used 29951K [0x00000000d5b80000, 0x00000000d8f80000, 0x0000000100000000)
  eden space 33280K, 74% used [0x00000000d5b80000,0x00000000d73c0ea8,0x00000000d7c00000)
  from space 5120K, 99% used [0x00000000d7c00000,0x00000000d80fef00,0x00000000d8100000)
  to   space 5120K, 0% used [0x00000000d8a80000,0x00000000d8a80000,0x00000000d8f80000)
 ParOldGen       total 65024K, used 7159K [0x0000000081200000, 0x0000000085180000, 0x00000000d5b80000)
  object space 65024K, 11% used [0x0000000081200000,0x00000000818fdf60,0x0000000085180000)
 Metaspace       used 26940K, capacity 29499K, committed 29616K, reserved 1075200K
  class space    used 4004K, capacity 4474K, committed 4528K, reserved 1048576K

Card table byte_map: [0x000002c336160000,0x000002c336560000] byte_map_base: 0x000002c335d57000

Marking Bits: (ParMarkBitMap*) 0x000000006abfc720
 Begin Bits: [0x000002c336810000, 0x000002c3387c8000)
 End Bits:   [0x000002c3387c8000, 0x000002c33a780000)

Polling page: 0x000002c325050000

CodeCache: size=245760Kb used=12565Kb max_used=12580Kb free=233194Kb
 bounds [0x000002c326da0000, 0x000002c3279f0000, 0x000002c335da0000]
 total_blobs=4723 nmethods=4009 adapters=625
 compilation: enabled

Compilation events (10 events):
Event: 11.856 Thread 0x000002c33b526000 nmethod 3996 0x000002c3279bb690 code [0x000002c3279bb800, 0x000002c3279bbbd0]
Event: 11.856 Thread 0x000002c33b526000 3997       1       javafx.scene.Scene::access$2900 (5 bytes)
Event: 11.856 Thread 0x000002c33b526000 nmethod 3997 0x000002c3279b4ed0 code [0x000002c3279b5020, 0x000002c3279b5118]
Event: 11.859 Thread 0x000002c33b520000 3998       4       java.lang.Math::max (46 bytes)
Event: 11.860 Thread 0x000002c33b520000 nmethod 3998 0x000002c3279bae90 code [0x000002c3279bb000, 0x000002c3279bb0d8]
Event: 11.866 Thread 0x000002c33b520000 3999       4       com.sun.prism.impl.BaseTexture::assertLocked (8 bytes)
Event: 11.866 Thread 0x000002c33b526000 4000       3       com.sun.javafx.sg.prism.NGRegion::renderAsShape (462 bytes)
Event: 11.867 Thread 0x000002c33b520000 nmethod 3999 0x000002c3279babd0 code [0x000002c3279bad00, 0x000002c3279bad98]
Event: 11.869 Thread 0x000002c33b526000 nmethod 4000 0x000002c3279ce810 code [0x000002c3279ceca0, 0x000002c3279d1be0]
Event: 11.869 Thread 0x000002c33b526000 4003       3       com.sun.javafx.sg.prism.NGText::renderText (523 bytes)

GC Heap History (8 events):
Event: 1.003 GC heap before
{Heap before GC invocations=1 (full 0):
 PSYoungGen      total 38400K, used 33280K [0x00000000d5b80000, 0x00000000d8600000, 0x0000000100000000)
  eden space 33280K, 100% used [0x00000000d5b80000,0x00000000d7c00000,0x00000000d7c00000)
  from space 5120K, 0% used [0x00000000d8100000,0x00000000d8100000,0x00000000d8600000)
  to   space 5120K, 0% used [0x00000000d7c00000,0x00000000d7c00000,0x00000000d8100000)
 ParOldGen       total 87552K, used 0K [0x0000000081200000, 0x0000000086780000, 0x00000000d5b80000)
  object space 87552K, 0% used [0x0000000081200000,0x0000000081200000,0x0000000086780000)
 Metaspace       used 15675K, capacity 16210K, committed 16256K, reserved 1062912K
  class space    used 2030K, capacity 2160K, committed 2176K, reserved 1048576K
Event: 1.012 GC heap after
Heap after GC invocations=1 (full 0):
 PSYoungGen      total 38400K, used 5105K [0x00000000d5b80000, 0x00000000d8600000, 0x0000000100000000)
  eden space 33280K, 0% used [0x00000000d5b80000,0x00000000d5b80000,0x00000000d7c00000)
  from space 5120K, 99% used [0x00000000d7c00000,0x00000000d80fc528,0x00000000d8100000)
  to   space 5120K, 0% used [0x00000000d8100000,0x00000000d8100000,0x00000000d8600000)
 ParOldGen       total 87552K, used 1423K [0x0000000081200000, 0x0000000086780000, 0x00000000d5b80000)
  object space 87552K, 1% used [0x0000000081200000,0x0000000081363ca8,0x0000000086780000)
 Metaspace       used 15675K, capacity 16210K, committed 16256K, reserved 1062912K
  class space    used 2030K, capacity 2160K, committed 2176K, reserved 1048576K
}
Event: 1.470 GC heap before
{Heap before GC invocations=2 (full 0):
 PSYoungGen      total 38400K, used 21005K [0x00000000d5b80000, 0x00000000d8600000, 0x0000000100000000)
  eden space 33280K, 47% used [0x00000000d5b80000,0x00000000d6b06fb8,0x00000000d7c00000)
  from space 5120K, 99% used [0x00000000d7c00000,0x00000000d80fc528,0x00000000d8100000)
  to   space 5120K, 0% used [0x00000000d8100000,0x00000000d8100000,0x00000000d8600000)
 ParOldGen       total 87552K, used 1423K [0x0000000081200000, 0x0000000086780000, 0x00000000d5b80000)
  object space 87552K, 1% used [0x0000000081200000,0x0000000081363ca8,0x0000000086780000)
 Metaspace       used 20281K, capacity 21287K, committed 21296K, reserved 1067008K
  class space    used 2856K, capacity 3111K, committed 3120K, reserved 1048576K
Event: 1.476 GC heap after
Heap after GC invocations=2 (full 0):
 PSYoungGen      total 38400K, used 5100K [0x00000000d5b80000, 0x00000000da680000, 0x0000000100000000)
  eden space 33280K, 0% used [0x00000000d5b80000,0x00000000d5b80000,0x00000000d7c00000)
  from space 5120K, 99% used [0x00000000d8100000,0x00000000d85fb0e8,0x00000000d8600000)
  to   space 5120K, 0% used [0x00000000d7c00000,0x00000000d7c00000,0x00000000d8100000)
 ParOldGen       total 87552K, used 3323K [0x0000000081200000, 0x0000000086780000, 0x00000000d5b80000)
  object space 87552K, 3% used [0x0000000081200000,0x000000008153ed40,0x0000000086780000)
 Metaspace       used 20281K, capacity 21287K, committed 21296K, reserved 1067008K
  class space    used 2856K, capacity 3111K, committed 3120K, reserved 1048576K
}
Event: 1.476 GC heap before
{Heap before GC invocations=3 (full 1):
 PSYoungGen      total 38400K, used 5100K [0x00000000d5b80000, 0x00000000da680000, 0x0000000100000000)
  eden space 33280K, 0% used [0x00000000d5b80000,0x00000000d5b80000,0x00000000d7c00000)
  from space 5120K, 99% used [0x00000000d8100000,0x00000000d85fb0e8,0x00000000d8600000)
  to   space 5120K, 0% used [0x00000000d7c00000,0x00000000d7c00000,0x00000000d8100000)
 ParOldGen       total 87552K, used 3323K [0x0000000081200000, 0x0000000086780000, 0x00000000d5b80000)
  object space 87552K, 3% used [0x0000000081200000,0x000000008153ed40,0x0000000086780000)
 Metaspace       used 20281K, capacity 21287K, committed 21296K, reserved 1067008K
  class space    used 2856K, capacity 3111K, committed 3120K, reserved 1048576K
Event: 1.509 GC heap after
Heap after GC invocations=3 (full 1):
 PSYoungGen      total 38400K, used 0K [0x00000000d5b80000, 0x00000000da680000, 0x0000000100000000)
  eden space 33280K, 0% used [0x00000000d5b80000,0x00000000d5b80000,0x00000000d7c00000)
  from space 5120K, 0% used [0x00000000d8100000,0x00000000d8100000,0x00000000d8600000)
  to   space 5120K, 0% used [0x00000000d7c00000,0x00000000d7c00000,0x00000000d8100000)
 ParOldGen       total 65024K, used 6947K [0x0000000081200000, 0x0000000085180000, 0x00000000d5b80000)
  object space 65024K, 10% used [0x0000000081200000,0x00000000818c8ec0,0x0000000085180000)
 Metaspace       used 20281K, capacity 21287K, committed 21296K, reserved 1067008K
  class space    used 2856K, capacity 3111K, committed 3120K, reserved 1048576K
}
Event: 2.558 GC heap before
{Heap before GC invocations=4 (full 1):
 PSYoungGen      total 38400K, used 32651K [0x00000000d5b80000, 0x00000000da680000, 0x0000000100000000)
  eden space 33280K, 98% used [0x00000000d5b80000,0x00000000d7b62c70,0x00000000d7c00000)
  from space 5120K, 0% used [0x00000000d8100000,0x00000000d8100000,0x00000000d8600000)
  to   space 5120K, 0% used [0x00000000d7c00000,0x00000000d7c00000,0x00000000d8100000)
 ParOldGen       total 65024K, used 6947K [0x0000000081200000, 0x0000000085180000, 0x00000000d5b80000)
  object space 65024K, 10% used [0x0000000081200000,0x00000000818c8ec0,0x0000000085180000)
 Metaspace       used 25336K, capacity 27639K, committed 27952K, reserved 1073152K
  class space    used 3878K, capacity 4303K, committed 4400K, reserved 1048576K
Event: 2.564 GC heap after
Heap after GC invocations=4 (full 1):
 PSYoungGen      total 38400K, used 5115K [0x00000000d5b80000, 0x00000000d8f80000, 0x0000000100000000)
  eden space 33280K, 0% used [0x00000000d5b80000,0x00000000d5b80000,0x00000000d7c00000)
  from space 5120K, 99% used [0x00000000d7c00000,0x00000000d80fef00,0x00000000d8100000)
  to   space 5120K, 0% used [0x00000000d8a80000,0x00000000d8a80000,0x00000000d8f80000)
 ParOldGen       total 65024K, used 7159K [0x0000000081200000, 0x0000000085180000, 0x00000000d5b80000)
  object space 65024K, 11% used [0x0000000081200000,0x00000000818fdf60,0x0000000085180000)
 Metaspace       used 25336K, capacity 27639K, committed 27952K, reserved 1073152K
  class space    used 3878K, capacity 4303K, committed 4400K, reserved 1048576K
}

Deoptimization events (10 events):
Event: 3.641 Thread 0x000002c33cdd5000 Uncommon trap: reason=array_check action=maybe_recompile pc=0x000002c3276dd57c method=com.sun.javafx.css.CompoundSelector.applies(Ljavafx/css/Styleable;[Ljava/util/Set;I)Z @ 128
Event: 3.642 Thread 0x000002c33cdd5000 Uncommon trap: reason=array_check action=maybe_recompile pc=0x000002c3276dd57c method=com.sun.javafx.css.CompoundSelector.applies(Ljavafx/css/Styleable;[Ljava/util/Set;I)Z @ 128
Event: 3.642 Thread 0x000002c33cdd5000 Uncommon trap: reason=array_check action=maybe_recompile pc=0x000002c3276dd57c method=com.sun.javafx.css.CompoundSelector.applies(Ljavafx/css/Styleable;[Ljava/util/Set;I)Z @ 128
Event: 3.835 Thread 0x000002c33cdd5000 Uncommon trap: reason=unstable_if action=reinterpret pc=0x000002c3274a2b9c method=java.lang.invoke.MethodType.checkPtypes([Ljava/lang/Class;)I @ 40
Event: 3.845 Thread 0x000002c33cdd5000 Uncommon trap: reason=unstable_if action=reinterpret pc=0x000002c32723708c method=jdk.internal.org.objectweb.asm.Type.getArgumentsAndReturnSizes(Ljava/lang/String;)I @ 47
Event: 10.573 Thread 0x000002c33cdd5000 Uncommon trap: reason=class_check action=maybe_recompile pc=0x000002c3277cd2a0 method=javafx.scene.CssStyleHelper.transitionToState(Ljavafx/scene/Node;)V @ 519
Event: 10.585 Thread 0x000002c33cdd5000 Uncommon trap: reason=unstable_if action=reinterpret pc=0x000002c3278fe978 method=javafx.scene.Node.updateBounds()V @ 70
Event: 11.065 Thread 0x000002c33cdd5000 Uncommon trap: reason=class_check action=maybe_recompile pc=0x000002c3277cd2a0 method=javafx.scene.CssStyleHelper.transitionToState(Ljavafx/scene/Node;)V @ 519
Event: 11.655 Thread 0x000002c33cdd5000 Uncommon trap: reason=class_check action=maybe_recompile pc=0x000002c3277cd2a0 method=javafx.scene.CssStyleHelper.transitionToState(Ljavafx/scene/Node;)V @ 519
Event: 11.830 Thread 0x000002c343704800 Uncommon trap: reason=null_check action=make_not_entrant pc=0x000002c327942ab0 method=java.lang.StringCoding.deref(Ljava/lang/ThreadLocal;)Ljava/lang/Object; @ 4

Internal exceptions (10 events):
Event: 3.527 Thread 0x000002c33cdd5000 Exception <a 'java/lang/ClassCastException': java.lang.String cannot be cast to java.lang.Class> (0x00000000d6a09120) thrown at [C:\re\workspace\8-2-build-windows-amd64-cygwin\jdk8u131\8869\hotspot\src\share\vm\interpreter\interpreterRuntime.cpp, line 381
Event: 3.528 Thread 0x000002c33cdd5000 Exception <a 'java/lang/ClassCastException': java.lang.String cannot be cast to java.lang.Class> (0x00000000d6a0ecb0) thrown at [C:\re\workspace\8-2-build-windows-amd64-cygwin\jdk8u131\8869\hotspot\src\share\vm\interpreter\interpreterRuntime.cpp, line 381
Event: 3.529 Thread 0x000002c33cdd5000 Exception <a 'java/lang/ClassCastException': java.lang.String cannot be cast to java.lang.Class> (0x00000000d6a0fd10) thrown at [C:\re\workspace\8-2-build-windows-amd64-cygwin\jdk8u131\8869\hotspot\src\share\vm\interpreter\interpreterRuntime.cpp, line 381
Event: 3.530 Thread 0x000002c33cdd5000 Exception <a 'java/lang/ClassCastException': java.lang.String cannot be cast to java.lang.Class> (0x00000000d6a158a8) thrown at [C:\re\workspace\8-2-build-windows-amd64-cygwin\jdk8u131\8869\hotspot\src\share\vm\interpreter\interpreterRuntime.cpp, line 381
Event: 3.530 Thread 0x000002c33cdd5000 Exception <a 'java/lang/ClassCastException': java.lang.String cannot be cast to java.lang.Class> (0x00000000d6a16908) thrown at [C:\re\workspace\8-2-build-windows-amd64-cygwin\jdk8u131\8869\hotspot\src\share\vm\interpreter\interpreterRuntime.cpp, line 381
Event: 3.532 Thread 0x000002c33cdd5000 Exception <a 'java/lang/ClassCastException': java.lang.String cannot be cast to java.lang.Class> (0x00000000d6a1c4a0) thrown at [C:\re\workspace\8-2-build-windows-amd64-cygwin\jdk8u131\8869\hotspot\src\share\vm\interpreter\interpreterRuntime.cpp, line 381
Event: 3.533 Thread 0x000002c33cdd5000 Exception <a 'java/lang/ClassCastException': java.lang.String cannot be cast to java.lang.Class> (0x00000000d6a1d500) thrown at [C:\re\workspace\8-2-build-windows-amd64-cygwin\jdk8u131\8869\hotspot\src\share\vm\interpreter\interpreterRuntime.cpp, line 381
Event: 11.830 Thread 0x000002c343704800 Implicit null exception at 0x000002c327941762 to 0x000002c327942a9c
Event: 11.841 Thread 0x000002c343704800 Exception <a 'java/lang/ClassCastException': java.lang.String cannot be cast to java.lang.Class> (0x00000000d7322778) thrown at [C:\re\workspace\8-2-build-windows-amd64-cygwin\jdk8u131\8869\hotspot\src\share\vm\interpreter\interpreterRuntime.cpp, line 381
Event: 11.843 Thread 0x000002c343704800 Exception <a 'java/lang/ClassCastException': java.lang.String cannot be cast to java.lang.Class> (0x00000000d732a850) thrown at [C:\re\workspace\8-2-build-windows-amd64-cygwin\jdk8u131\8869\hotspot\src\share\vm\interpreter\interpreterRuntime.cpp, line 381

Events (10 events):
Event: 11.831 loading class org/reactfx/util/TriConsumer
Event: 11.831 loading class org/reactfx/util/TriConsumer done
Event: 11.831 loading class org/reactfx/util/TriConsumer
Event: 11.831 loading class org/reactfx/util/TriConsumer done
Event: 11.832 loading class javafx/concurrent/Task$3
Event: 11.832 loading class javafx/concurrent/Task$3 done
Event: 11.841 loading class org/fxmisc/richtext/model/StyleSpansBuilder
Event: 11.841 loading class org/fxmisc/richtext/model/StyleSpansBuilder done
Event: 11.843 loading class org/oorexx/ide/standalone/OoRexxStandaloneParser
Event: 11.843 loading class org/oorexx/ide/standalone/OoRexxStandaloneParser done


Dynamic libraries:
0x00007ff799c60000 - 0x00007ff799d5b000 	C:\Program Files\ooRexx\rexx.exe
0x00007ff9ee4a0000 - 0x00007ff9ee67b000 	C:\WINDOWS\SYSTEM32\ntdll.dll
0x00007ff9ee370000 - 0x00007ff9ee41e000 	C:\WINDOWS\System32\KERNEL32.DLL
0x00007ff9eb600000 - 0x00007ff9eb849000 	C:\WINDOWS\System32\KERNELBASE.dll
0x00007ff9d9810000 - 0x00007ff9d9977000 	C:\Program Files\ooRexx\REXXAPI.dll
0x00007ff9c73b0000 - 0x00007ff9c776d000 	C:\Program Files\ooRexx\rexx.dll
0x00007ff9ee200000 - 0x00007ff9ee34a000 	C:\WINDOWS\System32\USER32.dll
0x00007ff9eb5e0000 - 0x00007ff9eb5fe000 	C:\WINDOWS\System32\win32u.dll
0x00007ff9edca0000 - 0x00007ff9edd41000 	C:\WINDOWS\System32\ADVAPI32.dll
0x00007ff9eda20000 - 0x00007ff9eda47000 	C:\WINDOWS\System32\GDI32.dll
0x00007ff9d60b0000 - 0x00007ff9d60b9000 	C:\WINDOWS\SYSTEM32\WSOCK32.dll
0x00007ff9ede70000 - 0x00007ff9edf0d000 	C:\WINDOWS\System32\msvcrt.dll
0x00007ff9ea9c0000 - 0x00007ff9eab48000 	C:\WINDOWS\System32\gdi32full.dll
0x00007ff9edc30000 - 0x00007ff9edc9c000 	C:\WINDOWS\System32\WS2_32.dll
0x00007ff9ee110000 - 0x00007ff9ee169000 	C:\WINDOWS\System32\sechost.dll
0x00007ff9ead90000 - 0x00007ff9eae2a000 	C:\WINDOWS\System32\msvcp_win.dll
0x00007ff9e1a70000 - 0x00007ff9e1b16000 	C:\WINDOWS\WinSxS\amd64_microsoft.windows.common-controls_6595b64144ccf1df_5.82.15063.413_none_0e0f5dcc67adff4e\COMCTL32.dll
0x00007ff9eb850000 - 0x00007ff9eb946000 	C:\WINDOWS\System32\ucrtbase.dll
0x00007ff9edb00000 - 0x00007ff9edc25000 	C:\WINDOWS\System32\RPCRT4.dll
0x00007ff9ee170000 - 0x00007ff9ee19d000 	C:\WINDOWS\System32\IMM32.DLL
0x000000006ac80000 - 0x000000006adba000 	C:\Program Files\ooRexx\rexxutil.DLL
0x00007ff9edd50000 - 0x00007ff9edda1000 	C:\WINDOWS\System32\SHLWAPI.dll
0x00007ff9ebb70000 - 0x00007ff9ebe69000 	C:\WINDOWS\System32\combase.dll
0x00007ff9eab50000 - 0x00007ff9eabba000 	C:\WINDOWS\System32\bcryptPrimitives.dll
0x00007ff9e5620000 - 0x00007ff9e56aa000 	C:\WINDOWS\SYSTEM32\WINSPOOL.DRV
0x00007ff9ea490000 - 0x00007ff9ea4b5000 	C:\WINDOWS\SYSTEM32\bcrypt.dll
0x00007ff9ceeb0000 - 0x00007ff9cefe8000 	C:\Program Files\ooRexx\OREXXOLE.DLL
0x00007ff9ed8d0000 - 0x00007ff9eda15000 	C:\WINDOWS\System32\ole32.dll
0x00007ff9ebf80000 - 0x00007ff9ec040000 	C:\WINDOWS\System32\OLEAUT32.dll
0x00007ff9ea810000 - 0x00007ff9ea840000 	C:\WINDOWS\SYSTEM32\SspiCli.dll
0x00007ff9e9ef0000 - 0x00007ff9e9f4c000 	C:\WINDOWS\system32\mswsock.dll
0x00007ff9dfa90000 - 0x00007ff9dfaa6000 	C:\WINDOWS\system32\napinsp.dll
0x00007ff9dfa70000 - 0x00007ff9dfa8a000 	C:\WINDOWS\system32\pnrpnsp.dll
0x00007ff9e7160000 - 0x00007ff9e7178000 	C:\WINDOWS\system32\NLAapi.dll
0x00007ff9e9cd0000 - 0x00007ff9e9d74000 	C:\WINDOWS\SYSTEM32\DNSAPI.dll
0x00007ff9ede60000 - 0x00007ff9ede68000 	C:\WINDOWS\System32\NSI.dll
0x00007ff9e9c90000 - 0x00007ff9e9cc7000 	C:\WINDOWS\SYSTEM32\IPHLPAPI.DLL
0x00007ff9e6e60000 - 0x00007ff9e6e6e000 	C:\WINDOWS\System32\winrnr.dll
0x00007ff9e46b0000 - 0x00007ff9e46c5000 	C:\WINDOWS\System32\wshbth.dll
0x00007ff9d89b0000 - 0x00007ff9d8a1b000 	C:\WINDOWS\System32\fwpuclnt.dll
0x00007ff9d7290000 - 0x00007ff9d729a000 	C:\Windows\System32\rasadhlp.dll
0x0000000010000000 - 0x000000001002b000 	C:\Users\abagi\Downloads\BSF4ooRexx_install_v600-20170617-beta\bsf4oorexx\BSF4ooRexx.DLL
0x000000006a3e0000 - 0x000000006ac7c000 	C:\Program Files\Java\jre1.8.0_131\bin\server\jvm.DLL
0x00007ff9ede50000 - 0x00007ff9ede58000 	C:\WINDOWS\System32\PSAPI.DLL
0x00007ff9e7750000 - 0x00007ff9e7773000 	C:\WINDOWS\SYSTEM32\WINMM.dll
0x00007ff9e8f40000 - 0x00007ff9e8f4a000 	C:\WINDOWS\SYSTEM32\VERSION.dll
0x00007ff9e76f0000 - 0x00007ff9e771b000 	C:\WINDOWS\SYSTEM32\winmmbase.dll
0x00007ff9eb9b0000 - 0x00007ff9eb9f9000 	C:\WINDOWS\System32\cfgmgr32.dll
0x000000006a300000 - 0x000000006a3d2000 	C:\Program Files\Java\jdk1.8.0_131\bin\MSVCR100.dll
0x000000006a2f0000 - 0x000000006a2ff000 	C:\Program Files\Java\jre1.8.0_131\bin\verify.dll
0x000000006a2c0000 - 0x000000006a2e9000 	C:\Program Files\Java\jre1.8.0_131\bin\java.dll
0x000000006a2a0000 - 0x000000006a2b6000 	C:\Program Files\Java\jre1.8.0_131\bin\zip.dll
0x00007ff9ec480000 - 0x00007ff9ed8b7000 	C:\WINDOWS\System32\SHELL32.dll
0x00007ff9eda50000 - 0x00007ff9edafa000 	C:\WINDOWS\System32\shcore.dll
0x00007ff9eae30000 - 0x00007ff9eb522000 	C:\WINDOWS\System32\windows.storage.dll
0x00007ff9ea980000 - 0x00007ff9ea991000 	C:\WINDOWS\System32\kernel.appcore.dll
0x00007ff9ea930000 - 0x00007ff9ea97c000 	C:\WINDOWS\System32\powrprof.dll
0x00007ff9ea910000 - 0x00007ff9ea925000 	C:\WINDOWS\System32\profapi.dll
0x000000006a100000 - 0x000000006a298000 	C:\Program Files\Java\jre1.8.0_131\bin\awt.dll
0x00007ff9e8b40000 - 0x00007ff9e8bbe000 	C:\WINDOWS\SYSTEM32\apphelp.dll
0x00007ff9d9720000 - 0x00007ff9d980f000 	C:\Program Files\Java\jre1.8.0_131\bin\msvcr120.dll
0x00007ff9cea40000 - 0x00007ff9ceae6000 	C:\Program Files\Java\jre1.8.0_131\bin\msvcp120.dll
0x000000006a0d0000 - 0x000000006a0f2000 	C:\Program Files\Java\jre1.8.0_131\bin\prism_d3d.dll
0x00007ff9c7770000 - 0x00007ff9c78f9000 	C:\WINDOWS\system32\d3d9.dll
0x00007ff9e72e0000 - 0x00007ff9e730a000 	C:\WINDOWS\SYSTEM32\dwmapi.dll
0x00007ff9e8c60000 - 0x00007ff9e8cf5000 	C:\WINDOWS\system32\uxtheme.dll
0x00007ff9a88f0000 - 0x00007ff9aae2d000 	C:\WINDOWS\SYSTEM32\igdumdim64.dll
0x00007ff9ec040000 - 0x00007ff9ec47b000 	C:\WINDOWS\System32\SETUPAPI.dll
0x000000006a080000 - 0x000000006a0c3000 	C:\Program Files\Java\jre1.8.0_131\bin\glass.dll
0x00007ff9ebe70000 - 0x00007ff9ebf78000 	C:\WINDOWS\System32\COMDLG32.dll
0x00007ff9eba00000 - 0x00007ff9ebb66000 	C:\WINDOWS\System32\MSCTF.dll
0x00007ff9d7b20000 - 0x00007ff9d7bc1000 	C:\Program Files\Common Files\microsoft shared\ink\tiptsf.dll
0x00007ff9e2110000 - 0x00007ff9e2f83000 	C:\WINDOWS\SYSTEM32\igc64.dll
0x000000006a060000 - 0x000000006a074000 	C:\Program Files\Java\jre1.8.0_131\bin\javafx_font.dll
0x00007ff9e4020000 - 0x00007ff9e42df000 	C:\WINDOWS\SYSTEM32\dwrite.dll
0x00007ff9eddb0000 - 0x00007ff9ede4e000 	C:\WINDOWS\System32\clbcatq.dll
0x00007ff9d8fb0000 - 0x00007ff9d9217000 	C:\WINDOWS\WinSxS\amd64_microsoft.windows.common-controls_6595b64144ccf1df_6.0.15063.0_none_108e4f62dfe5d999\comctl32.dll
0x00007ff9e5230000 - 0x00007ff9e53dc000 	C:\WINDOWS\SYSTEM32\WindowsCodecs.dll
0x00007ff9d6510000 - 0x00007ff9d6557000 	C:\WINDOWS\system32\dataexchange.dll
0x00007ff9e7d50000 - 0x00007ff9e802f000 	C:\WINDOWS\system32\d3d11.dll
0x00007ff9e7510000 - 0x00007ff9e7632000 	C:\WINDOWS\system32\dcomp.dll
0x00007ff9e8d90000 - 0x00007ff9e8e34000 	C:\WINDOWS\system32\dxgi.dll
0x00007ff9e92f0000 - 0x00007ff9e9460000 	C:\WINDOWS\system32\twinapi.appcore.dll
0x00007ff9e0a50000 - 0x00007ff9e0a81000 	C:\Program Files\Common Files\Microsoft Shared\Ink\rtscom.dll
0x00007ff9e4620000 - 0x00007ff9e46a2000 	C:\WINDOWS\System32\TextInputFramework.dll
0x00007ff9e47f0000 - 0x00007ff9e4ac2000 	C:\WINDOWS\System32\CoreUIComponents.dll
0x00007ff9e8030000 - 0x00007ff9e8113000 	C:\WINDOWS\System32\CoreMessaging.dll
0x00007ff9e9940000 - 0x00007ff9e9971000 	C:\WINDOWS\SYSTEM32\ntmarta.dll
0x00007ff9e7000000 - 0x00007ff9e7015000 	C:\WINDOWS\SYSTEM32\usermgrcli.dll
0x00007ff9e6810000 - 0x00007ff9e6949000 	C:\WINDOWS\SYSTEM32\wintypes.dll
0x00007ff9d9410000 - 0x00007ff9d95d5000 	C:\Windows\System32\uiautomationcore.dll
0x00007ff9ea770000 - 0x00007ff9ea80a000 	C:\WINDOWS\SYSTEM32\sxs.dll
0x00007ff9d83f0000 - 0x00007ff9d845b000 	C:\WINDOWS\SYSTEM32\OLEACC.dll
0x00007ff9ea4c0000 - 0x00007ff9ea4d7000 	C:\WINDOWS\SYSTEM32\CRYPTSP.dll
0x00007ff9e9b10000 - 0x00007ff9e9b44000 	C:\WINDOWS\system32\rsaenh.dll
0x00007ff9ea840000 - 0x00007ff9ea869000 	C:\WINDOWS\SYSTEM32\USERENV.dll
0x00007ff9ea090000 - 0x00007ff9ea09b000 	C:\WINDOWS\SYSTEM32\CRYPTBASE.dll
0x000000006a040000 - 0x000000006a05a000 	C:\Program Files\Java\jre1.8.0_131\bin\net.dll
0x00007ff9ddd20000 - 0x00007ff9ddd36000 	C:\WINDOWS\SYSTEM32\dhcpcsvc6.DLL
0x00007ff9ddd00000 - 0x00007ff9ddd1a000 	C:\WINDOWS\SYSTEM32\dhcpcsvc.DLL
0x000000006a020000 - 0x000000006a031000 	C:\Program Files\Java\jre1.8.0_131\bin\nio.dll
0x000000006a000000 - 0x000000006a011000 	C:\Program Files\Java\jre1.8.0_131\bin\prism_common.dll
0x00007ff9e8190000 - 0x00007ff9e8734000 	C:\WINDOWS\SYSTEM32\d2d1.dll
0x00007ff9eabc0000 - 0x00007ff9ead89000 	C:\WINDOWS\System32\CRYPT32.dll
0x00007ff9ea9a0000 - 0x00007ff9ea9b1000 	C:\WINDOWS\System32\MSASN1.dll
0x00007ff9d03d0000 - 0x00007ff9d06a5000 	C:\WINDOWS\SYSTEM32\D3D10Warp.dll
0x00007ff9e7270000 - 0x00007ff9e72b4000 	C:\WINDOWS\SYSTEM32\edputil.dll
0x00007ff9ea4e0000 - 0x00007ff9ea689000 	C:\WINDOWS\SYSTEM32\dbghelp.dll

VM Arguments:
java_command: <unknown>
java_class_path (initial): C:\Program Files\BSF4ooRexx\bsf4ooRexx-v600-20170405-bin.jar;C:\Program Files\BSF4ooRexx\jni4net.j-0.8.8.0.jar;C:\Program Files\BSF4ooRexx\oorexx.net.jar;C:\Users\abagi\Downloads\BSF4ooRexx_install_v600-20170617-beta\bsf4oorexx\bsf4ooRexx-v600-20170617-bin.jar;C:\Users\abagi\Downloads\BSF4ooRexx_install_v600-20170617-beta\bsf4oorexx\jni4net.j-0.8.8.0.jar;C:\Users\abagi\Downloads\BSF4ooRexx_install_v600-20170617-beta\bsf4oorexx\oorexx.net.jar;.;C:\Users\abagi\OneDrive\Dokumente\WU\javafx\ooRexxTryFX\java\ikonli-core-1.9.0.jar;C:\Users\abagi\OneDrive\Dokumente\WU\javafx\ooRexxTryFX\java\ikonli-javafx-1.9.0.jar;C:\Users\abagi\OneDrive\Dokumente\WU\javafx\ooRexxTryFX\java\ikonli-octicons-pack-1.9.0.jar;C:\Users\abagi\OneDrive\Dokumente\WU\javafx\ooRexxTryFX\java\ikonli-openiconic-pack-1.9.0.jar;C:\Users\abagi\OneDrive\Dokumente\WU\javafx\ooRexxTryFX\java\richtextfx-0.7-M5-custom.jar;C:\Users\abagi\OneDrive\Dokumente\WU\javafx\ooRexxTryFX\java\ooRexxStandaloneAdapter.jar;C:\Users\abagi\OneDrive\Dokumente\WU\javafx\ooRexxTryFX\java\ooRexxPlugin4IntelliJ.jar;
Launcher Type: generic

Environment Variables:
CLASSPATH=C:\Program Files\BSF4ooRexx\bsf4ooRexx-v600-20170405-bin.jar;C:\Program Files\BSF4ooRexx\jni4net.j-0.8.8.0.jar;C:\Program Files\BSF4ooRexx\oorexx.net.jar;C:\Users\abagi\Downloads\BSF4ooRexx_install_v600-20170617-beta\bsf4oorexx\bsf4ooRexx-v600-20170617-bin.jar;C:\Users\abagi\Downloads\BSF4ooRexx_install_v600-20170617-beta\bsf4oorexx\jni4net.j-0.8.8.0.jar;C:\Users\abagi\Downloads\BSF4ooRexx_install_v600-20170617-beta\bsf4oorexx\oorexx.net.jar;.;C:\Users\abagi\OneDrive\Dokumente\WU\javafx\ooRexxTryFX\java\ikonli-core-1.9.0.jar;C:\Users\abagi\OneDrive\Dokumente\WU\javafx\ooRexxTryFX\java\ikonli-javafx-1.9.0.jar;C:\Users\abagi\OneDrive\Dokumente\WU\javafx\ooRexxTryFX\java\ikonli-octicons-pack-1.9.0.jar;C:\Users\abagi\OneDrive\Dokumente\WU\javafx\ooRexxTryFX\java\ikonli-openiconic-pack-1.9.0.jar;C:\Users\abagi\OneDrive\Dokumente\WU\javafx\ooRexxTryFX\java\richtextfx-0.7-M5-custom.jar;C:\Users\abagi\OneDrive\Dokumente\WU\javafx\ooRexxTryFX\java\ooRexxStandaloneAdapter.jar;C:\Users\abagi\OneDrive\Dokumente\WU\javafx\ooRexxTryFX\java\ooRexxPlugin4IntelliJ.jar;
PATH=C:\ProgramData\Oracle\Java\javapath;C:\WINDOWS\system32;C:\WINDOWS;C:\WINDOWS\System32\Wbem;C:\WINDOWS\System32\WindowsPowerShell\v1.0\;C:\Program Files\ooRexx;C:\Program Files\BSF4ooRexx;C:\Program Files\Java\jdk1.8.0_131\bin;C:\Program Files\nodejs\;C:\Program Files\Git\cmd;C:\Users\abagi\Downloads\BSF4ooRexx_install_v600-20170617-beta\bsf4oorexx;C:\Program Files\Java\jre1.8.0_131\bin\server;C:\Users\abagi\AppData\Local\Microsoft\WindowsApps;C:\Program Files (x86)\Microsoft VS Code\bin;C:\Users\abagi\AppData\Roaming\npm;C:\Users\abagi\AppData\Roaming\Dashlane\4.8.1.32550\bin\Firefox_Extension\{442718d9-475e-452a-b3e1-fb1ee16b8e9f}\components;C:\Users\abagi\AppData\Roaming\Dashlane\4.8.1.32550\ucrt
USERNAME=abagi
OS=Windows_NT
PROCESSOR_IDENTIFIER=Intel64 Family 6 Model 78 Stepping 3, GenuineIntel



---------------  S Y S T E M  ---------------

OS: Windows 10.0 , 64 bit Build 15063 (10.0.15063.296)

CPU:total 4 (initial active 4) (2 cores per cpu, 2 threads per core) family 6 model 78 stepping 3, cmov, cx8, fxsr, mmx, sse, sse2, sse3, ssse3, sse4.1, sse4.2, popcnt, avx, avx2, aes, clmul, erms, rtm, 3dnowpref, lzcnt, ht, tsc, tscinvbit, bmi1, bmi2, adx

Memory: 4k page, physical 8312940k(2246720k free), swap 12769388k(4151048k free)

vm_info: Java HotSpot(TM) 64-Bit Server VM (25.131-b11) for windows-amd64 JRE (1.8.0_131-b11), built on Mar 15 2017 01:23:53 by "java_re" with MS VC++ 10.0 (VS2010)

time: Sat Jul 01 22:20:09 2017
elapsed time: 11 seconds (0d 0h 0m 11s)

