#
# A fatal error has been detected by the Java Runtime Environment:
#
#  EXCEPTION_ACCESS_VIOLATION (0xc0000005) at pc=0x00007ff9c0c265c3, pid=20080, tid=0x00000000000045c4
#
# JRE version: Java(TM) SE Runtime Environment (8.0_131-b11) (build 1.8.0_131-b11)
# Java VM: Java HotSpot(TM) 64-Bit Server VM (25.131-b11 mixed mode windows-amd64 compressed oops)
# Problematic frame:
# C  [rexx.dll+0x765c3]
#
# Failed to write core dump. Minidumps are not enabled by default on client versions of Windows
#
# If you would like to submit a bug report, please visit:
#   http://bugreport.java.com/bugreport/crash.jsp
# The crash happened outside the Java Virtual Machine in native code.
# See problematic frame for where to report the bug.
#

---------------  T H R E A D  ---------------

Current thread (0x000001a3b102e000):  JavaThread "JavaFX Application Thread" [_thread_in_native, id=17860, stack(0x0000008bc0280000,0x0000008bc0300000)]

siginfo: ExceptionCode=0xc0000005, reading address 0x00000000000000f8

Registers:
RAX=0x00000000000000d0, RBX=0x00007ff7c7aab8d0, RCX=0x00000000000000d0, RDX=0x00000000000000d0
RSP=0x0000008bc02fd910, RBP=0x0000000000000000, RSI=0x000001a3a9fe7000, RDI=0x0000008bc02fd950
R8 =0x00000000000000d0, R9 =0x0000000000000000, R10=0x00007ff9c0e811b8, R11=0x00007ff7c7ceacd0
R12=0x000001a3b102e1f8, R13=0x000001a3b5c0eac0, R14=0x0000008bc02fded8, R15=0x000001a3b102e000
RIP=0x00007ff9c0c265c3, EFLAGS=0x0000000000010202

Top of Stack: (sp=0x0000008bc02fd910)
0x0000008bc02fd910:   cccccccccccccccc cccccccccccccccc
0x0000008bc02fd920:   cccccccccccccccc cccccccccccccccc
0x0000008bc02fd930:   cccccccccccccccc cccccccccccccccc
0x0000008bc02fd940:   cccccccccccccccc cccccccccccccccc
0x0000008bc02fd950:   0000008bc02fd980 00007ff9c0c3467d
0x0000008bc02fd960:   00000000000000d0 cccccccccccccccc
0x0000008bc02fd970:   cccccccccccccccc cccccccccccccccc
0x0000008bc02fd980:   0000008bc02fd9c0 00007ff9c0c36ad0
0x0000008bc02fd990:   00007ff7c7d33e30 00000000000000d0
0x0000008bc02fd9a0:   cccccccccccccccc cccccccccccccccc
0x0000008bc02fd9b0:   cccccccccccccccc cccccccccccccccc
0x0000008bc02fd9c0:   0000008bc02fd9f0 00007ff9c0c36a7c
0x0000008bc02fd9d0:   00007ff7c7d33e30 00007ff7c6f74260
0x0000008bc02fd9e0:   00000000000000d0 cccccccccccccccc
0x0000008bc02fd9f0:   0000008bc02fda20 00007ff9c0c324da
0x0000008bc02fda00:   00007ff7c7d33e30 00007ff7c6f74260 

Instructions: (pc=0x00007ff9c0c265c3)
0x00007ff9c0c265a3:   24 08 57 48 83 ec 40 48 8b fc b9 10 00 00 00 b8
0x00007ff9c0c265b3:   cc cc cc cc f3 ab 48 8b 4c 24 50 48 8b 44 24 50
0x00007ff9c0c265c3:   48 83 78 28 00 75 6f 48 8b 4c 24 50 e8 3e ac f8
0x00007ff9c0c265d3:   ff 48 89 44 24 20 48 c7 44 24 28 00 00 00 00 48 


Register to memory mapping:

RAX=0x00000000000000d0 is an unknown value
RBX=0x00007ff7c7aab8d0 is an unknown value
RCX=0x00000000000000d0 is an unknown value
RDX=0x00000000000000d0 is an unknown value
RSP=0x0000008bc02fd910 is pointing into the stack for thread: 0x000001a3b102e000
RBP=0x0000000000000000 is an unknown value
RSI=0x000001a3a9fe7000 is an unknown value
RDI=0x0000008bc02fd950 is pointing into the stack for thread: 0x000001a3b102e000
R8 =0x00000000000000d0 is an unknown value
R9 =0x0000000000000000 is an unknown value
R10=0x00007ff9c0e811b8 is an unknown value
R11=0x00007ff7c7ceacd0 is an unknown value
R12=0x000001a3b102e1f8 is an unknown value
R13=0x000001a3b5c0eac0 is an unknown value
R14=0x0000008bc02fded8 is pointing into the stack for thread: 0x000001a3b102e000
R15=0x000001a3b102e000 is a thread


Stack: [0x0000008bc0280000,0x0000008bc0300000],  sp=0x0000008bc02fd910,  free space=502k
Native frames: (J=compiled Java code, j=interpreted, Vv=VM code, C=native code)

Java frames: (J=compiled Java code, j=interpreted, Vv=VM code)
j  org.rexxla.bsf.engines.rexx.RexxAndJava.jniRexxSendMessageToRexxObject(Ljava/lang/String;Ljava/lang/String;Ljava/lang/String;Ljava/lang/String;Ljava/lang/String;Ljava/lang/String;Ljava/lang/String;[Ljava/lang/Object;Ljava/lang/String;)Ljava/lang/Object;+0
j  org.rexxla.bsf.engines.rexx.RexxEngine.call(Lorg/rexxla/bsf/engines/rexx/RexxProxy;Ljava/lang/reflect/Method;[Ljava/lang/Object;)Ljava/lang/Object;+484
j  org.rexxla.bsf.engines.rexx.RexxProxy.invoke(Ljava/lang/reflect/Method;[Ljava/lang/Object;)Ljava/lang/Object;+97
j  org.rexxla.bsf.engines.rexx.RexxProxy.invoke(Ljava/lang/Object;Ljava/lang/reflect/Method;[Ljava/lang/Object;)Ljava/lang/Object;+96
j  com.sun.proxy.$Proxy8.run()V+9
j  com.sun.javafx.application.PlatformImpl.lambda$null$173(Ljava/lang/Runnable;)Ljava/lang/Void;+1
j  com.sun.javafx.application.PlatformImpl$$Lambda$53.run()Ljava/lang/Object;+4
v  ~StubRoutines::call_stub
J 3656  java.security.AccessController.doPrivileged(Ljava/security/PrivilegedAction;Ljava/security/AccessControlContext;)Ljava/lang/Object; (0 bytes) @ 0x000001a39bb8a3e6 [0x000001a39bb8a380+0x66]
j  com.sun.javafx.application.PlatformImpl.lambda$runLater$174(Ljava/lang/Runnable;Ljava/security/AccessControlContext;)V+7
j  com.sun.javafx.application.PlatformImpl$$Lambda$52.run()V+8
J 4328 C1 com.sun.glass.ui.InvokeLaterDispatcher$Future.run()V (91 bytes) @ 0x000001a39be0088c [0x000001a39be00780+0x10c]
v  ~StubRoutines::call_stub
j  com.sun.glass.ui.win.WinApplication._runLoop(Ljava/lang/Runnable;)V+0
j  com.sun.glass.ui.win.WinApplication.lambda$null$148(ILjava/lang/Runnable;)V+8
j  com.sun.glass.ui.win.WinApplication$$Lambda$41.run()V+12
j  java.lang.Thread.run()V+11
v  ~StubRoutines::call_stub

---------------  P R O C E S S  ---------------

Java Threads: ( => current thread )
  0x000001a3b986a800 JavaThread "Thread-6" [_thread_in_native, id=19948, stack(0x0000008bc0a80000,0x0000008bc0b00000)]
  0x000001a3b6fc6800 JavaThread "Prism Font Disposer" daemon [_thread_blocked, id=5096, stack(0x0000008bc0880000,0x0000008bc0900000)]
  0x000001a3b104b800 JavaThread "Thread-4" daemon [_thread_in_native, id=21848, stack(0x0000008bc0480000,0x0000008bc0500000)]
=>0x000001a3b102e000 JavaThread "JavaFX Application Thread" [_thread_in_native, id=17860, stack(0x0000008bc0280000,0x0000008bc0300000)]
  0x000001a3b100a800 JavaThread "Thread-3" daemon [_thread_blocked, id=9432, stack(0x0000008bc0200000,0x0000008bc0280000)]
  0x000001a3b0fbf000 JavaThread "QuantumRenderer-0" daemon [_thread_blocked, id=15416, stack(0x0000008bc0180000,0x0000008bc0200000)]
  0x000001a3b0f62000 JavaThread "JavaFX-Launcher" [_thread_blocked, id=19672, stack(0x0000008bc0100000,0x0000008bc0180000)]
  0x000001a3af80d800 JavaThread "Service Thread" daemon [_thread_blocked, id=22200, stack(0x0000008bc0000000,0x0000008bc0080000)]
  0x000001a3af808800 JavaThread "C1 CompilerThread2" daemon [_thread_blocked, id=19288, stack(0x0000008bbff80000,0x0000008bc0000000)]
  0x000001a3af7d6000 JavaThread "C2 CompilerThread1" daemon [_thread_blocked, id=19036, stack(0x0000008bbff00000,0x0000008bbff80000)]
  0x000001a3af7b0000 JavaThread "C2 CompilerThread0" daemon [_thread_blocked, id=17092, stack(0x0000008bbfe80000,0x0000008bbff00000)]
  0x000001a3af7ac800 JavaThread "Attach Listener" daemon [_thread_blocked, id=19612, stack(0x0000008bbfe00000,0x0000008bbfe80000)]
  0x000001a3af7ab000 JavaThread "Signal Dispatcher" daemon [_thread_blocked, id=21460, stack(0x0000008bbfd80000,0x0000008bbfe00000)]
  0x000001a39b02a000 JavaThread "Finalizer" daemon [_thread_blocked, id=13608, stack(0x0000008bbfd00000,0x0000008bbfd80000)]
  0x000001a3af778800 JavaThread "Reference Handler" daemon [_thread_blocked, id=11456, stack(0x0000008bbfc80000,0x0000008bbfd00000)]
  0x000001a39af30800 JavaThread "main" [_thread_blocked, id=18528, stack(0x0000008bbf540000,0x0000008bbf5c0000)]

Other Threads:
  0x000001a3af777000 VMThread [stack: 0x0000008bbfc00000,0x0000008bbfc80000] [id=1796]
  0x000001a3b0942000 WatcherThread [stack: 0x0000008bc0080000,0x0000008bc0100000] [id=21312]

VM state:not at safepoint (normal execution)

VM Mutex/Monitor currently owned by a thread: None

Heap:
 PSYoungGen      total 47616K, used 10239K [0x00000000d5b80000, 0x00000000d9100000, 0x0000000100000000)
  eden space 42496K, 12% used [0x00000000d5b80000,0x00000000d607fd30,0x00000000d8500000)
  from space 5120K, 99% used [0x00000000d8c00000,0x00000000d90fff20,0x00000000d9100000)
  to   space 5120K, 0% used [0x00000000d8700000,0x00000000d8700000,0x00000000d8c00000)
 ParOldGen       total 64512K, used 13317K [0x0000000081200000, 0x0000000085100000, 0x00000000d5b80000)
  object space 64512K, 20% used [0x0000000081200000,0x0000000081f01778,0x0000000085100000)
 Metaspace       used 28190K, capacity 30797K, committed 30848K, reserved 1075200K
  class space    used 4213K, capacity 4708K, committed 4736K, reserved 1048576K

Card table byte_map: [0x000001a3aa3f0000,0x000001a3aa7f0000] byte_map_base: 0x000001a3a9fe7000

Marking Bits: (ParMarkBitMap*) 0x000000006a41c720
 Begin Bits: [0x000001a3aaaa0000, 0x000001a3aca58000)
 End Bits:   [0x000001a3aca58000, 0x000001a3aea10000)

Polling page: 0x000001a39a9f0000

CodeCache: size=245760Kb used=14489Kb max_used=14501Kb free=231270Kb
 bounds [0x000001a39b030000, 0x000001a39be70000, 0x000001a3aa030000]
 total_blobs=5134 nmethods=4418 adapters=627
 compilation: enabled

Compilation events (10 events):
Event: 12.358 Thread 0x000001a3af808800 nmethod 4415 0x000001a39be4d3d0 code [0x000001a39be4d520, 0x000001a39be4d6b8]
Event: 12.359 Thread 0x000001a3af808800 4416   !   3       com.sun.javafx.application.PlatformImpl::waitForStart (26 bytes)
Event: 12.360 Thread 0x000001a3af808800 nmethod 4416 0x000001a39be5ac10 code [0x000001a39be5ae20, 0x000001a39be5b950]
Event: 12.360 Thread 0x000001a3af808800 4417       3       com.sun.javafx.application.PlatformImpl$$Lambda$52/2108565321::get$Lambda (10 bytes)
Event: 12.360 Thread 0x000001a3af808800 nmethod 4417 0x000001a39be5bf50 code [0x000001a39be5c0c0, 0x000001a39be5c338]
Event: 12.360 Thread 0x000001a3af808800 4418       3       com.sun.javafx.application.PlatformImpl$$Lambda$52/2108565321::<init> (15 bytes)
Event: 12.360 Thread 0x000001a3af808800 nmethod 4418 0x000001a39be5c450 code [0x000001a39be5c5a0, 0x000001a39be5c778]
Event: 12.366 Thread 0x000001a3af7d6000 nmethod 4411 0x000001a39be5f950 code [0x000001a39be5fae0, 0x000001a39be60018]
Event: 12.411 Thread 0x000001a3af808800 4419       3       java.util.concurrent.atomic.AtomicInteger::decrementAndGet (14 bytes)
Event: 12.411 Thread 0x000001a3af808800 nmethod 4419 0x000001a39be5f610 code [0x000001a39be5f760, 0x000001a39be5f8b8]

GC Heap History (10 events):
Event: 1.320 GC heap before
{Heap before GC invocations=1 (full 0):
 PSYoungGen      total 38400K, used 33280K [0x00000000d5b80000, 0x00000000d8600000, 0x0000000100000000)
  eden space 33280K, 100% used [0x00000000d5b80000,0x00000000d7c00000,0x00000000d7c00000)
  from space 5120K, 0% used [0x00000000d8100000,0x00000000d8100000,0x00000000d8600000)
  to   space 5120K, 0% used [0x00000000d7c00000,0x00000000d7c00000,0x00000000d8100000)
 ParOldGen       total 87552K, used 0K [0x0000000081200000, 0x0000000086780000, 0x00000000d5b80000)
  object space 87552K, 0% used [0x0000000081200000,0x0000000081200000,0x0000000086780000)
 Metaspace       used 15715K, capacity 16140K, committed 16256K, reserved 1062912K
  class space    used 2026K, capacity 2161K, committed 2176K, reserved 1048576K
Event: 1.330 GC heap after
Heap after GC invocations=1 (full 0):
 PSYoungGen      total 38400K, used 5092K [0x00000000d5b80000, 0x00000000d8600000, 0x0000000100000000)
  eden space 33280K, 0% used [0x00000000d5b80000,0x00000000d5b80000,0x00000000d7c00000)
  from space 5120K, 99% used [0x00000000d7c00000,0x00000000d80f92e0,0x00000000d8100000)
  to   space 5120K, 0% used [0x00000000d8100000,0x00000000d8100000,0x00000000d8600000)
 ParOldGen       total 87552K, used 1367K [0x0000000081200000, 0x0000000086780000, 0x00000000d5b80000)
  object space 87552K, 1% used [0x0000000081200000,0x0000000081355d98,0x0000000086780000)
 Metaspace       used 15715K, capacity 16140K, committed 16256K, reserved 1062912K
  class space    used 2026K, capacity 2161K, committed 2176K, reserved 1048576K
}
Event: 1.835 GC heap before
{Heap before GC invocations=2 (full 0):
 PSYoungGen      total 38400K, used 21153K [0x00000000d5b80000, 0x00000000d8600000, 0x0000000100000000)
  eden space 33280K, 48% used [0x00000000d5b80000,0x00000000d6b2f1e8,0x00000000d7c00000)
  from space 5120K, 99% used [0x00000000d7c00000,0x00000000d80f92e0,0x00000000d8100000)
  to   space 5120K, 0% used [0x00000000d8100000,0x00000000d8100000,0x00000000d8600000)
 ParOldGen       total 87552K, used 1367K [0x0000000081200000, 0x0000000086780000, 0x00000000d5b80000)
  object space 87552K, 1% used [0x0000000081200000,0x0000000081355d98,0x0000000086780000)
 Metaspace       used 20269K, capacity 21275K, committed 21296K, reserved 1067008K
  class space    used 2864K, capacity 3072K, committed 3072K, reserved 1048576K
Event: 1.842 GC heap after
Heap after GC invocations=2 (full 0):
 PSYoungGen      total 38400K, used 5100K [0x00000000d5b80000, 0x00000000d8600000, 0x0000000100000000)
  eden space 33280K, 0% used [0x00000000d5b80000,0x00000000d5b80000,0x00000000d7c00000)
  from space 5120K, 99% used [0x00000000d8100000,0x00000000d85fb108,0x00000000d8600000)
  to   space 5120K, 0% used [0x00000000d7c00000,0x00000000d7c00000,0x00000000d8100000)
 ParOldGen       total 87552K, used 3276K [0x0000000081200000, 0x0000000086780000, 0x00000000d5b80000)
  object space 87552K, 3% used [0x0000000081200000,0x0000000081533100,0x0000000086780000)
 Metaspace       used 20269K, capacity 21275K, committed 21296K, reserved 1067008K
  class space    used 2864K, capacity 3072K, committed 3072K, reserved 1048576K
}
Event: 1.842 GC heap before
{Heap before GC invocations=3 (full 1):
 PSYoungGen      total 38400K, used 5100K [0x00000000d5b80000, 0x00000000d8600000, 0x0000000100000000)
  eden space 33280K, 0% used [0x00000000d5b80000,0x00000000d5b80000,0x00000000d7c00000)
  from space 5120K, 99% used [0x00000000d8100000,0x00000000d85fb108,0x00000000d8600000)
  to   space 5120K, 0% used [0x00000000d7c00000,0x00000000d7c00000,0x00000000d8100000)
 ParOldGen       total 87552K, used 3276K [0x0000000081200000, 0x0000000086780000, 0x00000000d5b80000)
  object space 87552K, 3% used [0x0000000081200000,0x0000000081533100,0x0000000086780000)
 Metaspace       used 20269K, capacity 21275K, committed 21296K, reserved 1067008K
  class space    used 2864K, capacity 3072K, committed 3072K, reserved 1048576K
Event: 1.877 GC heap after
Heap after GC invocations=3 (full 1):
 PSYoungGen      total 38400K, used 0K [0x00000000d5b80000, 0x00000000d8600000, 0x0000000100000000)
  eden space 33280K, 0% used [0x00000000d5b80000,0x00000000d5b80000,0x00000000d7c00000)
  from space 5120K, 0% used [0x00000000d8100000,0x00000000d8100000,0x00000000d8600000)
  to   space 5120K, 0% used [0x00000000d7c00000,0x00000000d7c00000,0x00000000d8100000)
 ParOldGen       total 64512K, used 6955K [0x0000000081200000, 0x0000000085100000, 0x00000000d5b80000)
  object space 64512K, 10% used [0x0000000081200000,0x00000000818caea0,0x0000000085100000)
 Metaspace       used 20269K, capacity 21275K, committed 21296K, reserved 1067008K
  class space    used 2864K, capacity 3072K, committed 3072K, reserved 1048576K
}
Event: 2.942 GC heap before
{Heap before GC invocations=4 (full 1):
 PSYoungGen      total 38400K, used 33236K [0x00000000d5b80000, 0x00000000d8600000, 0x0000000100000000)
  eden space 33280K, 99% used [0x00000000d5b80000,0x00000000d7bf5388,0x00000000d7c00000)
  from space 5120K, 0% used [0x00000000d8100000,0x00000000d8100000,0x00000000d8600000)
  to   space 5120K, 0% used [0x00000000d7c00000,0x00000000d7c00000,0x00000000d8100000)
 ParOldGen       total 64512K, used 6955K [0x0000000081200000, 0x0000000085100000, 0x00000000d5b80000)
  object space 64512K, 10% used [0x0000000081200000,0x00000000818caea0,0x0000000085100000)
 Metaspace       used 25208K, capacity 27461K, committed 27648K, reserved 1073152K
  class space    used 3846K, capacity 4294K, committed 4352K, reserved 1048576K
Event: 2.952 GC heap after
Heap after GC invocations=4 (full 1):
 PSYoungGen      total 38400K, used 5111K [0x00000000d5b80000, 0x00000000d9100000, 0x0000000100000000)
  eden space 33280K, 0% used [0x00000000d5b80000,0x00000000d5b80000,0x00000000d7c00000)
  from space 5120K, 99% used [0x00000000d7c00000,0x00000000d80fdf10,0x00000000d8100000)
  to   space 5120K, 0% used [0x00000000d8c00000,0x00000000d8c00000,0x00000000d9100000)
 ParOldGen       total 64512K, used 8930K [0x0000000081200000, 0x0000000085100000, 0x00000000d5b80000)
  object space 64512K, 13% used [0x0000000081200000,0x0000000081ab8858,0x0000000085100000)
 Metaspace       used 25208K, capacity 27461K, committed 27648K, reserved 1073152K
  class space    used 3846K, capacity 4294K, committed 4352K, reserved 1048576K
}
Event: 11.096 GC heap before
{Heap before GC invocations=5 (full 1):
 PSYoungGen      total 38400K, used 38391K [0x00000000d5b80000, 0x00000000d9100000, 0x0000000100000000)
  eden space 33280K, 100% used [0x00000000d5b80000,0x00000000d7c00000,0x00000000d7c00000)
  from space 5120K, 99% used [0x00000000d7c00000,0x00000000d80fdf10,0x00000000d8100000)
  to   space 5120K, 0% used [0x00000000d8c00000,0x00000000d8c00000,0x00000000d9100000)
 ParOldGen       total 64512K, used 8930K [0x0000000081200000, 0x0000000085100000, 0x00000000d5b80000)
  object space 64512K, 13% used [0x0000000081200000,0x0000000081ab8858,0x0000000085100000)
 Metaspace       used 28111K, capacity 30733K, committed 30848K, reserved 1075200K
  class space    used 4213K, capacity 4708K, committed 4736K, reserved 1048576K
Event: 11.104 GC heap after
Heap after GC invocations=5 (full 1):
 PSYoungGen      total 47616K, used 5119K [0x00000000d5b80000, 0x00000000d9100000, 0x0000000100000000)
  eden space 42496K, 0% used [0x00000000d5b80000,0x00000000d5b80000,0x00000000d8500000)
  from space 5120K, 99% used [0x00000000d8c00000,0x00000000d90fff20,0x00000000d9100000)
  to   space 5120K, 0% used [0x00000000d8700000,0x00000000d8700000,0x00000000d8c00000)
 ParOldGen       total 64512K, used 13317K [0x0000000081200000, 0x0000000085100000, 0x00000000d5b80000)
  object space 64512K, 20% used [0x0000000081200000,0x0000000081f01778,0x0000000085100000)
 Metaspace       used 28111K, capacity 30733K, committed 30848K, reserved 1075200K
  class space    used 4213K, capacity 4708K, committed 4736K, reserved 1048576K
}

Deoptimization events (10 events):
Event: 4.935 Thread 0x000001a3b102e000 Uncommon trap: reason=unstable_if action=reinterpret pc=0x000001a39b7adab4 method=com.sun.javafx.css.StyleManager$CacheContainer.getStyleMap(I)Lcom/sun/javafx/css/StyleMap; @ 9
Event: 4.979 Thread 0x000001a3b102e000 Uncommon trap: reason=unstable_if action=reinterpret pc=0x000001a39b4cb68c method=jdk.internal.org.objectweb.asm.Type.getArgumentsAndReturnSizes(Ljava/lang/String;)I @ 47
Event: 4.981 Thread 0x000001a3b102e000 Uncommon trap: reason=unstable_if action=reinterpret pc=0x000001a39b7596cc method=java.lang.invoke.MethodType.checkPtypes([Ljava/lang/Class;)I @ 40
Event: 5.101 Thread 0x000001a3b102e000 Uncommon trap: reason=unstable_if action=reinterpret pc=0x000001a39ba73f4c method=javafx.scene.CssStyleHelper.getStyleMap(Ljavafx/css/Styleable;)Lcom/sun/javafx/css/StyleMap; @ 4
Event: 5.182 Thread 0x000001a3b0fbf000 Uncommon trap: reason=unstable_if action=reinterpret pc=0x000001a39ba83344 method=java.lang.Math.round(F)I @ 36
Event: 7.236 Thread 0x000001a3b102e000 Uncommon trap: reason=class_check action=maybe_recompile pc=0x000001a39b6b47f0 method=java.io.FilterInputStream.read()I @ 4
Event: 7.236 Thread 0x000001a3b102e000 Uncommon trap: reason=class_check action=maybe_recompile pc=0x000001a39b6b47f0 method=java.io.FilterInputStream.read()I @ 4
Event: 7.236 Thread 0x000001a3b102e000 Uncommon trap: reason=class_check action=maybe_recompile pc=0x000001a39b6b47f0 method=java.io.FilterInputStream.read()I @ 4
Event: 7.236 Thread 0x000001a3b102e000 Uncommon trap: reason=class_check action=maybe_recompile pc=0x000001a39b6b47f0 method=java.io.FilterInputStream.read()I @ 4
Event: 8.542 Thread 0x000001a3b986a800 Uncommon trap: reason=predicate action=maybe_recompile pc=0x000001a39b2ce448 method=sun.net.www.ParseUtil.encodePath(Ljava/lang/String;Z)Ljava/lang/String; @ 36

Internal exceptions (10 events):
Event: 3.228 Thread 0x000001a3b102e000 Exception <a 'java/lang/ClassCastException': java.lang.String cannot be cast to java.lang.Class> (0x00000000d5fadaa0) thrown at [C:\re\workspace\8-2-build-windows-amd64-cygwin\jdk8u131\8869\hotspot\src\share\vm\interpreter\interpreterRuntime.cpp, line 381
Event: 4.889 Thread 0x000001a3b102e000 Implicit null exception at 0x000001a39b746916 to 0x000001a39b746af6
Event: 4.908 Thread 0x000001a3b102e000 Implicit null exception at 0x000001a39b66379a to 0x000001a39b663fb1
Event: 5.754 Thread 0x000001a3b102e000 Exception <a 'java/lang/ClassCastException': java.lang.String cannot be cast to java.lang.Class> (0x00000000d665b9d0) thrown at [C:\re\workspace\8-2-build-windows-amd64-cygwin\jdk8u131\8869\hotspot\src\share\vm\interpreter\interpreterRuntime.cpp, line 381
Event: 5.969 Thread 0x000001a3b102e000 Exception <a 'java/lang/ClassCastException': java.lang.String cannot be cast to java.lang.Class> (0x00000000d6bf4bc8) thrown at [C:\re\workspace\8-2-build-windows-amd64-cygwin\jdk8u131\8869\hotspot\src\share\vm\interpreter\interpreterRuntime.cpp, line 381
Event: 5.973 Thread 0x000001a3b102e000 Exception <a 'java/lang/ClassCastException': java.lang.String cannot be cast to java.lang.Class> (0x00000000d6c323f8) thrown at [C:\re\workspace\8-2-build-windows-amd64-cygwin\jdk8u131\8869\hotspot\src\share\vm\interpreter\interpreterRuntime.cpp, line 381
Event: 5.973 Thread 0x000001a3b102e000 Exception <a 'java/io/FileNotFoundException'> (0x00000000d6c34af0) thrown at [C:\re\workspace\8-2-build-windows-amd64-cygwin\jdk8u131\8869\hotspot\src\share\vm\prims\jni.cpp, line 709]
Event: 8.521 Thread 0x000001a3b986a800 Exception <a 'java/lang/ClassCastException': java.lang.String cannot be cast to java.lang.Class> (0x00000000d73af580) thrown at [C:\re\workspace\8-2-build-windows-amd64-cygwin\jdk8u131\8869\hotspot\src\share\vm\interpreter\interpreterRuntime.cpp, line 381
Event: 8.614 Thread 0x000001a3b986a800 Exception <a 'java/lang/ClassCastException': java.lang.String cannot be cast to java.lang.Class> (0x00000000d7499d00) thrown at [C:\re\workspace\8-2-build-windows-amd64-cygwin\jdk8u131\8869\hotspot\src\share\vm\interpreter\interpreterRuntime.cpp, line 381
Event: 8.615 Thread 0x000001a3b986a800 Exception <a 'java/lang/ClassCastException': java.lang.String cannot be cast to java.lang.Class> (0x00000000d749b0e8) thrown at [C:\re\workspace\8-2-build-windows-amd64-cygwin\jdk8u131\8869\hotspot\src\share\vm\interpreter\interpreterRuntime.cpp, line 381

Events (10 events):
Event: 8.612 loading class sun/net/www/http/KeepAliveStreamCleaner$1
Event: 8.612 loading class sun/net/www/http/KeepAliveStreamCleaner$1 done
Event: 8.612 loading class sun/net/www/http/KeepAliveStreamCleaner$2
Event: 8.612 loading class sun/net/www/http/KeepAliveStreamCleaner$2 done
Event: 8.612 loading class sun/net/www/protocol/http/HttpURLConnection$HttpInputStream
Event: 8.612 loading class sun/net/www/protocol/http/HttpURLConnection$HttpInputStream done
Event: 11.095 Executing VM operation: ParallelGCFailedAllocation
Event: 11.104 Executing VM operation: ParallelGCFailedAllocation done
Event: 11.649 Executing VM operation: RevokeBias
Event: 11.650 Executing VM operation: RevokeBias done


Dynamic libraries:
0x00007ff7c9570000 - 0x00007ff7c966b000 	C:\Program Files\ooRexx\rexx.exe
0x00007ff9ee4a0000 - 0x00007ff9ee67b000 	C:\WINDOWS\SYSTEM32\ntdll.dll
0x00007ff9ee370000 - 0x00007ff9ee41e000 	C:\WINDOWS\System32\KERNEL32.DLL
0x00007ff9eb600000 - 0x00007ff9eb849000 	C:\WINDOWS\System32\KERNELBASE.dll
0x00007ff9c0bb0000 - 0x00007ff9c0f6d000 	C:\Program Files\ooRexx\rexx.dll
0x00007ff9c72a0000 - 0x00007ff9c7407000 	C:\Program Files\ooRexx\REXXAPI.dll
0x00007ff9ee200000 - 0x00007ff9ee34a000 	C:\WINDOWS\System32\USER32.dll
0x00007ff9eb5e0000 - 0x00007ff9eb5fe000 	C:\WINDOWS\System32\win32u.dll
0x00007ff9d60b0000 - 0x00007ff9d60b9000 	C:\WINDOWS\SYSTEM32\WSOCK32.dll
0x00007ff9eda20000 - 0x00007ff9eda47000 	C:\WINDOWS\System32\GDI32.dll
0x00007ff9ede70000 - 0x00007ff9edf0d000 	C:\WINDOWS\System32\msvcrt.dll
0x00007ff9ea9c0000 - 0x00007ff9eab48000 	C:\WINDOWS\System32\gdi32full.dll
0x00007ff9edc30000 - 0x00007ff9edc9c000 	C:\WINDOWS\System32\WS2_32.dll
0x00007ff9ead90000 - 0x00007ff9eae2a000 	C:\WINDOWS\System32\msvcp_win.dll
0x00007ff9eb850000 - 0x00007ff9eb946000 	C:\WINDOWS\System32\ucrtbase.dll
0x00007ff9ee110000 - 0x00007ff9ee169000 	C:\WINDOWS\System32\sechost.dll
0x00007ff9edca0000 - 0x00007ff9edd41000 	C:\WINDOWS\System32\ADVAPI32.dll
0x00007ff9edb00000 - 0x00007ff9edc25000 	C:\WINDOWS\System32\RPCRT4.dll
0x00007ff9e1a70000 - 0x00007ff9e1b16000 	C:\WINDOWS\WinSxS\amd64_microsoft.windows.common-controls_6595b64144ccf1df_5.82.15063.413_none_0e0f5dcc67adff4e\COMCTL32.dll
0x00007ff9ee170000 - 0x00007ff9ee19d000 	C:\WINDOWS\System32\IMM32.DLL
0x000000006b0e0000 - 0x000000006b21a000 	C:\Program Files\ooRexx\rexxutil.DLL
0x00007ff9edd50000 - 0x00007ff9edda1000 	C:\WINDOWS\System32\SHLWAPI.dll
0x00007ff9ebb70000 - 0x00007ff9ebe69000 	C:\WINDOWS\System32\combase.dll
0x00007ff9eab50000 - 0x00007ff9eabba000 	C:\WINDOWS\System32\bcryptPrimitives.dll
0x00007ff9e5620000 - 0x00007ff9e56aa000 	C:\WINDOWS\SYSTEM32\WINSPOOL.DRV
0x00007ff9ea490000 - 0x00007ff9ea4b5000 	C:\WINDOWS\SYSTEM32\bcrypt.dll
0x00007ff9c5f50000 - 0x00007ff9c6088000 	C:\Program Files\ooRexx\OREXXOLE.DLL
0x00007ff9ed8d0000 - 0x00007ff9eda15000 	C:\WINDOWS\System32\ole32.dll
0x00007ff9ebf80000 - 0x00007ff9ec040000 	C:\WINDOWS\System32\OLEAUT32.dll
0x00007ff9ea810000 - 0x00007ff9ea840000 	C:\WINDOWS\SYSTEM32\SspiCli.dll
0x00007ff9e9ef0000 - 0x00007ff9e9f4c000 	C:\WINDOWS\system32\mswsock.dll
0x00007ff9dfa90000 - 0x00007ff9dfaa6000 	C:\WINDOWS\system32\napinsp.dll
0x00007ff9dfa70000 - 0x00007ff9dfa8a000 	C:\WINDOWS\system32\pnrpnsp.dll
0x00007ff9e7160000 - 0x00007ff9e7178000 	C:\WINDOWS\system32\NLAapi.dll
0x00007ff9e9cd0000 - 0x00007ff9e9d74000 	C:\WINDOWS\SYSTEM32\DNSAPI.dll
0x00007ff9ede60000 - 0x00007ff9ede68000 	C:\WINDOWS\System32\NSI.dll
0x00007ff9e9c90000 - 0x00007ff9e9cc7000 	C:\WINDOWS\SYSTEM32\IPHLPAPI.DLL
0x00007ff9e6e60000 - 0x00007ff9e6e6e000 	C:\WINDOWS\System32\winrnr.dll
0x00007ff9e46b0000 - 0x00007ff9e46c5000 	C:\WINDOWS\System32\wshbth.dll
0x00007ff9d89b0000 - 0x00007ff9d8a1b000 	C:\WINDOWS\System32\fwpuclnt.dll
0x00007ff9d7290000 - 0x00007ff9d729a000 	C:\Windows\System32\rasadhlp.dll
0x0000000010000000 - 0x000000001002b000 	C:\Users\abagi\Downloads\BSF4ooRexx_install_v600-20170617-beta\bsf4oorexx\BSF4ooRexx.DLL
0x0000000069c00000 - 0x000000006a49c000 	C:\Program Files\Java\jre1.8.0_131\bin\server\jvm.DLL
0x00007ff9ede50000 - 0x00007ff9ede58000 	C:\WINDOWS\System32\PSAPI.DLL
0x00007ff9e7750000 - 0x00007ff9e7773000 	C:\WINDOWS\SYSTEM32\WINMM.dll
0x00007ff9e8f40000 - 0x00007ff9e8f4a000 	C:\WINDOWS\SYSTEM32\VERSION.dll
0x00007ff9e76f0000 - 0x00007ff9e771b000 	C:\WINDOWS\SYSTEM32\WINMMBASE.dll
0x00007ff9eb9b0000 - 0x00007ff9eb9f9000 	C:\WINDOWS\System32\cfgmgr32.dll
0x000000006b000000 - 0x000000006b0d2000 	C:\Program Files\Java\jdk1.8.0_131\bin\MSVCR100.dll
0x000000006aff0000 - 0x000000006afff000 	C:\Program Files\Java\jre1.8.0_131\bin\verify.dll
0x000000006afc0000 - 0x000000006afe9000 	C:\Program Files\Java\jre1.8.0_131\bin\java.dll
0x000000006afa0000 - 0x000000006afb6000 	C:\Program Files\Java\jre1.8.0_131\bin\zip.dll
0x00007ff9ec480000 - 0x00007ff9ed8b7000 	C:\WINDOWS\System32\SHELL32.dll
0x00007ff9eda50000 - 0x00007ff9edafa000 	C:\WINDOWS\System32\shcore.dll
0x00007ff9eae30000 - 0x00007ff9eb522000 	C:\WINDOWS\System32\windows.storage.dll
0x00007ff9ea980000 - 0x00007ff9ea991000 	C:\WINDOWS\System32\kernel.appcore.dll
0x00007ff9ea930000 - 0x00007ff9ea97c000 	C:\WINDOWS\System32\powrprof.dll
0x00007ff9ea910000 - 0x00007ff9ea925000 	C:\WINDOWS\System32\profapi.dll
0x0000000069a60000 - 0x0000000069bf8000 	C:\Program Files\Java\jre1.8.0_131\bin\awt.dll
0x00007ff9e8b40000 - 0x00007ff9e8bbe000 	C:\WINDOWS\SYSTEM32\apphelp.dll
0x00007ff9cea00000 - 0x00007ff9ceaef000 	C:\Program Files\Java\jre1.8.0_131\bin\msvcr120.dll
0x00007ff9d0050000 - 0x00007ff9d00f6000 	C:\Program Files\Java\jre1.8.0_131\bin\msvcp120.dll
0x000000006af70000 - 0x000000006af92000 	C:\Program Files\Java\jre1.8.0_131\bin\prism_d3d.dll
0x00007ff9c7770000 - 0x00007ff9c78f9000 	C:\WINDOWS\system32\d3d9.dll
0x00007ff9e72e0000 - 0x00007ff9e730a000 	C:\WINDOWS\SYSTEM32\dwmapi.dll
0x00007ff9e8c60000 - 0x00007ff9e8cf5000 	C:\WINDOWS\system32\uxtheme.dll
0x00007ff996cf0000 - 0x00007ff99922d000 	C:\WINDOWS\SYSTEM32\igdumdim64.dll
0x00007ff9ec040000 - 0x00007ff9ec47b000 	C:\WINDOWS\System32\SETUPAPI.dll
0x000000006af20000 - 0x000000006af63000 	C:\Program Files\Java\jre1.8.0_131\bin\glass.dll
0x00007ff9ebe70000 - 0x00007ff9ebf78000 	C:\WINDOWS\System32\COMDLG32.dll
0x00007ff9eba00000 - 0x00007ff9ebb66000 	C:\WINDOWS\System32\MSCTF.dll
0x00007ff9d7b20000 - 0x00007ff9d7bc1000 	C:\Program Files\Common Files\microsoft shared\ink\tiptsf.dll
0x00007ff9e2110000 - 0x00007ff9e2f83000 	C:\WINDOWS\SYSTEM32\igc64.dll
0x000000006af00000 - 0x000000006af14000 	C:\Program Files\Java\jre1.8.0_131\bin\javafx_font.dll
0x00007ff9e4020000 - 0x00007ff9e42df000 	C:\WINDOWS\SYSTEM32\dwrite.dll
0x00007ff9eddb0000 - 0x00007ff9ede4e000 	C:\WINDOWS\System32\clbcatq.dll
0x00007ff9d8fb0000 - 0x00007ff9d9217000 	C:\WINDOWS\WinSxS\amd64_microsoft.windows.common-controls_6595b64144ccf1df_6.0.15063.0_none_108e4f62dfe5d999\comctl32.dll
0x00007ff9e5230000 - 0x00007ff9e53dc000 	C:\WINDOWS\SYSTEM32\WindowsCodecs.dll
0x00007ff9d6510000 - 0x00007ff9d6557000 	C:\WINDOWS\system32\dataexchange.dll
0x00007ff9e7d50000 - 0x00007ff9e802f000 	C:\WINDOWS\system32\d3d11.dll
0x00007ff9e7510000 - 0x00007ff9e7632000 	C:\WINDOWS\system32\dcomp.dll
0x00007ff9e8d90000 - 0x00007ff9e8e34000 	C:\WINDOWS\system32\dxgi.dll
0x00007ff9e92f0000 - 0x00007ff9e9460000 	C:\WINDOWS\system32\twinapi.appcore.dll
0x00007ff9dd410000 - 0x00007ff9dd441000 	C:\Program Files\Common Files\Microsoft Shared\Ink\rtscom.dll
0x00007ff9e4620000 - 0x00007ff9e46a2000 	C:\WINDOWS\System32\TextInputFramework.dll
0x00007ff9e47f0000 - 0x00007ff9e4ac2000 	C:\WINDOWS\System32\CoreUIComponents.dll
0x00007ff9e8030000 - 0x00007ff9e8113000 	C:\WINDOWS\System32\CoreMessaging.dll
0x00007ff9e9940000 - 0x00007ff9e9971000 	C:\WINDOWS\SYSTEM32\ntmarta.dll
0x00007ff9e6810000 - 0x00007ff9e6949000 	C:\WINDOWS\SYSTEM32\wintypes.dll
0x00007ff9e7000000 - 0x00007ff9e7015000 	C:\WINDOWS\SYSTEM32\usermgrcli.dll
0x00007ff9d9410000 - 0x00007ff9d95d5000 	C:\Windows\System32\uiautomationcore.dll
0x00007ff9ea770000 - 0x00007ff9ea80a000 	C:\WINDOWS\SYSTEM32\sxs.dll
0x00007ff9d83f0000 - 0x00007ff9d845b000 	C:\WINDOWS\SYSTEM32\OLEACC.dll
0x00007ff9ea4c0000 - 0x00007ff9ea4d7000 	C:\WINDOWS\SYSTEM32\CRYPTSP.dll
0x00007ff9e9b10000 - 0x00007ff9e9b44000 	C:\WINDOWS\system32\rsaenh.dll
0x00007ff9ea840000 - 0x00007ff9ea869000 	C:\WINDOWS\SYSTEM32\USERENV.dll
0x00007ff9ea090000 - 0x00007ff9ea09b000 	C:\WINDOWS\SYSTEM32\CRYPTBASE.dll
0x000000006aee0000 - 0x000000006aefa000 	C:\Program Files\Java\jre1.8.0_131\bin\net.dll
0x00007ff9ddd20000 - 0x00007ff9ddd36000 	C:\WINDOWS\SYSTEM32\dhcpcsvc6.DLL
0x00007ff9ddd00000 - 0x00007ff9ddd1a000 	C:\WINDOWS\SYSTEM32\dhcpcsvc.DLL
0x000000006aec0000 - 0x000000006aed1000 	C:\Program Files\Java\jre1.8.0_131\bin\nio.dll
0x000000006aea0000 - 0x000000006aeb1000 	C:\Program Files\Java\jre1.8.0_131\bin\prism_common.dll
0x00007ff9e8190000 - 0x00007ff9e8734000 	C:\WINDOWS\SYSTEM32\d2d1.dll
0x00007ff9eabc0000 - 0x00007ff9ead89000 	C:\WINDOWS\System32\CRYPT32.dll
0x00007ff9ea9a0000 - 0x00007ff9ea9b1000 	C:\WINDOWS\System32\MSASN1.dll
0x00007ff9d03d0000 - 0x00007ff9d06a5000 	C:\WINDOWS\SYSTEM32\D3D10Warp.dll
0x00007ff9da480000 - 0x00007ff9da706000 	C:\WINDOWS\SYSTEM32\iertutil.dll
0x00007ff9ea4e0000 - 0x00007ff9ea689000 	C:\WINDOWS\SYSTEM32\dbghelp.dll

VM Arguments:
java_command: <unknown>
java_class_path (initial): C:\Program Files\BSF4ooRexx\bsf4ooRexx-v600-20170405-bin.jar;C:\Program Files\BSF4ooRexx\jni4net.j-0.8.8.0.jar;C:\Program Files\BSF4ooRexx\oorexx.net.jar;C:\Users\abagi\Downloads\BSF4ooRexx_install_v600-20170617-beta\bsf4oorexx\bsf4ooRexx-v600-20170617-bin.jar;C:\Users\abagi\Downloads\BSF4ooRexx_install_v600-20170617-beta\bsf4oorexx\jni4net.j-0.8.8.0.jar;C:\Users\abagi\Downloads\BSF4ooRexx_install_v600-20170617-beta\bsf4oorexx\oorexx.net.jar;.;C:\Users\abagi\OneDrive\Dokumente\WU\javafx\ooRexxTryFX\java\ikonli-core-1.9.0.jar;C:\Users\abagi\OneDrive\Dokumente\WU\javafx\ooRexxTryFX\java\ikonli-javafx-1.9.0.jar;C:\Users\abagi\OneDrive\Dokumente\WU\javafx\ooRexxTryFX\java\ikonli-octicons-pack-1.9.0.jar;C:\Users\abagi\OneDrive\Dokumente\WU\javafx\ooRexxTryFX\java\ikonli-openiconic-pack-1.9.0.jar;C:\Users\abagi\OneDrive\Dokumente\WU\javafx\ooRexxTryFX\java\richtextfx-0.7-M5-custom.jar;
Launcher Type: generic

Environment Variables:
CLASSPATH=C:\Program Files\BSF4ooRexx\bsf4ooRexx-v600-20170405-bin.jar;C:\Program Files\BSF4ooRexx\jni4net.j-0.8.8.0.jar;C:\Program Files\BSF4ooRexx\oorexx.net.jar;C:\Users\abagi\Downloads\BSF4ooRexx_install_v600-20170617-beta\bsf4oorexx\bsf4ooRexx-v600-20170617-bin.jar;C:\Users\abagi\Downloads\BSF4ooRexx_install_v600-20170617-beta\bsf4oorexx\jni4net.j-0.8.8.0.jar;C:\Users\abagi\Downloads\BSF4ooRexx_install_v600-20170617-beta\bsf4oorexx\oorexx.net.jar;.;C:\Users\abagi\OneDrive\Dokumente\WU\javafx\ooRexxTryFX\java\ikonli-core-1.9.0.jar;C:\Users\abagi\OneDrive\Dokumente\WU\javafx\ooRexxTryFX\java\ikonli-javafx-1.9.0.jar;C:\Users\abagi\OneDrive\Dokumente\WU\javafx\ooRexxTryFX\java\ikonli-octicons-pack-1.9.0.jar;C:\Users\abagi\OneDrive\Dokumente\WU\javafx\ooRexxTryFX\java\ikonli-openiconic-pack-1.9.0.jar;C:\Users\abagi\OneDrive\Dokumente\WU\javafx\ooRexxTryFX\java\richtextfx-0.7-M5-custom.jar;
PATH=C:\ProgramData\Oracle\Java\javapath;C:\WINDOWS\system32;C:\WINDOWS;C:\WINDOWS\System32\Wbem;C:\WINDOWS\System32\WindowsPowerShell\v1.0\;C:\Program Files\ooRexx;C:\Program Files\BSF4ooRexx;C:\Program Files\Java\jdk1.8.0_131\bin;C:\Program Files\nodejs\;C:\Program Files\Git\cmd;C:\Users\abagi\Downloads\BSF4ooRexx_install_v600-20170617-beta\bsf4oorexx;C:\Program Files\Java\jre1.8.0_131\bin\server;C:\Users\abagi\AppData\Local\Microsoft\WindowsApps;C:\Program Files (x86)\Microsoft VS Code\bin;C:\Users\abagi\AppData\Roaming\npm;C:\Users\abagi\AppData\Roaming\Dashlane\4.8.1.32550\bin\Firefox_Extension\{442718d9-475e-452a-b3e1-fb1ee16b8e9f}\components;C:\Users\abagi\AppData\Roaming\Dashlane\4.8.1.32550\ucrt
USERNAME=abagi
OS=Windows_NT
PROCESSOR_IDENTIFIER=Intel64 Family 6 Model 78 Stepping 3, GenuineIntel



---------------  S Y S T E M  ---------------

OS: Windows 10.0 , 64 bit Build 15063 (10.0.15063.296)

CPU:total 4 (initial active 4) (2 cores per cpu, 2 threads per core) family 6 model 78 stepping 3, cmov, cx8, fxsr, mmx, sse, sse2, sse3, ssse3, sse4.1, sse4.2, popcnt, avx, avx2, aes, clmul, erms, rtm, 3dnowpref, lzcnt, ht, tsc, tscinvbit, bmi1, bmi2, adx

Memory: 4k page, physical 8312940k(1510788k free), swap 17928276k(2154280k free)

vm_info: Java HotSpot(TM) 64-Bit Server VM (25.131-b11) for windows-amd64 JRE (1.8.0_131-b11), built on Mar 15 2017 01:23:53 by "java_re" with MS VC++ 10.0 (VS2010)

time: Wed Jul 05 11:18:27 2017
elapsed time: 12 seconds (0d 0h 0m 12s)

