#
# A fatal error has been detected by the Java Runtime Environment:
#
#  EXCEPTION_ACCESS_VIOLATION (0xc0000005) at pc=0x00007ff9c73dd858, pid=3240, tid=0x00000000000019c0
#
# JRE version: Java(TM) SE Runtime Environment (8.0_131-b11) (build 1.8.0_131-b11)
# Java VM: Java HotSpot(TM) 64-Bit Server VM (25.131-b11 mixed mode windows-amd64 compressed oops)
# Problematic frame:
# C  [rexx.dll+0x2d858]
#
# Failed to write core dump. Minidumps are not enabled by default on client versions of Windows
#
# If you would like to submit a bug report, please visit:
#   http://bugreport.java.com/bugreport/crash.jsp
# The crash happened outside the Java Virtual Machine in native code.
# See problematic frame for where to report the bug.
#

---------------  T H R E A D  ---------------

Current thread (0x000001dc2077c800):  JavaThread "Thread-6" [_thread_in_native, id=6592, stack(0x0000009022f80000,0x0000009023000000)]

siginfo: ExceptionCode=0xc0000005, reading address 0x0000000000000000

Registers:
RAX=0x0000000000000000, RBX=0x00007ff7c873c3a0, RCX=0x0000000000000000, RDX=0x00007ff7c6a37df0
RSP=0x0000009022ffe8a0, RBP=0x00007ff7c85887e0, RSI=0x000001dc24f356a0, RDI=0x0000009022ffe8c0
R8 =0x00007ff7c65c39c8, R9 =0x0000000000000001, R10=0x00007ff7c6a41194, R11=0x00007ff7c7c9ba61
R12=0x000001dc2077c9f8, R13=0x00007ff7c85891a0, R14=0x0000009022fff370, R15=0x00007ff7c859e5e0
RIP=0x00007ff9c73dd858, EFLAGS=0x0000000000010206

Top of Stack: (sp=0x0000009022ffe8a0)
0x0000009022ffe8a0:   cccccccccccccccc cccccccccccccccc
0x0000009022ffe8b0:   cccccccccccccccc cccccccccccccccc
0x0000009022ffe8c0:   0000009022ffe900 00007ff9c7453056
0x0000009022ffe8d0:   0000000000000000 00007ff7c6a37df0
0x0000009022ffe8e0:   cccccccccccccccc cccccccccccccccc
0x0000009022ffe8f0:   cccccccccccccccc cccccccccccccccc
0x0000009022ffe900:   0000009022ffe960 00007ff9c74084ec
0x0000009022ffe910:   00007ff9c7719450 00007ff7c6a37df0
0x0000009022ffe920:   cccccccccccccccc cccccccccccccccc
0x0000009022ffe930:   cccccccccccccccc cccccccccccccccc
0x0000009022ffe940:   cccccccccccccccc cccccccccccccccc
0x0000009022ffe950:   cccccccccccccccc cccccccccccccccc
0x0000009022ffe960:   0000009022ffe9a0 00007ff9c74d6ee3
0x0000009022ffe970:   00007ff7c7c9b7e0 00007ff7c6a37df0
0x0000009022ffe980:   00007ff7c65c39c8 0000000000000001
0x0000009022ffe990:   0000009022ffe9f8 cccccccccccccccc 

Instructions: (pc=0x00007ff9c73dd858)
0x00007ff9c73dd838:   24 08 57 48 83 ec 20 48 8b fc b9 08 00 00 00 b8
0x00007ff9c73dd848:   cc cc cc cc f3 ab 48 8b 4c 24 30 48 8b 44 24 30
0x00007ff9c73dd858:   48 8b 00 48 8b 54 24 38 48 8b 4c 24 30 ff 90 60
0x00007ff9c73dd868:   01 00 00 48 83 c4 20 5f c3 cc cc cc cc cc cc cc 


Register to memory mapping:

RAX=0x0000000000000000 is an unknown value
RBX=0x00007ff7c873c3a0 is an unknown value
RCX=0x0000000000000000 is an unknown value
RDX=0x00007ff7c6a37df0 is an unknown value
RSP=0x0000009022ffe8a0 is pointing into the stack for thread: 0x000001dc2077c800
RBP=0x00007ff7c85887e0 is an unknown value
RSI=0x000001dc24f356a0 is an unknown value
RDI=0x0000009022ffe8c0 is pointing into the stack for thread: 0x000001dc2077c800
R8 =0x00007ff7c65c39c8 is an unknown value
R9 =0x0000000000000001 is an unknown value
R10=0x00007ff7c6a41194 is an unknown value
R11=0x00007ff7c7c9ba61 is an unknown value
R12=0x000001dc2077c9f8 is an unknown value
R13=0x00007ff7c85891a0 is an unknown value
R14=0x0000009022fff370 is pointing into the stack for thread: 0x000001dc2077c800
R15=0x00007ff7c859e5e0 is an unknown value


Stack: [0x0000009022f80000,0x0000009023000000],  sp=0x0000009022ffe8a0,  free space=506k
Native frames: (J=compiled Java code, j=interpreted, Vv=VM code, C=native code)
C  [rexx.dll+0x2d858]
C  [rexx.dll+0xa3056]
C  [rexx.dll+0x584ec]
C  [rexx.dll+0x126ee3]
C  [rexx.dll+0x12667c]
C  [rexx.dll+0x12b7ec]
C  [rexx.dll+0x13b099]
C  [rexx.dll+0xbf31c]
C  [rexx.dll+0xce7a7]
C  [rexx.dll+0x3cb02]
C  [rexx.dll+0x57233]
C  [rexx.dll+0x58607]
C  [rexx.dll+0x126ee3]
C  [rexx.dll+0x13c3d5]
C  [rexx.dll+0xbf31c]
C  [rexx.dll+0xce7a7]
C  [rexx.dll+0x3cb02]
C  [rexx.dll+0x585d6]
C  [rexx.dll+0x26751]
C  [rexx.dll+0x995fa]
C  [BSF4ooRexx.DLL+0xbdca]
C  0x000001dc0a3d925b

Java frames: (J=compiled Java code, j=interpreted, Vv=VM code)
j  org.rexxla.bsf.engines.rexx.RexxAndJava.jniRexxSendMessageToRexxObject(Ljava/lang/String;Ljava/lang/String;Ljava/lang/String;Ljava/lang/String;Ljava/lang/String;Ljava/lang/String;Ljava/lang/String;[Ljava/lang/Object;Ljava/lang/String;)Ljava/lang/Object;+0
j  org.rexxla.bsf.engines.rexx.RexxEngine.call(Lorg/rexxla/bsf/engines/rexx/RexxProxy;Ljava/lang/reflect/Method;[Ljava/lang/Object;)Ljava/lang/Object;+484
j  org.rexxla.bsf.engines.rexx.RexxProxy.invoke(Ljava/lang/reflect/Method;[Ljava/lang/Object;)Ljava/lang/Object;+97
j  org.rexxla.bsf.engines.rexx.RexxProxy.invoke(Ljava/lang/Object;Ljava/lang/reflect/Method;[Ljava/lang/Object;)Ljava/lang/Object;+96
j  com.sun.proxy.$Proxy8.run()V+9
j  java.lang.Thread.run()V+11
v  ~StubRoutines::call_stub

---------------  P R O C E S S  ---------------

Java Threads: ( => current thread )
=>0x000001dc2077c800 JavaThread "Thread-6" [_thread_in_native, id=6592, stack(0x0000009022f80000,0x0000009023000000)]
  0x000001dc268a0800 JavaThread "Prism Font Disposer" daemon [_thread_blocked, id=2388, stack(0x0000009022d80000,0x0000009022e00000)]
  0x000001dc203e0800 JavaThread "Thread-4" daemon [_thread_in_native, id=19956, stack(0x0000009022980000,0x0000009022a00000)]
  0x000001dc20355800 JavaThread "JavaFX Application Thread" [_thread_in_native, id=20220, stack(0x0000009022780000,0x0000009022800000)]
  0x000001dc203ef800 JavaThread "Thread-3" daemon [_thread_blocked, id=18508, stack(0x0000009022700000,0x0000009022780000)]
  0x000001dc2033c800 JavaThread "QuantumRenderer-0" daemon [_thread_blocked, id=21636, stack(0x0000009022680000,0x0000009022700000)]
  0x000001dc2030b000 JavaThread "JavaFX-Launcher" [_thread_blocked, id=12108, stack(0x0000009022600000,0x0000009022680000)]
  0x000001dc1fcd6000 JavaThread "Service Thread" daemon [_thread_blocked, id=19972, stack(0x0000009022500000,0x0000009022580000)]
  0x000001dc1eb45800 JavaThread "C1 CompilerThread2" daemon [_thread_blocked, id=18640, stack(0x0000009022480000,0x0000009022500000)]
  0x000001dc1eb42800 JavaThread "C2 CompilerThread1" daemon [_thread_blocked, id=21412, stack(0x0000009022400000,0x0000009022480000)]
  0x000001dc1eb40000 JavaThread "C2 CompilerThread0" daemon [_thread_blocked, id=21916, stack(0x0000009022380000,0x0000009022400000)]
  0x000001dc1eb3c800 JavaThread "Attach Listener" daemon [_thread_blocked, id=6596, stack(0x0000009022300000,0x0000009022380000)]
  0x000001dc1eb3b000 JavaThread "Signal Dispatcher" daemon [_thread_blocked, id=9176, stack(0x0000009022280000,0x0000009022300000)]
  0x000001dc0a3ba000 JavaThread "Finalizer" daemon [_thread_blocked, id=1572, stack(0x0000009022200000,0x0000009022280000)]
  0x000001dc1eb08800 JavaThread "Reference Handler" daemon [_thread_blocked, id=19544, stack(0x0000009022180000,0x0000009022200000)]
  0x000001dc0a2c0800 JavaThread "main" [_thread_blocked, id=22260, stack(0x0000009021a60000,0x0000009021ae0000)]

Other Threads:
  0x000001dc1eb07000 VMThread [stack: 0x0000009022100000,0x0000009022180000] [id=11404]
  0x000001dc1fd03000 WatcherThread [stack: 0x0000009022580000,0x0000009022600000] [id=15652]

VM state:not at safepoint (normal execution)

VM Mutex/Monitor currently owned by a thread: None

Heap:
 PSYoungGen      total 47104K, used 7896K [0x00000000d5b80000, 0x00000000d9000000, 0x0000000100000000)
  eden space 41984K, 6% used [0x00000000d5b80000,0x00000000d5e3a060,0x00000000d8480000)
  from space 5120K, 99% used [0x00000000d8b00000,0x00000000d8ffc020,0x00000000d9000000)
  to   space 5120K, 0% used [0x00000000d8600000,0x00000000d8600000,0x00000000d8b00000)
 ParOldGen       total 66048K, used 12699K [0x0000000081200000, 0x0000000085280000, 0x00000000d5b80000)
  object space 66048K, 19% used [0x0000000081200000,0x0000000081e66d50,0x0000000085280000)
 Metaspace       used 28123K, capacity 30771K, committed 30896K, reserved 1075200K
  class space    used 4212K, capacity 4697K, committed 4784K, reserved 1048576K

Card table byte_map: [0x000001dc19780000,0x000001dc19b80000] byte_map_base: 0x000001dc19377000

Marking Bits: (ParMarkBitMap*) 0x000000006a41c720
 Begin Bits: [0x000001dc19e30000, 0x000001dc1bde8000)
 End Bits:   [0x000001dc1bde8000, 0x000001dc1dda0000)

Polling page: 0x000001dc08700000

CodeCache: size=245760Kb used=13861Kb max_used=13861Kb free=231899Kb
 bounds [0x000001dc0a3c0000, 0x000001dc0b160000, 0x000001dc193c0000]
 total_blobs=4921 nmethods=4201 adapters=631
 compilation: enabled

Compilation events (10 events):
Event: 10.663 Thread 0x000001dc1eb45800 4197       1       com.sun.scenario.animation.AbstractMasterTimer::access$600 (5 bytes)
Event: 10.664 Thread 0x000001dc1eb45800 nmethod 4197 0x000001dc0b147390 code [0x000001dc0b1474e0, 0x000001dc0b1475d8]
Event: 10.664 Thread 0x000001dc1eb45800 4199       3       javafx.scene.layout.GridPane$CompositeSize::access$1300 (7 bytes)
Event: 10.664 Thread 0x000001dc1eb45800 nmethod 4199 0x000001dc0b14b7d0 code [0x000001dc0b14b940, 0x000001dc0b14bb70]
Event: 10.664 Thread 0x000001dc1eb45800 4198       1       com.sun.scenario.animation.AbstractMasterTimer::access$700 (5 bytes)
Event: 10.664 Thread 0x000001dc1eb45800 nmethod 4198 0x000001dc0b14bd10 code [0x000001dc0b14be60, 0x000001dc0b14bf58]
Event: 10.664 Thread 0x000001dc1eb45800 4200       3       com.sun.javafx.application.PlatformImpl::isSupportedImpl (430 bytes)
Event: 10.668 Thread 0x000001dc1eb45800 nmethod 4200 0x000001dc0b14bfd0 code [0x000001dc0b14c600, 0x000001dc0b150430]
Event: 10.668 Thread 0x000001dc1eb45800 4201       3       com.sun.prism.d3d.D3DShader::setConstant (39 bytes)
Event: 10.669 Thread 0x000001dc1eb45800 nmethod 4201 0x000001dc0b151cd0 code [0x000001dc0b151ec0, 0x000001dc0b152770]

GC Heap History (10 events):
Event: 1.198 GC heap before
{Heap before GC invocations=1 (full 0):
 PSYoungGen      total 38400K, used 33280K [0x00000000d5b80000, 0x00000000d8600000, 0x0000000100000000)
  eden space 33280K, 100% used [0x00000000d5b80000,0x00000000d7c00000,0x00000000d7c00000)
  from space 5120K, 0% used [0x00000000d8100000,0x00000000d8100000,0x00000000d8600000)
  to   space 5120K, 0% used [0x00000000d7c00000,0x00000000d7c00000,0x00000000d8100000)
 ParOldGen       total 87552K, used 0K [0x0000000081200000, 0x0000000086780000, 0x00000000d5b80000)
  object space 87552K, 0% used [0x0000000081200000,0x0000000081200000,0x0000000086780000)
 Metaspace       used 15697K, capacity 16144K, committed 16256K, reserved 1062912K
  class space    used 2028K, capacity 2161K, committed 2176K, reserved 1048576K
Event: 1.207 GC heap after
Heap after GC invocations=1 (full 0):
 PSYoungGen      total 38400K, used 5105K [0x00000000d5b80000, 0x00000000d8600000, 0x0000000100000000)
  eden space 33280K, 0% used [0x00000000d5b80000,0x00000000d5b80000,0x00000000d7c00000)
  from space 5120K, 99% used [0x00000000d7c00000,0x00000000d80fc518,0x00000000d8100000)
  to   space 5120K, 0% used [0x00000000d8100000,0x00000000d8100000,0x00000000d8600000)
 ParOldGen       total 87552K, used 1346K [0x0000000081200000, 0x0000000086780000, 0x00000000d5b80000)
  object space 87552K, 1% used [0x0000000081200000,0x00000000813509d8,0x0000000086780000)
 Metaspace       used 15697K, capacity 16144K, committed 16256K, reserved 1062912K
  class space    used 2028K, capacity 2161K, committed 2176K, reserved 1048576K
}
Event: 1.729 GC heap before
{Heap before GC invocations=2 (full 0):
 PSYoungGen      total 38400K, used 21136K [0x00000000d5b80000, 0x00000000d8600000, 0x0000000100000000)
  eden space 33280K, 48% used [0x00000000d5b80000,0x00000000d6b27ea0,0x00000000d7c00000)
  from space 5120K, 99% used [0x00000000d7c00000,0x00000000d80fc518,0x00000000d8100000)
  to   space 5120K, 0% used [0x00000000d8100000,0x00000000d8100000,0x00000000d8600000)
 ParOldGen       total 87552K, used 1346K [0x0000000081200000, 0x0000000086780000, 0x00000000d5b80000)
  object space 87552K, 1% used [0x0000000081200000,0x00000000813509d8,0x0000000086780000)
 Metaspace       used 20245K, capacity 21263K, committed 21296K, reserved 1067008K
  class space    used 2857K, capacity 3087K, committed 3120K, reserved 1048576K
Event: 1.735 GC heap after
Heap after GC invocations=2 (full 0):
 PSYoungGen      total 38400K, used 5100K [0x00000000d5b80000, 0x00000000d8600000, 0x0000000100000000)
  eden space 33280K, 0% used [0x00000000d5b80000,0x00000000d5b80000,0x00000000d7c00000)
  from space 5120K, 99% used [0x00000000d8100000,0x00000000d85fb0c8,0x00000000d8600000)
  to   space 5120K, 0% used [0x00000000d7c00000,0x00000000d7c00000,0x00000000d8100000)
 ParOldGen       total 87552K, used 3239K [0x0000000081200000, 0x0000000086780000, 0x00000000d5b80000)
  object space 87552K, 3% used [0x0000000081200000,0x0000000081529d40,0x0000000086780000)
 Metaspace       used 20245K, capacity 21263K, committed 21296K, reserved 1067008K
  class space    used 2857K, capacity 3087K, committed 3120K, reserved 1048576K
}
Event: 1.735 GC heap before
{Heap before GC invocations=3 (full 1):
 PSYoungGen      total 38400K, used 5100K [0x00000000d5b80000, 0x00000000d8600000, 0x0000000100000000)
  eden space 33280K, 0% used [0x00000000d5b80000,0x00000000d5b80000,0x00000000d7c00000)
  from space 5120K, 99% used [0x00000000d8100000,0x00000000d85fb0c8,0x00000000d8600000)
  to   space 5120K, 0% used [0x00000000d7c00000,0x00000000d7c00000,0x00000000d8100000)
 ParOldGen       total 87552K, used 3239K [0x0000000081200000, 0x0000000086780000, 0x00000000d5b80000)
  object space 87552K, 3% used [0x0000000081200000,0x0000000081529d40,0x0000000086780000)
 Metaspace       used 20245K, capacity 21263K, committed 21296K, reserved 1067008K
  class space    used 2857K, capacity 3087K, committed 3120K, reserved 1048576K
Event: 1.773 GC heap after
Heap after GC invocations=3 (full 1):
 PSYoungGen      total 38400K, used 0K [0x00000000d5b80000, 0x00000000d8600000, 0x0000000100000000)
  eden space 33280K, 0% used [0x00000000d5b80000,0x00000000d5b80000,0x00000000d7c00000)
  from space 5120K, 0% used [0x00000000d8100000,0x00000000d8100000,0x00000000d8600000)
  to   space 5120K, 0% used [0x00000000d7c00000,0x00000000d7c00000,0x00000000d8100000)
 ParOldGen       total 66048K, used 6937K [0x0000000081200000, 0x0000000085280000, 0x00000000d5b80000)
  object space 66048K, 10% used [0x0000000081200000,0x00000000818c6510,0x0000000085280000)
 Metaspace       used 20245K, capacity 21263K, committed 21296K, reserved 1067008K
  class space    used 2857K, capacity 3087K, committed 3120K, reserved 1048576K
}
Event: 2.933 GC heap before
{Heap before GC invocations=4 (full 1):
 PSYoungGen      total 38400K, used 31633K [0x00000000d5b80000, 0x00000000d8600000, 0x0000000100000000)
  eden space 33280K, 95% used [0x00000000d5b80000,0x00000000d7a644e0,0x00000000d7c00000)
  from space 5120K, 0% used [0x00000000d8100000,0x00000000d8100000,0x00000000d8600000)
  to   space 5120K, 0% used [0x00000000d7c00000,0x00000000d7c00000,0x00000000d8100000)
 ParOldGen       total 66048K, used 6937K [0x0000000081200000, 0x0000000085280000, 0x00000000d5b80000)
  object space 66048K, 10% used [0x0000000081200000,0x00000000818c6510,0x0000000085280000)
 Metaspace       used 25190K, capacity 27463K, committed 27696K, reserved 1073152K
  class space    used 3846K, capacity 4293K, committed 4400K, reserved 1048576K
Event: 2.943 GC heap after
Heap after GC invocations=4 (full 1):
 PSYoungGen      total 38400K, used 5115K [0x00000000d5b80000, 0x00000000d9000000, 0x0000000100000000)
  eden space 33280K, 0% used [0x00000000d5b80000,0x00000000d5b80000,0x00000000d7c00000)
  from space 5120K, 99% used [0x00000000d7c00000,0x00000000d80fef00,0x00000000d8100000)
  to   space 5120K, 0% used [0x00000000d8b00000,0x00000000d8b00000,0x00000000d9000000)
 ParOldGen       total 66048K, used 7059K [0x0000000081200000, 0x0000000085280000, 0x00000000d5b80000)
  object space 66048K, 10% used [0x0000000081200000,0x00000000818e4fe0,0x0000000085280000)
 Metaspace       used 25190K, capacity 27463K, committed 27696K, reserved 1073152K
  class space    used 3846K, capacity 4293K, committed 4400K, reserved 1048576K
}
Event: 10.085 GC heap before
{Heap before GC invocations=5 (full 1):
 PSYoungGen      total 38400K, used 38395K [0x00000000d5b80000, 0x00000000d9000000, 0x0000000100000000)
  eden space 33280K, 100% used [0x00000000d5b80000,0x00000000d7c00000,0x00000000d7c00000)
  from space 5120K, 99% used [0x00000000d7c00000,0x00000000d80fef00,0x00000000d8100000)
  to   space 5120K, 0% used [0x00000000d8b00000,0x00000000d8b00000,0x00000000d9000000)
 ParOldGen       total 66048K, used 7059K [0x0000000081200000, 0x0000000085280000, 0x00000000d5b80000)
  object space 66048K, 10% used [0x0000000081200000,0x00000000818e4fe0,0x0000000085280000)
 Metaspace       used 28103K, capacity 30707K, committed 30896K, reserved 1075200K
  class space    used 4212K, capacity 4697K, committed 4784K, reserved 1048576K
Event: 10.095 GC heap after
Heap after GC invocations=5 (full 1):
 PSYoungGen      total 47104K, used 5104K [0x00000000d5b80000, 0x00000000d9000000, 0x0000000100000000)
  eden space 41984K, 0% used [0x00000000d5b80000,0x00000000d5b80000,0x00000000d8480000)
  from space 5120K, 99% used [0x00000000d8b00000,0x00000000d8ffc020,0x00000000d9000000)
  to   space 5120K, 0% used [0x00000000d8600000,0x00000000d8600000,0x00000000d8b00000)
 ParOldGen       total 66048K, used 12699K [0x0000000081200000, 0x0000000085280000, 0x00000000d5b80000)
  object space 66048K, 19% used [0x0000000081200000,0x0000000081e66d50,0x0000000085280000)
 Metaspace       used 28103K, capacity 30707K, committed 30896K, reserved 1075200K
  class space    used 4212K, capacity 4697K, committed 4784K, reserved 1048576K
}

Deoptimization events (10 events):
Event: 3.638 Thread 0x000001dc20355800 Uncommon trap: reason=array_check action=maybe_recompile pc=0x000001dc0ad28d7c method=com.sun.javafx.css.CompoundSelector.applies(Ljavafx/css/Styleable;[Ljava/util/Set;I)Z @ 128
Event: 3.640 Thread 0x000001dc20355800 Uncommon trap: reason=array_check action=maybe_recompile pc=0x000001dc0ad28d7c method=com.sun.javafx.css.CompoundSelector.applies(Ljavafx/css/Styleable;[Ljava/util/Set;I)Z @ 128
Event: 3.642 Thread 0x000001dc20355800 Uncommon trap: reason=unstable_if action=reinterpret pc=0x000001dc0aa16cf8 method=javafx.scene.CssStyleHelper.getStyle(Ljavafx/css/Styleable;Ljava/lang/String;Lcom/sun/javafx/css/StyleMap;Ljava/util/Set;)Lcom/sun/javafx/css/CascadingStyle; @ 1
Event: 3.668 Thread 0x000001dc20355800 Uncommon trap: reason=unstable_if action=reinterpret pc=0x000001dc0ab75114 method=com.sun.javafx.css.StyleManager$CacheContainer.getStyleMap(I)Lcom/sun/javafx/css/StyleMap; @ 9
Event: 3.669 Thread 0x000001dc20355800 Uncommon trap: reason=unstable_if action=reinterpret pc=0x000001dc0ab39674 method=com.sun.javafx.css.StyleManager$CacheContainer.getStyleMap(I)Lcom/sun/javafx/css/StyleMap; @ 9
Event: 3.716 Thread 0x000001dc20355800 Uncommon trap: reason=unstable_if action=reinterpret pc=0x000001dc0a86470c method=jdk.internal.org.objectweb.asm.Type.getArgumentsAndReturnSizes(Ljava/lang/String;)I @ 47
Event: 3.718 Thread 0x000001dc20355800 Uncommon trap: reason=unstable_if action=reinterpret pc=0x000001dc0aaeeee0 method=java.lang.invoke.MethodType.checkPtypes([Ljava/lang/Class;)I @ 40
Event: 4.622 Thread 0x000001dc20355800 Uncommon trap: reason=unstable_if action=reinterpret pc=0x000001dc0ae240f8 method=javafx.scene.CssStyleHelper.transitionToState(Ljavafx/scene/Node;)V @ 4
Event: 4.622 Thread 0x000001dc20355800 Uncommon trap: reason=unstable_if action=reinterpret pc=0x000001dc0ada5244 method=javafx.scene.CssStyleHelper.getStyleMap(Ljavafx/css/Styleable;)Lcom/sun/javafx/css/StyleMap; @ 4
Event: 6.763 Thread 0x000001dc2077c800 Uncommon trap: reason=predicate action=maybe_recompile pc=0x000001dc0a6592c8 method=sun.net.www.ParseUtil.encodePath(Ljava/lang/String;Z)Ljava/lang/String; @ 36

Internal exceptions (10 events):
Event: 3.213 Thread 0x000001dc20355800 Exception <a 'java/lang/ClassCastException': java.lang.String cannot be cast to java.lang.Class> (0x00000000d61a9e00) thrown at [C:\re\workspace\8-2-build-windows-amd64-cygwin\jdk8u131\8869\hotspot\src\share\vm\interpreter\interpreterRuntime.cpp, line 381
Event: 3.627 Thread 0x000001dc20355800 Implicit null exception at 0x000001dc0aae7916 to 0x000001dc0aae7af6
Event: 3.642 Thread 0x000001dc20355800 Implicit null exception at 0x000001dc0aa1629a to 0x000001dc0aa16ce1
Event: 4.249 Thread 0x000001dc20355800 Exception <a 'java/lang/ClassCastException': java.lang.String cannot be cast to java.lang.Class> (0x00000000d6793478) thrown at [C:\re\workspace\8-2-build-windows-amd64-cygwin\jdk8u131\8869\hotspot\src\share\vm\interpreter\interpreterRuntime.cpp, line 381
Event: 4.576 Thread 0x000001dc20355800 Exception <a 'java/lang/ClassCastException': java.lang.String cannot be cast to java.lang.Class> (0x00000000d6d20508) thrown at [C:\re\workspace\8-2-build-windows-amd64-cygwin\jdk8u131\8869\hotspot\src\share\vm\interpreter\interpreterRuntime.cpp, line 381
Event: 4.581 Thread 0x000001dc20355800 Exception <a 'java/lang/ClassCastException': java.lang.String cannot be cast to java.lang.Class> (0x00000000d6d5e198) thrown at [C:\re\workspace\8-2-build-windows-amd64-cygwin\jdk8u131\8869\hotspot\src\share\vm\interpreter\interpreterRuntime.cpp, line 381
Event: 4.581 Thread 0x000001dc20355800 Exception <a 'java/io/FileNotFoundException'> (0x00000000d6d60890) thrown at [C:\re\workspace\8-2-build-windows-amd64-cygwin\jdk8u131\8869\hotspot\src\share\vm\prims\jni.cpp, line 709]
Event: 6.718 Thread 0x000001dc2077c800 Exception <a 'java/lang/ClassCastException': java.lang.String cannot be cast to java.lang.Class> (0x00000000d745ae58) thrown at [C:\re\workspace\8-2-build-windows-amd64-cygwin\jdk8u131\8869\hotspot\src\share\vm\interpreter\interpreterRuntime.cpp, line 381
Event: 6.838 Thread 0x000001dc2077c800 Exception <a 'java/lang/ClassCastException': java.lang.String cannot be cast to java.lang.Class> (0x00000000d750b870) thrown at [C:\re\workspace\8-2-build-windows-amd64-cygwin\jdk8u131\8869\hotspot\src\share\vm\interpreter\interpreterRuntime.cpp, line 381
Event: 6.839 Thread 0x000001dc2077c800 Exception <a 'java/lang/ClassCastException': java.lang.String cannot be cast to java.lang.Class> (0x00000000d750cc58) thrown at [C:\re\workspace\8-2-build-windows-amd64-cygwin\jdk8u131\8869\hotspot\src\share\vm\interpreter\interpreterRuntime.cpp, line 381

Events (10 events):
Event: 6.836 loading class sun/net/www/http/KeepAliveStreamCleaner$1
Event: 6.836 loading class sun/net/www/http/KeepAliveStreamCleaner$1 done
Event: 6.836 loading class sun/net/www/http/KeepAliveStreamCleaner$2
Event: 6.836 loading class sun/net/www/http/KeepAliveStreamCleaner$2 done
Event: 6.837 loading class sun/net/www/protocol/http/HttpURLConnection$HttpInputStream
Event: 6.837 loading class sun/net/www/protocol/http/HttpURLConnection$HttpInputStream done
Event: 9.483 Executing VM operation: RevokeBias
Event: 9.483 Executing VM operation: RevokeBias done
Event: 10.085 Executing VM operation: ParallelGCFailedAllocation
Event: 10.095 Executing VM operation: ParallelGCFailedAllocation done


Dynamic libraries:
0x00007ff7c9570000 - 0x00007ff7c966b000 	C:\Program Files\ooRexx\rexx.exe
0x00007ff9ee4a0000 - 0x00007ff9ee67b000 	C:\WINDOWS\SYSTEM32\ntdll.dll
0x00007ff9ee370000 - 0x00007ff9ee41e000 	C:\WINDOWS\System32\KERNEL32.DLL
0x00007ff9eb600000 - 0x00007ff9eb849000 	C:\WINDOWS\System32\KERNELBASE.dll
0x00007ff9caf70000 - 0x00007ff9cb0d7000 	C:\Program Files\ooRexx\REXXAPI.dll
0x00007ff9c73b0000 - 0x00007ff9c776d000 	C:\Program Files\ooRexx\rexx.dll
0x00007ff9ee200000 - 0x00007ff9ee34a000 	C:\WINDOWS\System32\USER32.dll
0x00007ff9eb5e0000 - 0x00007ff9eb5fe000 	C:\WINDOWS\System32\win32u.dll
0x00007ff9edca0000 - 0x00007ff9edd41000 	C:\WINDOWS\System32\ADVAPI32.dll
0x00007ff9eda20000 - 0x00007ff9eda47000 	C:\WINDOWS\System32\GDI32.dll
0x00007ff9ede70000 - 0x00007ff9edf0d000 	C:\WINDOWS\System32\msvcrt.dll
0x00007ff9ea9c0000 - 0x00007ff9eab48000 	C:\WINDOWS\System32\gdi32full.dll
0x00007ff9ee110000 - 0x00007ff9ee169000 	C:\WINDOWS\System32\sechost.dll
0x00007ff9edb00000 - 0x00007ff9edc25000 	C:\WINDOWS\System32\RPCRT4.dll
0x00007ff9ead90000 - 0x00007ff9eae2a000 	C:\WINDOWS\System32\msvcp_win.dll
0x00007ff9eb850000 - 0x00007ff9eb946000 	C:\WINDOWS\System32\ucrtbase.dll
0x00007ff9d60b0000 - 0x00007ff9d60b9000 	C:\WINDOWS\SYSTEM32\WSOCK32.dll
0x00007ff9edc30000 - 0x00007ff9edc9c000 	C:\WINDOWS\System32\WS2_32.dll
0x00007ff9e1a70000 - 0x00007ff9e1b16000 	C:\WINDOWS\WinSxS\amd64_microsoft.windows.common-controls_6595b64144ccf1df_5.82.15063.413_none_0e0f5dcc67adff4e\COMCTL32.dll
0x00007ff9ee170000 - 0x00007ff9ee19d000 	C:\WINDOWS\System32\IMM32.DLL
0x000000006b0e0000 - 0x000000006b21a000 	C:\Program Files\ooRexx\rexxutil.DLL
0x00007ff9edd50000 - 0x00007ff9edda1000 	C:\WINDOWS\System32\SHLWAPI.dll
0x00007ff9ebb70000 - 0x00007ff9ebe69000 	C:\WINDOWS\System32\combase.dll
0x00007ff9eab50000 - 0x00007ff9eabba000 	C:\WINDOWS\System32\bcryptPrimitives.dll
0x00007ff9e5620000 - 0x00007ff9e56aa000 	C:\WINDOWS\SYSTEM32\WINSPOOL.DRV
0x00007ff9ea490000 - 0x00007ff9ea4b5000 	C:\WINDOWS\SYSTEM32\bcrypt.dll
0x00007ff9c7270000 - 0x00007ff9c73a8000 	C:\Program Files\ooRexx\OREXXOLE.DLL
0x00007ff9ed8d0000 - 0x00007ff9eda15000 	C:\WINDOWS\System32\ole32.dll
0x00007ff9ebf80000 - 0x00007ff9ec040000 	C:\WINDOWS\System32\OLEAUT32.dll
0x00007ff9ea810000 - 0x00007ff9ea840000 	C:\WINDOWS\SYSTEM32\SspiCli.dll
0x00007ff9e9ef0000 - 0x00007ff9e9f4c000 	C:\WINDOWS\system32\mswsock.dll
0x00007ff9dfa90000 - 0x00007ff9dfaa6000 	C:\WINDOWS\system32\napinsp.dll
0x00007ff9dfa70000 - 0x00007ff9dfa8a000 	C:\WINDOWS\system32\pnrpnsp.dll
0x00007ff9e7160000 - 0x00007ff9e7178000 	C:\WINDOWS\system32\NLAapi.dll
0x00007ff9e9cd0000 - 0x00007ff9e9d74000 	C:\WINDOWS\SYSTEM32\DNSAPI.dll
0x00007ff9ede60000 - 0x00007ff9ede68000 	C:\WINDOWS\System32\NSI.dll
0x00007ff9e9c90000 - 0x00007ff9e9cc7000 	C:\WINDOWS\SYSTEM32\IPHLPAPI.DLL
0x00007ff9e6e60000 - 0x00007ff9e6e6e000 	C:\WINDOWS\System32\winrnr.dll
0x00007ff9e46b0000 - 0x00007ff9e46c5000 	C:\WINDOWS\System32\wshbth.dll
0x00007ff9d89b0000 - 0x00007ff9d8a1b000 	C:\WINDOWS\System32\fwpuclnt.dll
0x00007ff9d7290000 - 0x00007ff9d729a000 	C:\Windows\System32\rasadhlp.dll
0x0000000010000000 - 0x000000001002b000 	C:\Users\abagi\Downloads\BSF4ooRexx_install_v600-20170617-beta\bsf4oorexx\BSF4ooRexx.DLL
0x0000000069c00000 - 0x000000006a49c000 	C:\Program Files\Java\jre1.8.0_131\bin\server\jvm.DLL
0x00007ff9ede50000 - 0x00007ff9ede58000 	C:\WINDOWS\System32\PSAPI.DLL
0x00007ff9e7750000 - 0x00007ff9e7773000 	C:\WINDOWS\SYSTEM32\WINMM.dll
0x00007ff9e8f40000 - 0x00007ff9e8f4a000 	C:\WINDOWS\SYSTEM32\VERSION.dll
0x00007ff9e76f0000 - 0x00007ff9e771b000 	C:\WINDOWS\SYSTEM32\WINMMBASE.dll
0x00007ff9eb9b0000 - 0x00007ff9eb9f9000 	C:\WINDOWS\System32\cfgmgr32.dll
0x000000006b000000 - 0x000000006b0d2000 	C:\Program Files\Java\jdk1.8.0_131\bin\MSVCR100.dll
0x000000006aff0000 - 0x000000006afff000 	C:\Program Files\Java\jre1.8.0_131\bin\verify.dll
0x000000006afc0000 - 0x000000006afe9000 	C:\Program Files\Java\jre1.8.0_131\bin\java.dll
0x000000006afa0000 - 0x000000006afb6000 	C:\Program Files\Java\jre1.8.0_131\bin\zip.dll
0x00007ff9ec480000 - 0x00007ff9ed8b7000 	C:\WINDOWS\System32\SHELL32.dll
0x00007ff9eda50000 - 0x00007ff9edafa000 	C:\WINDOWS\System32\shcore.dll
0x00007ff9eae30000 - 0x00007ff9eb522000 	C:\WINDOWS\System32\windows.storage.dll
0x00007ff9ea980000 - 0x00007ff9ea991000 	C:\WINDOWS\System32\kernel.appcore.dll
0x00007ff9ea930000 - 0x00007ff9ea97c000 	C:\WINDOWS\System32\powrprof.dll
0x00007ff9ea910000 - 0x00007ff9ea925000 	C:\WINDOWS\System32\profapi.dll
0x0000000069a60000 - 0x0000000069bf8000 	C:\Program Files\Java\jre1.8.0_131\bin\awt.dll
0x00007ff9e8b40000 - 0x00007ff9e8bbe000 	C:\WINDOWS\SYSTEM32\apphelp.dll
0x00007ff9cea00000 - 0x00007ff9ceaef000 	C:\Program Files\Java\jre1.8.0_131\bin\msvcr120.dll
0x00007ff9dd3e0000 - 0x00007ff9dd486000 	C:\Program Files\Java\jre1.8.0_131\bin\msvcp120.dll
0x000000006af70000 - 0x000000006af92000 	C:\Program Files\Java\jre1.8.0_131\bin\prism_d3d.dll
0x00007ff9c7770000 - 0x00007ff9c78f9000 	C:\WINDOWS\system32\d3d9.dll
0x00007ff9e72e0000 - 0x00007ff9e730a000 	C:\WINDOWS\SYSTEM32\dwmapi.dll
0x00007ff9e8c60000 - 0x00007ff9e8cf5000 	C:\WINDOWS\system32\uxtheme.dll
0x00007ff996cf0000 - 0x00007ff99922d000 	C:\WINDOWS\SYSTEM32\igdumdim64.dll
0x00007ff9ec040000 - 0x00007ff9ec47b000 	C:\WINDOWS\System32\SETUPAPI.dll
0x000000006af20000 - 0x000000006af63000 	C:\Program Files\Java\jre1.8.0_131\bin\glass.dll
0x00007ff9ebe70000 - 0x00007ff9ebf78000 	C:\WINDOWS\System32\COMDLG32.dll
0x00007ff9eba00000 - 0x00007ff9ebb66000 	C:\WINDOWS\System32\MSCTF.dll
0x00007ff9d7b20000 - 0x00007ff9d7bc1000 	C:\Program Files\Common Files\microsoft shared\ink\tiptsf.dll
0x00007ff9e2110000 - 0x00007ff9e2f83000 	C:\WINDOWS\SYSTEM32\igc64.dll
0x000000006af00000 - 0x000000006af14000 	C:\Program Files\Java\jre1.8.0_131\bin\javafx_font.dll
0x00007ff9e4020000 - 0x00007ff9e42df000 	C:\WINDOWS\SYSTEM32\dwrite.dll
0x00007ff9eddb0000 - 0x00007ff9ede4e000 	C:\WINDOWS\System32\clbcatq.dll
0x00007ff9d8fb0000 - 0x00007ff9d9217000 	C:\WINDOWS\WinSxS\amd64_microsoft.windows.common-controls_6595b64144ccf1df_6.0.15063.0_none_108e4f62dfe5d999\comctl32.dll
0x00007ff9e5230000 - 0x00007ff9e53dc000 	C:\WINDOWS\SYSTEM32\WindowsCodecs.dll
0x00007ff9d6510000 - 0x00007ff9d6557000 	C:\WINDOWS\system32\dataexchange.dll
0x00007ff9e7d50000 - 0x00007ff9e802f000 	C:\WINDOWS\system32\d3d11.dll
0x00007ff9e7510000 - 0x00007ff9e7632000 	C:\WINDOWS\system32\dcomp.dll
0x00007ff9e8d90000 - 0x00007ff9e8e34000 	C:\WINDOWS\system32\dxgi.dll
0x00007ff9e92f0000 - 0x00007ff9e9460000 	C:\WINDOWS\system32\twinapi.appcore.dll
0x00007ff9dbeb0000 - 0x00007ff9dbee1000 	C:\Program Files\Common Files\Microsoft Shared\Ink\rtscom.dll
0x00007ff9e4620000 - 0x00007ff9e46a2000 	C:\WINDOWS\System32\TextInputFramework.dll
0x00007ff9e47f0000 - 0x00007ff9e4ac2000 	C:\WINDOWS\System32\CoreUIComponents.dll
0x00007ff9e8030000 - 0x00007ff9e8113000 	C:\WINDOWS\System32\CoreMessaging.dll
0x00007ff9e6810000 - 0x00007ff9e6949000 	C:\WINDOWS\SYSTEM32\wintypes.dll
0x00007ff9e9940000 - 0x00007ff9e9971000 	C:\WINDOWS\SYSTEM32\ntmarta.dll
0x00007ff9e7000000 - 0x00007ff9e7015000 	C:\WINDOWS\SYSTEM32\usermgrcli.dll
0x00007ff9d9410000 - 0x00007ff9d95d5000 	C:\Windows\System32\uiautomationcore.dll
0x00007ff9ea770000 - 0x00007ff9ea80a000 	C:\WINDOWS\SYSTEM32\sxs.dll
0x00007ff9d83f0000 - 0x00007ff9d845b000 	C:\WINDOWS\SYSTEM32\OLEACC.dll
0x00007ff9ea4c0000 - 0x00007ff9ea4d7000 	C:\WINDOWS\SYSTEM32\CRYPTSP.dll
0x00007ff9e9b10000 - 0x00007ff9e9b44000 	C:\WINDOWS\system32\rsaenh.dll
0x00007ff9ea840000 - 0x00007ff9ea869000 	C:\WINDOWS\SYSTEM32\USERENV.dll
0x00007ff9ea090000 - 0x00007ff9ea09b000 	C:\WINDOWS\SYSTEM32\CRYPTBASE.dll
0x000000006aee0000 - 0x000000006aefa000 	C:\Program Files\Java\jre1.8.0_131\bin\net.dll
0x00007ff9ddd20000 - 0x00007ff9ddd36000 	C:\WINDOWS\SYSTEM32\dhcpcsvc6.DLL
0x00007ff9ddd00000 - 0x00007ff9ddd1a000 	C:\WINDOWS\SYSTEM32\dhcpcsvc.DLL
0x000000006aec0000 - 0x000000006aed1000 	C:\Program Files\Java\jre1.8.0_131\bin\nio.dll
0x000000006aea0000 - 0x000000006aeb1000 	C:\Program Files\Java\jre1.8.0_131\bin\prism_common.dll
0x00007ff9e8190000 - 0x00007ff9e8734000 	C:\WINDOWS\SYSTEM32\d2d1.dll
0x00007ff9eabc0000 - 0x00007ff9ead89000 	C:\WINDOWS\System32\CRYPT32.dll
0x00007ff9ea9a0000 - 0x00007ff9ea9b1000 	C:\WINDOWS\System32\MSASN1.dll
0x00007ff9d03d0000 - 0x00007ff9d06a5000 	C:\WINDOWS\SYSTEM32\D3D10Warp.dll
0x00007ff9da480000 - 0x00007ff9da706000 	C:\WINDOWS\SYSTEM32\iertutil.dll
0x00007ff9ea4e0000 - 0x00007ff9ea689000 	C:\WINDOWS\SYSTEM32\dbghelp.dll

VM Arguments:
java_command: <unknown>
java_class_path (initial): C:\Program Files\BSF4ooRexx\bsf4ooRexx-v600-20170405-bin.jar;C:\Program Files\BSF4ooRexx\jni4net.j-0.8.8.0.jar;C:\Program Files\BSF4ooRexx\oorexx.net.jar;C:\Users\abagi\Downloads\BSF4ooRexx_install_v600-20170617-beta\bsf4oorexx\bsf4ooRexx-v600-20170617-bin.jar;C:\Users\abagi\Downloads\BSF4ooRexx_install_v600-20170617-beta\bsf4oorexx\jni4net.j-0.8.8.0.jar;C:\Users\abagi\Downloads\BSF4ooRexx_install_v600-20170617-beta\bsf4oorexx\oorexx.net.jar;.;C:\Users\abagi\OneDrive\Dokumente\WU\javafx\ooRexxTryFX\java\ikonli-core-1.9.0.jar;C:\Users\abagi\OneDrive\Dokumente\WU\javafx\ooRexxTryFX\java\ikonli-javafx-1.9.0.jar;C:\Users\abagi\OneDrive\Dokumente\WU\javafx\ooRexxTryFX\java\ikonli-octicons-pack-1.9.0.jar;C:\Users\abagi\OneDrive\Dokumente\WU\javafx\ooRexxTryFX\java\ikonli-openiconic-pack-1.9.0.jar;C:\Users\abagi\OneDrive\Dokumente\WU\javafx\ooRexxTryFX\java\richtextfx-0.7-M5-custom.jar;
Launcher Type: generic

Environment Variables:
CLASSPATH=C:\Program Files\BSF4ooRexx\bsf4ooRexx-v600-20170405-bin.jar;C:\Program Files\BSF4ooRexx\jni4net.j-0.8.8.0.jar;C:\Program Files\BSF4ooRexx\oorexx.net.jar;C:\Users\abagi\Downloads\BSF4ooRexx_install_v600-20170617-beta\bsf4oorexx\bsf4ooRexx-v600-20170617-bin.jar;C:\Users\abagi\Downloads\BSF4ooRexx_install_v600-20170617-beta\bsf4oorexx\jni4net.j-0.8.8.0.jar;C:\Users\abagi\Downloads\BSF4ooRexx_install_v600-20170617-beta\bsf4oorexx\oorexx.net.jar;.;C:\Users\abagi\OneDrive\Dokumente\WU\javafx\ooRexxTryFX\java\ikonli-core-1.9.0.jar;C:\Users\abagi\OneDrive\Dokumente\WU\javafx\ooRexxTryFX\java\ikonli-javafx-1.9.0.jar;C:\Users\abagi\OneDrive\Dokumente\WU\javafx\ooRexxTryFX\java\ikonli-octicons-pack-1.9.0.jar;C:\Users\abagi\OneDrive\Dokumente\WU\javafx\ooRexxTryFX\java\ikonli-openiconic-pack-1.9.0.jar;C:\Users\abagi\OneDrive\Dokumente\WU\javafx\ooRexxTryFX\java\richtextfx-0.7-M5-custom.jar;
PATH=C:\ProgramData\Oracle\Java\javapath;C:\WINDOWS\system32;C:\WINDOWS;C:\WINDOWS\System32\Wbem;C:\WINDOWS\System32\WindowsPowerShell\v1.0\;C:\Program Files\ooRexx;C:\Program Files\BSF4ooRexx;C:\Program Files\Java\jdk1.8.0_131\bin;C:\Program Files\nodejs\;C:\Program Files\Git\cmd;C:\Users\abagi\Downloads\BSF4ooRexx_install_v600-20170617-beta\bsf4oorexx;C:\Program Files\Java\jre1.8.0_131\bin\server;C:\Users\abagi\AppData\Local\Microsoft\WindowsApps;C:\Program Files (x86)\Microsoft VS Code\bin;C:\Users\abagi\AppData\Roaming\npm;C:\Users\abagi\AppData\Roaming\Dashlane\4.8.1.32550\bin\Firefox_Extension\{442718d9-475e-452a-b3e1-fb1ee16b8e9f}\components;C:\Users\abagi\AppData\Roaming\Dashlane\4.8.1.32550\ucrt
USERNAME=abagi
OS=Windows_NT
PROCESSOR_IDENTIFIER=Intel64 Family 6 Model 78 Stepping 3, GenuineIntel



---------------  S Y S T E M  ---------------

OS: Windows 10.0 , 64 bit Build 15063 (10.0.15063.296)

CPU:total 4 (initial active 4) (2 cores per cpu, 2 threads per core) family 6 model 78 stepping 3, cmov, cx8, fxsr, mmx, sse, sse2, sse3, ssse3, sse4.1, sse4.2, popcnt, avx, avx2, aes, clmul, erms, rtm, 3dnowpref, lzcnt, ht, tsc, tscinvbit, bmi1, bmi2, adx

Memory: 4k page, physical 8312940k(1402996k free), swap 17928276k(2234628k free)

vm_info: Java HotSpot(TM) 64-Bit Server VM (25.131-b11) for windows-amd64 JRE (1.8.0_131-b11), built on Mar 15 2017 01:23:53 by "java_re" with MS VC++ 10.0 (VS2010)

time: Wed Jul 05 11:08:51 2017
elapsed time: 10 seconds (0d 0h 0m 10s)

