#
# A fatal error has been detected by the Java Runtime Environment:
#
#  EXCEPTION_ACCESS_VIOLATION (0xc0000005) at pc=0x00007ff9c74810c1, pid=10800, tid=0x0000000000005404
#
# JRE version: Java(TM) SE Runtime Environment (8.0_131-b11) (build 1.8.0_131-b11)
# Java VM: Java HotSpot(TM) 64-Bit Server VM (25.131-b11 mixed mode windows-amd64 compressed oops)
# Problematic frame:
# C  [rexx.dll+0xd10c1]
#
# Failed to write core dump. Minidumps are not enabled by default on client versions of Windows
#
# If you would like to submit a bug report, please visit:
#   http://bugreport.java.com/bugreport/crash.jsp
# The crash happened outside the Java Virtual Machine in native code.
# See problematic frame for where to report the bug.
#

---------------  T H R E A D  ---------------

Current thread (0x000001e6fcfd0800):  JavaThread "Thread-6" [_thread_in_native, id=21508, stack(0x000000de40b80000,0x000000de40c00000)]

siginfo: ExceptionCode=0xc0000005, reading address 0x0000000000000000

Registers:
RAX=0x0000000000000000, RBX=0x00007ff7c859c460, RCX=0x0000000000000000, RDX=0x0000000000000042
RSP=0x000000de40bfdf80, RBP=0x00007ff7c83f90e0, RSI=0x000001e68455b260, RDI=0x000000de40bfdfb0
R8 =0x0000000000000003, R9 =0x000000000000c5bb, R10=0x00007ff9c76811b8, R11=0x00007ff7c7fd27a0
R12=0x000001e6fcfd09f8, R13=0x00007ff7c83e7180, R14=0x000000de40bfedd0, R15=0x00007ff7c83fca80
RIP=0x00007ff9c74810c1, EFLAGS=0x0000000000010287

Top of Stack: (sp=0x000000de40bfdf80)
0x000000de40bfdf80:   00007ff7c859b1f0 0000000000000042
0x000000de40bfdf90:   cccccccccccccccc cccccccccccccccc
0x000000de40bfdfa0:   0000000000000000 cccccccccccccccc
0x000000de40bfdfb0:   000000de40bfdff0 00007ff9c74ae870
0x000000de40bfdfc0:   00007ff7c7fd1cd0 0000000000000042
0x000000de40bfdfd0:   cccccccccccccccc cccccccccccccccc
0x000000de40bfdfe0:   0000000000000042 00007ff7c7fd1cd0
0x000000de40bfdff0:   000000de40bfe020 00007ff9c74ae6ee
0x000000de40bfe000:   00007ff9c771ada0 00007ff9c771ada0
0x000000de40bfe010:   cccccccccccccccc cccccccccccccccc
0x000000de40bfe020:   000000de40bfe050 00007ff9c74aeb16
0x000000de40bfe030:   00007ff9c771ada0 00007ff9c76889a0
0x000000de40bfe040:   0000000000000003 000000000000c5bb
0x000000de40bfe050:   000000de40bfe090 00007ff9c7498924
0x000000de40bfe060:   00007ff9c771ada0 cccccccccccccccc
0x000000de40bfe070:   cccccccccccccccc cccccccccccccccc 

Instructions: (pc=0x00007ff9c74810c1)
0x00007ff9c74810a1:   24 20 48 8b 44 24 40 48 8b 40 60 48 39 44 24 20
0x00007ff9c74810b1:   73 58 48 8b 44 24 40 48 8b 40 68 48 8b 4c 24 20
0x00007ff9c74810c1:   48 83 3c c8 00 74 41 48 8b 44 24 40 48 8b 40 68
0x00007ff9c74810d1:   48 8b 54 24 48 48 8b 4c 24 20 48 8b 0c c8 e8 4d 


Register to memory mapping:

RAX=0x0000000000000000 is an unknown value
RBX=0x00007ff7c859c460 is an unknown value
RCX=0x0000000000000000 is an unknown value
RDX=0x0000000000000042 is an unknown value
RSP=0x000000de40bfdf80 is pointing into the stack for thread: 0x000001e6fcfd0800
RBP=0x00007ff7c83f90e0 is an unknown value
RSI=0x000001e68455b260 is an unknown value
RDI=0x000000de40bfdfb0 is pointing into the stack for thread: 0x000001e6fcfd0800
R8 =0x0000000000000003 is an unknown value
R9 =0x000000000000c5bb is an unknown value
R10=0x00007ff9c76811b8 is an unknown value
R11=0x00007ff7c7fd27a0 is an unknown value
R12=0x000001e6fcfd09f8 is an unknown value
R13=0x00007ff7c83e7180 is an unknown value
R14=0x000000de40bfedd0 is pointing into the stack for thread: 0x000001e6fcfd0800
R15=0x00007ff7c83fca80 is an unknown value


Stack: [0x000000de40b80000,0x000000de40c00000],  sp=0x000000de40bfdf80,  free space=503k
Native frames: (J=compiled Java code, j=interpreted, Vv=VM code, C=native code)
C  [rexx.dll+0xd10c1]
C  [rexx.dll+0xfe870]
C  [rexx.dll+0xfe6ee]
C  [rexx.dll+0xfeb16]
C  [rexx.dll+0xe8924]
C  [rexx.dll+0xfddab]
C  [rexx.dll+0x26249]
C  [rexx.dll+0x6bdfd]
C  [rexx.dll+0xdb9e5]
C  [rexx.dll+0xd088e]
C  [rexx.dll+0xd000d]
C  [rexx.dll+0xc9f5a]
C  [rexx.dll+0xc9ecc]
C  [rexx.dll+0xc6591]
C  [rexx.dll+0x1249c2]
C  [rexx.dll+0x12c4ab]
C  [rexx.dll+0xbf31c]
C  [rexx.dll+0xce7a7]
C  [rexx.dll+0x3cb02]
C  [rexx.dll+0x57233]
C  [rexx.dll+0x58607]
C  [rexx.dll+0x126ee3]
C  [rexx.dll+0x13c3d5]
C  [rexx.dll+0xbf31c]
C  [rexx.dll+0xce7a7]
C  [rexx.dll+0x3cb02]
C  [rexx.dll+0x585d6]
C  [rexx.dll+0x26751]
C  [rexx.dll+0x995fa]
C  [BSF4ooRexx.DLL+0xbdca]
C  0x000001e6e125925b

Java frames: (J=compiled Java code, j=interpreted, Vv=VM code)
j  org.rexxla.bsf.engines.rexx.RexxAndJava.jniRexxSendMessageToRexxObject(Ljava/lang/String;Ljava/lang/String;Ljava/lang/String;Ljava/lang/String;Ljava/lang/String;Ljava/lang/String;Ljava/lang/String;[Ljava/lang/Object;Ljava/lang/String;)Ljava/lang/Object;+0
j  org.rexxla.bsf.engines.rexx.RexxEngine.call(Lorg/rexxla/bsf/engines/rexx/RexxProxy;Ljava/lang/reflect/Method;[Ljava/lang/Object;)Ljava/lang/Object;+484
j  org.rexxla.bsf.engines.rexx.RexxProxy.invoke(Ljava/lang/reflect/Method;[Ljava/lang/Object;)Ljava/lang/Object;+97
j  org.rexxla.bsf.engines.rexx.RexxProxy.invoke(Ljava/lang/Object;Ljava/lang/reflect/Method;[Ljava/lang/Object;)Ljava/lang/Object;+96
j  com.sun.proxy.$Proxy8.run()V+9
j  java.lang.Thread.run()V+11
v  ~StubRoutines::call_stub

---------------  P R O C E S S  ---------------

Java Threads: ( => current thread )
=>0x000001e6fcfd0800 JavaThread "Thread-6" [_thread_in_native, id=21508, stack(0x000000de40b80000,0x000000de40c00000)]
  0x000001e6f7394000 JavaThread "Prism Font Disposer" daemon [_thread_blocked, id=2588, stack(0x000000de40980000,0x000000de40a00000)]
  0x000001e6f7155000 JavaThread "Thread-4" daemon [_thread_in_native, id=14108, stack(0x000000de40580000,0x000000de40600000)]
  0x000001e6f70ed800 JavaThread "JavaFX Application Thread" [_thread_in_native, id=20864, stack(0x000000de40380000,0x000000de40400000)]
  0x000001e6f70ec800 JavaThread "Thread-3" daemon [_thread_blocked, id=15328, stack(0x000000de40300000,0x000000de40380000)]
  0x000001e6f70ea000 JavaThread "QuantumRenderer-0" daemon [_thread_blocked, id=6300, stack(0x000000de40280000,0x000000de40300000)]
  0x000001e6f704d800 JavaThread "JavaFX-Launcher" [_thread_blocked, id=8184, stack(0x000000de40200000,0x000000de40280000)]
  0x000001e6f6a4e000 JavaThread "Service Thread" daemon [_thread_blocked, id=16528, stack(0x000000de40100000,0x000000de40180000)]
  0x000001e6f59c1800 JavaThread "C1 CompilerThread2" daemon [_thread_blocked, id=13832, stack(0x000000de40080000,0x000000de40100000)]
  0x000001e6f59c0800 JavaThread "C2 CompilerThread1" daemon [_thread_blocked, id=19792, stack(0x000000de40000000,0x000000de40080000)]
  0x000001e6f59be000 JavaThread "C2 CompilerThread0" daemon [_thread_blocked, id=18280, stack(0x000000de3ff80000,0x000000de40000000)]
  0x000001e6f59ba800 JavaThread "Attach Listener" daemon [_thread_blocked, id=16012, stack(0x000000de3ff00000,0x000000de3ff80000)]
  0x000001e6f59b9800 JavaThread "Signal Dispatcher" daemon [_thread_blocked, id=17560, stack(0x000000de3fe80000,0x000000de3ff00000)]
  0x000001e6e0fba000 JavaThread "Finalizer" daemon [_thread_blocked, id=6536, stack(0x000000de3fe00000,0x000000de3fe80000)]
  0x000001e6f5988800 JavaThread "Reference Handler" daemon [_thread_blocked, id=3440, stack(0x000000de3fd80000,0x000000de3fe00000)]
  0x000001e6e0ec0800 JavaThread "main" [_thread_blocked, id=19952, stack(0x000000de3f620000,0x000000de3f6a0000)]

Other Threads:
  0x000001e6f5987000 VMThread [stack: 0x000000de3fd00000,0x000000de3fd80000] [id=19240]
  0x000001e6f6a59800 WatcherThread [stack: 0x000000de40180000,0x000000de40200000] [id=3412]

VM state:not at safepoint (normal execution)

VM Mutex/Monitor currently owned by a thread: None

Heap:
 PSYoungGen      total 38400K, used 34055K [0x00000000d5b80000, 0x00000000d9180000, 0x0000000100000000)
  eden space 33280K, 86% used [0x00000000d5b80000,0x00000000d77c2f40,0x00000000d7c00000)
  from space 5120K, 99% used [0x00000000d7c00000,0x00000000d80fefa8,0x00000000d8100000)
  to   space 5120K, 0% used [0x00000000d8c80000,0x00000000d8c80000,0x00000000d9180000)
 ParOldGen       total 63488K, used 10289K [0x0000000081200000, 0x0000000085000000, 0x00000000d5b80000)
  object space 63488K, 16% used [0x0000000081200000,0x0000000081c0c4f0,0x0000000085000000)
 Metaspace       used 28018K, capacity 30653K, committed 30848K, reserved 1075200K
  class space    used 4211K, capacity 4706K, committed 4736K, reserved 1048576K

Card table byte_map: [0x000001e6f0600000,0x000001e6f0a00000] byte_map_base: 0x000001e6f01f7000

Marking Bits: (ParMarkBitMap*) 0x000000006a41c720
 Begin Bits: [0x000001e6f0cb0000, 0x000001e6f2c68000)
 End Bits:   [0x000001e6f2c68000, 0x000001e6f4c20000)

Polling page: 0x000001e6df380000

CodeCache: size=245760Kb used=13409Kb max_used=13433Kb free=232350Kb
 bounds [0x000001e6e1240000, 0x000001e6e1f70000, 0x000001e6f0240000]
 total_blobs=4864 nmethods=4147 adapters=627
 compilation: enabled

Compilation events (10 events):
Event: 7.687 Thread 0x000001e6f59c1800 nmethod 4142 0x000001e6e1f503d0 code [0x000001e6e1f50540, 0x000001e6e1f507b0]
Event: 7.690 Thread 0x000001e6f59c1800 4147       1       com.sun.scenario.animation.AbstractMasterTimer::access$200 (5 bytes)
Event: 7.690 Thread 0x000001e6f59c1800 nmethod 4147 0x000001e6e1f50890 code [0x000001e6e1f509e0, 0x000001e6e1f50ad8]
Event: 7.693 Thread 0x000001e6f59be000 nmethod 4137 0x000001e6e1f520d0 code [0x000001e6e1f522c0, 0x000001e6e1f52ba8]
Event: 7.693 Thread 0x000001e6f59be000 4138       4       com.sun.javafx.text.PrismTextLayout::isSimpleLayout (51 bytes)
Event: 7.694 Thread 0x000001e6f59be000 nmethod 4138 0x000001e6e1f51150 code [0x000001e6e1f512c0, 0x000001e6e1f51378]
Event: 7.694 Thread 0x000001e6f59be000 4140       4       javafx.scene.Node$LazyBoundsProperty::get (5 bytes)
Event: 7.702 Thread 0x000001e6f59be000 nmethod 4140 0x000001e6e1f562d0 code [0x000001e6e1f56480, 0x000001e6e1f568e8]
Event: 7.702 Thread 0x000001e6f59be000 4139       4       com.sun.javafx.font.PrismFontFile::getGlyphBoundingBox (165 bytes)
Event: 7.715 Thread 0x000001e6f59be000 nmethod 4139 0x000001e6e1f53b10 code [0x000001e6e1f53ce0, 0x000001e6e1f544f0]

GC Heap History (8 events):
Event: 1.188 GC heap before
{Heap before GC invocations=1 (full 0):
 PSYoungGen      total 38400K, used 33280K [0x00000000d5b80000, 0x00000000d8600000, 0x0000000100000000)
  eden space 33280K, 100% used [0x00000000d5b80000,0x00000000d7c00000,0x00000000d7c00000)
  from space 5120K, 0% used [0x00000000d8100000,0x00000000d8100000,0x00000000d8600000)
  to   space 5120K, 0% used [0x00000000d7c00000,0x00000000d7c00000,0x00000000d8100000)
 ParOldGen       total 87552K, used 0K [0x0000000081200000, 0x0000000086780000, 0x00000000d5b80000)
  object space 87552K, 0% used [0x0000000081200000,0x0000000081200000,0x0000000086780000)
 Metaspace       used 15699K, capacity 16140K, committed 16256K, reserved 1062912K
  class space    used 2027K, capacity 2161K, committed 2176K, reserved 1048576K
Event: 1.200 GC heap after
Heap after GC invocations=1 (full 0):
 PSYoungGen      total 38400K, used 5105K [0x00000000d5b80000, 0x00000000d8600000, 0x0000000100000000)
  eden space 33280K, 0% used [0x00000000d5b80000,0x00000000d5b80000,0x00000000d7c00000)
  from space 5120K, 99% used [0x00000000d7c00000,0x00000000d80fc518,0x00000000d8100000)
  to   space 5120K, 0% used [0x00000000d8100000,0x00000000d8100000,0x00000000d8600000)
 ParOldGen       total 87552K, used 1341K [0x0000000081200000, 0x0000000086780000, 0x00000000d5b80000)
  object space 87552K, 1% used [0x0000000081200000,0x000000008134f660,0x0000000086780000)
 Metaspace       used 15699K, capacity 16140K, committed 16256K, reserved 1062912K
  class space    used 2027K, capacity 2161K, committed 2176K, reserved 1048576K
}
Event: 1.800 GC heap before
{Heap before GC invocations=2 (full 0):
 PSYoungGen      total 38400K, used 21397K [0x00000000d5b80000, 0x00000000d8600000, 0x0000000100000000)
  eden space 33280K, 48% used [0x00000000d5b80000,0x00000000d6b69258,0x00000000d7c00000)
  from space 5120K, 99% used [0x00000000d7c00000,0x00000000d80fc518,0x00000000d8100000)
  to   space 5120K, 0% used [0x00000000d8100000,0x00000000d8100000,0x00000000d8600000)
 ParOldGen       total 87552K, used 1341K [0x0000000081200000, 0x0000000086780000, 0x00000000d5b80000)
  object space 87552K, 1% used [0x0000000081200000,0x000000008134f660,0x0000000086780000)
 Metaspace       used 20279K, capacity 21275K, committed 21296K, reserved 1067008K
  class space    used 2863K, capacity 3072K, committed 3072K, reserved 1048576K
Event: 1.808 GC heap after
Heap after GC invocations=2 (full 0):
 PSYoungGen      total 38400K, used 5116K [0x00000000d5b80000, 0x00000000da680000, 0x0000000100000000)
  eden space 33280K, 0% used [0x00000000d5b80000,0x00000000d5b80000,0x00000000d7c00000)
  from space 5120K, 99% used [0x00000000d8100000,0x00000000d85ff0d8,0x00000000d8600000)
  to   space 5120K, 0% used [0x00000000d7c00000,0x00000000d7c00000,0x00000000d8100000)
 ParOldGen       total 87552K, used 3247K [0x0000000081200000, 0x0000000086780000, 0x00000000d5b80000)
  object space 87552K, 3% used [0x0000000081200000,0x000000008152bf80,0x0000000086780000)
 Metaspace       used 20279K, capacity 21275K, committed 21296K, reserved 1067008K
  class space    used 2863K, capacity 3072K, committed 3072K, reserved 1048576K
}
Event: 1.808 GC heap before
{Heap before GC invocations=3 (full 1):
 PSYoungGen      total 38400K, used 5116K [0x00000000d5b80000, 0x00000000da680000, 0x0000000100000000)
  eden space 33280K, 0% used [0x00000000d5b80000,0x00000000d5b80000,0x00000000d7c00000)
  from space 5120K, 99% used [0x00000000d8100000,0x00000000d85ff0d8,0x00000000d8600000)
  to   space 5120K, 0% used [0x00000000d7c00000,0x00000000d7c00000,0x00000000d8100000)
 ParOldGen       total 87552K, used 3247K [0x0000000081200000, 0x0000000086780000, 0x00000000d5b80000)
  object space 87552K, 3% used [0x0000000081200000,0x000000008152bf80,0x0000000086780000)
 Metaspace       used 20279K, capacity 21275K, committed 21296K, reserved 1067008K
  class space    used 2863K, capacity 3072K, committed 3072K, reserved 1048576K
Event: 1.841 GC heap after
Heap after GC invocations=3 (full 1):
 PSYoungGen      total 38400K, used 0K [0x00000000d5b80000, 0x00000000da680000, 0x0000000100000000)
  eden space 33280K, 0% used [0x00000000d5b80000,0x00000000d5b80000,0x00000000d7c00000)
  from space 5120K, 0% used [0x00000000d8100000,0x00000000d8100000,0x00000000d8600000)
  to   space 5120K, 0% used [0x00000000d7c00000,0x00000000d7c00000,0x00000000d8100000)
 ParOldGen       total 63488K, used 6955K [0x0000000081200000, 0x0000000085000000, 0x00000000d5b80000)
  object space 63488K, 10% used [0x0000000081200000,0x00000000818cae90,0x0000000085000000)
 Metaspace       used 20279K, capacity 21275K, committed 21296K, reserved 1067008K
  class space    used 2863K, capacity 3072K, committed 3072K, reserved 1048576K
}
Event: 2.971 GC heap before
{Heap before GC invocations=4 (full 1):
 PSYoungGen      total 38400K, used 33053K [0x00000000d5b80000, 0x00000000da680000, 0x0000000100000000)
  eden space 33280K, 99% used [0x00000000d5b80000,0x00000000d7bc7570,0x00000000d7c00000)
  from space 5120K, 0% used [0x00000000d8100000,0x00000000d8100000,0x00000000d8600000)
  to   space 5120K, 0% used [0x00000000d7c00000,0x00000000d7c00000,0x00000000d8100000)
 ParOldGen       total 63488K, used 6955K [0x0000000081200000, 0x0000000085000000, 0x00000000d5b80000)
  object space 63488K, 10% used [0x0000000081200000,0x00000000818cae90,0x0000000085000000)
 Metaspace       used 25180K, capacity 27449K, committed 27648K, reserved 1073152K
  class space    used 3841K, capacity 4292K, committed 4352K, reserved 1048576K
Event: 2.980 GC heap after
Heap after GC invocations=4 (full 1):
 PSYoungGen      total 38400K, used 5115K [0x00000000d5b80000, 0x00000000d9180000, 0x0000000100000000)
  eden space 33280K, 0% used [0x00000000d5b80000,0x00000000d5b80000,0x00000000d7c00000)
  from space 5120K, 99% used [0x00000000d7c00000,0x00000000d80fefa8,0x00000000d8100000)
  to   space 5120K, 0% used [0x00000000d8c80000,0x00000000d8c80000,0x00000000d9180000)
 ParOldGen       total 63488K, used 10289K [0x0000000081200000, 0x0000000085000000, 0x00000000d5b80000)
  object space 63488K, 16% used [0x0000000081200000,0x0000000081c0c4f0,0x0000000085000000)
 Metaspace       used 25180K, capacity 27449K, committed 27648K, reserved 1073152K
  class space    used 3841K, capacity 4292K, committed 4352K, reserved 1048576K
}

Deoptimization events (10 events):
Event: 3.587 Thread 0x000001e6f70ed800 Uncommon trap: reason=unstable_if action=reinterpret pc=0x000001e6e19f86d4 method=com.sun.javafx.css.StyleManager$CacheContainer.getStyleMap(I)Lcom/sun/javafx/css/StyleMap; @ 9
Event: 3.587 Thread 0x000001e6f70ed800 Uncommon trap: reason=unstable_if action=reinterpret pc=0x000001e6e19d0274 method=com.sun.javafx.css.StyleManager$CacheContainer.getStyleMap(I)Lcom/sun/javafx/css/StyleMap; @ 9
Event: 3.644 Thread 0x000001e6f70ed800 Uncommon trap: reason=unstable_if action=reinterpret pc=0x000001e6e16d710c method=jdk.internal.org.objectweb.asm.Type.getArgumentsAndReturnSizes(Ljava/lang/String;)I @ 47
Event: 3.646 Thread 0x000001e6f70ed800 Uncommon trap: reason=unstable_if action=reinterpret pc=0x000001e6e196cab0 method=java.lang.invoke.MethodType.checkPtypes([Ljava/lang/Class;)I @ 40
Event: 4.639 Thread 0x000001e6f70ed800 Uncommon trap: reason=unstable_if action=reinterpret pc=0x000001e6e1cd2ec8 method=javafx.scene.CssStyleHelper.transitionToState(Ljavafx/scene/Node;)V @ 4
Event: 5.803 Thread 0x000001e6f70ed800 Uncommon trap: reason=class_check action=maybe_recompile pc=0x000001e6e18bcab0 method=java.io.FilterInputStream.read()I @ 4
Event: 5.803 Thread 0x000001e6f70ed800 Uncommon trap: reason=class_check action=maybe_recompile pc=0x000001e6e18bcab0 method=java.io.FilterInputStream.read()I @ 4
Event: 5.803 Thread 0x000001e6f70ed800 Uncommon trap: reason=class_check action=maybe_recompile pc=0x000001e6e18bcab0 method=java.io.FilterInputStream.read()I @ 4
Event: 5.803 Thread 0x000001e6f70ed800 Uncommon trap: reason=class_check action=maybe_recompile pc=0x000001e6e18bcab0 method=java.io.FilterInputStream.read()I @ 4
Event: 6.658 Thread 0x000001e6fcfd0800 Uncommon trap: reason=predicate action=maybe_recompile pc=0x000001e6e14d3b88 method=sun.net.www.ParseUtil.encodePath(Ljava/lang/String;Z)Ljava/lang/String; @ 36

Internal exceptions (10 events):
Event: 3.243 Thread 0x000001e6f70ed800 Exception <a 'java/lang/ClassCastException': java.lang.String cannot be cast to java.lang.Class> (0x00000000d5fa3258) thrown at [C:\re\workspace\8-2-build-windows-amd64-cygwin\jdk8u131\8869\hotspot\src\share\vm\interpreter\interpreterRuntime.cpp, line 381
Event: 3.548 Thread 0x000001e6f70ed800 Implicit null exception at 0x000001e6e1963d16 to 0x000001e6e1963ef6
Event: 3.562 Thread 0x000001e6f70ed800 Implicit null exception at 0x000001e6e1884a1a to 0x000001e6e1885461
Event: 4.367 Thread 0x000001e6f70ed800 Exception <a 'java/lang/ClassCastException': java.lang.String cannot be cast to java.lang.Class> (0x00000000d6617c80) thrown at [C:\re\workspace\8-2-build-windows-amd64-cygwin\jdk8u131\8869\hotspot\src\share\vm\interpreter\interpreterRuntime.cpp, line 381
Event: 4.594 Thread 0x000001e6f70ed800 Exception <a 'java/lang/ClassCastException': java.lang.String cannot be cast to java.lang.Class> (0x00000000d6bb0e18) thrown at [C:\re\workspace\8-2-build-windows-amd64-cygwin\jdk8u131\8869\hotspot\src\share\vm\interpreter\interpreterRuntime.cpp, line 381
Event: 4.598 Thread 0x000001e6f70ed800 Exception <a 'java/lang/ClassCastException': java.lang.String cannot be cast to java.lang.Class> (0x00000000d6bee6a8) thrown at [C:\re\workspace\8-2-build-windows-amd64-cygwin\jdk8u131\8869\hotspot\src\share\vm\interpreter\interpreterRuntime.cpp, line 381
Event: 4.598 Thread 0x000001e6f70ed800 Exception <a 'java/io/FileNotFoundException'> (0x00000000d6bf0da0) thrown at [C:\re\workspace\8-2-build-windows-amd64-cygwin\jdk8u131\8869\hotspot\src\share\vm\prims\jni.cpp, line 709]
Event: 6.644 Thread 0x000001e6fcfd0800 Exception <a 'java/lang/ClassCastException': java.lang.String cannot be cast to java.lang.Class> (0x00000000d7344f68) thrown at [C:\re\workspace\8-2-build-windows-amd64-cygwin\jdk8u131\8869\hotspot\src\share\vm\interpreter\interpreterRuntime.cpp, line 381
Event: 6.936 Thread 0x000001e6fcfd0800 Exception <a 'java/lang/ClassCastException': java.lang.String cannot be cast to java.lang.Class> (0x00000000d73f3c58) thrown at [C:\re\workspace\8-2-build-windows-amd64-cygwin\jdk8u131\8869\hotspot\src\share\vm\interpreter\interpreterRuntime.cpp, line 381
Event: 6.937 Thread 0x000001e6fcfd0800 Exception <a 'java/lang/ClassCastException': java.lang.String cannot be cast to java.lang.Class> (0x00000000d73f5040) thrown at [C:\re\workspace\8-2-build-windows-amd64-cygwin\jdk8u131\8869\hotspot\src\share\vm\interpreter\interpreterRuntime.cpp, line 381

Events (10 events):
Event: 6.934 Executing VM operation: Deoptimize
Event: 6.935 Executing VM operation: Deoptimize done
Event: 6.935 loading class sun/net/www/http/KeepAliveStreamCleaner$1
Event: 6.935 loading class sun/net/www/http/KeepAliveStreamCleaner$1 done
Event: 6.935 loading class sun/net/www/http/KeepAliveStreamCleaner$2
Event: 6.935 loading class sun/net/www/http/KeepAliveStreamCleaner$2 done
Event: 6.935 loading class sun/net/www/protocol/http/HttpURLConnection$HttpInputStream
Event: 6.935 loading class sun/net/www/protocol/http/HttpURLConnection$HttpInputStream done
Event: 7.641 Executing VM operation: RevokeBias
Event: 7.642 Executing VM operation: RevokeBias done


Dynamic libraries:
0x00007ff7c9570000 - 0x00007ff7c966b000 	C:\Program Files\ooRexx\rexx.exe
0x00007ff9ee4a0000 - 0x00007ff9ee67b000 	C:\WINDOWS\SYSTEM32\ntdll.dll
0x00007ff9ee370000 - 0x00007ff9ee41e000 	C:\WINDOWS\System32\KERNEL32.DLL
0x00007ff9eb600000 - 0x00007ff9eb849000 	C:\WINDOWS\System32\KERNELBASE.dll
0x00007ff9caf70000 - 0x00007ff9cb0d7000 	C:\Program Files\ooRexx\REXXAPI.dll
0x00007ff9c73b0000 - 0x00007ff9c776d000 	C:\Program Files\ooRexx\rexx.dll
0x00007ff9ee200000 - 0x00007ff9ee34a000 	C:\WINDOWS\System32\USER32.dll
0x00007ff9eb5e0000 - 0x00007ff9eb5fe000 	C:\WINDOWS\System32\win32u.dll
0x00007ff9d60b0000 - 0x00007ff9d60b9000 	C:\WINDOWS\SYSTEM32\WSOCK32.dll
0x00007ff9eda20000 - 0x00007ff9eda47000 	C:\WINDOWS\System32\GDI32.dll
0x00007ff9ede70000 - 0x00007ff9edf0d000 	C:\WINDOWS\System32\msvcrt.dll
0x00007ff9ea9c0000 - 0x00007ff9eab48000 	C:\WINDOWS\System32\gdi32full.dll
0x00007ff9ead90000 - 0x00007ff9eae2a000 	C:\WINDOWS\System32\msvcp_win.dll
0x00007ff9edc30000 - 0x00007ff9edc9c000 	C:\WINDOWS\System32\WS2_32.dll
0x00007ff9eb850000 - 0x00007ff9eb946000 	C:\WINDOWS\System32\ucrtbase.dll
0x00007ff9ee110000 - 0x00007ff9ee169000 	C:\WINDOWS\System32\sechost.dll
0x00007ff9edb00000 - 0x00007ff9edc25000 	C:\WINDOWS\System32\RPCRT4.dll
0x00007ff9edca0000 - 0x00007ff9edd41000 	C:\WINDOWS\System32\ADVAPI32.dll
0x00007ff9e1a70000 - 0x00007ff9e1b16000 	C:\WINDOWS\WinSxS\amd64_microsoft.windows.common-controls_6595b64144ccf1df_5.82.15063.413_none_0e0f5dcc67adff4e\COMCTL32.dll
0x00007ff9ee170000 - 0x00007ff9ee19d000 	C:\WINDOWS\System32\IMM32.DLL
0x000000006b0e0000 - 0x000000006b21a000 	C:\Program Files\ooRexx\rexxutil.DLL
0x00007ff9edd50000 - 0x00007ff9edda1000 	C:\WINDOWS\System32\SHLWAPI.dll
0x00007ff9ebb70000 - 0x00007ff9ebe69000 	C:\WINDOWS\System32\combase.dll
0x00007ff9eab50000 - 0x00007ff9eabba000 	C:\WINDOWS\System32\bcryptPrimitives.dll
0x00007ff9e5620000 - 0x00007ff9e56aa000 	C:\WINDOWS\SYSTEM32\WINSPOOL.DRV
0x00007ff9ea490000 - 0x00007ff9ea4b5000 	C:\WINDOWS\SYSTEM32\bcrypt.dll
0x00007ff9c5f50000 - 0x00007ff9c6088000 	C:\Program Files\ooRexx\OREXXOLE.DLL
0x00007ff9ed8d0000 - 0x00007ff9eda15000 	C:\WINDOWS\System32\ole32.dll
0x00007ff9ebf80000 - 0x00007ff9ec040000 	C:\WINDOWS\System32\OLEAUT32.dll
0x00007ff9ea810000 - 0x00007ff9ea840000 	C:\WINDOWS\SYSTEM32\SspiCli.dll
0x00007ff9e9ef0000 - 0x00007ff9e9f4c000 	C:\WINDOWS\system32\mswsock.dll
0x00007ff9dfa90000 - 0x00007ff9dfaa6000 	C:\WINDOWS\system32\napinsp.dll
0x00007ff9dfa70000 - 0x00007ff9dfa8a000 	C:\WINDOWS\system32\pnrpnsp.dll
0x00007ff9e7160000 - 0x00007ff9e7178000 	C:\WINDOWS\system32\NLAapi.dll
0x00007ff9e9cd0000 - 0x00007ff9e9d74000 	C:\WINDOWS\SYSTEM32\DNSAPI.dll
0x00007ff9ede60000 - 0x00007ff9ede68000 	C:\WINDOWS\System32\NSI.dll
0x00007ff9e9c90000 - 0x00007ff9e9cc7000 	C:\WINDOWS\SYSTEM32\IPHLPAPI.DLL
0x00007ff9e6e60000 - 0x00007ff9e6e6e000 	C:\WINDOWS\System32\winrnr.dll
0x00007ff9e46b0000 - 0x00007ff9e46c5000 	C:\WINDOWS\System32\wshbth.dll
0x00007ff9d89b0000 - 0x00007ff9d8a1b000 	C:\WINDOWS\System32\fwpuclnt.dll
0x00007ff9d7290000 - 0x00007ff9d729a000 	C:\Windows\System32\rasadhlp.dll
0x0000000010000000 - 0x000000001002b000 	C:\Users\abagi\Downloads\BSF4ooRexx_install_v600-20170617-beta\bsf4oorexx\BSF4ooRexx.DLL
0x0000000069c00000 - 0x000000006a49c000 	C:\Program Files\Java\jre1.8.0_131\bin\server\jvm.DLL
0x00007ff9ede50000 - 0x00007ff9ede58000 	C:\WINDOWS\System32\PSAPI.DLL
0x00007ff9e8f40000 - 0x00007ff9e8f4a000 	C:\WINDOWS\SYSTEM32\VERSION.dll
0x00007ff9e7750000 - 0x00007ff9e7773000 	C:\WINDOWS\SYSTEM32\WINMM.dll
0x00007ff9e76f0000 - 0x00007ff9e771b000 	C:\WINDOWS\SYSTEM32\winmmbase.dll
0x00007ff9eb9b0000 - 0x00007ff9eb9f9000 	C:\WINDOWS\System32\cfgmgr32.dll
0x000000006b000000 - 0x000000006b0d2000 	C:\Program Files\Java\jdk1.8.0_131\bin\MSVCR100.dll
0x000000006aff0000 - 0x000000006afff000 	C:\Program Files\Java\jre1.8.0_131\bin\verify.dll
0x000000006afc0000 - 0x000000006afe9000 	C:\Program Files\Java\jre1.8.0_131\bin\java.dll
0x000000006afa0000 - 0x000000006afb6000 	C:\Program Files\Java\jre1.8.0_131\bin\zip.dll
0x00007ff9ec480000 - 0x00007ff9ed8b7000 	C:\WINDOWS\System32\SHELL32.dll
0x00007ff9eda50000 - 0x00007ff9edafa000 	C:\WINDOWS\System32\shcore.dll
0x00007ff9eae30000 - 0x00007ff9eb522000 	C:\WINDOWS\System32\windows.storage.dll
0x00007ff9ea980000 - 0x00007ff9ea991000 	C:\WINDOWS\System32\kernel.appcore.dll
0x00007ff9ea930000 - 0x00007ff9ea97c000 	C:\WINDOWS\System32\powrprof.dll
0x00007ff9ea910000 - 0x00007ff9ea925000 	C:\WINDOWS\System32\profapi.dll
0x0000000069a60000 - 0x0000000069bf8000 	C:\Program Files\Java\jre1.8.0_131\bin\awt.dll
0x00007ff9e8b40000 - 0x00007ff9e8bbe000 	C:\WINDOWS\SYSTEM32\apphelp.dll
0x00007ff9cea00000 - 0x00007ff9ceaef000 	C:\Program Files\Java\jre1.8.0_131\bin\msvcr120.dll
0x00007ff9dd3e0000 - 0x00007ff9dd486000 	C:\Program Files\Java\jre1.8.0_131\bin\msvcp120.dll
0x000000006af70000 - 0x000000006af92000 	C:\Program Files\Java\jre1.8.0_131\bin\prism_d3d.dll
0x00007ff9c7770000 - 0x00007ff9c78f9000 	C:\WINDOWS\system32\d3d9.dll
0x00007ff9e72e0000 - 0x00007ff9e730a000 	C:\WINDOWS\SYSTEM32\dwmapi.dll
0x00007ff9e8c60000 - 0x00007ff9e8cf5000 	C:\WINDOWS\system32\uxtheme.dll
0x00007ff996cf0000 - 0x00007ff99922d000 	C:\WINDOWS\SYSTEM32\igdumdim64.dll
0x00007ff9ec040000 - 0x00007ff9ec47b000 	C:\WINDOWS\System32\SETUPAPI.dll
0x000000006af20000 - 0x000000006af63000 	C:\Program Files\Java\jre1.8.0_131\bin\glass.dll
0x00007ff9ebe70000 - 0x00007ff9ebf78000 	C:\WINDOWS\System32\COMDLG32.dll
0x00007ff9eba00000 - 0x00007ff9ebb66000 	C:\WINDOWS\System32\MSCTF.dll
0x00007ff9d7b20000 - 0x00007ff9d7bc1000 	C:\Program Files\Common Files\microsoft shared\ink\tiptsf.dll
0x00007ff9e2110000 - 0x00007ff9e2f83000 	C:\WINDOWS\SYSTEM32\igc64.dll
0x000000006af00000 - 0x000000006af14000 	C:\Program Files\Java\jre1.8.0_131\bin\javafx_font.dll
0x00007ff9e4020000 - 0x00007ff9e42df000 	C:\WINDOWS\SYSTEM32\dwrite.dll
0x00007ff9eddb0000 - 0x00007ff9ede4e000 	C:\WINDOWS\System32\clbcatq.dll
0x00007ff9d8fb0000 - 0x00007ff9d9217000 	C:\WINDOWS\WinSxS\amd64_microsoft.windows.common-controls_6595b64144ccf1df_6.0.15063.0_none_108e4f62dfe5d999\comctl32.dll
0x00007ff9e5230000 - 0x00007ff9e53dc000 	C:\WINDOWS\SYSTEM32\WindowsCodecs.dll
0x00007ff9d6510000 - 0x00007ff9d6557000 	C:\WINDOWS\system32\dataexchange.dll
0x00007ff9e7d50000 - 0x00007ff9e802f000 	C:\WINDOWS\system32\d3d11.dll
0x00007ff9e7510000 - 0x00007ff9e7632000 	C:\WINDOWS\system32\dcomp.dll
0x00007ff9e8d90000 - 0x00007ff9e8e34000 	C:\WINDOWS\system32\dxgi.dll
0x00007ff9e92f0000 - 0x00007ff9e9460000 	C:\WINDOWS\system32\twinapi.appcore.dll
0x00007ff9d9730000 - 0x00007ff9d9761000 	C:\Program Files\Common Files\Microsoft Shared\Ink\rtscom.dll
0x00007ff9e4620000 - 0x00007ff9e46a2000 	C:\WINDOWS\System32\TextInputFramework.dll
0x00007ff9e47f0000 - 0x00007ff9e4ac2000 	C:\WINDOWS\System32\CoreUIComponents.dll
0x00007ff9e8030000 - 0x00007ff9e8113000 	C:\WINDOWS\System32\CoreMessaging.dll
0x00007ff9e9940000 - 0x00007ff9e9971000 	C:\WINDOWS\SYSTEM32\ntmarta.dll
0x00007ff9e6810000 - 0x00007ff9e6949000 	C:\WINDOWS\SYSTEM32\wintypes.dll
0x00007ff9e7000000 - 0x00007ff9e7015000 	C:\WINDOWS\SYSTEM32\usermgrcli.dll
0x00007ff9d9410000 - 0x00007ff9d95d5000 	C:\Windows\System32\uiautomationcore.dll
0x00007ff9ea770000 - 0x00007ff9ea80a000 	C:\WINDOWS\SYSTEM32\sxs.dll
0x00007ff9d83f0000 - 0x00007ff9d845b000 	C:\WINDOWS\SYSTEM32\OLEACC.dll
0x00007ff9ea4c0000 - 0x00007ff9ea4d7000 	C:\WINDOWS\SYSTEM32\CRYPTSP.dll
0x00007ff9e9b10000 - 0x00007ff9e9b44000 	C:\WINDOWS\system32\rsaenh.dll
0x00007ff9ea840000 - 0x00007ff9ea869000 	C:\WINDOWS\SYSTEM32\USERENV.dll
0x00007ff9ea090000 - 0x00007ff9ea09b000 	C:\WINDOWS\SYSTEM32\CRYPTBASE.dll
0x000000006aee0000 - 0x000000006aefa000 	C:\Program Files\Java\jre1.8.0_131\bin\net.dll
0x00007ff9ddd20000 - 0x00007ff9ddd36000 	C:\WINDOWS\SYSTEM32\dhcpcsvc6.DLL
0x00007ff9ddd00000 - 0x00007ff9ddd1a000 	C:\WINDOWS\SYSTEM32\dhcpcsvc.DLL
0x000000006aec0000 - 0x000000006aed1000 	C:\Program Files\Java\jre1.8.0_131\bin\nio.dll
0x000000006aea0000 - 0x000000006aeb1000 	C:\Program Files\Java\jre1.8.0_131\bin\prism_common.dll
0x00007ff9e8190000 - 0x00007ff9e8734000 	C:\WINDOWS\SYSTEM32\d2d1.dll
0x00007ff9eabc0000 - 0x00007ff9ead89000 	C:\WINDOWS\System32\CRYPT32.dll
0x00007ff9ea9a0000 - 0x00007ff9ea9b1000 	C:\WINDOWS\System32\MSASN1.dll
0x00007ff9d03d0000 - 0x00007ff9d06a5000 	C:\WINDOWS\SYSTEM32\D3D10Warp.dll
0x00007ff9da480000 - 0x00007ff9da706000 	C:\WINDOWS\SYSTEM32\iertutil.dll
0x00007ff9ea4e0000 - 0x00007ff9ea689000 	C:\WINDOWS\SYSTEM32\dbghelp.dll

VM Arguments:
java_command: <unknown>
java_class_path (initial): C:\Program Files\BSF4ooRexx\bsf4ooRexx-v600-20170405-bin.jar;C:\Program Files\BSF4ooRexx\jni4net.j-0.8.8.0.jar;C:\Program Files\BSF4ooRexx\oorexx.net.jar;C:\Users\abagi\Downloads\BSF4ooRexx_install_v600-20170617-beta\bsf4oorexx\bsf4ooRexx-v600-20170617-bin.jar;C:\Users\abagi\Downloads\BSF4ooRexx_install_v600-20170617-beta\bsf4oorexx\jni4net.j-0.8.8.0.jar;C:\Users\abagi\Downloads\BSF4ooRexx_install_v600-20170617-beta\bsf4oorexx\oorexx.net.jar;.;C:\Users\abagi\OneDrive\Dokumente\WU\javafx\ooRexxTryFX\java\ikonli-core-1.9.0.jar;C:\Users\abagi\OneDrive\Dokumente\WU\javafx\ooRexxTryFX\java\ikonli-javafx-1.9.0.jar;C:\Users\abagi\OneDrive\Dokumente\WU\javafx\ooRexxTryFX\java\ikonli-octicons-pack-1.9.0.jar;C:\Users\abagi\OneDrive\Dokumente\WU\javafx\ooRexxTryFX\java\ikonli-openiconic-pack-1.9.0.jar;C:\Users\abagi\OneDrive\Dokumente\WU\javafx\ooRexxTryFX\java\richtextfx-0.7-M5-custom.jar;
Launcher Type: generic

Environment Variables:
CLASSPATH=C:\Program Files\BSF4ooRexx\bsf4ooRexx-v600-20170405-bin.jar;C:\Program Files\BSF4ooRexx\jni4net.j-0.8.8.0.jar;C:\Program Files\BSF4ooRexx\oorexx.net.jar;C:\Users\abagi\Downloads\BSF4ooRexx_install_v600-20170617-beta\bsf4oorexx\bsf4ooRexx-v600-20170617-bin.jar;C:\Users\abagi\Downloads\BSF4ooRexx_install_v600-20170617-beta\bsf4oorexx\jni4net.j-0.8.8.0.jar;C:\Users\abagi\Downloads\BSF4ooRexx_install_v600-20170617-beta\bsf4oorexx\oorexx.net.jar;.;C:\Users\abagi\OneDrive\Dokumente\WU\javafx\ooRexxTryFX\java\ikonli-core-1.9.0.jar;C:\Users\abagi\OneDrive\Dokumente\WU\javafx\ooRexxTryFX\java\ikonli-javafx-1.9.0.jar;C:\Users\abagi\OneDrive\Dokumente\WU\javafx\ooRexxTryFX\java\ikonli-octicons-pack-1.9.0.jar;C:\Users\abagi\OneDrive\Dokumente\WU\javafx\ooRexxTryFX\java\ikonli-openiconic-pack-1.9.0.jar;C:\Users\abagi\OneDrive\Dokumente\WU\javafx\ooRexxTryFX\java\richtextfx-0.7-M5-custom.jar;
PATH=C:\ProgramData\Oracle\Java\javapath;C:\WINDOWS\system32;C:\WINDOWS;C:\WINDOWS\System32\Wbem;C:\WINDOWS\System32\WindowsPowerShell\v1.0\;C:\Program Files\ooRexx;C:\Program Files\BSF4ooRexx;C:\Program Files\Java\jdk1.8.0_131\bin;C:\Program Files\nodejs\;C:\Program Files\Git\cmd;C:\Users\abagi\Downloads\BSF4ooRexx_install_v600-20170617-beta\bsf4oorexx;C:\Program Files\Java\jre1.8.0_131\bin\server;C:\Users\abagi\AppData\Local\Microsoft\WindowsApps;C:\Program Files (x86)\Microsoft VS Code\bin;C:\Users\abagi\AppData\Roaming\npm;C:\Users\abagi\AppData\Roaming\Dashlane\4.8.1.32550\bin\Firefox_Extension\{442718d9-475e-452a-b3e1-fb1ee16b8e9f}\components;C:\Users\abagi\AppData\Roaming\Dashlane\4.8.1.32550\ucrt
USERNAME=abagi
OS=Windows_NT
PROCESSOR_IDENTIFIER=Intel64 Family 6 Model 78 Stepping 3, GenuineIntel



---------------  S Y S T E M  ---------------

OS: Windows 10.0 , 64 bit Build 15063 (10.0.15063.296)

CPU:total 4 (initial active 4) (2 cores per cpu, 2 threads per core) family 6 model 78 stepping 3, cmov, cx8, fxsr, mmx, sse, sse2, sse3, ssse3, sse4.1, sse4.2, popcnt, avx, avx2, aes, clmul, erms, rtm, 3dnowpref, lzcnt, ht, tsc, tscinvbit, bmi1, bmi2, adx

Memory: 4k page, physical 8312940k(1626100k free), swap 17928276k(2473168k free)

vm_info: Java HotSpot(TM) 64-Bit Server VM (25.131-b11) for windows-amd64 JRE (1.8.0_131-b11), built on Mar 15 2017 01:23:53 by "java_re" with MS VC++ 10.0 (VS2010)

time: Wed Jul 05 10:53:56 2017
elapsed time: 7 seconds (0d 0h 0m 7s)

