#
# A fatal error has been detected by the Java Runtime Environment:
#
#  EXCEPTION_ACCESS_VIOLATION (0xc0000005) at pc=0x0000000000000000, pid=16548, tid=0x0000000000002098
#
# JRE version: Java(TM) SE Runtime Environment (8.0_131-b11) (build 1.8.0_131-b11)
# Java VM: Java HotSpot(TM) 64-Bit Server VM (25.131-b11 mixed mode windows-amd64 compressed oops)
# Problematic frame:
# C  0x0000000000000000
#
# Failed to write core dump. Minidumps are not enabled by default on client versions of Windows
#
# If you would like to submit a bug report, please visit:
#   http://bugreport.java.com/bugreport/crash.jsp
# The crash happened outside the Java Virtual Machine in native code.
# See problematic frame for where to report the bug.
#

---------------  T H R E A D  ---------------

Current thread (0x0000021e28d5c800):  JavaThread "JavaFX Application Thread" [_thread_in_native, id=8344, stack(0x000000271b100000,0x000000271b180000)]

siginfo: ExceptionCode=0xc0000005, ExceptionInformation=0x0000000000000008 0x0000000000000000

Registers:
RAX=0x00007ff9c0e61de0, RBX=0x00007ff7c896b830, RCX=0x00007ff7c7996570, RDX=0x00007ff7c7996570
RSP=0x000000271b17d218, RBP=0x0000000000000000, RSI=0x0000021e22017000, RDI=0x000000271b17d240
R8 =0x00000000000000d0, R9 =0x0000000000000000, R10=0x00007ff9c0e811b8, R11=0x00007ff7c7996590
R12=0x0000021e28d5c9f8, R13=0x0000021e362e9870, R14=0x000000271b17d588, R15=0x0000021e28d5c800
RIP=0x0000000000000000, EFLAGS=0x0000000000010202

Top of Stack: (sp=0x000000271b17d218)
0x000000271b17d218:   00007ff9c0cc0899 00007ff7c896b2a0
0x000000271b17d228:   cccccccccccccccc cccccccccccccccc
0x000000271b17d238:   cccccccccccccccc 000000271b17d280
0x000000271b17d248:   00007ff9c0cc0a29 00007ff7c896b180
0x000000271b17d258:   00007ff7c7996570 cccccccccccccccc
0x000000271b17d268:   cccccccccccccccc 00007ff7c7996570
0x000000271b17d278:   cccccccccccccccc 000000271b17d2b0
0x000000271b17d288:   00007ff9c0cc38a3 00007ff7c896b180
0x000000271b17d298:   cccccccccccccccc cccccccccccccccc
0x000000271b17d2a8:   cccccccccccccccc 000000271b17d320
0x000000271b17d2b8:   00007ff9c0d2b3d8 00007ff7c896b180
0x000000271b17d2c8:   cccccccccccccccc cccccccccccccccc
0x000000271b17d2d8:   cccccccccccccccc 00007ff7c896b180
0x000000271b17d2e8:   cccccccccccccccc cccccccccccccccc
0x000000271b17d2f8:   cccccccccccccccc cccccccccccccccc
0x000000271b17d308:   cccccccccccccccc fffffffffffffffe 

Instructions: (pc=0x0000000000000000)
0xffffffffffffffe0:   


Register to memory mapping:

RAX=0x00007ff9c0e61de0 is an unknown value
RBX=0x00007ff7c896b830 is an unknown value
RCX=0x00007ff7c7996570 is an unknown value
RDX=0x00007ff7c7996570 is an unknown value
RSP=0x000000271b17d218 is pointing into the stack for thread: 0x0000021e28d5c800
RBP=0x0000000000000000 is an unknown value
RSI=0x0000021e22017000 is an unknown value
RDI=0x000000271b17d240 is pointing into the stack for thread: 0x0000021e28d5c800
R8 =0x00000000000000d0 is an unknown value
R9 =0x0000000000000000 is an unknown value
R10=0x00007ff9c0e811b8 is an unknown value
R11=0x00007ff7c7996590 is an unknown value
R12=0x0000021e28d5c9f8 is an unknown value
R13=0x0000021e362e9870 is an unknown value
R14=0x000000271b17d588 is pointing into the stack for thread: 0x0000021e28d5c800
R15=0x0000021e28d5c800 is a thread


Stack: [0x000000271b100000,0x000000271b180000],  sp=0x000000271b17d218,  free space=500k
Native frames: (J=compiled Java code, j=interpreted, Vv=VM code, C=native code)

Java frames: (J=compiled Java code, j=interpreted, Vv=VM code)
j  org.rexxla.bsf.engines.rexx.RexxAndJava.jniRexxSendMessageToRexxObject(Ljava/lang/String;Ljava/lang/String;Ljava/lang/String;Ljava/lang/String;Ljava/lang/String;Ljava/lang/String;Ljava/lang/String;[Ljava/lang/Object;Ljava/lang/String;)Ljava/lang/Object;+0
j  org.rexxla.bsf.engines.rexx.RexxEngine.call(Lorg/rexxla/bsf/engines/rexx/RexxProxy;Ljava/lang/reflect/Method;[Ljava/lang/Object;)Ljava/lang/Object;+484
j  org.rexxla.bsf.engines.rexx.RexxProxy.invoke(Ljava/lang/reflect/Method;[Ljava/lang/Object;)Ljava/lang/Object;+97
j  org.rexxla.bsf.engines.rexx.RexxProxy.invoke(Ljava/lang/Object;Ljava/lang/reflect/Method;[Ljava/lang/Object;)Ljava/lang/Object;+96
j  com.sun.proxy.$Proxy8.run()V+9
j  com.sun.javafx.application.PlatformImpl.lambda$null$173(Ljava/lang/Runnable;)Ljava/lang/Void;+1
j  com.sun.javafx.application.PlatformImpl$$Lambda$53.run()Ljava/lang/Object;+4
v  ~StubRoutines::call_stub
J 2518  java.security.AccessController.doPrivileged(Ljava/security/PrivilegedAction;Ljava/security/AccessControlContext;)Ljava/lang/Object; (0 bytes) @ 0x0000021e13854966 [0x0000021e13854900+0x66]
j  com.sun.javafx.application.PlatformImpl.lambda$runLater$174(Ljava/lang/Runnable;Ljava/security/AccessControlContext;)V+7
j  com.sun.javafx.application.PlatformImpl$$Lambda$52.run()V+8
J 4178 C1 com.sun.glass.ui.InvokeLaterDispatcher$Future.run()V (91 bytes) @ 0x0000021e13dd250c [0x0000021e13dd2400+0x10c]
v  ~StubRoutines::call_stub
j  com.sun.glass.ui.win.WinApplication._runLoop(Ljava/lang/Runnable;)V+0
j  com.sun.glass.ui.win.WinApplication.lambda$null$148(ILjava/lang/Runnable;)V+8
j  com.sun.glass.ui.win.WinApplication$$Lambda$41.run()V+12
j  java.lang.Thread.run()V+11
v  ~StubRoutines::call_stub

---------------  P R O C E S S  ---------------

Java Threads: ( => current thread )
  0x0000021e2f3bc800 JavaThread "Thread-6" [_thread_in_native, id=4000, stack(0x000000271b880000,0x000000271b900000)]
  0x0000021e2935c000 JavaThread "Prism Font Disposer" daemon [_thread_blocked, id=17880, stack(0x000000271b700000,0x000000271b780000)]
  0x0000021e290ff800 JavaThread "Thread-4" daemon [_thread_in_native, id=1324, stack(0x000000271b300000,0x000000271b380000)]
=>0x0000021e28d5c800 JavaThread "JavaFX Application Thread" [_thread_in_native, id=8344, stack(0x000000271b100000,0x000000271b180000)]
  0x0000021e28d5b800 JavaThread "Thread-3" daemon [_thread_blocked, id=21188, stack(0x000000271b080000,0x000000271b100000)]
  0x0000021e28d57800 JavaThread "QuantumRenderer-0" daemon [_thread_blocked, id=21332, stack(0x000000271b000000,0x000000271b080000)]
  0x0000021e28f67800 JavaThread "JavaFX-Launcher" [_thread_blocked, id=21860, stack(0x000000271af80000,0x000000271b000000)]
  0x0000021e2783d800 JavaThread "Service Thread" daemon [_thread_blocked, id=12276, stack(0x000000271ae80000,0x000000271af00000)]
  0x0000021e277e5800 JavaThread "C1 CompilerThread2" daemon [_thread_blocked, id=6064, stack(0x000000271ae00000,0x000000271ae80000)]
  0x0000021e277e2800 JavaThread "C2 CompilerThread1" daemon [_thread_blocked, id=20408, stack(0x000000271ad80000,0x000000271ae00000)]
  0x0000021e277e0000 JavaThread "C2 CompilerThread0" daemon [_thread_blocked, id=17364, stack(0x000000271ad00000,0x000000271ad80000)]
  0x0000021e277dc800 JavaThread "Attach Listener" daemon [_thread_blocked, id=18336, stack(0x000000271ac80000,0x000000271ad00000)]
  0x0000021e277db000 JavaThread "Signal Dispatcher" daemon [_thread_blocked, id=5536, stack(0x000000271ac00000,0x000000271ac80000)]
  0x0000021e12c2a000 JavaThread "Finalizer" daemon [_thread_blocked, id=20744, stack(0x000000271ab80000,0x000000271ac00000)]
  0x0000021e277a8800 JavaThread "Reference Handler" daemon [_thread_blocked, id=19716, stack(0x000000271ab00000,0x000000271ab80000)]
  0x0000021e12b30800 JavaThread "main" [_thread_blocked, id=18984, stack(0x000000271a600000,0x000000271a680000)]

Other Threads:
  0x0000021e277a7000 VMThread [stack: 0x000000271aa80000,0x000000271ab00000] [id=17776]
  0x0000021e289ba800 WatcherThread [stack: 0x000000271af00000,0x000000271af80000] [id=20360]

VM state:not at safepoint (normal execution)

VM Mutex/Monitor currently owned by a thread: None

Heap:
 PSYoungGen      total 48640K, used 11856K [0x00000000d5b80000, 0x00000000d9180000, 0x0000000100000000)
  eden space 43520K, 15% used [0x00000000d5b80000,0x00000000d62193e0,0x00000000d8600000)
  from space 5120K, 99% used [0x00000000d8c80000,0x00000000d917af10,0x00000000d9180000)
  to   space 5120K, 0% used [0x00000000d8780000,0x00000000d8780000,0x00000000d8c80000)
 ParOldGen       total 64512K, used 12825K [0x0000000081200000, 0x0000000085100000, 0x00000000d5b80000)
  object space 64512K, 19% used [0x0000000081200000,0x0000000081e86778,0x0000000085100000)
 Metaspace       used 28202K, capacity 30903K, committed 31152K, reserved 1075200K
  class space    used 4246K, capacity 4757K, committed 4784K, reserved 1048576K

Card table byte_map: [0x0000021e22420000,0x0000021e22820000] byte_map_base: 0x0000021e22017000

Marking Bits: (ParMarkBitMap*) 0x000000006a41c720
 Begin Bits: [0x0000021e22ad0000, 0x0000021e24a88000)
 End Bits:   [0x0000021e24a88000, 0x0000021e26a40000)

Polling page: 0x0000021e112c0000

CodeCache: size=245760Kb used=13905Kb max_used=13926Kb free=231854Kb
 bounds [0x0000021e13060000, 0x0000021e13e10000, 0x0000021e22060000]
 total_blobs=4942 nmethods=4209 adapters=644
 compilation: enabled

Compilation events (10 events):
Event: 11.473 Thread 0x0000021e277e5800 4205       3       java.lang.reflect.Proxy$Key1::equals (47 bytes)
Event: 11.474 Thread 0x0000021e277e5800 nmethod 4205 0x0000021e13de40d0 code [0x0000021e13de4260, 0x0000021e13de48b8]
Event: 11.637 Thread 0x0000021e277e0000 4206       4       javafx.scene.Node::updateBounds (174 bytes)
Event: 11.645 Thread 0x0000021e277e5800 4207       3       com.sun.prism.impl.ps.PaintHelper::setMultiGradient (177 bytes)
Event: 11.648 Thread 0x0000021e277e5800 nmethod 4207 0x0000021e13de67d0 code [0x0000021e13de6ba0, 0x0000021e13de8a20]
Event: 11.648 Thread 0x0000021e277e5800 4208       3       com.sun.javafx.geom.RectBounds::setMinY (6 bytes)
Event: 11.648 Thread 0x0000021e277e5800 nmethod 4208 0x0000021e13de3d90 code [0x0000021e13de3ee0, 0x0000021e13de4038]
Event: 11.648 Thread 0x0000021e277e5800 4209       3       com.sun.javafx.geom.RectBounds::setMaxY (6 bytes)
Event: 11.648 Thread 0x0000021e277e5800 nmethod 4209 0x0000021e13de3a50 code [0x0000021e13de3ba0, 0x0000021e13de3cf8]
Event: 11.785 Thread 0x0000021e277e0000 nmethod 4206 0x0000021e13df2b50 code [0x0000021e13df3340, 0x0000021e13df7638]

GC Heap History (10 events):
Event: 1.279 GC heap before
{Heap before GC invocations=1 (full 0):
 PSYoungGen      total 38400K, used 33280K [0x00000000d5b80000, 0x00000000d8600000, 0x0000000100000000)
  eden space 33280K, 100% used [0x00000000d5b80000,0x00000000d7c00000,0x00000000d7c00000)
  from space 5120K, 0% used [0x00000000d8100000,0x00000000d8100000,0x00000000d8600000)
  to   space 5120K, 0% used [0x00000000d7c00000,0x00000000d7c00000,0x00000000d8100000)
 ParOldGen       total 87552K, used 0K [0x0000000081200000, 0x0000000086780000, 0x00000000d5b80000)
  object space 87552K, 0% used [0x0000000081200000,0x0000000081200000,0x0000000086780000)
 Metaspace       used 15707K, capacity 16140K, committed 16256K, reserved 1062912K
  class space    used 2028K, capacity 2161K, committed 2176K, reserved 1048576K
Event: 1.289 GC heap after
Heap after GC invocations=1 (full 0):
 PSYoungGen      total 38400K, used 5089K [0x00000000d5b80000, 0x00000000d8600000, 0x0000000100000000)
  eden space 33280K, 0% used [0x00000000d5b80000,0x00000000d5b80000,0x00000000d7c00000)
  from space 5120K, 99% used [0x00000000d7c00000,0x00000000d80f8508,0x00000000d8100000)
  to   space 5120K, 0% used [0x00000000d8100000,0x00000000d8100000,0x00000000d8600000)
 ParOldGen       total 87552K, used 1344K [0x0000000081200000, 0x0000000086780000, 0x00000000d5b80000)
  object space 87552K, 1% used [0x0000000081200000,0x00000000813500c8,0x0000000086780000)
 Metaspace       used 15707K, capacity 16140K, committed 16256K, reserved 1062912K
  class space    used 2028K, capacity 2161K, committed 2176K, reserved 1048576K
}
Event: 1.803 GC heap before
{Heap before GC invocations=2 (full 0):
 PSYoungGen      total 38400K, used 20919K [0x00000000d5b80000, 0x00000000d8600000, 0x0000000100000000)
  eden space 33280K, 47% used [0x00000000d5b80000,0x00000000d6af5a40,0x00000000d7c00000)
  from space 5120K, 99% used [0x00000000d7c00000,0x00000000d80f8508,0x00000000d8100000)
  to   space 5120K, 0% used [0x00000000d8100000,0x00000000d8100000,0x00000000d8600000)
 ParOldGen       total 87552K, used 1344K [0x0000000081200000, 0x0000000086780000, 0x00000000d5b80000)
  object space 87552K, 1% used [0x0000000081200000,0x00000000813500c8,0x0000000086780000)
 Metaspace       used 20248K, capacity 21263K, committed 21296K, reserved 1067008K
  class space    used 2856K, capacity 3087K, committed 3120K, reserved 1048576K
Event: 1.810 GC heap after
Heap after GC invocations=2 (full 0):
 PSYoungGen      total 38400K, used 5116K [0x00000000d5b80000, 0x00000000d8600000, 0x0000000100000000)
  eden space 33280K, 0% used [0x00000000d5b80000,0x00000000d5b80000,0x00000000d7c00000)
  from space 5120K, 99% used [0x00000000d8100000,0x00000000d85ff0d8,0x00000000d8600000)
  to   space 5120K, 0% used [0x00000000d7c00000,0x00000000d7c00000,0x00000000d8100000)
 ParOldGen       total 87552K, used 3234K [0x0000000081200000, 0x0000000086780000, 0x00000000d5b80000)
  object space 87552K, 3% used [0x0000000081200000,0x00000000815289e8,0x0000000086780000)
 Metaspace       used 20248K, capacity 21263K, committed 21296K, reserved 1067008K
  class space    used 2856K, capacity 3087K, committed 3120K, reserved 1048576K
}
Event: 1.810 GC heap before
{Heap before GC invocations=3 (full 1):
 PSYoungGen      total 38400K, used 5116K [0x00000000d5b80000, 0x00000000d8600000, 0x0000000100000000)
  eden space 33280K, 0% used [0x00000000d5b80000,0x00000000d5b80000,0x00000000d7c00000)
  from space 5120K, 99% used [0x00000000d8100000,0x00000000d85ff0d8,0x00000000d8600000)
  to   space 5120K, 0% used [0x00000000d7c00000,0x00000000d7c00000,0x00000000d8100000)
 ParOldGen       total 87552K, used 3234K [0x0000000081200000, 0x0000000086780000, 0x00000000d5b80000)
  object space 87552K, 3% used [0x0000000081200000,0x00000000815289e8,0x0000000086780000)
 Metaspace       used 20248K, capacity 21263K, committed 21296K, reserved 1067008K
  class space    used 2856K, capacity 3087K, committed 3120K, reserved 1048576K
Event: 1.843 GC heap after
Heap after GC invocations=3 (full 1):
 PSYoungGen      total 38400K, used 0K [0x00000000d5b80000, 0x00000000d8600000, 0x0000000100000000)
  eden space 33280K, 0% used [0x00000000d5b80000,0x00000000d5b80000,0x00000000d7c00000)
  from space 5120K, 0% used [0x00000000d8100000,0x00000000d8100000,0x00000000d8600000)
  to   space 5120K, 0% used [0x00000000d7c00000,0x00000000d7c00000,0x00000000d8100000)
 ParOldGen       total 64512K, used 6937K [0x0000000081200000, 0x0000000085100000, 0x00000000d5b80000)
  object space 64512K, 10% used [0x0000000081200000,0x00000000818c6688,0x0000000085100000)
 Metaspace       used 20248K, capacity 21263K, committed 21296K, reserved 1067008K
  class space    used 2856K, capacity 3087K, committed 3120K, reserved 1048576K
}
Event: 3.044 GC heap before
{Heap before GC invocations=4 (full 1):
 PSYoungGen      total 38400K, used 32608K [0x00000000d5b80000, 0x00000000d8600000, 0x0000000100000000)
  eden space 33280K, 97% used [0x00000000d5b80000,0x00000000d7b58168,0x00000000d7c00000)
  from space 5120K, 0% used [0x00000000d8100000,0x00000000d8100000,0x00000000d8600000)
  to   space 5120K, 0% used [0x00000000d7c00000,0x00000000d7c00000,0x00000000d8100000)
 ParOldGen       total 64512K, used 6937K [0x0000000081200000, 0x0000000085100000, 0x00000000d5b80000)
  object space 64512K, 10% used [0x0000000081200000,0x00000000818c6688,0x0000000085100000)
 Metaspace       used 25176K, capacity 27451K, committed 27696K, reserved 1073152K
  class space    used 3842K, capacity 4291K, committed 4400K, reserved 1048576K
Event: 3.057 GC heap after
Heap after GC invocations=4 (full 1):
 PSYoungGen      total 38400K, used 5115K [0x00000000d5b80000, 0x00000000d9180000, 0x0000000100000000)
  eden space 33280K, 0% used [0x00000000d5b80000,0x00000000d5b80000,0x00000000d7c00000)
  from space 5120K, 99% used [0x00000000d7c00000,0x00000000d80fef10,0x00000000d8100000)
  to   space 5120K, 0% used [0x00000000d8c80000,0x00000000d8c80000,0x00000000d9180000)
 ParOldGen       total 64512K, used 8578K [0x0000000081200000, 0x0000000085100000, 0x00000000d5b80000)
  object space 64512K, 13% used [0x0000000081200000,0x0000000081a60988,0x0000000085100000)
 Metaspace       used 25176K, capacity 27451K, committed 27696K, reserved 1073152K
  class space    used 3842K, capacity 4291K, committed 4400K, reserved 1048576K
}
Event: 10.470 GC heap before
{Heap before GC invocations=5 (full 1):
 PSYoungGen      total 38400K, used 38395K [0x00000000d5b80000, 0x00000000d9180000, 0x0000000100000000)
  eden space 33280K, 100% used [0x00000000d5b80000,0x00000000d7c00000,0x00000000d7c00000)
  from space 5120K, 99% used [0x00000000d7c00000,0x00000000d80fef10,0x00000000d8100000)
  to   space 5120K, 0% used [0x00000000d8c80000,0x00000000d8c80000,0x00000000d9180000)
 ParOldGen       total 64512K, used 8578K [0x0000000081200000, 0x0000000085100000, 0x00000000d5b80000)
  object space 64512K, 13% used [0x0000000081200000,0x0000000081a60988,0x0000000085100000)
 Metaspace       used 28158K, capacity 30903K, committed 31152K, reserved 1075200K
  class space    used 4246K, capacity 4757K, committed 4784K, reserved 1048576K
Event: 10.478 GC heap after
Heap after GC invocations=5 (full 1):
 PSYoungGen      total 48640K, used 5099K [0x00000000d5b80000, 0x00000000d9180000, 0x0000000100000000)
  eden space 43520K, 0% used [0x00000000d5b80000,0x00000000d5b80000,0x00000000d8600000)
  from space 5120K, 99% used [0x00000000d8c80000,0x00000000d917af10,0x00000000d9180000)
  to   space 5120K, 0% used [0x00000000d8780000,0x00000000d8780000,0x00000000d8c80000)
 ParOldGen       total 64512K, used 12825K [0x0000000081200000, 0x0000000085100000, 0x00000000d5b80000)
  object space 64512K, 19% used [0x0000000081200000,0x0000000081e86778,0x0000000085100000)
 Metaspace       used 28158K, capacity 30903K, committed 31152K, reserved 1075200K
  class space    used 4246K, capacity 4757K, committed 4784K, reserved 1048576K
}

Deoptimization events (10 events):
Event: 4.212 Thread 0x0000021e28d5c800 Uncommon trap: reason=unstable_if action=reinterpret pc=0x0000021e13872b84 method=javafx.scene.CssStyleHelper.resolveRef(Ljavafx/css/Styleable;Ljava/lang/String;Lcom/sun/javafx/css/StyleMap;Ljava/util/Set;)Lcom/sun/javafx/css/CascadingStyle; @ 66
Event: 4.212 Thread 0x0000021e28d5c800 Uncommon trap: reason=unstable_if action=reinterpret pc=0x0000021e138245e8 method=javafx.scene.CssStyleHelper.resolveRef(Ljavafx/css/Styleable;Ljava/lang/String;Lcom/sun/javafx/css/StyleMap;Ljava/util/Set;)Lcom/sun/javafx/css/CascadingStyle; @ 66
Event: 4.220 Thread 0x0000021e28d5c800 Uncommon trap: reason=unstable_if action=reinterpret pc=0x0000021e136ab170 method=javafx.scene.CssStyleHelper.getStyle(Ljavafx/css/Styleable;Ljava/lang/String;Lcom/sun/javafx/css/StyleMap;Ljava/util/Set;)Lcom/sun/javafx/css/CascadingStyle; @ 1
Event: 4.245 Thread 0x0000021e28d5c800 Uncommon trap: reason=unstable_if action=reinterpret pc=0x0000021e1380c9ec method=com.sun.javafx.css.StyleManager$CacheContainer.getStyleMap(I)Lcom/sun/javafx/css/StyleMap; @ 9
Event: 4.245 Thread 0x0000021e28d5c800 Uncommon trap: reason=unstable_if action=reinterpret pc=0x0000021e137d7ab4 method=com.sun.javafx.css.StyleManager$CacheContainer.getStyleMap(I)Lcom/sun/javafx/css/StyleMap; @ 9
Event: 4.291 Thread 0x0000021e28d5c800 Uncommon trap: reason=unstable_if action=reinterpret pc=0x0000021e1350a54c method=jdk.internal.org.objectweb.asm.Type.getArgumentsAndReturnSizes(Ljava/lang/String;)I @ 47
Event: 5.230 Thread 0x0000021e28d5c800 Uncommon trap: reason=unstable_if action=reinterpret pc=0x0000021e13a899f8 method=javafx.scene.CssStyleHelper.transitionToState(Ljavafx/scene/Node;)V @ 666
Event: 5.287 Thread 0x0000021e28d5c800 Uncommon trap: reason=unstable_if action=reinterpret pc=0x0000021e1360b5a4 method=java.util.WeakHashMap.expungeStaleEntries()V @ 9
Event: 8.585 Thread 0x0000021e2f3bc800 Uncommon trap: reason=predicate action=maybe_recompile pc=0x0000021e132f5d08 method=sun.net.www.ParseUtil.encodePath(Ljava/lang/String;Z)Ljava/lang/String; @ 36
Event: 8.612 Thread 0x0000021e28d5c800 Uncommon trap: reason=unstable_if action=reinterpret pc=0x0000021e13aa8ad4 method=javafx.scene.Node.updateLocalToParentTransform()V @ 125

Internal exceptions (10 events):
Event: 3.308 Thread 0x0000021e28d5c800 Exception <a 'java/lang/ClassCastException': java.lang.String cannot be cast to java.lang.Class> (0x00000000d5fa1e40) thrown at [C:\re\workspace\8-2-build-windows-amd64-cygwin\jdk8u131\8869\hotspot\src\share\vm\interpreter\interpreterRuntime.cpp, line 381
Event: 4.205 Thread 0x0000021e28d5c800 Implicit null exception at 0x0000021e13780e96 to 0x0000021e13781076
Event: 4.220 Thread 0x0000021e28d5c800 Implicit null exception at 0x0000021e136aa6da to 0x0000021e136ab159
Event: 5.282 Thread 0x0000021e28d5c800 Exception <a 'java/lang/ClassCastException': java.lang.String cannot be cast to java.lang.Class> (0x00000000d65bf320) thrown at [C:\re\workspace\8-2-build-windows-amd64-cygwin\jdk8u131\8869\hotspot\src\share\vm\interpreter\interpreterRuntime.cpp, line 381
Event: 5.503 Thread 0x0000021e28d5c800 Exception <a 'java/lang/ClassCastException': java.lang.String cannot be cast to java.lang.Class> (0x00000000d6b98590) thrown at [C:\re\workspace\8-2-build-windows-amd64-cygwin\jdk8u131\8869\hotspot\src\share\vm\interpreter\interpreterRuntime.cpp, line 381
Event: 5.507 Thread 0x0000021e28d5c800 Exception <a 'java/lang/ClassCastException': java.lang.String cannot be cast to java.lang.Class> (0x00000000d6bd6260) thrown at [C:\re\workspace\8-2-build-windows-amd64-cygwin\jdk8u131\8869\hotspot\src\share\vm\interpreter\interpreterRuntime.cpp, line 381
Event: 5.508 Thread 0x0000021e28d5c800 Exception <a 'java/io/FileNotFoundException'> (0x00000000d6bd8958) thrown at [C:\re\workspace\8-2-build-windows-amd64-cygwin\jdk8u131\8869\hotspot\src\share\vm\prims\jni.cpp, line 709]
Event: 8.568 Thread 0x0000021e2f3bc800 Exception <a 'java/lang/ClassCastException': java.lang.String cannot be cast to java.lang.Class> (0x00000000d7289720) thrown at [C:\re\workspace\8-2-build-windows-amd64-cygwin\jdk8u131\8869\hotspot\src\share\vm\interpreter\interpreterRuntime.cpp, line 381
Event: 8.667 Thread 0x0000021e2f3bc800 Exception <a 'java/lang/ClassCastException': java.lang.String cannot be cast to java.lang.Class> (0x00000000d73bce28) thrown at [C:\re\workspace\8-2-build-windows-amd64-cygwin\jdk8u131\8869\hotspot\src\share\vm\interpreter\interpreterRuntime.cpp, line 381
Event: 8.668 Thread 0x0000021e2f3bc800 Exception <a 'java/lang/ClassCastException': java.lang.String cannot be cast to java.lang.Class> (0x00000000d73be210) thrown at [C:\re\workspace\8-2-build-windows-amd64-cygwin\jdk8u131\8869\hotspot\src\share\vm\interpreter\interpreterRuntime.cpp, line 381

Events (10 events):
Event: 10.479 Executing VM operation: RevokeBias
Event: 10.479 Executing VM operation: RevokeBias done
Event: 10.479 Executing VM operation: RevokeBias
Event: 10.479 Executing VM operation: RevokeBias done
Event: 10.479 Executing VM operation: RevokeBias
Event: 10.479 Executing VM operation: RevokeBias done
Event: 10.479 Executing VM operation: RevokeBias
Event: 10.479 Executing VM operation: RevokeBias done
Event: 10.479 Executing VM operation: RevokeBias
Event: 10.479 Executing VM operation: RevokeBias done


Dynamic libraries:
0x00007ff7c9570000 - 0x00007ff7c966b000 	C:\Program Files\ooRexx\rexx.exe
0x00007ff9ee4a0000 - 0x00007ff9ee67b000 	C:\WINDOWS\SYSTEM32\ntdll.dll
0x00007ff9ee370000 - 0x00007ff9ee41e000 	C:\WINDOWS\System32\KERNEL32.DLL
0x00007ff9eb600000 - 0x00007ff9eb849000 	C:\WINDOWS\System32\KERNELBASE.dll
0x00007ff9c0790000 - 0x00007ff9c08f7000 	C:\Program Files\ooRexx\REXXAPI.dll
0x00007ff9c0bb0000 - 0x00007ff9c0f6d000 	C:\Program Files\ooRexx\rexx.dll
0x00007ff9ee200000 - 0x00007ff9ee34a000 	C:\WINDOWS\System32\USER32.dll
0x00007ff9eb5e0000 - 0x00007ff9eb5fe000 	C:\WINDOWS\System32\win32u.dll
0x00007ff9edca0000 - 0x00007ff9edd41000 	C:\WINDOWS\System32\ADVAPI32.dll
0x00007ff9eda20000 - 0x00007ff9eda47000 	C:\WINDOWS\System32\GDI32.dll
0x00007ff9ede70000 - 0x00007ff9edf0d000 	C:\WINDOWS\System32\msvcrt.dll
0x00007ff9ea9c0000 - 0x00007ff9eab48000 	C:\WINDOWS\System32\gdi32full.dll
0x00007ff9ee110000 - 0x00007ff9ee169000 	C:\WINDOWS\System32\sechost.dll
0x00007ff9ead90000 - 0x00007ff9eae2a000 	C:\WINDOWS\System32\msvcp_win.dll
0x00007ff9edb00000 - 0x00007ff9edc25000 	C:\WINDOWS\System32\RPCRT4.dll
0x00007ff9eb850000 - 0x00007ff9eb946000 	C:\WINDOWS\System32\ucrtbase.dll
0x00007ff9d60b0000 - 0x00007ff9d60b9000 	C:\WINDOWS\SYSTEM32\WSOCK32.dll
0x00007ff9e1a70000 - 0x00007ff9e1b16000 	C:\WINDOWS\WinSxS\amd64_microsoft.windows.common-controls_6595b64144ccf1df_5.82.15063.413_none_0e0f5dcc67adff4e\COMCTL32.dll
0x00007ff9edc30000 - 0x00007ff9edc9c000 	C:\WINDOWS\System32\WS2_32.dll
0x00007ff9ee170000 - 0x00007ff9ee19d000 	C:\WINDOWS\System32\IMM32.DLL
0x000000006b0e0000 - 0x000000006b21a000 	C:\Program Files\ooRexx\rexxutil.DLL
0x00007ff9edd50000 - 0x00007ff9edda1000 	C:\WINDOWS\System32\SHLWAPI.dll
0x00007ff9ebb70000 - 0x00007ff9ebe69000 	C:\WINDOWS\System32\combase.dll
0x00007ff9eab50000 - 0x00007ff9eabba000 	C:\WINDOWS\System32\bcryptPrimitives.dll
0x00007ff9e5620000 - 0x00007ff9e56aa000 	C:\WINDOWS\SYSTEM32\WINSPOOL.DRV
0x00007ff9ea490000 - 0x00007ff9ea4b5000 	C:\WINDOWS\SYSTEM32\bcrypt.dll
0x00007ff9c73c0000 - 0x00007ff9c74f8000 	C:\Program Files\ooRexx\OREXXOLE.DLL
0x00007ff9ed8d0000 - 0x00007ff9eda15000 	C:\WINDOWS\System32\ole32.dll
0x00007ff9ebf80000 - 0x00007ff9ec040000 	C:\WINDOWS\System32\OLEAUT32.dll
0x00007ff9ea810000 - 0x00007ff9ea840000 	C:\WINDOWS\SYSTEM32\SspiCli.dll
0x00007ff9e9ef0000 - 0x00007ff9e9f4c000 	C:\WINDOWS\system32\mswsock.dll
0x00007ff9dfa90000 - 0x00007ff9dfaa6000 	C:\WINDOWS\system32\napinsp.dll
0x00007ff9dfa70000 - 0x00007ff9dfa8a000 	C:\WINDOWS\system32\pnrpnsp.dll
0x00007ff9e7160000 - 0x00007ff9e7178000 	C:\WINDOWS\system32\NLAapi.dll
0x00007ff9e9cd0000 - 0x00007ff9e9d74000 	C:\WINDOWS\SYSTEM32\DNSAPI.dll
0x00007ff9ede60000 - 0x00007ff9ede68000 	C:\WINDOWS\System32\NSI.dll
0x00007ff9e9c90000 - 0x00007ff9e9cc7000 	C:\WINDOWS\SYSTEM32\IPHLPAPI.DLL
0x00007ff9e6e60000 - 0x00007ff9e6e6e000 	C:\WINDOWS\System32\winrnr.dll
0x00007ff9e46b0000 - 0x00007ff9e46c5000 	C:\WINDOWS\System32\wshbth.dll
0x00007ff9d89b0000 - 0x00007ff9d8a1b000 	C:\WINDOWS\System32\fwpuclnt.dll
0x00007ff9d7290000 - 0x00007ff9d729a000 	C:\Windows\System32\rasadhlp.dll
0x0000000010000000 - 0x000000001002b000 	C:\Users\abagi\Downloads\BSF4ooRexx_install_v600-20170617-beta\bsf4oorexx\BSF4ooRexx.DLL
0x0000000069c00000 - 0x000000006a49c000 	C:\Program Files\Java\jre1.8.0_131\bin\server\jvm.DLL
0x00007ff9ede50000 - 0x00007ff9ede58000 	C:\WINDOWS\System32\PSAPI.DLL
0x00007ff9e8f40000 - 0x00007ff9e8f4a000 	C:\WINDOWS\SYSTEM32\VERSION.dll
0x00007ff9e7750000 - 0x00007ff9e7773000 	C:\WINDOWS\SYSTEM32\WINMM.dll
0x00007ff9e76f0000 - 0x00007ff9e771b000 	C:\WINDOWS\SYSTEM32\winmmbase.dll
0x00007ff9eb9b0000 - 0x00007ff9eb9f9000 	C:\WINDOWS\System32\cfgmgr32.dll
0x000000006b000000 - 0x000000006b0d2000 	C:\Program Files\Java\jdk1.8.0_131\bin\MSVCR100.dll
0x000000006aff0000 - 0x000000006afff000 	C:\Program Files\Java\jre1.8.0_131\bin\verify.dll
0x000000006afc0000 - 0x000000006afe9000 	C:\Program Files\Java\jre1.8.0_131\bin\java.dll
0x000000006afa0000 - 0x000000006afb6000 	C:\Program Files\Java\jre1.8.0_131\bin\zip.dll
0x00007ff9ec480000 - 0x00007ff9ed8b7000 	C:\WINDOWS\System32\SHELL32.dll
0x00007ff9eda50000 - 0x00007ff9edafa000 	C:\WINDOWS\System32\shcore.dll
0x00007ff9eae30000 - 0x00007ff9eb522000 	C:\WINDOWS\System32\windows.storage.dll
0x00007ff9ea980000 - 0x00007ff9ea991000 	C:\WINDOWS\System32\kernel.appcore.dll
0x00007ff9ea930000 - 0x00007ff9ea97c000 	C:\WINDOWS\System32\powrprof.dll
0x00007ff9ea910000 - 0x00007ff9ea925000 	C:\WINDOWS\System32\profapi.dll
0x0000000069a60000 - 0x0000000069bf8000 	C:\Program Files\Java\jre1.8.0_131\bin\awt.dll
0x00007ff9e8b40000 - 0x00007ff9e8bbe000 	C:\WINDOWS\SYSTEM32\apphelp.dll
0x00007ff9c06a0000 - 0x00007ff9c078f000 	C:\Program Files\Java\jre1.8.0_131\bin\msvcr120.dll
0x00007ff9c35c0000 - 0x00007ff9c3666000 	C:\Program Files\Java\jre1.8.0_131\bin\msvcp120.dll
0x000000006af70000 - 0x000000006af92000 	C:\Program Files\Java\jre1.8.0_131\bin\prism_d3d.dll
0x00007ff9c7770000 - 0x00007ff9c78f9000 	C:\WINDOWS\system32\d3d9.dll
0x00007ff9e72e0000 - 0x00007ff9e730a000 	C:\WINDOWS\SYSTEM32\dwmapi.dll
0x00007ff9e8c60000 - 0x00007ff9e8cf5000 	C:\WINDOWS\system32\uxtheme.dll
0x00007ff996cf0000 - 0x00007ff99922d000 	C:\WINDOWS\SYSTEM32\igdumdim64.dll
0x00007ff9ec040000 - 0x00007ff9ec47b000 	C:\WINDOWS\System32\SETUPAPI.dll
0x000000006af20000 - 0x000000006af63000 	C:\Program Files\Java\jre1.8.0_131\bin\glass.dll
0x00007ff9ebe70000 - 0x00007ff9ebf78000 	C:\WINDOWS\System32\COMDLG32.dll
0x00007ff9eba00000 - 0x00007ff9ebb66000 	C:\WINDOWS\System32\MSCTF.dll
0x00007ff9d7b20000 - 0x00007ff9d7bc1000 	C:\Program Files\Common Files\microsoft shared\ink\tiptsf.dll
0x00007ff9e2110000 - 0x00007ff9e2f83000 	C:\WINDOWS\SYSTEM32\igc64.dll
0x000000006af00000 - 0x000000006af14000 	C:\Program Files\Java\jre1.8.0_131\bin\javafx_font.dll
0x00007ff9e4020000 - 0x00007ff9e42df000 	C:\WINDOWS\SYSTEM32\dwrite.dll
0x00007ff9eddb0000 - 0x00007ff9ede4e000 	C:\WINDOWS\System32\clbcatq.dll
0x00007ff9d8fb0000 - 0x00007ff9d9217000 	C:\WINDOWS\WinSxS\amd64_microsoft.windows.common-controls_6595b64144ccf1df_6.0.15063.0_none_108e4f62dfe5d999\comctl32.dll
0x00007ff9e5230000 - 0x00007ff9e53dc000 	C:\WINDOWS\SYSTEM32\WindowsCodecs.dll
0x00007ff9d6510000 - 0x00007ff9d6557000 	C:\WINDOWS\system32\dataexchange.dll
0x00007ff9e7510000 - 0x00007ff9e7632000 	C:\WINDOWS\system32\dcomp.dll
0x00007ff9e7d50000 - 0x00007ff9e802f000 	C:\WINDOWS\system32\d3d11.dll
0x00007ff9e8d90000 - 0x00007ff9e8e34000 	C:\WINDOWS\system32\dxgi.dll
0x00007ff9e92f0000 - 0x00007ff9e9460000 	C:\WINDOWS\system32\twinapi.appcore.dll
0x00007ff9dbeb0000 - 0x00007ff9dbee1000 	C:\Program Files\Common Files\Microsoft Shared\Ink\rtscom.dll
0x00007ff9e4620000 - 0x00007ff9e46a2000 	C:\WINDOWS\System32\TextInputFramework.dll
0x00007ff9e8030000 - 0x00007ff9e8113000 	C:\WINDOWS\System32\CoreMessaging.dll
0x00007ff9e47f0000 - 0x00007ff9e4ac2000 	C:\WINDOWS\System32\CoreUIComponents.dll
0x00007ff9e9940000 - 0x00007ff9e9971000 	C:\WINDOWS\SYSTEM32\ntmarta.dll
0x00007ff9e6810000 - 0x00007ff9e6949000 	C:\WINDOWS\SYSTEM32\wintypes.dll
0x00007ff9e7000000 - 0x00007ff9e7015000 	C:\WINDOWS\SYSTEM32\usermgrcli.dll
0x00007ff9d9410000 - 0x00007ff9d95d5000 	C:\Windows\System32\uiautomationcore.dll
0x00007ff9ea770000 - 0x00007ff9ea80a000 	C:\WINDOWS\SYSTEM32\sxs.dll
0x00007ff9d83f0000 - 0x00007ff9d845b000 	C:\WINDOWS\SYSTEM32\OLEACC.dll
0x00007ff9ea4c0000 - 0x00007ff9ea4d7000 	C:\WINDOWS\SYSTEM32\CRYPTSP.dll
0x00007ff9e9b10000 - 0x00007ff9e9b44000 	C:\WINDOWS\system32\rsaenh.dll
0x00007ff9ea840000 - 0x00007ff9ea869000 	C:\WINDOWS\SYSTEM32\USERENV.dll
0x00007ff9ea090000 - 0x00007ff9ea09b000 	C:\WINDOWS\SYSTEM32\CRYPTBASE.dll
0x000000006aee0000 - 0x000000006aefa000 	C:\Program Files\Java\jre1.8.0_131\bin\net.dll
0x00007ff9ddd20000 - 0x00007ff9ddd36000 	C:\WINDOWS\SYSTEM32\dhcpcsvc6.DLL
0x00007ff9ddd00000 - 0x00007ff9ddd1a000 	C:\WINDOWS\SYSTEM32\dhcpcsvc.DLL
0x000000006aec0000 - 0x000000006aed1000 	C:\Program Files\Java\jre1.8.0_131\bin\nio.dll
0x000000006aea0000 - 0x000000006aeb1000 	C:\Program Files\Java\jre1.8.0_131\bin\prism_common.dll
0x00007ff9e8190000 - 0x00007ff9e8734000 	C:\WINDOWS\SYSTEM32\d2d1.dll
0x00007ff9eabc0000 - 0x00007ff9ead89000 	C:\WINDOWS\System32\CRYPT32.dll
0x00007ff9ea9a0000 - 0x00007ff9ea9b1000 	C:\WINDOWS\System32\MSASN1.dll
0x00007ff9d03d0000 - 0x00007ff9d06a5000 	C:\WINDOWS\SYSTEM32\D3D10Warp.dll
0x00007ff9cbcf0000 - 0x00007ff9cbd4d000 	C:\WINDOWS\system32\Ninput.dll
0x00007ff9da480000 - 0x00007ff9da706000 	C:\WINDOWS\SYSTEM32\iertutil.dll
0x00007ff9ea4e0000 - 0x00007ff9ea689000 	C:\WINDOWS\SYSTEM32\dbghelp.dll

VM Arguments:
java_command: <unknown>
java_class_path (initial): C:\Program Files\BSF4ooRexx\bsf4ooRexx-v600-20170405-bin.jar;C:\Program Files\BSF4ooRexx\jni4net.j-0.8.8.0.jar;C:\Program Files\BSF4ooRexx\oorexx.net.jar;C:\Users\abagi\Downloads\BSF4ooRexx_install_v600-20170617-beta\bsf4oorexx\bsf4ooRexx-v600-20170617-bin.jar;C:\Users\abagi\Downloads\BSF4ooRexx_install_v600-20170617-beta\bsf4oorexx\jni4net.j-0.8.8.0.jar;C:\Users\abagi\Downloads\BSF4ooRexx_install_v600-20170617-beta\bsf4oorexx\oorexx.net.jar;.;C:\Users\abagi\OneDrive\Dokumente\WU\javafx\ooRexxTryFX\java\ikonli-core-1.9.0.jar;C:\Users\abagi\OneDrive\Dokumente\WU\javafx\ooRexxTryFX\java\ikonli-javafx-1.9.0.jar;C:\Users\abagi\OneDrive\Dokumente\WU\javafx\ooRexxTryFX\java\ikonli-octicons-pack-1.9.0.jar;C:\Users\abagi\OneDrive\Dokumente\WU\javafx\ooRexxTryFX\java\ikonli-openiconic-pack-1.9.0.jar;C:\Users\abagi\OneDrive\Dokumente\WU\javafx\ooRexxTryFX\java\richtextfx-0.7-M5-custom.jar;
Launcher Type: generic

Environment Variables:
CLASSPATH=C:\Program Files\BSF4ooRexx\bsf4ooRexx-v600-20170405-bin.jar;C:\Program Files\BSF4ooRexx\jni4net.j-0.8.8.0.jar;C:\Program Files\BSF4ooRexx\oorexx.net.jar;C:\Users\abagi\Downloads\BSF4ooRexx_install_v600-20170617-beta\bsf4oorexx\bsf4ooRexx-v600-20170617-bin.jar;C:\Users\abagi\Downloads\BSF4ooRexx_install_v600-20170617-beta\bsf4oorexx\jni4net.j-0.8.8.0.jar;C:\Users\abagi\Downloads\BSF4ooRexx_install_v600-20170617-beta\bsf4oorexx\oorexx.net.jar;.;C:\Users\abagi\OneDrive\Dokumente\WU\javafx\ooRexxTryFX\java\ikonli-core-1.9.0.jar;C:\Users\abagi\OneDrive\Dokumente\WU\javafx\ooRexxTryFX\java\ikonli-javafx-1.9.0.jar;C:\Users\abagi\OneDrive\Dokumente\WU\javafx\ooRexxTryFX\java\ikonli-octicons-pack-1.9.0.jar;C:\Users\abagi\OneDrive\Dokumente\WU\javafx\ooRexxTryFX\java\ikonli-openiconic-pack-1.9.0.jar;C:\Users\abagi\OneDrive\Dokumente\WU\javafx\ooRexxTryFX\java\richtextfx-0.7-M5-custom.jar;
PATH=C:\ProgramData\Oracle\Java\javapath;C:\WINDOWS\system32;C:\WINDOWS;C:\WINDOWS\System32\Wbem;C:\WINDOWS\System32\WindowsPowerShell\v1.0\;C:\Program Files\ooRexx;C:\Program Files\BSF4ooRexx;C:\Program Files\Java\jdk1.8.0_131\bin;C:\Program Files\nodejs\;C:\Program Files\Git\cmd;C:\Users\abagi\Downloads\BSF4ooRexx_install_v600-20170617-beta\bsf4oorexx;C:\Program Files\Java\jre1.8.0_131\bin\server;C:\Users\abagi\AppData\Local\Microsoft\WindowsApps;C:\Program Files (x86)\Microsoft VS Code\bin;C:\Users\abagi\AppData\Roaming\npm;C:\Users\abagi\AppData\Roaming\Dashlane\4.8.1.32550\bin\Firefox_Extension\{442718d9-475e-452a-b3e1-fb1ee16b8e9f}\components;C:\Users\abagi\AppData\Roaming\Dashlane\4.8.1.32550\ucrt
USERNAME=abagi
OS=Windows_NT
PROCESSOR_IDENTIFIER=Intel64 Family 6 Model 78 Stepping 3, GenuineIntel



---------------  S Y S T E M  ---------------

OS: Windows 10.0 , 64 bit Build 15063 (10.0.15063.296)

CPU:total 4 (initial active 4) (2 cores per cpu, 2 threads per core) family 6 model 78 stepping 3, cmov, cx8, fxsr, mmx, sse, sse2, sse3, ssse3, sse4.1, sse4.2, popcnt, avx, avx2, aes, clmul, erms, rtm, 3dnowpref, lzcnt, ht, tsc, tscinvbit, bmi1, bmi2, adx

Memory: 4k page, physical 8312940k(1527244k free), swap 17928276k(2473600k free)

vm_info: Java HotSpot(TM) 64-Bit Server VM (25.131-b11) for windows-amd64 JRE (1.8.0_131-b11), built on Mar 15 2017 01:23:53 by "java_re" with MS VC++ 10.0 (VS2010)

time: Wed Jul 05 10:48:01 2017
elapsed time: 12 seconds (0d 0h 0m 12s)

