#
# A fatal error has been detected by the Java Runtime Environment:
#
#  EXCEPTION_ACCESS_VIOLATION (0xc0000005) at pc=0x00007ff98e5e24b8, pid=2708, tid=0x00000000000000d4
#
# JRE version: Java(TM) SE Runtime Environment (8.0_131-b11) (build 1.8.0_131-b11)
# Java VM: Java HotSpot(TM) 64-Bit Server VM (25.131-b11 mixed mode windows-amd64 compressed oops)
# Problematic frame:
# C  [rexx.dll+0x1524b8]
#
# Failed to write core dump. Minidumps are not enabled by default on client versions of Windows
#
# If you would like to submit a bug report, please visit:
#   http://bugreport.java.com/bugreport/crash.jsp
# The crash happened outside the Java Virtual Machine in native code.
# See problematic frame for where to report the bug.
#

---------------  T H R E A D  ---------------

Current thread (0x000000001e5a9000):  JavaThread "pool-1-thread-1" [_thread_in_native, id=212, stack(0x000000002c290000,0x000000002c690000)]

siginfo: ExceptionCode=0xc0000005, ExceptionInformation=0x0000000000000008 0x00007ff98e5e24b8

Registers:
RAX=0x00007ff98e5baa00, RBX=0x00007ff799b6e8b0, RCX=0x00007ff79b5e8b50, RDX=0x00007ff79b5e8b50
RSP=0x000000002c68af58, RBP=0x0000000000000000, RSI=0x0000000000000000, RDI=0x000000002c68b1e8
R8 =0x0000000000000000, R9 =0x0000000000000000, R10=0x0000000000000000, R11=0x00007ff79b5e8b70
R12=0x000000001e5a91f8, R13=0x000000002240fe40, R14=0x0000000772c80898, R15=0x000000001e5a9000
RIP=0x00007ff98e5e24b8, EFLAGS=0x0000000000010206

Top of Stack: (sp=0x000000002c68af58)
0x000000002c68af58:   00007ff98e531191 00007ff79b5e8b50
0x000000002c68af68:   00007ff79b5e8b50 00007ff79b78d1b0
0x000000002c68af78:   fffffffffffffffe 0000000772c80898
0x000000002c68af88:   00007ff98e5312c4 00007ff799ff6750
0x000000002c68af98:   00007ff79b5e8b50 00007ff799ff6750
0x000000002c68afa8:   00007ff799ff6750 00007ff79b5e8b50
0x000000002c68afb8:   fffffffffffffffe 0000000000000010
0x000000002c68afc8:   00007ff98e5338ce 00007ff799ff6750
0x000000002c68afd8:   00000000000000d4 000000001edc0c98
0x000000002c68afe8:   000000002c680000 0000000000000000
0x000000002c68aff8:   00007ff98e57ac83 00007ff799ff6750
0x000000002c68b008:   000000001e627f50 000000001e5a9000
0x000000002c68b018:   0000000772c80898 00000007c0063dd8
0x000000002c68b028:   00007ff799ff6750 0000fdcd93396c1f
0x000000002c68b038:   fffffffffffffffe 000000001e5a9000
0x000000002c68b048:   00007ff98e57ad08 00007ff799b6e890 

Instructions: (pc=0x00007ff98e5e24b8)
0x00007ff98e5e2498:   00 00 00 00 ff ff ff ff 00 00 00 00 40 00 00 00
0x00007ff98e5e24a8:   50 24 15 00 00 00 00 00 00 00 00 00 00 00 00 00
0x00007ff98e5e24b8:   01 00 00 00 00 00 00 00 00 00 00 00 40 e9 17 00
0x00007ff98e5e24c8:   e0 24 15 00 b8 24 15 00 00 00 00 00 00 00 00 00 


Register to memory mapping:

RAX=0x00007ff98e5baa00 is an unknown value
RBX=0x00007ff799b6e8b0 is an unknown value
RCX=0x00007ff79b5e8b50 is an unknown value
RDX=0x00007ff79b5e8b50 is an unknown value
RSP=0x000000002c68af58 is pointing into the stack for thread: 0x000000001e5a9000
RBP=0x0000000000000000 is an unknown value
RSI=0x0000000000000000 is an unknown value
RDI=0x000000002c68b1e8 is pointing into the stack for thread: 0x000000001e5a9000
R8 =0x0000000000000000 is an unknown value
R9 =0x0000000000000000 is an unknown value
R10=0x0000000000000000 is an unknown value
R11=0x00007ff79b5e8b70 is an unknown value
R12=0x000000001e5a91f8 is an unknown value
R13=0x000000002240fe40 is an unknown value
R14=0x0000000772c80898 is an unknown value
R15=0x000000001e5a9000 is a thread


Stack: [0x000000002c290000,0x000000002c690000],  sp=0x000000002c68af58,  free space=4075k
Native frames: (J=compiled Java code, j=interpreted, Vv=VM code, C=native code)

Java frames: (J=compiled Java code, j=interpreted, Vv=VM code)
J 4185  org.rexxla.bsf.engines.rexx.RexxAndJava.jniRexxSendMessageToRexxObject(Ljava/lang/String;Ljava/lang/String;Ljava/lang/String;Ljava/lang/String;Ljava/lang/String;Ljava/lang/String;Ljava/lang/String;[Ljava/lang/Object;Ljava/lang/String;)Ljava/lang/Object; (0 bytes) @ 0x0000000003c40912 [0x0000000003c40800+0x112]
J 4996 C1 org.rexxla.bsf.engines.rexx.RexxEngine.call(Ljava/lang/Object;Ljava/lang/String;[Ljava/lang/Object;)Ljava/lang/Object; (340 bytes) @ 0x0000000003eda974 [0x0000000003ed9260+0x1714]
j  org.rexxla.bsf.engines.rexx.RexxProxy.sendMessage1(Ljava/lang/String;Ljava/lang/Object;)Ljava/lang/Object;+59
j  org.rexxla.bsf.engines.rexx.RexxAndJava.javaCallBSF([Ljava/lang/String;)Ljava/lang/String;+6689
v  ~StubRoutines::call_stub
J 4185  org.rexxla.bsf.engines.rexx.RexxAndJava.jniRexxSendMessageToRexxObject(Ljava/lang/String;Ljava/lang/String;Ljava/lang/String;Ljava/lang/String;Ljava/lang/String;Ljava/lang/String;Ljava/lang/String;[Ljava/lang/Object;Ljava/lang/String;)Ljava/lang/Object; (0 bytes) @ 0x0000000003c40912 [0x0000000003c40800+0x112]
j  org.rexxla.bsf.engines.rexx.RexxEngine.call(Lorg/rexxla/bsf/engines/rexx/RexxProxy;Ljava/lang/Object;Ljava/lang/String;Ljava/lang/String;[Ljava/lang/Object;)Ljava/lang/Object;+589
j  org.rexxla.bsf.engines.rexx.RexxProxy.invoke(Ljava/lang/Object;Ljava/lang/String;Ljava/lang/String;[Ljava/lang/Object;)Ljava/lang/Object;+125
j  org.rexxla.bsf.engines.rexx.onTheFly.Task_$RexxExtendClass$_840238929.call()Ljava/lang/Object;+32
j  javafx.concurrent.Task$TaskCallable.call()Ljava/lang/Object;+26
j  java.util.concurrent.FutureTask.run()V+42
j  java.util.concurrent.ThreadPoolExecutor.runWorker(Ljava/util/concurrent/ThreadPoolExecutor$Worker;)V+95
j  java.util.concurrent.ThreadPoolExecutor$Worker.run()V+5
j  java.lang.Thread.run()V+11
v  ~StubRoutines::call_stub

---------------  P R O C E S S  ---------------

Java Threads: ( => current thread )
=>0x000000001e5a9000 JavaThread "pool-1-thread-1" [_thread_in_native, id=212, stack(0x000000002c290000,0x000000002c690000)]
  0x000000001f2f4000 JavaThread "Prism Font Disposer" daemon [_thread_blocked, id=8244, stack(0x00000000252f0000,0x00000000256f0000)]
  0x000000001ef83000 JavaThread "Thread-4" daemon [_thread_in_native, id=12192, stack(0x00000000232b0000,0x00000000233b0000)]
  0x000000001ef7f000 JavaThread "JavaFX Application Thread" [_thread_in_native, id=7640, stack(0x0000000020bb0000,0x0000000020fb0000)]
  0x000000001ef73000 JavaThread "Thread-3" daemon [_thread_blocked, id=9012, stack(0x00000000207b0000,0x0000000020bb0000)]
  0x000000001ef19000 JavaThread "QuantumRenderer-0" daemon [_thread_blocked, id=4588, stack(0x000000001ff60000,0x0000000020360000)]
  0x000000001eeb3800 JavaThread "JavaFX-Launcher" [_thread_blocked, id=6732, stack(0x000000001fb60000,0x000000001ff60000)]
  0x000000001e368800 JavaThread "Service Thread" daemon [_thread_blocked, id=5588, stack(0x000000001e740000,0x000000001eb40000)]
  0x000000001bdc6800 JavaThread "C1 CompilerThread2" daemon [_thread_blocked, id=6992, stack(0x000000001e240000,0x000000001e340000)]
  0x000000001bdc3800 JavaThread "C2 CompilerThread1" daemon [_thread_blocked, id=10624, stack(0x000000001e140000,0x000000001e240000)]
  0x000000001bdbf000 JavaThread "C2 CompilerThread0" daemon [_thread_blocked, id=11704, stack(0x000000001e040000,0x000000001e140000)]
  0x000000001bdbc800 JavaThread "Attach Listener" daemon [_thread_blocked, id=4052, stack(0x000000001dc40000,0x000000001e040000)]
  0x000000001bdbb000 JavaThread "Signal Dispatcher" daemon [_thread_blocked, id=11188, stack(0x000000001d840000,0x000000001dc40000)]
  0x000000001bda9000 JavaThread "Finalizer" daemon [_thread_in_native, id=12472, stack(0x000000001d330000,0x000000001d730000)]
  0x0000000002921000 JavaThread "Reference Handler" daemon [_thread_blocked, id=3692, stack(0x000000001cf30000,0x000000001d330000)]
  0x0000000002b6e000 JavaThread "main" [_thread_blocked, id=8340, stack(0x0000000002b70000,0x0000000002f70000)]

Other Threads:
  0x000000001bd87800 VMThread [stack: 0x000000001ce30000,0x000000001cf30000] [id=11128]
  0x000000001e385800 WatcherThread [stack: 0x000000001eca0000,0x000000001eda0000] [id=9372]

VM state:not at safepoint (normal execution)

VM Mutex/Monitor currently owned by a thread: None

Heap:
 PSYoungGen      total 72704K, used 12335K [0x000000076ef80000, 0x0000000774a00000, 0x00000007c0000000)
  eden space 62464K, 3% used [0x000000076ef80000,0x000000076f18d290,0x0000000772c80000)
  from space 10240K, 99% used [0x0000000772c80000,0x000000077367ecd8,0x0000000773680000)
  to   space 10240K, 0% used [0x0000000774000000,0x0000000774000000,0x0000000774a00000)
 ParOldGen       total 119296K, used 12237K [0x00000006cce00000, 0x00000006d4280000, 0x000000076ef80000)
  object space 119296K, 10% used [0x00000006cce00000,0x00000006cd9f34a8,0x00000006d4280000)
 Metaspace       used 31528K, capacity 34126K, committed 34224K, reserved 1079296K
  class space    used 4491K, capacity 5000K, committed 5040K, reserved 1048576K

Card table byte_map: [0x0000000012330000,0x0000000012ad0000] byte_map_base: 0x000000000ecc9000

Marking Bits: (ParMarkBitMap*) 0x00000000695ec720
 Begin Bits: [0x00000000132f0000, 0x0000000016fb8000)
 End Bits:   [0x0000000016fb8000, 0x000000001ac80000)

Polling page: 0x0000000001070000

CodeCache: size=245760Kb used=15759Kb max_used=15778Kb free=230000Kb
 bounds [0x0000000002f70000, 0x0000000003ef0000, 0x0000000011f70000]
 total_blobs=5699 nmethods=4968 adapters=642
 compilation: enabled

Compilation events (10 events):
Event: 38.387 Thread 0x000000001bdc6800 4996       3       org.rexxla.bsf.engines.rexx.RexxEngine::call (340 bytes)
Event: 38.389 Thread 0x000000001bdc6800 nmethod 4996 0x0000000003ed8e90 code [0x0000000003ed9260, 0x0000000003edb8a8]
Event: 38.390 Thread 0x000000001bdc3800 4997  s    4       java.lang.Throwable::fillInStackTrace (29 bytes)
Event: 38.392 Thread 0x000000001bdc3800 nmethod 4997 0x0000000003ed8950 code [0x0000000003ed8aa0, 0x0000000003ed8dc8]
Event: 38.399 Thread 0x000000001bdbf000 4998   !   4       org.rexxla.bsf.engines.rexx.RexxAndJava::invokeMethod (21 bytes)
Event: 38.416 Thread 0x000000001bdc6800 4999       3       java.util.concurrent.atomic.AtomicLong::addAndGet (14 bytes)
Event: 38.416 Thread 0x000000001bdc6800 nmethod 4999 0x0000000003ed4310 code [0x0000000003ed4460, 0x0000000003ed45b0]
Event: 38.416 Thread 0x000000001bdbf000 nmethod 4998 0x0000000003ecef50 code [0x0000000003ecf100, 0x0000000003ecf480]
Event: 38.417 Thread 0x000000001bdc3800 5000   !   4       java.lang.ref.Reference::tryHandlePending (115 bytes)
Event: 38.422 Thread 0x000000001bdc3800 nmethod 5000 0x0000000003edf890 code [0x0000000003edfa40, 0x0000000003ee0390]

GC Heap History (8 events):
Event: 1.772 GC heap before
{Heap before GC invocations=1 (full 0):
 PSYoungGen      total 72704K, used 50571K [0x000000076ef80000, 0x0000000774080000, 0x00000007c0000000)
  eden space 62464K, 80% used [0x000000076ef80000,0x00000007720e2f10,0x0000000772c80000)
  from space 10240K, 0% used [0x0000000773680000,0x0000000773680000,0x0000000774080000)
  to   space 10240K, 0% used [0x0000000772c80000,0x0000000772c80000,0x0000000773680000)
 ParOldGen       total 166912K, used 0K [0x00000006cce00000, 0x00000006d7100000, 0x000000076ef80000)
  object space 166912K, 0% used [0x00000006cce00000,0x00000006cce00000,0x00000006d7100000)
 Metaspace       used 20288K, capacity 21262K, committed 21296K, reserved 1067008K
  class space    used 2860K, capacity 3092K, committed 3120K, reserved 1048576K
Event: 1.784 GC heap after
Heap after GC invocations=1 (full 0):
 PSYoungGen      total 72704K, used 8883K [0x000000076ef80000, 0x0000000774080000, 0x00000007c0000000)
  eden space 62464K, 0% used [0x000000076ef80000,0x000000076ef80000,0x0000000772c80000)
  from space 10240K, 86% used [0x0000000772c80000,0x000000077352cfa0,0x0000000773680000)
  to   space 10240K, 0% used [0x0000000773680000,0x0000000773680000,0x0000000774080000)
 ParOldGen       total 166912K, used 80K [0x00000006cce00000, 0x00000006d7100000, 0x000000076ef80000)
  object space 166912K, 0% used [0x00000006cce00000,0x00000006cce14010,0x00000006d7100000)
 Metaspace       used 20288K, capacity 21262K, committed 21296K, reserved 1067008K
  class space    used 2860K, capacity 3092K, committed 3120K, reserved 1048576K
}
Event: 1.784 GC heap before
{Heap before GC invocations=2 (full 1):
 PSYoungGen      total 72704K, used 8883K [0x000000076ef80000, 0x0000000774080000, 0x00000007c0000000)
  eden space 62464K, 0% used [0x000000076ef80000,0x000000076ef80000,0x0000000772c80000)
  from space 10240K, 86% used [0x0000000772c80000,0x000000077352cfa0,0x0000000773680000)
  to   space 10240K, 0% used [0x0000000773680000,0x0000000773680000,0x0000000774080000)
 ParOldGen       total 166912K, used 80K [0x00000006cce00000, 0x00000006d7100000, 0x000000076ef80000)
  object space 166912K, 0% used [0x00000006cce00000,0x00000006cce14010,0x00000006d7100000)
 Metaspace       used 20288K, capacity 21262K, committed 21296K, reserved 1067008K
  class space    used 2860K, capacity 3092K, committed 3120K, reserved 1048576K
Event: 1.820 GC heap after
Heap after GC invocations=2 (full 1):
 PSYoungGen      total 72704K, used 0K [0x000000076ef80000, 0x0000000774080000, 0x00000007c0000000)
  eden space 62464K, 0% used [0x000000076ef80000,0x000000076ef80000,0x0000000772c80000)
  from space 10240K, 0% used [0x0000000772c80000,0x0000000772c80000,0x0000000773680000)
  to   space 10240K, 0% used [0x0000000773680000,0x0000000773680000,0x0000000774080000)
 ParOldGen       total 119296K, used 8711K [0x00000006cce00000, 0x00000006d4280000, 0x000000076ef80000)
  object space 119296K, 7% used [0x00000006cce00000,0x00000006cd681da0,0x00000006d4280000)
 Metaspace       used 20288K, capacity 21262K, committed 21296K, reserved 1067008K
  class space    used 2860K, capacity 3092K, committed 3120K, reserved 1048576K
}
Event: 4.310 GC heap before
{Heap before GC invocations=3 (full 1):
 PSYoungGen      total 72704K, used 62464K [0x000000076ef80000, 0x0000000774080000, 0x00000007c0000000)
  eden space 62464K, 100% used [0x000000076ef80000,0x0000000772c80000,0x0000000772c80000)
  from space 10240K, 0% used [0x0000000772c80000,0x0000000772c80000,0x0000000773680000)
  to   space 10240K, 0% used [0x0000000773680000,0x0000000773680000,0x0000000774080000)
 ParOldGen       total 119296K, used 8711K [0x00000006cce00000, 0x00000006d4280000, 0x000000076ef80000)
  object space 119296K, 7% used [0x00000006cce00000,0x00000006cd681da0,0x00000006d4280000)
 Metaspace       used 25658K, capacity 27774K, committed 27952K, reserved 1073152K
  class space    used 3872K, capacity 4273K, committed 4400K, reserved 1048576K
Event: 4.320 GC heap after
Heap after GC invocations=3 (full 1):
 PSYoungGen      total 72704K, used 9051K [0x000000076ef80000, 0x0000000774d00000, 0x00000007c0000000)
  eden space 62464K, 0% used [0x000000076ef80000,0x000000076ef80000,0x0000000772c80000)
  from space 10240K, 88% used [0x0000000773680000,0x0000000773f56fc8,0x0000000774080000)
  to   space 10240K, 0% used [0x0000000772c80000,0x0000000772c80000,0x0000000773680000)
 ParOldGen       total 119296K, used 8719K [0x00000006cce00000, 0x00000006d4280000, 0x000000076ef80000)
  object space 119296K, 7% used [0x00000006cce00000,0x00000006cd683da0,0x00000006d4280000)
 Metaspace       used 25658K, capacity 27774K, committed 27952K, reserved 1073152K
  class space    used 3872K, capacity 4273K, committed 4400K, reserved 1048576K
}
Event: 38.403 GC heap before
{Heap before GC invocations=4 (full 1):
 PSYoungGen      total 72704K, used 71515K [0x000000076ef80000, 0x0000000774d00000, 0x00000007c0000000)
  eden space 62464K, 100% used [0x000000076ef80000,0x0000000772c80000,0x0000000772c80000)
  from space 10240K, 88% used [0x0000000773680000,0x0000000773f56fc8,0x0000000774080000)
  to   space 10240K, 0% used [0x0000000772c80000,0x0000000772c80000,0x0000000773680000)
 ParOldGen       total 119296K, used 8719K [0x00000006cce00000, 0x00000006d4280000, 0x000000076ef80000)
  object space 119296K, 7% used [0x00000006cce00000,0x00000006cd683da0,0x00000006d4280000)
 Metaspace       used 31528K, capacity 34126K, committed 34224K, reserved 1079296K
  class space    used 4491K, capacity 5000K, committed 5040K, reserved 1048576K
Event: 38.416 GC heap after
Heap after GC invocations=4 (full 1):
 PSYoungGen      total 72704K, used 10235K [0x000000076ef80000, 0x0000000774a00000, 0x00000007c0000000)
  eden space 62464K, 0% used [0x000000076ef80000,0x000000076ef80000,0x0000000772c80000)
  from space 10240K, 99% used [0x0000000772c80000,0x000000077367ecd8,0x0000000773680000)
  to   space 10240K, 0% used [0x0000000774000000,0x0000000774000000,0x0000000774a00000)
 ParOldGen       total 119296K, used 12237K [0x00000006cce00000, 0x00000006d4280000, 0x000000076ef80000)
  object space 119296K, 10% used [0x00000006cce00000,0x00000006cd9f34a8,0x00000006d4280000)
 Metaspace       used 31528K, capacity 34126K, committed 34224K, reserved 1079296K
  class space    used 4491K, capacity 5000K, committed 5040K, reserved 1048576K
}

Deoptimization events (10 events):
Event: 35.664 Thread 0x000000001e5a9000 Uncommon trap: reason=null_check action=make_not_entrant pc=0x00000000038444f4 method=java.lang.StringCoding.encode(Ljava/lang/String;[CII)[B @ 6
Event: 35.664 Thread 0x000000001e5a9000 Uncommon trap: reason=null_check action=make_not_entrant pc=0x00000000037f4378 method=java.lang.StringCoding.decode(Ljava/lang/String;[BII)[C @ 6
Event: 35.664 Thread 0x000000001e5a9000 Uncommon trap: reason=unstable_if action=reinterpret pc=0x000000000398ace8 method=org.rexxla.bsf.engines.rexx.RexxAndJava.makeString4Rexx(Ljava/lang/Object;)Ljava/lang/String; @ 124
Event: 35.669 Thread 0x000000001ef7f000 Uncommon trap: reason=bimorphic action=maybe_recompile pc=0x00000000038d8508 method=com.sun.javafx.event.EventHandlerManager.dispatchCapturingEvent(Ljavafx/event/Event;)Ljavafx/event/Event; @ 1
Event: 35.669 Thread 0x000000001ef7f000 Uncommon trap: reason=bimorphic action=maybe_recompile pc=0x00000000038d8508 method=com.sun.javafx.event.EventHandlerManager.dispatchCapturingEvent(Ljavafx/event/Event;)Ljavafx/event/Event; @ 1
Event: 36.054 Thread 0x000000001e5a9000 Uncommon trap: reason=unstable_if action=reinterpret pc=0x0000000003dd02f4 method=com.intellij.lang.impl.PsiBuilderImpl.eof()Z @ 24
Event: 36.054 Thread 0x000000001e5a9000 Uncommon trap: reason=unstable_if action=reinterpret pc=0x0000000003dd2e8c method=com.intellij.lang.impl.PsiBuilderImpl.eof()Z @ 24
Event: 36.240 Thread 0x000000001ef7f000 Uncommon trap: reason=bimorphic action=maybe_recompile pc=0x00000000038d8508 method=com.sun.javafx.event.EventHandlerManager.dispatchCapturingEvent(Ljavafx/event/Event;)Ljavafx/event/Event; @ 1
Event: 37.318 Thread 0x000000001ef7f000 Uncommon trap: reason=class_check action=maybe_recompile pc=0x0000000003a1f8c4 method=javafx.scene.CssStyleHelper.transitionToState(Ljavafx/scene/Node;)V @ 519
Event: 38.347 Thread 0x000000001ef7f000 Uncommon trap: reason=bimorphic action=maybe_recompile pc=0x00000000038d8508 method=com.sun.javafx.event.EventHandlerManager.dispatchCapturingEvent(Ljavafx/event/Event;)Ljavafx/event/Event; @ 1

Internal exceptions (10 events):
Event: 6.615 Thread 0x000000001ef7f000 Exception <a 'java/lang/ClassCastException': java.lang.String cannot be cast to java.lang.Class> (0x000000076fb3e508) thrown at [C:\re\workspace\8-2-build-windows-amd64-cygwin\jdk8u131\8869\hotspot\src\share\vm\interpreter\interpreterRuntime.cpp, line 381
Event: 6.615 Thread 0x000000001ef7f000 Exception <a 'java/lang/ClassCastException': java.lang.String cannot be cast to java.lang.Class> (0x000000076fb3f578) thrown at [C:\re\workspace\8-2-build-windows-amd64-cygwin\jdk8u131\8869\hotspot\src\share\vm\interpreter\interpreterRuntime.cpp, line 381
Event: 29.852 Thread 0x000000001ef7f000 Exception <a 'java/lang/NoSuchMethodError': java.lang.Object.lambda$static$0()V> (0x000000077008c1a8) thrown at [C:\re\workspace\8-2-build-windows-amd64-cygwin\jdk8u131\8869\hotspot\src\share\vm\interpreter\linkResolver.cpp, line 582]
Event: 30.884 Thread 0x000000001ef7f000 Exception <a 'java/lang/NoSuchMethodError': java.lang.Object.lambda$trim$0(Ljava/lang/Integer;Ljava/lang/Integer;)Lorg/reactfx/collection/MaterializedListModification;> (0x0000000770171828) thrown at [C:\re\workspace\8-2-build-windows-amd64-cygwin\jdk8u13
Event: 34.592 Thread 0x000000001ef7f000 Exception <a 'java/lang/NoSuchMethodError': java.lang.Object.lambda$pApply$0(Ljava/lang/Object;Ljava/lang/Object;Ljava/lang/Object;)Ljava/lang/Object;> (0x0000000770954ac8) thrown at [C:\re\workspace\8-2-build-windows-amd64-cygwin\jdk8u131\8869\hotspot\sr
Event: 35.664 Thread 0x000000001e5a9000 Implicit null exception at 0x0000000003843b6e to 0x00000000038444e1
Event: 35.664 Thread 0x000000001e5a9000 Implicit null exception at 0x00000000037f2e90 to 0x00000000037f4368
Event: 35.665 Thread 0x000000001e5a9000 Exception <a 'java/lang/ClassCastException': java.lang.String cannot be cast to java.lang.Class> (0x0000000770d86410) thrown at [C:\re\workspace\8-2-build-windows-amd64-cygwin\jdk8u131\8869\hotspot\src\share\vm\interpreter\interpreterRuntime.cpp, line 381
Event: 36.255 Thread 0x000000001ef7f000 Exception <a 'java/lang/ClassCastException': java.lang.String cannot be cast to java.lang.Class> (0x000000077262ef88) thrown at [C:\re\workspace\8-2-build-windows-amd64-cygwin\jdk8u131\8869\hotspot\src\share\vm\interpreter\interpreterRuntime.cpp, line 381
Event: 38.346 Thread 0x000000001e5a9000 Exception <a 'java/lang/ClassCastException': java.lang.String cannot be cast to java.lang.Class> (0x00000007725d8688) thrown at [C:\re\workspace\8-2-build-windows-amd64-cygwin\jdk8u131\8869\hotspot\src\share\vm\interpreter\interpreterRuntime.cpp, line 381

Events (10 events):
Event: 38.446 Executing VM operation: RevokeBias
Event: 38.446 Executing VM operation: RevokeBias done
Event: 38.474 Executing VM operation: RevokeBias
Event: 38.474 Executing VM operation: RevokeBias done
Event: 38.474 Executing VM operation: RevokeBias
Event: 38.474 Executing VM operation: RevokeBias done
Event: 38.474 Executing VM operation: RevokeBias
Event: 38.474 Executing VM operation: RevokeBias done
Event: 38.474 Executing VM operation: RevokeBias
Event: 38.474 Executing VM operation: RevokeBias done


Dynamic libraries:
0x00007ff79c8c0000 - 0x00007ff79c8f7000 	C:\ProgramData\Oracle\Java\javapath\java.exe
0x00007ff9c9220000 - 0x00007ff9c93f1000 	C:\Windows\SYSTEM32\ntdll.dll
0x00007ff9c67b0000 - 0x00007ff9c685c000 	C:\Windows\System32\KERNEL32.DLL
0x00007ff9c6590000 - 0x00007ff9c67ad000 	C:\Windows\System32\KERNELBASE.dll
0x00007ff9c8570000 - 0x00007ff9c8612000 	C:\Windows\System32\ADVAPI32.dll
0x00007ff9c8ea0000 - 0x00007ff9c8f3e000 	C:\Windows\System32\msvcrt.dll
0x00007ff9c6a20000 - 0x00007ff9c6a79000 	C:\Windows\System32\sechost.dll
0x00007ff9c90f0000 - 0x00007ff9c9211000 	C:\Windows\System32\RPCRT4.dll
0x00007ff9c8210000 - 0x00007ff9c8375000 	C:\Windows\System32\USER32.dll
0x00007ff9c61d0000 - 0x00007ff9c61ee000 	C:\Windows\System32\win32u.dll
0x00007ff9c81d0000 - 0x00007ff9c8204000 	C:\Windows\System32\GDI32.dll
0x00007ff9c62a0000 - 0x00007ff9c6420000 	C:\Windows\System32\gdi32full.dll
0x00007ff9b4a20000 - 0x00007ff9b4c9a000 	C:\Windows\WinSxS\amd64_microsoft.windows.common-controls_6595b64144ccf1df_6.0.14393.953_none_42151e83c686086b\COMCTL32.dll
0x00007ff9c8bc0000 - 0x00007ff9c8e88000 	C:\Windows\System32\combase.dll
0x00007ff9c5770000 - 0x00007ff9c5865000 	C:\Windows\System32\ucrtbase.dll
0x00007ff9c6420000 - 0x00007ff9c648a000 	C:\Windows\System32\bcryptPrimitives.dll
0x00007ff9c8620000 - 0x00007ff9c864e000 	C:\Windows\System32\IMM32.DLL
0x000000006ab40000 - 0x000000006ac12000 	C:\Program Files\Java\jre1.8.0_131\bin\msvcr100.dll
0x0000000068dd0000 - 0x000000006966c000 	C:\Program Files\Java\jre1.8.0_131\bin\server\jvm.dll
0x00007ff9c8560000 - 0x00007ff9c8568000 	C:\Windows\System32\PSAPI.DLL
0x00007ff9c1c70000 - 0x00007ff9c1c7a000 	C:\Windows\SYSTEM32\VERSION.dll
0x00007ff9c3b10000 - 0x00007ff9c3b33000 	C:\Windows\SYSTEM32\WINMM.dll
0x00007ff9bbe70000 - 0x00007ff9bbe79000 	C:\Windows\SYSTEM32\WSOCK32.dll
0x00007ff9c6be0000 - 0x00007ff9c6c4a000 	C:\Windows\System32\WS2_32.dll
0x0000000001040000 - 0x000000000106b000 	C:\Windows\SYSTEM32\WINMMBASE.dll
0x00007ff9c5720000 - 0x00007ff9c5762000 	C:\Windows\System32\cfgmgr32.dll
0x000000006ab30000 - 0x000000006ab3f000 	C:\Program Files\Java\jre1.8.0_131\bin\verify.dll
0x000000006ab00000 - 0x000000006ab29000 	C:\Program Files\Java\jre1.8.0_131\bin\java.dll
0x000000006aae0000 - 0x000000006aaf6000 	C:\Program Files\Java\jre1.8.0_131\bin\zip.dll
0x00007ff9c6cc0000 - 0x00007ff9c81c8000 	C:\Windows\System32\SHELL32.dll
0x00007ff9c5af0000 - 0x00007ff9c61ca000 	C:\Windows\System32\windows.storage.dll
0x00007ff9c5690000 - 0x00007ff9c56dc000 	C:\Windows\System32\powrprof.dll
0x00007ff9c6b80000 - 0x00007ff9c6bd2000 	C:\Windows\System32\shlwapi.dll
0x00007ff9c5710000 - 0x00007ff9c571f000 	C:\Windows\System32\kernel.appcore.dll
0x00007ff9c61f0000 - 0x00007ff9c6299000 	C:\Windows\System32\shcore.dll
0x00007ff9c56f0000 - 0x00007ff9c5704000 	C:\Windows\System32\profapi.dll
0x0000000068c30000 - 0x0000000068dc8000 	C:\Program Files\Java\jre1.8.0_131\bin\awt.dll
0x00007ff9c83a0000 - 0x00007ff9c845f000 	C:\Windows\System32\OLEAUT32.dll
0x00007ff9c6490000 - 0x00007ff9c652c000 	C:\Windows\System32\msvcp_win.dll
0x00007ff9c3c30000 - 0x00007ff9c3caa000 	C:\Windows\SYSTEM32\apphelp.dll
0x0000000002930000 - 0x000000000295b000 	C:\Program Files\BSF4ooRexx\BSF4ooRexx.dll
0x00007ff98e490000 - 0x00007ff98e648000 	C:\Program Files\ooRexx\rexx.dll
0x00007ff9a8c10000 - 0x00007ff9a8c56000 	C:\Program Files\ooRexx\REXXAPI.dll
0x000000006aaa0000 - 0x000000006aad8000 	C:\Program Files\ooRexx\rexxutil.DLL
0x00007ff9c19e0000 - 0x00007ff9c1a66000 	C:\Windows\SYSTEM32\WINSPOOL.DRV
0x00007ff9c55d0000 - 0x00007ff9c55fb000 	C:\Windows\SYSTEM32\bcrypt.dll
0x00007ff9b5200000 - 0x00007ff9b523c000 	C:\Program Files\ooRexx\OREXXOLE.DLL
0x00007ff9c8650000 - 0x00007ff9c8788000 	C:\Windows\System32\ole32.dll
0x00007ff9c5300000 - 0x00007ff9c532c000 	C:\Windows\SYSTEM32\SspiCli.dll
0x00007ff9c4f60000 - 0x00007ff9c4fbc000 	C:\Windows\system32\mswsock.dll
0x00007ff9b7c90000 - 0x00007ff9b7ca6000 	C:\Windows\system32\napinsp.dll
0x00007ff9b83c0000 - 0x00007ff9b83da000 	C:\Windows\system32\pnrpnsp.dll
0x00007ff9c0080000 - 0x00007ff9c0098000 	C:\Windows\system32\NLAapi.dll
0x00007ff9c4d20000 - 0x00007ff9c4dc1000 	C:\Windows\SYSTEM32\DNSAPI.dll
0x00007ff9c90e0000 - 0x00007ff9c90e8000 	C:\Windows\System32\NSI.dll
0x00007ff9c4ce0000 - 0x00007ff9c4d18000 	C:\Windows\SYSTEM32\IPHLPAPI.DLL
0x00007ff9b83e0000 - 0x00007ff9b83ee000 	C:\Windows\System32\winrnr.dll
0x00007ff9bd460000 - 0x00007ff9bd4ca000 	C:\Windows\System32\fwpuclnt.dll
0x00007ff9bd2e0000 - 0x00007ff9bd2ea000 	C:\Windows\System32\rasadhlp.dll
0x00007ff98c8a0000 - 0x00007ff98c98f000 	C:\Program Files\Java\jre1.8.0_131\bin\msvcr120.dll
0x00007ff98e930000 - 0x00007ff98e9d6000 	C:\Program Files\Java\jre1.8.0_131\bin\msvcp120.dll
0x000000006aa70000 - 0x000000006aa92000 	C:\Program Files\Java\jre1.8.0_131\bin\prism_d3d.dll
0x00007ff9899f0000 - 0x00007ff989b7d000 	C:\Windows\system32\d3d9.dll
0x00007ff9c3380000 - 0x00007ff9c33a6000 	C:\Windows\SYSTEM32\dwmapi.dll
0x00007ff9c3e10000 - 0x00007ff9c3ea5000 	C:\Windows\system32\uxtheme.dll
0x00007ff9c1a70000 - 0x00007ff9c1bd7000 	C:\Windows\SYSTEM32\aticfx64.dll
0x00007ff9899c0000 - 0x00007ff9899e1000 	C:\Windows\SYSTEM32\atiu9p64.dll
0x00007ff989160000 - 0x00007ff9899b9000 	C:\Windows\SYSTEM32\atiumd64.dll
0x0000000069f10000 - 0x000000006a798000 	C:\Windows\SYSTEM32\atiumd6a.dll
0x000000006aa20000 - 0x000000006aa63000 	C:\Program Files\Java\jre1.8.0_131\bin\glass.dll
0x00007ff9c6a80000 - 0x00007ff9c6b7a000 	C:\Windows\System32\COMDLG32.dll
0x00007ff9c68c0000 - 0x00007ff9c6a1a000 	C:\Windows\System32\MSCTF.dll
0x000000006aa00000 - 0x000000006aa14000 	C:\Program Files\Java\jre1.8.0_131\bin\javafx_font.dll
0x00007ff9bde60000 - 0x00007ff9be0c9000 	C:\Windows\SYSTEM32\dwrite.dll
0x00007ff9c8460000 - 0x00007ff9c84ff000 	C:\Windows\System32\clbcatq.dll
0x00007ff9c2890000 - 0x00007ff9c2a38000 	C:\Windows\SYSTEM32\WindowsCodecs.dll
0x00007ff9ba980000 - 0x00007ff9ba9c9000 	C:\Windows\system32\dataexchange.dll
0x00007ff9c34a0000 - 0x00007ff9c35f1000 	C:\Windows\system32\dcomp.dll
0x00007ff9c1dc0000 - 0x00007ff9c2076000 	C:\Windows\system32\d3d11.dll
0x00007ff9c4610000 - 0x00007ff9c46af000 	C:\Windows\system32\dxgi.dll
0x00007ff9c40e0000 - 0x00007ff9c41fc000 	C:\Windows\system32\twinapi.appcore.dll
0x00007ff9a8bd0000 - 0x00007ff9a8c02000 	C:\Program Files\Common Files\Microsoft Shared\Ink\rtscom.dll
0x00007ff9c5100000 - 0x00007ff9c5117000 	C:\Windows\SYSTEM32\CRYPTSP.dll
0x00007ff9c4b60000 - 0x00007ff9c4b93000 	C:\Windows\system32\rsaenh.dll
0x00007ff9c4de0000 - 0x00007ff9c4dff000 	C:\Windows\SYSTEM32\USERENV.dll
0x00007ff9c5120000 - 0x00007ff9c512b000 	C:\Windows\SYSTEM32\CRYPTBASE.dll
0x000000006a9e0000 - 0x000000006a9fa000 	C:\Program Files\Java\jre1.8.0_131\bin\net.dll
0x00007ff9bff80000 - 0x00007ff9bff96000 	C:\Windows\SYSTEM32\dhcpcsvc6.DLL
0x00007ff9bff20000 - 0x00007ff9bff3a000 	C:\Windows\SYSTEM32\dhcpcsvc.DLL
0x000000006a9c0000 - 0x000000006a9d1000 	C:\Program Files\Java\jre1.8.0_131\bin\nio.dll
0x000000006a9a0000 - 0x000000006a9b1000 	C:\Program Files\Java\jre1.8.0_131\bin\prism_common.dll
0x00007ff9bf390000 - 0x00007ff9bf8ef000 	C:\Windows\SYSTEM32\d2d1.dll
0x00007ff9c5870000 - 0x00007ff9c5a39000 	C:\Windows\System32\CRYPT32.dll
0x00007ff9c56e0000 - 0x00007ff9c56f0000 	C:\Windows\System32\MSASN1.dll
0x00007ff99a870000 - 0x00007ff99aafd000 	C:\Windows\SYSTEM32\D3D10Warp.dll
0x00007ff9bfd80000 - 0x00007ff9bff12000 	C:\Windows\SYSTEM32\dbghelp.dll

VM Arguments:
jvm_args: -Djava.library.path=C:\Program Files\BSF4ooRexx -Xss4m 
java_command: org.rexxla.bsf.RexxDispatcher ooRexxTryFX.rxj
java_class_path (initial): C:\Program Files\BSF4ooRexx\bsf4ooRexx-v600-20170617-bin.jar;C:\Program Files\BSF4ooRexx\jni4net.j-0.8.8.0.jar;C:\Program Files\BSF4ooRexx\oorexx.net.jar;.;C:\Program Files\BSF4ooRexx\bsf4ooRexx-v600-20170617-bin.jar;C:\Program Files\BSF4ooRexx\jni4net.j-0.8.8.0.jar;C:\Program Files\BSF4ooRexx\oorexx.net.jar;.;C:\Users\Adrian\Documents\javafx\ooRexxTryFX\java\ikonli-core-1.9.0.jar;C:\Users\Adrian\Documents\javafx\ooRexxTryFX\java\ikonli-javafx-1.9.0.jar;C:\Users\Adrian\Documents\javafx\ooRexxTryFX\java\ikonli-octicons-pack-1.9.0.jar;C:\Users\Adrian\Documents\javafx\ooRexxTryFX\java\ikonli-openiconic-pack-1.9.0.jar;C:\Users\Adrian\Documents\javafx\ooRexxTryFX\java\richtextfx-0.7-M5-custom.jar;C:\Users\Adrian\Documents\javafx\ooRexxTryFX\java
Launcher Type: SUN_STANDARD

Environment Variables:
CLASSPATH=C:\Program Files\BSF4ooRexx\bsf4ooRexx-v600-20170617-bin.jar;C:\Program Files\BSF4ooRexx\jni4net.j-0.8.8.0.jar;C:\Program Files\BSF4ooRexx\oorexx.net.jar;.;C:\Program Files\BSF4ooRexx\bsf4ooRexx-v600-20170617-bin.jar;C:\Program Files\BSF4ooRexx\jni4net.j-0.8.8.0.jar;C:\Program Files\BSF4ooRexx\oorexx.net.jar;.;C:\Users\Adrian\Documents\javafx\ooRexxTryFX\java\ikonli-core-1.9.0.jar;C:\Users\Adrian\Documents\javafx\ooRexxTryFX\java\ikonli-javafx-1.9.0.jar;C:\Users\Adrian\Documents\javafx\ooRexxTryFX\java\ikonli-octicons-pack-1.9.0.jar;C:\Users\Adrian\Documents\javafx\ooRexxTryFX\java\ikonli-openiconic-pack-1.9.0.jar;C:\Users\Adrian\Documents\javafx\ooRexxTryFX\java\richtextfx-0.7-M5-custom.jar;C:\Users\Adrian\Documents\javafx\ooRexxTryFX\java
PATH=C:\Program Files\BSF4ooRexx;C:\ProgramData\Oracle\Java\javapath;C:\Windows\system32;C:\Windows;C:\Windows\System32\Wbem;C:\Windows\System32\WindowsPowerShell\v1.0\;C:\Program Files (x86)\ATI Technologies\ATI.ACE\Core-Static;C:\Program Files\MiKTeX 2.9\miktex\bin\x64\;C:\Program Files (x86)\GtkSharp\2.12\bin;C:\Program Files\nodejs\;C:\Program Files (x86)\Windows Kits\10\Windows Performance Toolkit\;C:\Program Files\ooRexx;C:\Program Files\BSF4ooRexx;C:\Program Files\Java\jre1.8.0_131\bin\server;C:\Users\Adrian\AppData\Local\Programs\Python\Python35-32\Scripts\;C:\Users\Adrian\AppData\Local\Programs\Python\Python35-32\;C:\Users\Adrian\AppData\Local\Microsoft\WindowsApps;C:\Users\Adrian\AppData\Roaming\Dashlane\4.6.5.21982\bin\Firefox_Extension\{442718d9-475e-452a-b3e1-fb1ee16b8e9f}\components;C:\Users\Adrian\AppData\Roaming\Dashlane\4.6.6.23032\bin\Firefox_Extension\{442718d9-475e-452a-b3e1-fb1ee16b8e9f}\components;C:\Program Files (x86)\openssl\bin;C:\Users\Adrian\AppData\Roaming\npm;C:\xampp\php;C:\Program Files (x86)\Microsoft VS Code\bin;C:\Users\Adrian\AppData\Roaming\Dashlane\4.8.2.33026\bin\Firefox_Extension\{442718d9-475e-452a-b3e1-fb1ee16b8e9f}\components;C:\Users\Adrian\AppData\Roaming\Dashlane\4.8.2.33026\ucrt
USERNAME=Adrian
OS=Windows_NT
PROCESSOR_IDENTIFIER=AMD64 Family 21 Model 19 Stepping 1, AuthenticAMD



---------------  S Y S T E M  ---------------

OS: Windows 10.0 , 64 bit Build 14393 (10.0.14393.1198)

CPU:total 4 (initial active 4) (4 cores per cpu, 1 threads per core) family 21 model 19 stepping 1, cmov, cx8, fxsr, mmx, sse, sse2, sse3, ssse3, sse4.1, sse4.2, popcnt, avx, aes, clmul, mmxext, 3dnowpref, lzcnt, sse4a, tsc, tscinvbit, tscinv, bmi1

Memory: 4k page, physical 15930560k(9224068k free), swap 18289856k(10072996k free)

vm_info: Java HotSpot(TM) 64-Bit Server VM (25.131-b11) for windows-amd64 JRE (1.8.0_131-b11), built on Mar 15 2017 01:23:53 by "java_re" with MS VC++ 10.0 (VS2010)

time: Mon Jul 17 11:42:23 2017
elapsed time: 38 seconds (0d 0h 0m 38s)

