#
# A fatal error has been detected by the Java Runtime Environment:
#
#  EXCEPTION_ACCESS_VIOLATION (0xc0000005) at pc=0x00007ff9abd75788, pid=4800, tid=0x0000000000003478
#
# JRE version: Java(TM) SE Runtime Environment (8.0_131-b11) (build 1.8.0_131-b11)
# Java VM: Java HotSpot(TM) 64-Bit Server VM (25.131-b11 mixed mode windows-amd64 compressed oops)
# Problematic frame:
# C  [rexx.dll+0x25788]
#
# Failed to write core dump. Minidumps are not enabled by default on client versions of Windows
#
# If you would like to submit a bug report, please visit:
#   http://bugreport.java.com/bugreport/crash.jsp
# The crash happened outside the Java Virtual Machine in native code.
# See problematic frame for where to report the bug.
#

---------------  T H R E A D  ---------------

Current thread (0x0000025ae598e000):  JavaThread "JavaFX Application Thread" [_thread_in_native, id=13432, stack(0x000000e7cb680000,0x000000e7cb700000)]

siginfo: ExceptionCode=0xc0000005, reading address 0x0000000000000015

Registers:
RAX=0x000000000000000d, RBX=0x0000000000000000, RCX=0x000000000000000d, RDX=0x0000000000000042
RSP=0x000000e7cb6fb0b0, RBP=0x0000000000000000, RSI=0x0000025aea5229a0, RDI=0x000000e7cb6fb0c0
R8 =0x0000000000000005, R9 =0x000000000002740d, R10=0x00007ff7892e0d70, R11=0x00007ff7872d01c0
R12=0x0000025ae598e1f8, R13=0x0000025aea5227a0, R14=0x000000e7cb6fc938, R15=0x00007ff787f72990
RIP=0x00007ff9abd75788, EFLAGS=0x0000000000010202

Top of Stack: (sp=0x000000e7cb6fb0b0)
0x000000e7cb6fb0b0:   cccccccccccccccc cccccccccccccccc
0x000000e7cb6fb0c0:   000000e7cb6fb0f0 00007ff9abd75809
0x000000e7cb6fb0d0:   000000000000000d 0000000000000042
0x000000e7cb6fb0e0:   cccccccccccccccc cccccccccccccccc
0x000000e7cb6fb0f0:   000000e7cb6fb130 00007ff9abe0de20
0x000000e7cb6fb100:   0000000000000005 0000000000000042
0x000000e7cb6fb110:   cccccccccccccccc cccccccccccccccc
0x000000e7cb6fb120:   0000000000000000 cccccccccccccccc
0x000000e7cb6fb130:   000000e7cb6fb170 00007ff9abe4e870
0x000000e7cb6fb140:   00007ff787f3e470 0000000000000042
0x000000e7cb6fb150:   cccccccccccccccc cccccccccccccccc
0x000000e7cb6fb160:   0000000000000042 00007ff787f3e470
0x000000e7cb6fb170:   000000e7cb6fb1a0 00007ff9abe4e6ee
0x000000e7cb6fb180:   00007ff9ac0bada0 00007ff9ac0bada0
0x000000e7cb6fb190:   cccccccccccccccc cccccccccccccccc
0x000000e7cb6fb1a0:   000000e7cb6fb1d0 00007ff9abe4eb16 

Instructions: (pc=0x00007ff9abd75788)
0x00007ff9abd75768:   24 08 57 48 83 ec 10 48 8b fc b9 04 00 00 00 b8
0x00007ff9abd75778:   cc cc cc cc f3 ab 48 8b 4c 24 20 48 8b 44 24 20
0x00007ff9abd75788:   0f b7 40 08 48 23 44 24 28 48 85 c0 74 09 c7 04
0x00007ff9abd75798:   24 01 00 00 00 eb 07 c7 04 24 00 00 00 00 0f b6 


Register to memory mapping:

RAX=0x000000000000000d is an unknown value
RBX=0x0000000000000000 is an unknown value
RCX=0x000000000000000d is an unknown value
RDX=0x0000000000000042 is an unknown value
RSP=0x000000e7cb6fb0b0 is pointing into the stack for thread: 0x0000025ae598e000
RBP=0x0000000000000000 is an unknown value
RSI=0x0000025aea5229a0 is an unknown value
RDI=0x000000e7cb6fb0c0 is pointing into the stack for thread: 0x0000025ae598e000
R8 =0x0000000000000005 is an unknown value
R9 =0x000000000002740d is an unknown value
R10=0x00007ff7892e0d70 is an unknown value
R11=0x00007ff7872d01c0 is an unknown value
R12=0x0000025ae598e1f8 is an unknown value
R13=0x0000025aea5227a0 is an unknown value
R14=0x000000e7cb6fc938 is pointing into the stack for thread: 0x0000025ae598e000
R15=0x00007ff787f72990 is an unknown value


Stack: [0x000000e7cb680000,0x000000e7cb700000],  sp=0x000000e7cb6fb0b0,  free space=492k
Native frames: (J=compiled Java code, j=interpreted, Vv=VM code, C=native code)

Java frames: (J=compiled Java code, j=interpreted, Vv=VM code)
j  org.rexxla.bsf.engines.rexx.RexxAndJava.jniRexxSendMessageToRexxObject(Ljava/lang/String;Ljava/lang/String;Ljava/lang/String;Ljava/lang/String;Ljava/lang/String;Ljava/lang/String;Ljava/lang/String;[Ljava/lang/Object;Ljava/lang/String;)Ljava/lang/Object;+0
j  org.rexxla.bsf.engines.rexx.RexxEngine.call(Ljava/lang/Object;Ljava/lang/String;[Ljava/lang/Object;)Ljava/lang/Object;+235
j  org.rexxla.bsf.engines.rexx.RexxProxy.sendMessage1(Ljava/lang/String;Ljava/lang/Object;)Ljava/lang/Object;+59
j  org.rexxla.bsf.engines.rexx.jsr223.RexxCompiledScript.eval(Ljavax/script/ScriptContext;)Ljava/lang/Object;+127
j  org.rexxla.bsf.engines.rexx.jsr223.RexxScriptEngine.eval(Ljava/lang/String;Ljavax/script/ScriptContext;)Ljava/lang/Object;+139
j  javax.script.AbstractScriptEngine.eval(Ljava/lang/String;)Ljava/lang/Object;+6
j  javafx.fxml.FXMLLoader$ScriptEventHandler.handle(Ljavafx/event/Event;)V+59
J 2725 C1 com.sun.javafx.event.CompositeEventHandler.dispatchBubblingEvent(Ljavafx/event/Event;)V (57 bytes) @ 0x0000025ad0210d94 [0x0000025ad02109c0+0x3d4]
J 2708 C1 com.sun.javafx.event.EventHandlerManager.dispatchBubblingEvent(Ljavafx/event/Event;)Ljavafx/event/Event; (23 bytes) @ 0x0000025ad01fe1cc [0x0000025ad01fdb20+0x6ac]
J 3570 C1 com.sun.javafx.event.CompositeEventDispatcher.dispatchBubblingEvent(Ljavafx/event/Event;)Ljavafx/event/Event; (35 bytes) @ 0x0000025ad048721c [0x0000025ad0487060+0x1bc]
J 2657 C1 com.sun.javafx.event.BasicEventDispatcher.dispatchEvent(Ljavafx/event/Event;Ljavafx/event/EventDispatchChain;)Ljavafx/event/Event; (44 bytes) @ 0x0000025ad01d7e3c [0x0000025ad01d7b00+0x33c]
J 2627 C1 com.sun.javafx.event.EventDispatchChainImpl.dispatchEvent(Ljavafx/event/Event;)Ljavafx/event/Event; (101 bytes) @ 0x0000025ad01ca2b4 [0x0000025ad01ca100+0x1b4]
J 2657 C1 com.sun.javafx.event.BasicEventDispatcher.dispatchEvent(Ljavafx/event/Event;Ljavafx/event/EventDispatchChain;)Ljavafx/event/Event; (44 bytes) @ 0x0000025ad01d7d54 [0x0000025ad01d7b00+0x254]
J 2627 C1 com.sun.javafx.event.EventDispatchChainImpl.dispatchEvent(Ljavafx/event/Event;)Ljavafx/event/Event; (101 bytes) @ 0x0000025ad01ca2b4 [0x0000025ad01ca100+0x1b4]
J 2657 C1 com.sun.javafx.event.BasicEventDispatcher.dispatchEvent(Ljavafx/event/Event;Ljavafx/event/EventDispatchChain;)Ljavafx/event/Event; (44 bytes) @ 0x0000025ad01d7d54 [0x0000025ad01d7b00+0x254]
J 2627 C1 com.sun.javafx.event.EventDispatchChainImpl.dispatchEvent(Ljavafx/event/Event;)Ljavafx/event/Event; (101 bytes) @ 0x0000025ad01ca2b4 [0x0000025ad01ca100+0x1b4]
J 2686 C1 com.sun.javafx.event.EventUtil.fireEvent(Ljavafx/event/EventTarget;Ljavafx/event/Event;)Ljavafx/event/Event; (81 bytes) @ 0x0000025ad01ea8b4 [0x0000025ad01e9cc0+0xbf4]
J 2685 C1 javafx.event.Event.fireEvent(Ljavafx/event/EventTarget;Ljavafx/event/Event;)V (35 bytes) @ 0x0000025ad01e882c [0x0000025ad01e8760+0xcc]
j  javafx.scene.Node.fireEvent(Ljavafx/event/Event;)V+86
j  javafx.scene.control.CheckBox.fire()V+107
j  com.sun.javafx.scene.control.behavior.ButtonBehavior.mouseReleased(Ljavafx/scene/input/MouseEvent;)V+23
j  com.sun.javafx.scene.control.skin.BehaviorSkinBase$1.handle(Ljavafx/scene/input/MouseEvent;)V+83
j  com.sun.javafx.scene.control.skin.BehaviorSkinBase$1.handle(Ljavafx/event/Event;)V+5
J 2738 C1 com.sun.javafx.event.CompositeEventHandler$NormalEventHandlerRecord.handleBubblingEvent(Ljavafx/event/Event;)V (11 bytes) @ 0x0000025ad021dcc4 [0x0000025ad021dbc0+0x104]
J 2725 C1 com.sun.javafx.event.CompositeEventHandler.dispatchBubblingEvent(Ljavafx/event/Event;)V (57 bytes) @ 0x0000025ad0210c04 [0x0000025ad02109c0+0x244]
J 2708 C1 com.sun.javafx.event.EventHandlerManager.dispatchBubblingEvent(Ljavafx/event/Event;)Ljavafx/event/Event; (23 bytes) @ 0x0000025ad01fe1cc [0x0000025ad01fdb20+0x6ac]
J 3570 C1 com.sun.javafx.event.CompositeEventDispatcher.dispatchBubblingEvent(Ljavafx/event/Event;)Ljavafx/event/Event; (35 bytes) @ 0x0000025ad048721c [0x0000025ad0487060+0x1bc]
J 2657 C1 com.sun.javafx.event.BasicEventDispatcher.dispatchEvent(Ljavafx/event/Event;Ljavafx/event/EventDispatchChain;)Ljavafx/event/Event; (44 bytes) @ 0x0000025ad01d7e3c [0x0000025ad01d7b00+0x33c]
J 2627 C1 com.sun.javafx.event.EventDispatchChainImpl.dispatchEvent(Ljavafx/event/Event;)Ljavafx/event/Event; (101 bytes) @ 0x0000025ad01ca2b4 [0x0000025ad01ca100+0x1b4]
J 2657 C1 com.sun.javafx.event.BasicEventDispatcher.dispatchEvent(Ljavafx/event/Event;Ljavafx/event/EventDispatchChain;)Ljavafx/event/Event; (44 bytes) @ 0x0000025ad01d7d54 [0x0000025ad01d7b00+0x254]
J 2627 C1 com.sun.javafx.event.EventDispatchChainImpl.dispatchEvent(Ljavafx/event/Event;)Ljavafx/event/Event; (101 bytes) @ 0x0000025ad01ca2b4 [0x0000025ad01ca100+0x1b4]
J 2657 C1 com.sun.javafx.event.BasicEventDispatcher.dispatchEvent(Ljavafx/event/Event;Ljavafx/event/EventDispatchChain;)Ljavafx/event/Event; (44 bytes) @ 0x0000025ad01d7d54 [0x0000025ad01d7b00+0x254]
J 2627 C1 com.sun.javafx.event.EventDispatchChainImpl.dispatchEvent(Ljavafx/event/Event;)Ljavafx/event/Event; (101 bytes) @ 0x0000025ad01ca2b4 [0x0000025ad01ca100+0x1b4]
J 2686 C1 com.sun.javafx.event.EventUtil.fireEvent(Ljavafx/event/EventTarget;Ljavafx/event/Event;)Ljavafx/event/Event; (81 bytes) @ 0x0000025ad01ea404 [0x0000025ad01e9cc0+0x744]
J 2685 C1 javafx.event.Event.fireEvent(Ljavafx/event/EventTarget;Ljavafx/event/Event;)V (35 bytes) @ 0x0000025ad01e882c [0x0000025ad01e8760+0xcc]
j  javafx.scene.Scene$MouseHandler.process(Ljavafx/scene/input/MouseEvent;Z)V+491
j  javafx.scene.Scene$MouseHandler.access$1500(Ljavafx/scene/Scene$MouseHandler;Ljavafx/scene/input/MouseEvent;Z)V+3
j  javafx.scene.Scene.impl_processMouseEvent(Ljavafx/scene/input/MouseEvent;)V+6
j  javafx.scene.Scene$ScenePeerListener.mouseEvent(Ljavafx/event/EventType;DDDDLjavafx/scene/input/MouseButton;ZZZZZZZZZ)V+46
j  com.sun.javafx.tk.quantum.GlassViewEventHandler$MouseEventNotification.run()Ljava/lang/Void;+514
j  com.sun.javafx.tk.quantum.GlassViewEventHandler$MouseEventNotification.run()Ljava/lang/Object;+1
v  ~StubRoutines::call_stub
J 2483  java.security.AccessController.doPrivileged(Ljava/security/PrivilegedAction;Ljava/security/AccessControlContext;)Ljava/lang/Object; (0 bytes) @ 0x0000025ad018cb26 [0x0000025ad018cac0+0x66]
j  com.sun.javafx.tk.quantum.GlassViewEventHandler.lambda$handleMouseEvent$354()Ljava/lang/Void;+11
j  com.sun.javafx.tk.quantum.GlassViewEventHandler$$Lambda$688.get()Ljava/lang/Object;+4
j  com.sun.javafx.tk.quantum.QuantumToolkit.runWithoutRenderLock(Ljava/util/function/Supplier;)Ljava/lang/Object;+18
j  com.sun.javafx.tk.quantum.GlassViewEventHandler.handleMouseEvent(Lcom/sun/glass/ui/View;JIIIIIIIZZ)V+103
j  com.sun.glass.ui.View.handleMouseEvent(JIIIIIIIZZ)V+30
j  com.sun.glass.ui.View.notifyMouse(IIIIIIIZZ)V+181
v  ~StubRoutines::call_stub
j  com.sun.glass.ui.win.WinApplication._runLoop(Ljava/lang/Runnable;)V+0
j  com.sun.glass.ui.win.WinApplication.lambda$null$148(ILjava/lang/Runnable;)V+8
j  com.sun.glass.ui.win.WinApplication$$Lambda$41.run()V+12
j  java.lang.Thread.run()V+11
v  ~StubRoutines::call_stub

---------------  P R O C E S S  ---------------

Java Threads: ( => current thread )
  0x0000025aebc5a000 JavaThread "Prism Font Disposer" daemon [_thread_blocked, id=10076, stack(0x000000e7cbc80000,0x000000e7cbd00000)]
  0x0000025ae5a87000 JavaThread "Thread-4" daemon [_thread_in_native, id=11892, stack(0x000000e7cb880000,0x000000e7cb900000)]
=>0x0000025ae598e000 JavaThread "JavaFX Application Thread" [_thread_in_native, id=13432, stack(0x000000e7cb680000,0x000000e7cb700000)]
  0x0000025ae598a800 JavaThread "Thread-3" daemon [_thread_blocked, id=14400, stack(0x000000e7cb600000,0x000000e7cb680000)]
  0x0000025ae5928000 JavaThread "QuantumRenderer-0" daemon [_thread_blocked, id=15148, stack(0x000000e7cb580000,0x000000e7cb600000)]
  0x0000025ae58eb000 JavaThread "JavaFX-Launcher" [_thread_blocked, id=16648, stack(0x000000e7cb500000,0x000000e7cb580000)]
  0x0000025ae52c6000 JavaThread "Service Thread" daemon [_thread_blocked, id=2936, stack(0x000000e7cb400000,0x000000e7cb480000)]
  0x0000025ae4115800 JavaThread "C1 CompilerThread2" daemon [_thread_blocked, id=16516, stack(0x000000e7cb380000,0x000000e7cb400000)]
  0x0000025ae4112800 JavaThread "C2 CompilerThread1" daemon [_thread_blocked, id=17188, stack(0x000000e7cb300000,0x000000e7cb380000)]
  0x0000025ae4110000 JavaThread "C2 CompilerThread0" daemon [_thread_blocked, id=16336, stack(0x000000e7cb280000,0x000000e7cb300000)]
  0x0000025ae410c800 JavaThread "Attach Listener" daemon [_thread_blocked, id=14060, stack(0x000000e7cb200000,0x000000e7cb280000)]
  0x0000025ae410b000 JavaThread "Signal Dispatcher" daemon [_thread_blocked, id=9060, stack(0x000000e7cb180000,0x000000e7cb200000)]
  0x0000025acf8ba000 JavaThread "Finalizer" daemon [_thread_blocked, id=10592, stack(0x000000e7cb100000,0x000000e7cb180000)]
  0x0000025ae40d8800 JavaThread "Reference Handler" daemon [_thread_blocked, id=15280, stack(0x000000e7cb080000,0x000000e7cb100000)]
  0x0000025acf7c0800 JavaThread "main" [_thread_blocked, id=4812, stack(0x000000e7ca950000,0x000000e7ca9d0000)]

Other Threads:
  0x0000025ae40d7000 VMThread [stack: 0x000000e7cb000000,0x000000e7cb080000] [id=8512]
  0x0000025ae52f3800 WatcherThread [stack: 0x000000e7cb480000,0x000000e7cb500000] [id=16944]

VM state:not at safepoint (normal execution)

VM Mutex/Monitor currently owned by a thread: None

Heap:
 PSYoungGen      total 48128K, used 9599K [0x00000000d5b80000, 0x00000000d9100000, 0x0000000100000000)
  eden space 43008K, 10% used [0x00000000d5b80000,0x00000000d5fe5d50,0x00000000d8580000)
  from space 5120K, 99% used [0x00000000d8c00000,0x00000000d90fa1a8,0x00000000d9100000)
  to   space 5120K, 0% used [0x00000000d8700000,0x00000000d8700000,0x00000000d8c00000)
 ParOldGen       total 64512K, used 13034K [0x0000000081200000, 0x0000000085100000, 0x00000000d5b80000)
  object space 64512K, 20% used [0x0000000081200000,0x0000000081ebaa38,0x0000000085100000)
 Metaspace       used 27992K, capacity 30589K, committed 30848K, reserved 1075200K
  class space    used 4191K, capacity 4664K, committed 4736K, reserved 1048576K

Card table byte_map: [0x0000025aded50000,0x0000025adf150000] byte_map_base: 0x0000025ade947000

Marking Bits: (ParMarkBitMap*) 0x000000006a41c720
 Begin Bits: [0x0000025adf400000, 0x0000025ae13b8000)
 End Bits:   [0x0000025ae13b8000, 0x0000025ae3370000)

Polling page: 0x0000025acf3d0000

CodeCache: size=245760Kb used=13421Kb max_used=13432Kb free=232338Kb
 bounds [0x0000025acf990000, 0x0000025ad06c0000, 0x0000025ade990000]
 total_blobs=4907 nmethods=4187 adapters=631
 compilation: enabled

Compilation events (10 events):
Event: 12.122 Thread 0x0000025ae4115800 4183       3       sun.nio.cs.SingleByte$Encoder::encodeArrayLoop (236 bytes)
Event: 12.125 Thread 0x0000025ae4115800 nmethod 4183 0x0000025ad06ab490 code [0x0000025ad06ab920, 0x0000025ad06ae510]
Event: 12.136 Thread 0x0000025ae4115800 4184   !   3       sun.reflect.GeneratedMethodAccessor28::invoke (68 bytes)
Event: 12.137 Thread 0x0000025ae4115800 nmethod 4184 0x0000025ad06b0250 code [0x0000025ad06b0440, 0x0000025ad06b0ce0]
Event: 12.914 Thread 0x0000025ae4115800 4185       3       java.net.DualStackPlainSocketImpl::socketAvailable (10 bytes)
Event: 12.915 Thread 0x0000025ae4115800 nmethod 4185 0x0000025ad06b1190 code [0x0000025ad06b1300, 0x0000025ad06b14c0]
Event: 12.924 Thread 0x0000025ae4115800 4187   !   3       java.net.AbstractPlainSocketImpl::isConnectionResetPending (31 bytes)
Event: 12.924 Thread 0x0000025ae4115800 nmethod 4187 0x0000025ad06b1950 code [0x0000025ad06b1ac0, 0x0000025ad06b1e18]
Event: 13.005 Thread 0x0000025ae4112800 4188       4       java.nio.Buffer::hasRemaining (17 bytes)
Event: 13.005 Thread 0x0000025ae4112800 nmethod 4188 0x0000025ad0695910 code [0x0000025ad0695a40, 0x0000025ad0695ab8]

GC Heap History (10 events):
Event: 1.242 GC heap before
{Heap before GC invocations=1 (full 0):
 PSYoungGen      total 38400K, used 33280K [0x00000000d5b80000, 0x00000000d8600000, 0x0000000100000000)
  eden space 33280K, 100% used [0x00000000d5b80000,0x00000000d7c00000,0x00000000d7c00000)
  from space 5120K, 0% used [0x00000000d8100000,0x00000000d8100000,0x00000000d8600000)
  to   space 5120K, 0% used [0x00000000d7c00000,0x00000000d7c00000,0x00000000d8100000)
 ParOldGen       total 87552K, used 0K [0x0000000081200000, 0x0000000086780000, 0x00000000d5b80000)
  object space 87552K, 0% used [0x0000000081200000,0x0000000081200000,0x0000000086780000)
 Metaspace       used 15701K, capacity 16136K, committed 16256K, reserved 1062912K
  class space    used 2023K, capacity 2159K, committed 2176K, reserved 1048576K
Event: 1.250 GC heap after
Heap after GC invocations=1 (full 0):
 PSYoungGen      total 38400K, used 5089K [0x00000000d5b80000, 0x00000000d8600000, 0x0000000100000000)
  eden space 33280K, 0% used [0x00000000d5b80000,0x00000000d5b80000,0x00000000d7c00000)
  from space 5120K, 99% used [0x00000000d7c00000,0x00000000d80f8528,0x00000000d8100000)
  to   space 5120K, 0% used [0x00000000d8100000,0x00000000d8100000,0x00000000d8600000)
 ParOldGen       total 87552K, used 1336K [0x0000000081200000, 0x0000000086780000, 0x00000000d5b80000)
  object space 87552K, 1% used [0x0000000081200000,0x000000008134e3f0,0x0000000086780000)
 Metaspace       used 15701K, capacity 16136K, committed 16256K, reserved 1062912K
  class space    used 2023K, capacity 2159K, committed 2176K, reserved 1048576K
}
Event: 1.795 GC heap before
{Heap before GC invocations=2 (full 0):
 PSYoungGen      total 38400K, used 21105K [0x00000000d5b80000, 0x00000000d8600000, 0x0000000100000000)
  eden space 33280K, 48% used [0x00000000d5b80000,0x00000000d6b23f50,0x00000000d7c00000)
  from space 5120K, 99% used [0x00000000d7c00000,0x00000000d80f8528,0x00000000d8100000)
  to   space 5120K, 0% used [0x00000000d8100000,0x00000000d8100000,0x00000000d8600000)
 ParOldGen       total 87552K, used 1336K [0x0000000081200000, 0x0000000086780000, 0x00000000d5b80000)
  object space 87552K, 1% used [0x0000000081200000,0x000000008134e3f0,0x0000000086780000)
 Metaspace       used 20283K, capacity 21275K, committed 21296K, reserved 1067008K
  class space    used 2860K, capacity 3072K, committed 3072K, reserved 1048576K
Event: 1.803 GC heap after
Heap after GC invocations=2 (full 0):
 PSYoungGen      total 38400K, used 5100K [0x00000000d5b80000, 0x00000000d8600000, 0x0000000100000000)
  eden space 33280K, 0% used [0x00000000d5b80000,0x00000000d5b80000,0x00000000d7c00000)
  from space 5120K, 99% used [0x00000000d8100000,0x00000000d85fb0e8,0x00000000d8600000)
  to   space 5120K, 0% used [0x00000000d7c00000,0x00000000d7c00000,0x00000000d8100000)
 ParOldGen       total 87552K, used 3243K [0x0000000081200000, 0x0000000086780000, 0x00000000d5b80000)
  object space 87552K, 3% used [0x0000000081200000,0x000000008152ad10,0x0000000086780000)
 Metaspace       used 20283K, capacity 21275K, committed 21296K, reserved 1067008K
  class space    used 2860K, capacity 3072K, committed 3072K, reserved 1048576K
}
Event: 1.803 GC heap before
{Heap before GC invocations=3 (full 1):
 PSYoungGen      total 38400K, used 5100K [0x00000000d5b80000, 0x00000000d8600000, 0x0000000100000000)
  eden space 33280K, 0% used [0x00000000d5b80000,0x00000000d5b80000,0x00000000d7c00000)
  from space 5120K, 99% used [0x00000000d8100000,0x00000000d85fb0e8,0x00000000d8600000)
  to   space 5120K, 0% used [0x00000000d7c00000,0x00000000d7c00000,0x00000000d8100000)
 ParOldGen       total 87552K, used 3243K [0x0000000081200000, 0x0000000086780000, 0x00000000d5b80000)
  object space 87552K, 3% used [0x0000000081200000,0x000000008152ad10,0x0000000086780000)
 Metaspace       used 20283K, capacity 21275K, committed 21296K, reserved 1067008K
  class space    used 2860K, capacity 3072K, committed 3072K, reserved 1048576K
Event: 1.836 GC heap after
Heap after GC invocations=3 (full 1):
 PSYoungGen      total 38400K, used 0K [0x00000000d5b80000, 0x00000000d8600000, 0x0000000100000000)
  eden space 33280K, 0% used [0x00000000d5b80000,0x00000000d5b80000,0x00000000d7c00000)
  from space 5120K, 0% used [0x00000000d8100000,0x00000000d8100000,0x00000000d8600000)
  to   space 5120K, 0% used [0x00000000d7c00000,0x00000000d7c00000,0x00000000d8100000)
 ParOldGen       total 64512K, used 6955K [0x0000000081200000, 0x0000000085100000, 0x00000000d5b80000)
  object space 64512K, 10% used [0x0000000081200000,0x00000000818caf30,0x0000000085100000)
 Metaspace       used 20283K, capacity 21275K, committed 21296K, reserved 1067008K
  class space    used 2860K, capacity 3072K, committed 3072K, reserved 1048576K
}
Event: 3.051 GC heap before
{Heap before GC invocations=4 (full 1):
 PSYoungGen      total 38400K, used 33274K [0x00000000d5b80000, 0x00000000d8600000, 0x0000000100000000)
  eden space 33280K, 99% used [0x00000000d5b80000,0x00000000d7bfead8,0x00000000d7c00000)
  from space 5120K, 0% used [0x00000000d8100000,0x00000000d8100000,0x00000000d8600000)
  to   space 5120K, 0% used [0x00000000d7c00000,0x00000000d7c00000,0x00000000d8100000)
 ParOldGen       total 64512K, used 6955K [0x0000000081200000, 0x0000000085100000, 0x00000000d5b80000)
  object space 64512K, 10% used [0x0000000081200000,0x00000000818caf30,0x0000000085100000)
 Metaspace       used 25254K, capacity 27535K, committed 27648K, reserved 1073152K
  class space    used 3851K, capacity 4297K, committed 4352K, reserved 1048576K
Event: 3.060 GC heap after
Heap after GC invocations=4 (full 1):
 PSYoungGen      total 38400K, used 5108K [0x00000000d5b80000, 0x00000000d9100000, 0x0000000100000000)
  eden space 33280K, 0% used [0x00000000d5b80000,0x00000000d5b80000,0x00000000d7c00000)
  from space 5120K, 99% used [0x00000000d7c00000,0x00000000d80fd198,0x00000000d8100000)
  to   space 5120K, 0% used [0x00000000d8c00000,0x00000000d8c00000,0x00000000d9100000)
 ParOldGen       total 64512K, used 9679K [0x0000000081200000, 0x0000000085100000, 0x00000000d5b80000)
  object space 64512K, 15% used [0x0000000081200000,0x0000000081b73ea8,0x0000000085100000)
 Metaspace       used 25254K, capacity 27535K, committed 27648K, reserved 1073152K
  class space    used 3851K, capacity 4297K, committed 4352K, reserved 1048576K
}
Event: 11.274 GC heap before
{Heap before GC invocations=5 (full 1):
 PSYoungGen      total 38400K, used 38388K [0x00000000d5b80000, 0x00000000d9100000, 0x0000000100000000)
  eden space 33280K, 100% used [0x00000000d5b80000,0x00000000d7c00000,0x00000000d7c00000)
  from space 5120K, 99% used [0x00000000d7c00000,0x00000000d80fd198,0x00000000d8100000)
  to   space 5120K, 0% used [0x00000000d8c00000,0x00000000d8c00000,0x00000000d9100000)
 ParOldGen       total 64512K, used 9679K [0x0000000081200000, 0x0000000085100000, 0x00000000d5b80000)
  object space 64512K, 15% used [0x0000000081200000,0x0000000081b73ea8,0x0000000085100000)
 Metaspace       used 27978K, capacity 30589K, committed 30848K, reserved 1075200K
  class space    used 4191K, capacity 4664K, committed 4736K, reserved 1048576K
Event: 11.288 GC heap after
Heap after GC invocations=5 (full 1):
 PSYoungGen      total 48128K, used 5096K [0x00000000d5b80000, 0x00000000d9100000, 0x0000000100000000)
  eden space 43008K, 0% used [0x00000000d5b80000,0x00000000d5b80000,0x00000000d8580000)
  from space 5120K, 99% used [0x00000000d8c00000,0x00000000d90fa1a8,0x00000000d9100000)
  to   space 5120K, 0% used [0x00000000d8700000,0x00000000d8700000,0x00000000d8c00000)
 ParOldGen       total 64512K, used 13034K [0x0000000081200000, 0x0000000085100000, 0x00000000d5b80000)
  object space 64512K, 20% used [0x0000000081200000,0x0000000081ebaa38,0x0000000085100000)
 Metaspace       used 27978K, capacity 30589K, committed 30848K, reserved 1075200K
  class space    used 4191K, capacity 4664K, committed 4736K, reserved 1048576K
}

Deoptimization events (10 events):
Event: 4.466 Thread 0x0000025ae598e000 Uncommon trap: reason=unstable_if action=reinterpret pc=0x0000025ad0106ef4 method=com.sun.javafx.css.StyleManager$CacheContainer.getStyleMap(I)Lcom/sun/javafx/css/StyleMap; @ 9
Event: 4.507 Thread 0x0000025ae598e000 Uncommon trap: reason=unstable_if action=reinterpret pc=0x0000025acfe3740c method=jdk.internal.org.objectweb.asm.Type.getArgumentsAndReturnSizes(Ljava/lang/String;)I @ 47
Event: 4.510 Thread 0x0000025ae598e000 Uncommon trap: reason=unstable_if action=reinterpret pc=0x0000025ad00b01cc method=java.lang.invoke.MethodType.checkPtypes([Ljava/lang/Class;)I @ 40
Event: 5.650 Thread 0x0000025ae598e000 Uncommon trap: reason=unstable_if action=reinterpret pc=0x0000025ad049ef3c method=javafx.scene.CssStyleHelper.transitionToState(Ljavafx/scene/Node;)V @ 4
Event: 5.777 Thread 0x0000025ae5928000 Uncommon trap: reason=unstable_if action=reinterpret pc=0x0000025ad046f2c0 method=com.sun.prism.impl.BaseContext.flushMask()V @ 4
Event: 7.190 Thread 0x0000025ae598e000 Uncommon trap: reason=class_check action=maybe_recompile pc=0x0000025ad00150b0 method=java.io.FilterInputStream.read()I @ 4
Event: 7.190 Thread 0x0000025ae598e000 Uncommon trap: reason=class_check action=maybe_recompile pc=0x0000025ad00150b0 method=java.io.FilterInputStream.read()I @ 4
Event: 7.190 Thread 0x0000025ae598e000 Uncommon trap: reason=class_check action=maybe_recompile pc=0x0000025ad00150b0 method=java.io.FilterInputStream.read()I @ 4
Event: 7.190 Thread 0x0000025ae598e000 Uncommon trap: reason=class_check action=maybe_recompile pc=0x0000025ad00150b0 method=java.io.FilterInputStream.read()I @ 4
Event: 10.071 Thread 0x0000025ae598e000 Uncommon trap: reason=predicate action=maybe_recompile pc=0x0000025acfc21fc8 method=sun.net.www.ParseUtil.encodePath(Ljava/lang/String;Z)Ljava/lang/String; @ 36

Internal exceptions (10 events):
Event: 4.110 Thread 0x0000025ae598e000 Exception <a 'java/lang/ClassCastException': java.lang.String cannot be cast to java.lang.Class> (0x00000000d66ce420) thrown at [C:\re\workspace\8-2-build-windows-amd64-cygwin\jdk8u131\8869\hotspot\src\share\vm\interpreter\interpreterRuntime.cpp, line 381
Event: 4.110 Thread 0x0000025ae598e000 Exception <a 'java/lang/ClassCastException': java.lang.String cannot be cast to java.lang.Class> (0x00000000d66cf490) thrown at [C:\re\workspace\8-2-build-windows-amd64-cygwin\jdk8u131\8869\hotspot\src\share\vm\interpreter\interpreterRuntime.cpp, line 381
Event: 4.417 Thread 0x0000025ae598e000 Implicit null exception at 0x0000025ad01087d6 to 0x0000025ad01089b6
Event: 4.440 Thread 0x0000025ae598e000 Implicit null exception at 0x0000025acffd7c5a to 0x0000025acffd86a9
Event: 5.449 Thread 0x0000025ae598e000 Exception <a 'java/lang/ClassCastException': java.lang.String cannot be cast to java.lang.Class> (0x00000000d6d73e58) thrown at [C:\re\workspace\8-2-build-windows-amd64-cygwin\jdk8u131\8869\hotspot\src\share\vm\interpreter\interpreterRuntime.cpp, line 381
Event: 5.602 Thread 0x0000025ae598e000 Exception <a 'java/lang/ClassCastException': java.lang.String cannot be cast to java.lang.Class> (0x00000000d7308038) thrown at [C:\re\workspace\8-2-build-windows-amd64-cygwin\jdk8u131\8869\hotspot\src\share\vm\interpreter\interpreterRuntime.cpp, line 381
Event: 5.607 Thread 0x0000025ae598e000 Exception <a 'java/lang/ClassCastException': java.lang.String cannot be cast to java.lang.Class> (0x00000000d7345cc8) thrown at [C:\re\workspace\8-2-build-windows-amd64-cygwin\jdk8u131\8869\hotspot\src\share\vm\interpreter\interpreterRuntime.cpp, line 381
Event: 5.608 Thread 0x0000025ae598e000 Exception <a 'java/io/FileNotFoundException'> (0x00000000d73483c0) thrown at [C:\re\workspace\8-2-build-windows-amd64-cygwin\jdk8u131\8869\hotspot\src\share\vm\prims\jni.cpp, line 709]
Event: 10.020 Thread 0x0000025ae598e000 Exception <a 'java/lang/ClassCastException': java.lang.String cannot be cast to java.lang.Class> (0x00000000d79b3008) thrown at [C:\re\workspace\8-2-build-windows-amd64-cygwin\jdk8u131\8869\hotspot\src\share\vm\interpreter\interpreterRuntime.cpp, line 381
Event: 10.034 Thread 0x0000025ae598e000 Exception <a 'java/lang/ClassCastException': java.lang.String cannot be cast to java.lang.Class> (0x00000000d7a21050) thrown at [C:\re\workspace\8-2-build-windows-amd64-cygwin\jdk8u131\8869\hotspot\src\share\vm\interpreter\interpreterRuntime.cpp, line 381

Events (10 events):
Event: 11.289 Executing VM operation: RevokeBias
Event: 11.289 Executing VM operation: RevokeBias done
Event: 11.289 Executing VM operation: RevokeBias
Event: 11.289 Executing VM operation: RevokeBias done
Event: 11.289 Executing VM operation: RevokeBias
Event: 11.289 Executing VM operation: RevokeBias done
Event: 11.289 Executing VM operation: RevokeBias
Event: 11.289 Executing VM operation: RevokeBias done
Event: 11.289 Executing VM operation: RevokeBias
Event: 11.289 Executing VM operation: RevokeBias done


Dynamic libraries:
0x00007ff78a390000 - 0x00007ff78a48b000 	C:\Program Files\ooRexx\rexx.exe
0x00007ff9ee4a0000 - 0x00007ff9ee67b000 	C:\WINDOWS\SYSTEM32\ntdll.dll
0x00007ff9ee370000 - 0x00007ff9ee41e000 	C:\WINDOWS\System32\KERNEL32.DLL
0x00007ff9eb600000 - 0x00007ff9eb849000 	C:\WINDOWS\System32\KERNELBASE.dll
0x00007ff9d0040000 - 0x00007ff9d01a7000 	C:\Program Files\ooRexx\REXXAPI.dll
0x00007ff9abd50000 - 0x00007ff9ac10d000 	C:\Program Files\ooRexx\rexx.dll
0x00007ff9ee200000 - 0x00007ff9ee34a000 	C:\WINDOWS\System32\USER32.dll
0x00007ff9eb5e0000 - 0x00007ff9eb5fe000 	C:\WINDOWS\System32\win32u.dll
0x00007ff9e1a70000 - 0x00007ff9e1b16000 	C:\WINDOWS\WinSxS\amd64_microsoft.windows.common-controls_6595b64144ccf1df_5.82.15063.413_none_0e0f5dcc67adff4e\COMCTL32.dll
0x00007ff9eda20000 - 0x00007ff9eda47000 	C:\WINDOWS\System32\GDI32.dll
0x00007ff9edca0000 - 0x00007ff9edd41000 	C:\WINDOWS\System32\ADVAPI32.dll
0x00007ff9ea9c0000 - 0x00007ff9eab48000 	C:\WINDOWS\System32\gdi32full.dll
0x00007ff9ede70000 - 0x00007ff9edf0d000 	C:\WINDOWS\System32\msvcrt.dll
0x00007ff9ead90000 - 0x00007ff9eae2a000 	C:\WINDOWS\System32\msvcp_win.dll
0x00007ff9ee110000 - 0x00007ff9ee169000 	C:\WINDOWS\System32\sechost.dll
0x00007ff9eb850000 - 0x00007ff9eb946000 	C:\WINDOWS\System32\ucrtbase.dll
0x00007ff9edb00000 - 0x00007ff9edc25000 	C:\WINDOWS\System32\RPCRT4.dll
0x00007ff9d60b0000 - 0x00007ff9d60b9000 	C:\WINDOWS\SYSTEM32\WSOCK32.dll
0x00007ff9edc30000 - 0x00007ff9edc9c000 	C:\WINDOWS\System32\ws2_32.DLL
0x00007ff9ee170000 - 0x00007ff9ee19d000 	C:\WINDOWS\System32\IMM32.DLL
0x000000006b0e0000 - 0x000000006b21a000 	C:\Program Files\ooRexx\rexxutil.DLL
0x00007ff9edd50000 - 0x00007ff9edda1000 	C:\WINDOWS\System32\SHLWAPI.dll
0x00007ff9ebb70000 - 0x00007ff9ebe69000 	C:\WINDOWS\System32\combase.dll
0x00007ff9eab50000 - 0x00007ff9eabba000 	C:\WINDOWS\System32\bcryptPrimitives.dll
0x00007ff9e5620000 - 0x00007ff9e56aa000 	C:\WINDOWS\SYSTEM32\WINSPOOL.DRV
0x00007ff9ea490000 - 0x00007ff9ea4b5000 	C:\WINDOWS\SYSTEM32\bcrypt.dll
0x00007ff9c5f50000 - 0x00007ff9c6088000 	C:\Program Files\ooRexx\OREXXOLE.DLL
0x00007ff9ed8d0000 - 0x00007ff9eda15000 	C:\WINDOWS\System32\ole32.dll
0x00007ff9ebf80000 - 0x00007ff9ec040000 	C:\WINDOWS\System32\OLEAUT32.dll
0x00007ff9ea810000 - 0x00007ff9ea840000 	C:\WINDOWS\SYSTEM32\SspiCli.dll
0x00007ff9e9ef0000 - 0x00007ff9e9f4c000 	C:\WINDOWS\system32\mswsock.dll
0x00007ff9dfa90000 - 0x00007ff9dfaa6000 	C:\WINDOWS\system32\napinsp.dll
0x00007ff9dfa70000 - 0x00007ff9dfa8a000 	C:\WINDOWS\system32\pnrpnsp.dll
0x00007ff9e7160000 - 0x00007ff9e7178000 	C:\WINDOWS\system32\NLAapi.dll
0x00007ff9e9cd0000 - 0x00007ff9e9d74000 	C:\WINDOWS\SYSTEM32\DNSAPI.dll
0x00007ff9ede60000 - 0x00007ff9ede68000 	C:\WINDOWS\System32\NSI.dll
0x00007ff9e9c90000 - 0x00007ff9e9cc7000 	C:\WINDOWS\SYSTEM32\IPHLPAPI.DLL
0x00007ff9e6e60000 - 0x00007ff9e6e6e000 	C:\WINDOWS\System32\winrnr.dll
0x00007ff9e46b0000 - 0x00007ff9e46c5000 	C:\WINDOWS\System32\wshbth.dll
0x00007ff9d89b0000 - 0x00007ff9d8a1b000 	C:\WINDOWS\System32\fwpuclnt.dll
0x00007ff9d7290000 - 0x00007ff9d729a000 	C:\Windows\System32\rasadhlp.dll
0x0000000010000000 - 0x000000001002b000 	C:\Users\abagi\Downloads\BSF4ooRexx_install_v600-20170617-beta\bsf4oorexx\BSF4ooRexx.DLL
0x0000000069c00000 - 0x000000006a49c000 	C:\Program Files\Java\jre1.8.0_131\bin\server\jvm.DLL
0x00007ff9ede50000 - 0x00007ff9ede58000 	C:\WINDOWS\System32\PSAPI.DLL
0x00007ff9e7750000 - 0x00007ff9e7773000 	C:\WINDOWS\SYSTEM32\WINMM.dll
0x00007ff9e8f40000 - 0x00007ff9e8f4a000 	C:\WINDOWS\SYSTEM32\VERSION.dll
0x00007ff9e76f0000 - 0x00007ff9e771b000 	C:\WINDOWS\SYSTEM32\WINMMBASE.dll
0x00007ff9eb9b0000 - 0x00007ff9eb9f9000 	C:\WINDOWS\System32\cfgmgr32.dll
0x000000006b000000 - 0x000000006b0d2000 	C:\Program Files\Java\jdk1.8.0_131\bin\MSVCR100.dll
0x000000006aff0000 - 0x000000006afff000 	C:\Program Files\Java\jre1.8.0_131\bin\verify.dll
0x000000006afc0000 - 0x000000006afe9000 	C:\Program Files\Java\jre1.8.0_131\bin\java.dll
0x000000006afa0000 - 0x000000006afb6000 	C:\Program Files\Java\jre1.8.0_131\bin\zip.dll
0x00007ff9ec480000 - 0x00007ff9ed8b7000 	C:\WINDOWS\System32\SHELL32.dll
0x00007ff9eda50000 - 0x00007ff9edafa000 	C:\WINDOWS\System32\shcore.dll
0x00007ff9eae30000 - 0x00007ff9eb522000 	C:\WINDOWS\System32\windows.storage.dll
0x00007ff9ea980000 - 0x00007ff9ea991000 	C:\WINDOWS\System32\kernel.appcore.dll
0x00007ff9ea930000 - 0x00007ff9ea97c000 	C:\WINDOWS\System32\powrprof.dll
0x00007ff9ea910000 - 0x00007ff9ea925000 	C:\WINDOWS\System32\profapi.dll
0x0000000069a60000 - 0x0000000069bf8000 	C:\Program Files\Java\jre1.8.0_131\bin\awt.dll
0x00007ff9e8b40000 - 0x00007ff9e8bbe000 	C:\WINDOWS\SYSTEM32\apphelp.dll
0x00007ff9cea00000 - 0x00007ff9ceaef000 	C:\Program Files\Java\jre1.8.0_131\bin\msvcr120.dll
0x00007ff9dd440000 - 0x00007ff9dd4e6000 	C:\Program Files\Java\jre1.8.0_131\bin\msvcp120.dll
0x000000006af70000 - 0x000000006af92000 	C:\Program Files\Java\jre1.8.0_131\bin\prism_d3d.dll
0x00007ff9c7770000 - 0x00007ff9c78f9000 	C:\WINDOWS\system32\d3d9.dll
0x00007ff9e72e0000 - 0x00007ff9e730a000 	C:\WINDOWS\SYSTEM32\dwmapi.dll
0x00007ff9e8c60000 - 0x00007ff9e8cf5000 	C:\WINDOWS\system32\uxtheme.dll
0x00007ff996080000 - 0x00007ff9985bd000 	C:\WINDOWS\SYSTEM32\igdumdim64.dll
0x00007ff9ec040000 - 0x00007ff9ec47b000 	C:\WINDOWS\System32\SETUPAPI.dll
0x000000006af20000 - 0x000000006af63000 	C:\Program Files\Java\jre1.8.0_131\bin\glass.dll
0x00007ff9ebe70000 - 0x00007ff9ebf78000 	C:\WINDOWS\System32\COMDLG32.dll
0x00007ff9eba00000 - 0x00007ff9ebb66000 	C:\WINDOWS\System32\MSCTF.dll
0x00007ff9d7b20000 - 0x00007ff9d7bc1000 	C:\Program Files\Common Files\microsoft shared\ink\tiptsf.dll
0x00007ff9e2110000 - 0x00007ff9e2f83000 	C:\WINDOWS\SYSTEM32\igc64.dll
0x000000006af00000 - 0x000000006af14000 	C:\Program Files\Java\jre1.8.0_131\bin\javafx_font.dll
0x00007ff9e4020000 - 0x00007ff9e42df000 	C:\WINDOWS\SYSTEM32\dwrite.dll
0x00007ff9eddb0000 - 0x00007ff9ede4e000 	C:\WINDOWS\System32\clbcatq.dll
0x00007ff9d8fb0000 - 0x00007ff9d9217000 	C:\WINDOWS\WinSxS\amd64_microsoft.windows.common-controls_6595b64144ccf1df_6.0.15063.0_none_108e4f62dfe5d999\comctl32.dll
0x00007ff9e5230000 - 0x00007ff9e53dc000 	C:\WINDOWS\SYSTEM32\WindowsCodecs.dll
0x00007ff9d6510000 - 0x00007ff9d6557000 	C:\WINDOWS\system32\dataexchange.dll
0x00007ff9e7510000 - 0x00007ff9e7632000 	C:\WINDOWS\system32\dcomp.dll
0x00007ff9e7d50000 - 0x00007ff9e802f000 	C:\WINDOWS\system32\d3d11.dll
0x00007ff9e8d90000 - 0x00007ff9e8e34000 	C:\WINDOWS\system32\dxgi.dll
0x00007ff9e92f0000 - 0x00007ff9e9460000 	C:\WINDOWS\system32\twinapi.appcore.dll
0x00007ff9dd2e0000 - 0x00007ff9dd311000 	C:\Program Files\Common Files\Microsoft Shared\Ink\rtscom.dll
0x00007ff9e4620000 - 0x00007ff9e46a2000 	C:\WINDOWS\System32\TextInputFramework.dll
0x00007ff9e47f0000 - 0x00007ff9e4ac2000 	C:\WINDOWS\System32\CoreUIComponents.dll
0x00007ff9e8030000 - 0x00007ff9e8113000 	C:\WINDOWS\System32\CoreMessaging.dll
0x00007ff9e9940000 - 0x00007ff9e9971000 	C:\WINDOWS\SYSTEM32\ntmarta.dll
0x00007ff9e6810000 - 0x00007ff9e6949000 	C:\WINDOWS\SYSTEM32\wintypes.dll
0x00007ff9e7000000 - 0x00007ff9e7015000 	C:\WINDOWS\SYSTEM32\usermgrcli.dll
0x00007ff9d9410000 - 0x00007ff9d95d5000 	C:\Windows\System32\uiautomationcore.dll
0x00007ff9ea770000 - 0x00007ff9ea80a000 	C:\WINDOWS\SYSTEM32\sxs.dll
0x00007ff9d83f0000 - 0x00007ff9d845b000 	C:\WINDOWS\SYSTEM32\OLEACC.dll
0x00007ff9ea4c0000 - 0x00007ff9ea4d7000 	C:\WINDOWS\SYSTEM32\CRYPTSP.dll
0x00007ff9e9b10000 - 0x00007ff9e9b44000 	C:\WINDOWS\system32\rsaenh.dll
0x00007ff9ea840000 - 0x00007ff9ea869000 	C:\WINDOWS\SYSTEM32\USERENV.dll
0x00007ff9ea090000 - 0x00007ff9ea09b000 	C:\WINDOWS\SYSTEM32\CRYPTBASE.dll
0x000000006aee0000 - 0x000000006aefa000 	C:\Program Files\Java\jre1.8.0_131\bin\net.dll
0x00007ff9ddd20000 - 0x00007ff9ddd36000 	C:\WINDOWS\SYSTEM32\dhcpcsvc6.DLL
0x00007ff9ddd00000 - 0x00007ff9ddd1a000 	C:\WINDOWS\SYSTEM32\dhcpcsvc.DLL
0x000000006aec0000 - 0x000000006aed1000 	C:\Program Files\Java\jre1.8.0_131\bin\nio.dll
0x000000006aea0000 - 0x000000006aeb1000 	C:\Program Files\Java\jre1.8.0_131\bin\prism_common.dll
0x00007ff9e8190000 - 0x00007ff9e8734000 	C:\WINDOWS\SYSTEM32\d2d1.dll
0x00007ff9eabc0000 - 0x00007ff9ead89000 	C:\WINDOWS\System32\CRYPT32.dll
0x00007ff9ea9a0000 - 0x00007ff9ea9b1000 	C:\WINDOWS\System32\MSASN1.dll
0x00007ff9d03d0000 - 0x00007ff9d06a5000 	C:\WINDOWS\SYSTEM32\D3D10Warp.dll
0x00007ff9da480000 - 0x00007ff9da706000 	C:\WINDOWS\SYSTEM32\iertutil.dll
0x00007ff9ea4e0000 - 0x00007ff9ea689000 	C:\WINDOWS\SYSTEM32\dbghelp.dll

VM Arguments:
java_command: <unknown>
java_class_path (initial): C:\Program Files\BSF4ooRexx\bsf4ooRexx-v600-20170405-bin.jar;C:\Program Files\BSF4ooRexx\jni4net.j-0.8.8.0.jar;C:\Program Files\BSF4ooRexx\oorexx.net.jar;C:\Users\abagi\Downloads\BSF4ooRexx_install_v600-20170617-beta\bsf4oorexx\bsf4ooRexx-v600-20170617-bin.jar;C:\Users\abagi\Downloads\BSF4ooRexx_install_v600-20170617-beta\bsf4oorexx\jni4net.j-0.8.8.0.jar;C:\Users\abagi\Downloads\BSF4ooRexx_install_v600-20170617-beta\bsf4oorexx\oorexx.net.jar;.;C:\Users\abagi\OneDrive\Dokumente\WU\javafx\ooRexxTryFX\java\ikonli-core-1.9.0.jar;C:\Users\abagi\OneDrive\Dokumente\WU\javafx\ooRexxTryFX\java\ikonli-javafx-1.9.0.jar;C:\Users\abagi\OneDrive\Dokumente\WU\javafx\ooRexxTryFX\java\ikonli-octicons-pack-1.9.0.jar;C:\Users\abagi\OneDrive\Dokumente\WU\javafx\ooRexxTryFX\java\ikonli-openiconic-pack-1.9.0.jar;C:\Users\abagi\OneDrive\Dokumente\WU\javafx\ooRexxTryFX\java\richtextfx-0.7-M5-custom.jar;
Launcher Type: generic

Environment Variables:
CLASSPATH=C:\Program Files\BSF4ooRexx\bsf4ooRexx-v600-20170405-bin.jar;C:\Program Files\BSF4ooRexx\jni4net.j-0.8.8.0.jar;C:\Program Files\BSF4ooRexx\oorexx.net.jar;C:\Users\abagi\Downloads\BSF4ooRexx_install_v600-20170617-beta\bsf4oorexx\bsf4ooRexx-v600-20170617-bin.jar;C:\Users\abagi\Downloads\BSF4ooRexx_install_v600-20170617-beta\bsf4oorexx\jni4net.j-0.8.8.0.jar;C:\Users\abagi\Downloads\BSF4ooRexx_install_v600-20170617-beta\bsf4oorexx\oorexx.net.jar;.;C:\Users\abagi\OneDrive\Dokumente\WU\javafx\ooRexxTryFX\java\ikonli-core-1.9.0.jar;C:\Users\abagi\OneDrive\Dokumente\WU\javafx\ooRexxTryFX\java\ikonli-javafx-1.9.0.jar;C:\Users\abagi\OneDrive\Dokumente\WU\javafx\ooRexxTryFX\java\ikonli-octicons-pack-1.9.0.jar;C:\Users\abagi\OneDrive\Dokumente\WU\javafx\ooRexxTryFX\java\ikonli-openiconic-pack-1.9.0.jar;C:\Users\abagi\OneDrive\Dokumente\WU\javafx\ooRexxTryFX\java\richtextfx-0.7-M5-custom.jar;
PATH=C:\ProgramData\Oracle\Java\javapath;C:\WINDOWS\system32;C:\WINDOWS;C:\WINDOWS\System32\Wbem;C:\WINDOWS\System32\WindowsPowerShell\v1.0\;C:\Program Files\ooRexx;C:\Program Files\BSF4ooRexx;C:\Program Files\Java\jdk1.8.0_131\bin;C:\Program Files\nodejs\;C:\Program Files\Git\cmd;C:\Users\abagi\Downloads\BSF4ooRexx_install_v600-20170617-beta\bsf4oorexx;C:\Program Files\Java\jre1.8.0_131\bin\server;C:\Users\abagi\AppData\Local\Microsoft\WindowsApps;C:\Program Files (x86)\Microsoft VS Code\bin;C:\Users\abagi\AppData\Roaming\npm;C:\Users\abagi\AppData\Roaming\Dashlane\4.8.1.32550\bin\Firefox_Extension\{442718d9-475e-452a-b3e1-fb1ee16b8e9f}\components;C:\Users\abagi\AppData\Roaming\Dashlane\4.8.1.32550\ucrt
USERNAME=abagi
OS=Windows_NT
PROCESSOR_IDENTIFIER=Intel64 Family 6 Model 78 Stepping 3, GenuineIntel



---------------  S Y S T E M  ---------------

OS: Windows 10.0 , 64 bit Build 15063 (10.0.15063.296)

CPU:total 4 (initial active 4) (2 cores per cpu, 2 threads per core) family 6 model 78 stepping 3, cmov, cx8, fxsr, mmx, sse, sse2, sse3, ssse3, sse4.1, sse4.2, popcnt, avx, avx2, aes, clmul, erms, rtm, 3dnowpref, lzcnt, ht, tsc, tscinvbit, bmi1, bmi2, adx

Memory: 4k page, physical 8312940k(1266900k free), swap 13988084k(1546360k free)

vm_info: Java HotSpot(TM) 64-Bit Server VM (25.131-b11) for windows-amd64 JRE (1.8.0_131-b11), built on Mar 15 2017 01:23:53 by "java_re" with MS VC++ 10.0 (VS2010)

time: Sun Jul 02 20:58:28 2017
elapsed time: 13 seconds (0d 0h 0m 13s)

